 259       0 nvme3n1 691 0 38922 467 45048 21745 17793080 507559 0 53534 511508 234 0 976773176 120 2079 3360
 259       1 nvme1n1 765 0 35475 568 45140 21685 17793328 510040 0 44575 514111 234 0 976773176 115 2085 3387
 259       0 nvme3n1 691 0 38922 467 45048 21745 17793080 507559 0 53534 511508 234 0 976773176 120 2079 3360
 259       1 nvme1n1 765 0 35475 568 45140 21685 17793328 510040 0 44575 514111 234 0 976773176 115 2085 3387
 259       0 nvme3n1 691 0 38922 467 45065 21755 17793296 507683 0 53542 511632 234 0 976773176 120 2079 3360
 259       1 nvme1n1 765 0 35475 568 45140 21685 17793328 510040 0 44575 514111 234 0 976773176 115 2085 3387
 259       0 nvme3n1 691 0 38922 467 45065 21755 17793296 507683 0 53542 511632 234 0 976773176 120 2079 3360
 259       1 nvme1n1 765 0 35475 568 45140 21685 17793328 510040 0 44575 514111 234 0 976773176 115 2085 3387
 259       0 nvme3n1 691 0 38922 467 45065 21755 17793296 507683 0 53542 511632 234 0 976773176 120 2079 3360
 259       1 nvme1n1 765 0 35475 568 45140 21685 17793328 510040 0 44575 514111 234 0 976773176 115 2085 3387
 259       0 nvme3n1 691 0 38922 467 45065 21755 17793296 507683 0 53542 511632 234 0 976773176 120 2079 3360
 259       1 nvme1n1 765 0 35475 568 45140 21685 17793328 510040 0 44575 514111 234 0 976773176 115 2085 3387
 259       0 nvme3n1 691 0 38922 467 45065 21755 17793296 507683 0 53542 511632 234 0 976773176 120 2079 3360
 259       1 nvme1n1 765 0 35475 568 45140 21685 17793328 510040 0 44575 514111 234 0 976773176 115 2085 3387
 259       0 nvme3n1 691 0 38922 467 45065 21755 17793296 507683 0 53542 511632 234 0 976773176 120 2079 3360
 259       1 nvme1n1 765 0 35475 568 45140 21685 17793328 510040 0 44575 514111 234 0 976773176 115 2085 3387
 259       0 nvme3n1 691 0 38922 467 45065 21755 17793296 507683 0 53542 511632 234 0 976773176 120 2079 3360
 259       1 nvme1n1 765 0 35475 568 45140 21685 17793328 510040 0 44575 514111 234 0 976773176 115 2085 3387
 259       0 nvme3n1 691 0 38922 467 45065 21755 17793296 507683 0 53542 511632 234 0 976773176 120 2079 3360
 259       1 nvme1n1 765 0 35475 568 45140 21685 17793328 510040 0 44575 514111 234 0 976773176 115 2085 3387
 259       0 nvme3n1 691 0 38922 467 45065 21755 17793296 507683 0 53542 511632 234 0 976773176 120 2079 3360
 259       1 nvme1n1 765 0 35475 568 45144 21685 17793360 510069 0 44582 514141 234 0 976773176 115 2085 3387
 259       0 nvme3n1 691 0 38922 467 45065 21755 17793296 507683 0 53542 511632 234 0 976773176 120 2079 3360
 259       1 nvme1n1 765 0 35475 568 45144 21685 17793360 510069 0 44582 514141 234 0 976773176 115 2085 3387
 259       0 nvme3n1 691 0 38922 467 45065 21755 17793296 507683 0 53542 511632 234 0 976773176 120 2079 3360
 259       1 nvme1n1 765 0 35475 568 45144 21685 17793360 510069 0 44582 514141 234 0 976773176 115 2085 3387
 259       0 nvme3n1 691 0 38922 467 45065 21755 17793296 507683 0 53542 511632 234 0 976773176 120 2079 3360
 259       1 nvme1n1 765 0 35475 568 45144 21685 17793360 510069 0 44582 514141 234 0 976773176 115 2085 3387
 259       0 nvme3n1 691 0 38922 467 45065 21755 17793296 507683 0 53542 511632 234 0 976773176 120 2079 3360
 259       1 nvme1n1 765 0 35475 568 45144 21685 17793360 510069 0 44582 514141 234 0 976773176 115 2085 3387
 259       0 nvme3n1 691 0 38922 467 45065 21755 17793296 507683 0 53542 511632 234 0 976773176 120 2079 3360
 259       1 nvme1n1 765 0 35475 568 45144 21685 17793360 510069 0 44582 514141 234 0 976773176 115 2085 3387
 259       0 nvme3n1 691 0 38922 467 45065 21755 17793296 507683 0 53542 511632 234 0 976773176 120 2079 3360
 259       1 nvme1n1 765 0 35475 568 45144 21685 17793360 510069 0 44582 514141 234 0 976773176 115 2085 3387
 259       0 nvme3n1 691 0 38922 467 45065 21755 17793296 507683 0 53542 511632 234 0 976773176 120 2079 3360
 259       1 nvme1n1 765 0 35475 568 45144 21685 17793360 510069 0 44582 514141 234 0 976773176 115 2085 3387
 259       0 nvme3n1 691 0 38922 467 45065 21755 17793296 507683 0 53542 511632 234 0 976773176 120 2079 3360
 259       1 nvme1n1 765 0 35475 568 45144 21685 17793360 510069 0 44582 514141 234 0 976773176 115 2085 3387
 259       0 nvme3n1 691 0 38922 467 45083 21780 17793632 507696 0 53556 511648 234 0 976773176 120 2082 3364
 259       1 nvme1n1 765 0 35475 568 45161 21713 17793712 510082 0 44596 514157 234 0 976773176 115 2088 3391
 259       0 nvme3n1 691 0 38922 467 45083 21780 17793632 507696 0 53556 511648 234 0 976773176 120 2082 3364
 259       1 nvme1n1 765 0 35475 568 45161 21713 17793712 510082 0 44596 514157 234 0 976773176 115 2088 3391
 259       0 nvme3n1 691 0 38922 467 45083 21780 17793632 507696 0 53556 511648 234 0 976773176 120 2082 3364
 259       1 nvme1n1 765 0 35475 568 45161 21713 17793712 510082 0 44596 514157 234 0 976773176 115 2088 3391
 259       0 nvme3n1 691 0 38922 467 45083 21780 17793632 507696 0 53556 511648 234 0 976773176 120 2082 3364
 259       1 nvme1n1 765 0 35475 568 45161 21713 17793712 510082 0 44596 514157 234 0 976773176 115 2088 3391
 259       0 nvme3n1 691 0 38922 467 45083 21780 17793632 507696 0 53556 511648 234 0 976773176 120 2082 3364
 259       1 nvme1n1 765 0 35475 568 45161 21713 17793712 510082 0 44596 514157 234 0 976773176 115 2088 3391
 259       0 nvme3n1 691 0 38922 467 45083 21780 17793632 507696 0 53556 511648 234 0 976773176 120 2082 3364
 259       1 nvme1n1 765 0 35475 568 45161 21713 17793712 510082 0 44596 514157 234 0 976773176 115 2088 3391
 259       0 nvme3n1 691 0 38922 467 45083 21780 17793632 507696 0 53556 511648 234 0 976773176 120 2082 3364
 259       1 nvme1n1 765 0 35475 568 45161 21713 17793712 510082 0 44596 514157 234 0 976773176 115 2088 3391
 259       0 nvme3n1 691 0 38922 467 45083 21780 17793632 507696 0 53556 511648 234 0 976773176 120 2082 3364
 259       1 nvme1n1 765 0 35475 568 45161 21713 17793712 510082 0 44596 514157 234 0 976773176 115 2088 3391
 259       0 nvme3n1 691 0 38922 467 45083 21780 17793632 507696 0 53556 511648 234 0 976773176 120 2082 3364
 259       1 nvme1n1 765 0 35475 568 45161 21713 17793712 510082 0 44596 514157 234 0 976773176 115 2088 3391
 259       0 nvme3n1 691 0 38922 467 45083 21780 17793632 507696 0 53556 511648 234 0 976773176 120 2082 3364
 259       1 nvme1n1 765 0 35475 568 45161 21713 17793712 510082 0 44596 514157 234 0 976773176 115 2088 3391
