 259       0 nvme3n1 691 0 38922 467 45160 21981 17795840 507792 0 53650 511774 234 0 976773176 120 2103 3394
 259       1 nvme1n1 765 0 35475 568 45253 21899 17795920 510286 0 44699 514390 234 0 976773176 115 2108 3419
 259       0 nvme3n1 691 0 38922 467 45160 21981 17795840 507792 0 53650 511774 234 0 976773176 120 2103 3394
 259       1 nvme1n1 765 0 35475 568 45253 21899 17795920 510286 0 44699 514390 234 0 976773176 115 2108 3419
 259       0 nvme3n1 691 0 38922 467 45160 21981 17795840 507792 0 53650 511774 234 0 976773176 120 2103 3394
 259       1 nvme1n1 765 0 35475 568 45256 21916 17796080 510296 0 44709 514401 234 0 976773176 115 2109 3421
 259       0 nvme3n1 691 0 38922 467 45160 21981 17795840 507792 0 53650 511774 234 0 976773176 120 2103 3394
 259       1 nvme1n1 765 0 35475 568 45256 21916 17796080 510296 0 44709 514401 234 0 976773176 115 2109 3421
 259       0 nvme3n1 691 0 38922 467 45160 21981 17795840 507792 0 53650 511774 234 0 976773176 120 2103 3394
 259       1 nvme1n1 765 0 35475 568 45256 21916 17796080 510296 0 44709 514401 234 0 976773176 115 2109 3421
 259       0 nvme3n1 691 0 38922 467 45160 21981 17795840 507792 0 53650 511774 234 0 976773176 120 2103 3394
 259       1 nvme1n1 765 0 35475 568 45256 21916 17796080 510296 0 44709 514401 234 0 976773176 115 2109 3421
 259       0 nvme3n1 691 0 38922 467 45160 21981 17795840 507792 0 53650 511774 234 0 976773176 120 2103 3394
 259       1 nvme1n1 765 0 35475 568 45256 21916 17796080 510296 0 44709 514401 234 0 976773176 115 2109 3421
 259       0 nvme3n1 691 0 38922 467 45160 21981 17795840 507792 0 53650 511774 234 0 976773176 120 2103 3394
 259       1 nvme1n1 765 0 35475 568 45256 21916 17796080 510296 0 44709 514401 234 0 976773176 115 2109 3421
 259       0 nvme3n1 691 0 38922 467 45160 21981 17795840 507792 0 53650 511774 234 0 976773176 120 2103 3394
 259       1 nvme1n1 765 0 35475 568 45256 21916 17796080 510296 0 44709 514401 234 0 976773176 115 2109 3421
 259       0 nvme3n1 691 0 38922 467 45160 21981 17795840 507792 0 53650 511774 234 0 976773176 120 2103 3394
 259       1 nvme1n1 765 0 35475 568 45256 21916 17796080 510296 0 44709 514401 234 0 976773176 115 2109 3421
 259       0 nvme3n1 691 0 38922 467 45160 21981 17795840 507792 0 53650 511774 234 0 976773176 120 2103 3394
 259       1 nvme1n1 765 0 35475 568 45256 21916 17796080 510296 0 44709 514401 234 0 976773176 115 2109 3421
 259       0 nvme3n1 691 0 38922 467 45160 21981 17795840 507792 0 53650 511774 234 0 976773176 120 2103 3394
 259       1 nvme1n1 765 0 35475 568 45256 21916 17796080 510296 0 44709 514401 234 0 976773176 115 2109 3421
 259       0 nvme3n1 691 0 38922 467 45160 21981 17795840 507792 0 53650 511774 234 0 976773176 120 2103 3394
 259       1 nvme1n1 765 0 35475 568 45268 21920 17796208 510393 0 44717 514498 234 0 976773176 115 2109 3421
 259       0 nvme3n1 691 0 38922 467 45160 21981 17795840 507792 0 53650 511774 234 0 976773176 120 2103 3394
 259       1 nvme1n1 765 0 35475 568 45268 21920 17796208 510393 0 44717 514498 234 0 976773176 115 2109 3421
 259       0 nvme3n1 691 0 38922 467 45160 21981 17795840 507792 0 53650 511774 234 0 976773176 120 2103 3394
 259       1 nvme1n1 765 0 35475 568 45268 21920 17796208 510393 0 44717 514498 234 0 976773176 115 2109 3421
 259       0 nvme3n1 691 0 38922 467 45160 21981 17795840 507792 0 53650 511774 234 0 976773176 120 2103 3394
 259       1 nvme1n1 765 0 35475 568 45268 21920 17796208 510393 0 44717 514498 234 0 976773176 115 2109 3421
 259       0 nvme3n1 691 0 38922 467 45160 21981 17795840 507792 0 53650 511774 234 0 976773176 120 2103 3394
 259       1 nvme1n1 765 0 35475 568 45268 21920 17796208 510393 0 44717 514498 234 0 976773176 115 2109 3421
 259       0 nvme3n1 691 0 38922 467 45160 21981 17795840 507792 0 53650 511774 234 0 976773176 120 2103 3394
 259       1 nvme1n1 765 0 35475 568 45268 21920 17796208 510393 0 44717 514498 234 0 976773176 115 2109 3421
 259       0 nvme3n1 691 0 38922 467 45160 21981 17795840 507792 0 53650 511774 234 0 976773176 120 2103 3394
 259       1 nvme1n1 765 0 35475 568 45268 21920 17796208 510393 0 44717 514498 234 0 976773176 115 2109 3421
 259       0 nvme3n1 691 0 38922 467 45187 22013 17796304 507804 0 53661 511790 234 0 976773176 120 2106 3397
 259       1 nvme1n1 765 0 35475 568 45285 21945 17796536 510405 0 44728 514514 234 0 976773176 115 2112 3424
 259       0 nvme3n1 691 0 38922 467 45187 22013 17796304 507804 0 53661 511790 234 0 976773176 120 2106 3397
 259       1 nvme1n1 765 0 35475 568 45285 21945 17796536 510405 0 44728 514514 234 0 976773176 115 2112 3424
 259       0 nvme3n1 691 0 38922 467 45187 22013 17796304 507804 0 53661 511790 234 0 976773176 120 2106 3397
 259       1 nvme1n1 765 0 35475 568 45285 21945 17796536 510405 0 44728 514514 234 0 976773176 115 2112 3424
 259       0 nvme3n1 691 0 38922 467 45187 22013 17796304 507804 0 53661 511790 234 0 976773176 120 2106 3397
 259       1 nvme1n1 765 0 35475 568 45285 21945 17796536 510405 0 44728 514514 234 0 976773176 115 2112 3424
 259       0 nvme3n1 691 0 38922 467 45187 22013 17796304 507804 0 53661 511790 234 0 976773176 120 2106 3397
 259       1 nvme1n1 765 0 35475 568 45285 21945 17796536 510405 0 44728 514514 234 0 976773176 115 2112 3424
 259       0 nvme3n1 691 0 38922 467 45187 22013 17796304 507804 0 53661 511790 234 0 976773176 120 2106 3397
 259       1 nvme1n1 765 0 35475 568 45285 21945 17796536 510405 0 44728 514514 234 0 976773176 115 2112 3424
 259       0 nvme3n1 691 0 38922 467 45187 22013 17796304 507804 0 53661 511790 234 0 976773176 120 2106 3397
 259       1 nvme1n1 765 0 35475 568 45285 21945 17796536 510405 0 44728 514514 234 0 976773176 115 2112 3424
 259       0 nvme3n1 691 0 38922 467 45187 22013 17796304 507804 0 53661 511790 234 0 976773176 120 2106 3397
 259       1 nvme1n1 765 0 35475 568 45285 21945 17796536 510405 0 44728 514514 234 0 976773176 115 2112 3424
 259       0 nvme3n1 691 0 38922 467 45187 22013 17796304 507804 0 53661 511790 234 0 976773176 120 2106 3397
 259       1 nvme1n1 765 0 35475 568 45285 21945 17796536 510405 0 44728 514514 234 0 976773176 115 2112 3424
 259       0 nvme3n1 691 0 38922 467 45187 22013 17796304 507804 0 53661 511790 234 0 976773176 120 2106 3397
 259       1 nvme1n1 765 0 35475 568 45285 21945 17796536 510405 0 44728 514514 234 0 976773176 115 2112 3424
