Multi-layer I/O tracer started!
Tracing layers: Application, Storage Service, OS, Filesystem, Device
MinIO-only mode enabled
Request correlation mode enabled
MinIO tracing configured:
  Mode: Name
  Trace Erasure: Yes
  Trace Metadata: Yes
TIME             LAYER        EVENT                        SIZE ALIGNED LAT(μs) COMM            FLAGS
========================================================================
>>> TRACING MINIO PROCESSES ONLY <<<
========================================================================
05:42:34.565 APPLICATION  MINIO_OBJECT_PUT             2049    2049     0.00 minio           [MINIO]
05:42:34.565 OS           OS_VFS_WRITE                 2049    4096     0.00 minio           [MINIO]
05:42:34.565 FILESYSTEM   FS_SYNC                         0       0     0.00 minio           [META][MINIO]
05:42:34.565 DEVICE       DEV_BIO_SUBMIT               4096    4096     0.00 minio           [MINIO]
05:42:34.573 DEVICE       DEV_BIO_COMPLETE             4096    4096  7793.71                 
05:42:34.576 APPLICATION  MINIO_OBJECT_GET             2049    2049     0.00 minio           [MINIO]
05:42:34.576 OS           OS_VFS_READ                  2049    4096     0.00 minio           [MINIO]
05:42:35.566 APPLICATION  MINIO_OBJECT_PUT                8       8     0.00 minio           [MINIO]
05:42:35.566 OS           OS_VFS_WRITE                    8    4096     0.00 minio           [MINIO]
05:42:35.566 APPLICATION  MINIO_OBJECT_GET                8       8     0.00 minio           [MINIO]
05:42:35.566 OS           OS_VFS_READ                     8    4096     0.00 minio           [MINIO]
05:42:35.581 APPLICATION  MINIO_OBJECT_PUT                8       8     0.00 minio           [MINIO]
05:42:35.581 OS           OS_VFS_WRITE                    8    4096     0.00 minio           [MINIO]
05:42:35.581 APPLICATION  MINIO_OBJECT_GET                8       8     0.00 minio           [MINIO]
05:42:35.581 OS           OS_VFS_READ                     8    4096     0.00 minio           [MINIO]
05:42:35.581 APPLICATION  MINIO_OBJECT_PUT                8       8     0.00 minio           [MINIO]
05:42:35.581 OS           OS_VFS_WRITE                    8    4096     0.00 minio           [MINIO]
05:42:35.581 APPLICATION  MINIO_OBJECT_GET                8       8     0.00 minio           [MINIO]
05:42:35.581 OS           OS_VFS_READ                     8    4096     0.00 minio           [MINIO]
05:42:37.568 APPLICATION  MINIO_OBJECT_PUT                8       8     0.00 minio           [MINIO]
05:42:37.568 OS           OS_VFS_WRITE                    8    4096     0.00 minio           [MINIO]
05:42:37.568 APPLICATION  MINIO_OBJECT_GET                8       8     0.00 minio           [MINIO]
05:42:37.568 OS           OS_VFS_READ                     8    4096     0.00 minio           [MINIO]
05:42:37.580 APPLICATION  MINIO_OBJECT_PUT                8       8     0.00 minio           [MINIO]
05:42:37.580 OS           OS_VFS_WRITE                    8    4096     0.00 minio           [MINIO]
05:42:37.580 APPLICATION  MINIO_OBJECT_GET                8       8     0.00 minio           [MINIO]
05:42:37.580 OS           OS_VFS_READ                     8    4096     0.00 minio           [MINIO]
05:42:38.842 APPLICATION  MINIO_OBJECT_PUT                8       8     0.00 minio           [MINIO]
05:42:38.842 OS           OS_VFS_WRITE                    8    4096     0.00 minio           [MINIO]
05:42:38.842 APPLICATION  MINIO_OBJECT_GET                8       8     0.00 minio           [MINIO]
05:42:38.842 OS           OS_VFS_READ                     8    4096     0.00 minio           [MINIO]
05:42:39.567 APPLICATION  MINIO_OBJECT_PUT                8       8     0.00 minio           [MINIO]
05:42:39.567 OS           OS_VFS_WRITE                    8    4096     0.00 minio           [MINIO]
05:42:39.567 APPLICATION  MINIO_OBJECT_GET                8       8     0.00 minio           [MINIO]
05:42:39.567 OS           OS_VFS_READ                     8    4096     0.00 minio           [MINIO]
05:42:39.581 APPLICATION  MINIO_OBJECT_PUT                8       8     0.00 minio           [MINIO]
05:42:39.581 OS           OS_VFS_WRITE                    8    4096     0.00 minio           [MINIO]
05:42:39.581 APPLICATION  MINIO_OBJECT_GET                8       8     0.00 minio           [MINIO]
05:42:39.581 OS           OS_VFS_READ                     8    4096     0.00 minio           [MINIO]
05:42:41.568 APPLICATION  MINIO_OBJECT_PUT                8       8     0.00 minio           [MINIO]
05:42:41.568 OS           OS_VFS_WRITE                    8    4096     0.00 minio           [MINIO]
05:42:41.568 APPLICATION  MINIO_OBJECT_GET                8       8     0.00 minio           [MINIO]
05:42:41.568 OS           OS_VFS_READ                     8    4096     0.00 minio           [MINIO]
05:42:43.290 APPLICATION  MINIO_OBJECT_GET             4096    4096     0.00 minio           [MINIO]
05:42:43.290 OS           OS_VFS_READ                  4096    4096     0.00 minio           [MINIO]
05:42:43.290 STORAGE_SVC  MINIO_XL_META                   0       0     0.00 minio           [META][MINIO][XL.META]
    └─> File: /mnt/minio1/minio/public/journal_test_1KB/test.dat/xl.meta
05:42:43.290 STORAGE_SVC  MINIO_XL_META                   0       0     0.00 minio           [META][MINIO][XL.META]
    └─> File: /mnt/minio2/minio/public/journal_test_1KB/test.dat/xl.meta
05:42:43.290 APPLICATION  MINIO_OBJECT_PUT               25      25     0.00 minio           [MINIO]
05:42:43.290 OS           OS_VFS_WRITE                   25    4096     0.00 minio           [MINIO]
05:42:43.290 APPLICATION  MINIO_OBJECT_GET             4096    4096     0.00 minio           [MINIO]
05:42:43.290 OS           OS_VFS_READ                  4096    4096     0.00 minio           [MINIO]
05:42:43.290 APPLICATION  MINIO_OBJECT_GET             4096    4096     0.00 minio           [MINIO]
05:42:43.290 OS           OS_VFS_READ                  4096    4096     0.00 minio           [MINIO]
05:42:43.290 APPLICATION  MINIO_OBJECT_GET                1       1     0.00 minio           [MINIO]
05:42:43.290 OS           OS_VFS_READ                     1    4096     0.00 minio           [MINIO]
05:42:43.290 STORAGE_SVC  MINIO_XL_META                   0       0     0.00 minio           [META][MINIO][XL.META]
    └─> File: /mnt/minio1/minio/public/journal_test_1KB/test.dat/xl.meta
05:42:43.290 STORAGE_SVC  MINIO_XL_META                   0       0     0.00 minio           [META][MINIO][XL.META]
    └─> File: /mnt/minio2/minio/public/journal_test_1KB/test.dat/xl.meta
05:42:43.290 APPLICATION  MINIO_OBJECT_PUT             1465    1465     0.00 minio           [MINIO]
05:42:43.290 OS           OS_VFS_WRITE                 1465    4096     0.00 minio           [MINIO]
05:42:43.290 APPLICATION  MINIO_OBJECT_PUT             1465    1465     0.00 minio           [MINIO]
05:42:43.290 OS           OS_VFS_WRITE                 1465    4096     0.00 minio           [MINIO]
05:42:43.290 FILESYSTEM   FS_SYNC                         0       0     0.00 minio           [META][MINIO]
05:42:43.290 FILESYSTEM   FS_SYNC                         0       0     0.00 minio           [META][MINIO]
05:42:43.290 DEVICE       DEV_BIO_SUBMIT               4096    4096     0.00 minio           [MINIO]
05:42:43.291 DEVICE       DEV_BIO_SUBMIT               4096    4096     0.00 minio           [MINIO]
05:42:43.298 DEVICE       DEV_BIO_COMPLETE             4096    4096  7248.33                 
05:42:43.298 DEVICE       DEV_BIO_COMPLETE             4096    4096  7747.07                 
05:42:43.301 APPLICATION  MINIO_OBJECT_PUT              563     563     0.00 minio           [MINIO]
05:42:43.301 OS           OS_VFS_WRITE                  563    4096     0.00 minio           [MINIO]
05:42:43.301 APPLICATION  MINIO_OBJECT_GET             4096    4096     0.00 minio           [MINIO]
05:42:43.301 OS           OS_VFS_READ                  4096    4096     0.00 minio           [MINIO]
05:42:43.301 APPLICATION  MINIO_OBJECT_GET             4096    4096     0.00 minio           [MINIO]
05:42:43.301 OS           OS_VFS_READ                  4096    4096     0.00 minio           [MINIO]
05:42:43.567 APPLICATION  MINIO_OBJECT_PUT                8       8     0.00 minio           [MINIO]
05:42:43.567 OS           OS_VFS_WRITE                    8    4096     0.00 minio           [MINIO]
05:42:43.567 APPLICATION  MINIO_OBJECT_GET                8       8     0.00 minio           [MINIO]
05:42:43.567 OS           OS_VFS_READ                     8    4096     0.00 minio           [MINIO]
05:42:43.581 APPLICATION  MINIO_OBJECT_PUT                8       8     0.00 minio           [MINIO]
05:42:43.581 OS           OS_VFS_WRITE                    8    4096     0.00 minio           [MINIO]
05:42:43.581 APPLICATION  MINIO_OBJECT_GET                8       8     0.00 minio           [MINIO]
05:42:43.581 OS           OS_VFS_READ                     8    4096     0.00 minio           [MINIO]
05:42:43.688 APPLICATION  MINIO_OBJECT_PUT                8       8     0.00 minio           [MINIO]
05:42:43.688 OS           OS_VFS_WRITE                    8    4096     0.00 minio           [MINIO]
05:42:43.688 APPLICATION  MINIO_OBJECT_GET                8       8     0.00 minio           [MINIO]
05:42:43.688 OS           OS_VFS_READ                     8    4096     0.00 minio           [MINIO]
05:42:43.842 APPLICATION  MINIO_OBJECT_PUT                8       8     0.00 minio           [MINIO]
05:42:43.842 OS           OS_VFS_WRITE                    8    4096     0.00 minio           [MINIO]
05:42:43.842 APPLICATION  MINIO_OBJECT_GET                8       8     0.00 minio           [MINIO]
05:42:43.842 OS           OS_VFS_READ                     8    4096     0.00 minio           [MINIO]
05:42:45.568 APPLICATION  MINIO_OBJECT_PUT                8       8     0.00 minio           [MINIO]
05:42:45.568 OS           OS_VFS_WRITE                    8    4096     0.00 minio           [MINIO]
05:42:45.568 APPLICATION  MINIO_OBJECT_GET                8       8     0.00 minio           [MINIO]
05:42:45.568 OS           OS_VFS_READ                     8    4096     0.00 minio           [MINIO]
05:42:45.580 APPLICATION  MINIO_OBJECT_PUT                8       8     0.00 minio           [MINIO]
05:42:45.580 OS           OS_VFS_WRITE                    8    4096     0.00 minio           [MINIO]
05:42:45.580 APPLICATION  MINIO_OBJECT_GET                8       8     0.00 minio           [MINIO]
05:42:45.580 OS           OS_VFS_READ                     8    4096     0.00 minio           [MINIO]
05:42:47.567 APPLICATION  MINIO_OBJECT_PUT                8       8     0.00 minio           [MINIO]
05:42:47.567 OS           OS_VFS_WRITE                    8    4096     0.00 minio           [MINIO]
05:42:47.567 APPLICATION  MINIO_OBJECT_GET                8       8     0.00 minio           [MINIO]
05:42:47.567 OS           OS_VFS_READ                     8    4096     0.00 minio           [MINIO]
05:42:47.580 APPLICATION  MINIO_OBJECT_PUT                8       8     0.00 minio           [MINIO]
05:42:47.580 OS           OS_VFS_WRITE                    8    4096     0.00 minio           [MINIO]
05:42:47.580 APPLICATION  MINIO_OBJECT_GET                8       8     0.00 minio           [MINIO]
05:42:47.580 OS           OS_VFS_READ                     8    4096     0.00 minio           [MINIO]
05:42:47.580 APPLICATION  MINIO_OBJECT_PUT                8       8     0.00 minio           [MINIO]
05:42:47.580 OS           OS_VFS_WRITE                    8    4096     0.00 minio           [MINIO]
05:42:47.580 APPLICATION  MINIO_OBJECT_GET                8       8     0.00 minio           [MINIO]
05:42:47.580 OS           OS_VFS_READ                     8    4096     0.00 minio           [MINIO]
