TIME             LAYER        EVENT                        SIZE ALIGNED LAT(μs) COMM            FLAGS
========================================================================
>>> TRACING MINIO PROCESSES ONLY <<<
========================================================================
05:27:50.223 STORAGE_SVC  MINIO_XL_META                   0       0     0.00 minio           [META][MINIO][XL.META]
    └─> File: /mnt/minio2/minio/.minio.sys/config/iam__XLDIR__/xl.meta
05:27:50.223 STORAGE_SVC  MINIO_XL_META                   0       0     0.00 minio           [META][MINIO][XL.META]
    └─> File: /mnt/minio1/minio/.minio.sys/config/iam__XLDIR__/xl.meta
05:27:50.223 STORAGE_SVC  MINIO_XL_META                   0       0     0.00 minio           [META][MINIO][XL.META]
    └─> File: /mnt/minio2/minio/.minio.sys/config/iam/
05:27:50.223 STORAGE_SVC  MINIO_XL_META                   0       0     0.00 minio           [META][MINIO][XL.META]
    └─> File: /mnt/minio1/minio/.minio.sys/config/iam/
05:27:50.223 STORAGE_SVC  MINIO_XL_META                   0       0     0.00 minio           [META][MINIO][XL.META]
    └─> File: /mnt/minio2/minio/.minio.sys/config/iam/format.json/xl.meta
05:27:50.223 STORAGE_SVC  MINIO_XL_META                   0       0     0.00 minio           [META][MINIO][XL.META]
    └─> File: /mnt/minio1/minio/.minio.sys/config/iam/format.json/xl.meta
05:27:50.223 APPLICATION  MINIO_OBJECT_GET              435     435     0.00 minio           [MINIO]
05:27:50.223 APPLICATION  MINIO_OBJECT_GET              435     435     0.00 minio           [MINIO]
05:27:50.223 OS           OS_VFS_READ                   435    4096     0.00 minio           [MINIO]
05:27:50.223 OS           OS_VFS_READ                   435    4096     0.00 minio           [MINIO]
05:27:51.567 APPLICATION  MINIO_OBJECT_PUT                8       8     0.00 minio           [MINIO]
05:27:51.567 OS           OS_VFS_WRITE                    8    4096     0.00 minio           [MINIO]
05:27:51.567 APPLICATION  MINIO_OBJECT_GET                8       8     0.00 minio           [MINIO]
05:27:51.567 OS           OS_VFS_READ                     8    4096     0.00 minio           [MINIO]
05:27:51.581 APPLICATION  MINIO_OBJECT_PUT                8       8     0.00 minio           [MINIO]
05:27:51.581 OS           OS_VFS_WRITE                    8    4096     0.00 minio           [MINIO]
05:27:51.581 APPLICATION  MINIO_OBJECT_GET                8       8     0.00 minio           [MINIO]
05:27:51.581 OS           OS_VFS_READ                     8    4096     0.00 minio           [MINIO]
05:27:53.581 APPLICATION  MINIO_OBJECT_PUT                8       8     0.00 minio           [MINIO]
05:27:53.581 OS           OS_VFS_WRITE                    8    4096     0.00 minio           [MINIO]
05:27:53.581 APPLICATION  MINIO_OBJECT_GET                8       8     0.00 minio           [MINIO]
05:27:53.581 OS           OS_VFS_READ                     8    4096     0.00 minio           [MINIO]
05:27:53.581 APPLICATION  MINIO_OBJECT_PUT                8       8     0.00 minio           [MINIO]
05:27:53.581 OS           OS_VFS_WRITE                    8    4096     0.00 minio           [MINIO]
05:27:53.581 APPLICATION  MINIO_OBJECT_GET                8       8     0.00 minio           [MINIO]
05:27:53.581 OS           OS_VFS_READ                     8    4096     0.00 minio           [MINIO]
05:27:53.639 APPLICATION  MINIO_OBJECT_PUT                8       8     0.00 minio           [MINIO]
05:27:53.639 OS           OS_VFS_WRITE                    8    4096     0.00 minio           [MINIO]
05:27:53.639 APPLICATION  MINIO_OBJECT_GET                8       8     0.00 minio           [MINIO]
05:27:53.639 OS           OS_VFS_READ                     8    4096     0.00 minio           [MINIO]
05:27:53.738 APPLICATION  MINIO_OBJECT_PUT                8       8     0.00 minio           [MINIO]
05:27:53.738 OS           OS_VFS_WRITE                    8    4096     0.00 minio           [MINIO]
05:27:53.738 APPLICATION  MINIO_OBJECT_GET                8       8     0.00 minio           [MINIO]
05:27:53.738 OS           OS_VFS_READ                     8    4096     0.00 minio           [MINIO]
05:27:55.581 APPLICATION  MINIO_OBJECT_PUT                8       8     0.00 minio           [MINIO]
05:27:55.581 OS           OS_VFS_WRITE                    8    4096     0.00 minio           [MINIO]
05:27:55.581 APPLICATION  MINIO_OBJECT_GET                8       8     0.00 minio           [MINIO]
05:27:55.581 OS           OS_VFS_READ                     8    4096     0.00 minio           [MINIO]
05:27:55.581 APPLICATION  MINIO_OBJECT_PUT                8       8     0.00 minio           [MINIO]
05:27:55.581 OS           OS_VFS_WRITE                    8    4096     0.00 minio           [MINIO]
05:27:55.581 APPLICATION  MINIO_OBJECT_GET                8       8     0.00 minio           [MINIO]
05:27:55.581 OS           OS_VFS_READ                     8    4096     0.00 minio           [MINIO]
05:27:57.567 APPLICATION  MINIO_OBJECT_PUT                8       8     0.00 minio           [MINIO]
05:27:57.567 OS           OS_VFS_WRITE                    8    4096     0.00 minio           [MINIO]
05:27:57.567 APPLICATION  MINIO_OBJECT_GET                8       8     0.00 minio           [MINIO]
05:27:57.567 OS           OS_VFS_READ                     8    4096     0.00 minio           [MINIO]
05:27:57.580 APPLICATION  MINIO_OBJECT_PUT                8       8     0.00 minio           [MINIO]
05:27:57.580 OS           OS_VFS_WRITE                    8    4096     0.00 minio           [MINIO]
05:27:57.580 APPLICATION  MINIO_OBJECT_GET                8       8     0.00 minio           [MINIO]
05:27:57.580 OS           OS_VFS_READ                     8    4096     0.00 minio           [MINIO]
05:27:58.069 APPLICATION  MINIO_OBJECT_GET             4096    4096     0.00 minio           [MINIO]
05:27:58.069 OS           OS_VFS_READ                  4096    4096     0.00 minio           [MINIO]
05:27:58.069 APPLICATION  MINIO_OBJECT_GET                1       1     0.00 minio           [MINIO]
05:27:58.069 OS           OS_VFS_READ                     1    4096     0.00 minio           [MINIO]
05:27:58.069 APPLICATION  MINIO_OBJECT_PUT              397     397     0.00 minio           [MINIO]
05:27:58.069 OS           OS_VFS_WRITE                  397    4096     0.00 minio           [MINIO]
05:27:58.069 APPLICATION  MINIO_OBJECT_PUT              397     397     0.00 minio           [MINIO]
05:27:58.069 OS           OS_VFS_WRITE                  397    4096     0.00 minio           [MINIO]
05:27:58.069 FILESYSTEM   FS_SYNC                         0       0     0.00 minio           [META][MINIO]
05:27:58.069 FILESYSTEM   FS_SYNC                         0       0     0.00 minio           [META][MINIO]
05:27:58.069 DEVICE       DEV_BIO_SUBMIT               4096    4096     0.00 minio           [MINIO]
05:27:58.069 DEVICE       DEV_BIO_SUBMIT               4096    4096     0.00 minio           [MINIO]
05:27:58.076 DEVICE       DEV_BIO_COMPLETE             4096    4096  6785.12                 
05:27:58.076 DEVICE       DEV_BIO_COMPLETE             4096    4096  6966.80                 
05:27:58.079 APPLICATION  MINIO_OBJECT_PUT              908     908     0.00 minio           [MINIO]
05:27:58.079 OS           OS_VFS_WRITE                  908    4096     0.00 minio           [MINIO]
05:27:58.079 APPLICATION  MINIO_OBJECT_GET             4096    4096     0.00 minio           [MINIO]
05:27:58.080 OS           OS_VFS_READ                  4096    4096     0.00 minio           [MINIO]
05:27:58.083 APPLICATION  MINIO_OBJECT_GET             4096    4096     0.00 minio           [MINIO]
05:27:58.083 OS           OS_VFS_READ                  4096    4096     0.00 minio           [MINIO]
05:27:58.083 APPLICATION  MINIO_OBJECT_GET              397     397     0.00 minio           [MINIO]
05:27:58.083 OS           OS_VFS_READ                   397    4096     0.00 minio           [MINIO]
05:27:58.083 APPLICATION  MINIO_OBJECT_GET              397     397     0.00 minio           [MINIO]
05:27:58.083 OS           OS_VFS_READ                   397    4096     0.00 minio           [MINIO]
05:27:58.083 STORAGE_SVC  MINIO_XL_META                   0       0     0.00 minio           [META][MINIO][XL.META]
    └─> File: /mnt/minio2/minio/public/test_10485760B/test_10MB.dat/xl.meta
05:27:58.083 STORAGE_SVC  MINIO_XL_META                   0       0     0.00 minio           [META][MINIO][XL.META]
    └─> File: /mnt/minio1/minio/public/test_10485760B/test_10MB.dat/xl.meta
05:27:58.083 APPLICATION  MINIO_OBJECT_GET              397     397     0.00 minio           [MINIO]
05:27:58.083 OS           OS_VFS_READ                   397    4096     0.00 minio           [MINIO]
05:27:58.083 APPLICATION  MINIO_OBJECT_GET              397     397     0.00 minio           [MINIO]
05:27:58.083 OS           OS_VFS_READ                   397    4096     0.00 minio           [MINIO]
05:27:58.083 APPLICATION  MINIO_OBJECT_PUT               25      25     0.00 minio           [MINIO]
05:27:58.083 OS           OS_VFS_WRITE                   25    4096     0.00 minio           [MINIO]
05:27:58.083 APPLICATION  MINIO_OBJECT_GET          1048576 1048576     0.00 minio           [MINIO]
05:27:58.083 OS           OS_VFS_READ               1048576 1048576     0.00 minio           [MINIO]
05:27:58.084 APPLICATION  MINIO_OBJECT_GET          1048576 1048576     0.00 minio           [MINIO]
05:27:58.084 OS           OS_VFS_READ               1048576 1048576     0.00 minio           [MINIO]
05:27:58.084 APPLICATION  MINIO_OBJECT_GET          1040384 1040384     0.00 minio           [MINIO]
05:27:58.084 OS           OS_VFS_READ               1040384 1040384     0.00 minio           [MINIO]
05:27:58.084 APPLICATION  MINIO_OBJECT_GET          1024000 1024000     0.00 minio           [MINIO]
05:27:58.084 OS           OS_VFS_READ               1024000 1024000     0.00 minio           [MINIO]
05:27:58.084 APPLICATION  MINIO_OBJECT_GET           999424  999424     0.00 minio           [MINIO]
05:27:58.084 OS           OS_VFS_READ                999424  999424     0.00 minio           [MINIO]
05:27:58.084 APPLICATION  MINIO_OBJECT_GET           958464  958464     0.00 minio           [MINIO]
05:27:58.084 OS           OS_VFS_READ                958464  958464     0.00 minio           [MINIO]
05:27:58.084 APPLICATION  MINIO_OBJECT_GET           892928  892928     0.00 minio           [MINIO]
05:27:58.084 OS           OS_VFS_READ                892928  892928     0.00 minio           [MINIO]
05:27:58.084 APPLICATION  MINIO_OBJECT_GET           802816  802816     0.00 minio           [MINIO]
05:27:58.084 OS           OS_VFS_READ                802816  802816     0.00 minio           [MINIO]
05:27:58.084 APPLICATION  MINIO_OBJECT_GET           737280  737280     0.00 minio           [MINIO]
05:27:58.084 OS           OS_VFS_READ                737280  737280     0.00 minio           [MINIO]
05:27:58.084 APPLICATION  MINIO_OBJECT_GET           647168  647168     0.00 minio           [MINIO]
05:27:58.084 OS           OS_VFS_READ                647168  647168     0.00 minio           [MINIO]
05:27:58.085 APPLICATION  MINIO_OBJECT_GET           524288  524288     0.00 minio           [MINIO]
05:27:58.085 OS           OS_VFS_READ                524288  524288     0.00 minio           [MINIO]
05:27:58.085 APPLICATION  MINIO_OBJECT_GET           303104  303104     0.00 minio           [MINIO]
05:27:58.085 OS           OS_VFS_READ                303104  303104     0.00 minio           [MINIO]
05:27:58.086 APPLICATION  MINIO_OBJECT_GET            49152   49152     0.00 minio           [MINIO]
05:27:58.086 OS           OS_VFS_READ                 49152   49152     0.00 minio           [MINIO]
05:27:58.086 APPLICATION  MINIO_OBJECT_PUT          1048576 1048576     0.00 minio           [MINIO]
05:27:58.086 OS           OS_VFS_WRITE              1048576 1048576     0.00 minio           [MINIO]
05:27:58.086 APPLICATION  MINIO_OBJECT_GET          1048576 1048576     0.00 minio           [MINIO]
05:27:58.086 OS           OS_VFS_READ               1048576 1048576     0.00 minio           [MINIO]
05:27:58.086 APPLICATION  MINIO_OBJECT_PUT          1048576 1048576     0.00 minio           [MINIO]
05:27:58.086 OS           OS_VFS_WRITE              1048576 1048576     0.00 minio           [MINIO]
05:27:58.086 DEVICE       DEV_BIO_SUBMIT            1048576 1048576     0.00 minio           [MINIO]
05:27:58.086 DEVICE       DEV_BIO_SUBMIT            1048576 1048576     0.00 minio           [MINIO]
05:27:58.087 APPLICATION  MINIO_OBJECT_GET           712810  712810     0.00 minio           [MINIO]
05:27:58.087 OS           OS_VFS_READ                712810  716800     0.00 minio           [MINIO]
05:27:58.087 DEVICE       DEV_BIO_COMPLETE           262144  262144   636.60                 
05:27:58.087 DEVICE       DEV_BIO_COMPLETE           262144  262144   683.51                 
05:27:58.087 APPLICATION  MINIO_OBJECT_GET           450878  450878     0.00 minio           [MINIO]
05:27:58.087 OS           OS_VFS_READ                450878  454656     0.00 minio           [MINIO]
05:27:58.088 APPLICATION  MINIO_OBJECT_GET           188946  188946     0.00 minio           [MINIO]
05:27:58.088 OS           OS_VFS_READ                188946  192512     0.00 minio           [MINIO]
05:27:58.088 APPLICATION  MINIO_OBJECT_GET             4096    4096     0.00 minio           [MINIO]
05:27:58.088 OS           OS_VFS_READ                  4096    4096     0.00 minio           [MINIO]
05:27:58.088 APPLICATION  MINIO_OBJECT_GET                1       1     0.00 minio           [MINIO]
05:27:58.088 OS           OS_VFS_READ                     1    4096     0.00 minio           [MINIO]
05:27:58.088 APPLICATION  MINIO_OBJECT_GET              397     397     0.00 minio           [MINIO]
05:27:58.088 OS           OS_VFS_READ                   397    4096     0.00 minio           [MINIO]
05:27:58.088 APPLICATION  MINIO_OBJECT_GET              397     397     0.00 minio           [MINIO]
05:27:58.088 OS           OS_VFS_READ                   397    4096     0.00 minio           [MINIO]
05:27:58.088 STORAGE_SVC  MINIO_XL_META                   0       0     0.00 minio           [META][MINIO][XL.META]
    └─> File: /mnt/minio2/minio/public/test_10485760B/test_10MB.dat/xl.meta
05:27:58.088 STORAGE_SVC  MINIO_XL_META                   0       0     0.00 minio           [META][MINIO][XL.META]
    └─> File: /mnt/minio1/minio/public/test_10485760B/test_10MB.dat/xl.meta
05:27:58.088 APPLICATION  MINIO_OBJECT_GET              397     397     0.00 minio           [MINIO]
05:27:58.088 OS           OS_VFS_READ                   397    4096     0.00 minio           [MINIO]
05:27:58.088 APPLICATION  MINIO_OBJECT_GET              397     397     0.00 minio           [MINIO]
05:27:58.088 OS           OS_VFS_READ                   397    4096     0.00 minio           [MINIO]
05:27:58.088 APPLICATION  MINIO_OBJECT_PUT               25      25     0.00 minio           [MINIO]
05:27:58.088 OS           OS_VFS_WRITE                   25    4096     0.00 minio           [MINIO]
05:27:58.088 APPLICATION  MINIO_OBJECT_GET          1048576 1048576     0.00 minio           [MINIO]
05:27:58.088 OS           OS_VFS_READ               1048576 1048576     0.00 minio           [MINIO]
05:27:58.088 APPLICATION  MINIO_OBJECT_GET          1048576 1048576     0.00 minio           [MINIO]
05:27:58.088 OS           OS_VFS_READ               1048576 1048576     0.00 minio           [MINIO]
05:27:58.088 APPLICATION  MINIO_OBJECT_GET          1040384 1040384     0.00 minio           [MINIO]
05:27:58.088 OS           OS_VFS_READ               1040384 1040384     0.00 minio           [MINIO]
05:27:58.088 APPLICATION  MINIO_OBJECT_PUT          1048576 1048576     0.00 minio           [MINIO]
05:27:58.088 OS           OS_VFS_WRITE              1048576 1048576     0.00 minio           [MINIO]
05:27:58.088 DEVICE       DEV_BIO_SUBMIT            1048576 1048576     0.00 minio           [MINIO]
05:27:58.088 APPLICATION  MINIO_OBJECT_PUT          1048576 1048576     0.00 minio           [MINIO]
05:27:58.088 OS           OS_VFS_WRITE              1048576 1048576     0.00 minio           [MINIO]
05:27:58.088 APPLICATION  MINIO_OBJECT_GET           991232  991232     0.00 minio           [MINIO]
05:27:58.088 OS           OS_VFS_READ                991232  991232     0.00 minio           [MINIO]
05:27:58.088 DEVICE       DEV_BIO_SUBMIT            1048576 1048576     0.00 minio           [MINIO]
05:27:58.088 APPLICATION  MINIO_OBJECT_GET           884736  884736     0.00 minio           [MINIO]
05:27:58.088 OS           OS_VFS_READ                884736  884736     0.00 minio           [MINIO]
05:27:58.089 DEVICE       DEV_BIO_COMPLETE           262144  262144   642.34                 
05:27:58.089 APPLICATION  MINIO_OBJECT_GET           729088  729088     0.00 minio           [MINIO]
05:27:58.089 OS           OS_VFS_READ                729088  729088     0.00 minio           [MINIO]
05:27:58.089 APPLICATION  MINIO_OBJECT_PUT               64      64     0.00 minio           [MINIO]
05:27:58.089 OS           OS_VFS_WRITE                   64    4096     0.00 minio           [MINIO]
05:27:58.089 DEVICE       DEV_BIO_SUBMIT               4096    4096     0.00 minio           [MINIO]
05:27:58.089 DEVICE       DEV_BIO_COMPLETE             4096    4096    10.55                 
05:27:58.089 DEVICE       DEV_BIO_COMPLETE           262144  262144   679.25                 
05:27:58.089 APPLICATION  MINIO_OBJECT_PUT               64      64     0.00 minio           [MINIO]
05:27:58.089 OS           OS_VFS_WRITE                   64    4096     0.00 minio           [MINIO]
05:27:58.089 DEVICE       DEV_BIO_SUBMIT               4096    4096     0.00 minio           [MINIO]
05:27:58.089 DEVICE       DEV_BIO_COMPLETE             4096    4096    14.56                 
05:27:58.089 APPLICATION  MINIO_OBJECT_GET           475136  475136     0.00 minio           [MINIO]
05:27:58.089 OS           OS_VFS_READ                475136  475136     0.00 minio           [MINIO]
05:27:58.090 APPLICATION  MINIO_OBJECT_GET           221184  221184     0.00 minio           [MINIO]
05:27:58.090 OS           OS_VFS_READ                221184  221184     0.00 minio           [MINIO]
05:27:58.090 APPLICATION  MINIO_OBJECT_PUT          1048576 1048576     0.00 minio           [MINIO]
05:27:58.090 OS           OS_VFS_WRITE              1048576 1048576     0.00 minio           [MINIO]
05:27:58.090 DEVICE       DEV_BIO_SUBMIT            1048576 1048576     0.00 minio           [MINIO]
05:27:58.090 APPLICATION  MINIO_OBJECT_GET          1048576 1048576     0.00 minio           [MINIO]
05:27:58.090 OS           OS_VFS_READ               1048576 1048576     0.00 minio           [MINIO]
05:27:58.091 APPLICATION  MINIO_OBJECT_PUT          1048576 1048576     0.00 minio           [MINIO]
05:27:58.091 OS           OS_VFS_WRITE              1048576 1048576     0.00 minio           [MINIO]
05:27:58.091 DEVICE       DEV_BIO_SUBMIT            1048576 1048576     0.00 minio           [MINIO]
05:27:58.091 APPLICATION  MINIO_OBJECT_GET           745896  745896     0.00 minio           [MINIO]
05:27:58.091 OS           OS_VFS_READ                745896  749568     0.00 minio           [MINIO]
05:27:58.091 DEVICE       DEV_BIO_COMPLETE           262144  262144   638.80                 
05:27:58.091 DEVICE       DEV_BIO_COMPLETE           262144  262144   680.65                 
05:27:58.092 APPLICATION  MINIO_OBJECT_GET           483964  483964     0.00 minio           [MINIO]
05:27:58.092 OS           OS_VFS_READ                483964  487424     0.00 minio           [MINIO]
05:27:58.092 APPLICATION  MINIO_OBJECT_GET           222032  222032     0.00 minio           [MINIO]
05:27:58.092 OS           OS_VFS_READ                222032  225280     0.00 minio           [MINIO]
05:27:58.093 APPLICATION  MINIO_OBJECT_PUT          1048576 1048576     0.00 minio           [MINIO]
05:27:58.093 OS           OS_VFS_WRITE              1048576 1048576     0.00 minio           [MINIO]
05:27:58.093 DEVICE       DEV_BIO_SUBMIT            1048576 1048576     0.00 minio           [MINIO]
05:27:58.093 APPLICATION  MINIO_OBJECT_GET          1048576 1048576     0.00 minio           [MINIO]
05:27:58.093 OS           OS_VFS_READ               1048576 1048576     0.00 minio           [MINIO]
05:27:58.093 APPLICATION  MINIO_OBJECT_PUT          1048576 1048576     0.00 minio           [MINIO]
05:27:58.093 OS           OS_VFS_WRITE              1048576 1048576     0.00 minio           [MINIO]
05:27:58.093 DEVICE       DEV_BIO_SUBMIT            1048576 1048576     0.00 minio           [MINIO]
05:27:58.093 APPLICATION  MINIO_OBJECT_PUT              101     101     0.00 minio           [MINIO]
05:27:58.093 OS           OS_VFS_WRITE                  101    4096     0.00 minio           [MINIO]
05:27:58.093 FILESYSTEM   FS_SYNC                         0       0     0.00 minio           [META][MINIO]
05:27:58.093 DEVICE       DEV_BIO_SUBMIT               4096    4096     0.00 minio           [MINIO]
05:27:58.093 APPLICATION  MINIO_OBJECT_PUT              101     101     0.00 minio           [MINIO]
05:27:58.093 OS           OS_VFS_WRITE                  101    4096     0.00 minio           [MINIO]
05:27:58.093 FILESYSTEM   FS_SYNC                         0       0     0.00 minio           [META][MINIO]
05:27:58.093 DEVICE       DEV_BIO_SUBMIT               4096    4096     0.00 minio           [MINIO]
05:27:58.093 DEVICE       DEV_BIO_COMPLETE           262144  262144   633.37                 
05:27:58.093 DEVICE       DEV_BIO_COMPLETE             4096    4096   295.54                 
05:27:58.093 APPLICATION  MINIO_OBJECT_GET           746744  746744     0.00 minio           [MINIO]
05:27:58.093 OS           OS_VFS_READ                746744  749568     0.00 minio           [MINIO]
05:27:58.093 DEVICE       DEV_BIO_COMPLETE           262144  262144   683.56                 
05:27:58.093 DEVICE       DEV_BIO_COMPLETE             4096    4096   547.61                 
05:27:58.094 APPLICATION  MINIO_OBJECT_GET           484812  484812     0.00 minio           [MINIO]
05:27:58.094 OS           OS_VFS_READ                484812  487424     0.00 minio           [MINIO]
05:27:58.094 APPLICATION  MINIO_OBJECT_GET           222880  222880     0.00 minio           [MINIO]
05:27:58.094 OS           OS_VFS_READ                222880  225280     0.00 minio           [MINIO]
05:27:58.095 APPLICATION  MINIO_OBJECT_PUT          1048576 1048576     0.00 minio           [MINIO]
05:27:58.095 OS           OS_VFS_WRITE              1048576 1048576     0.00 minio           [MINIO]
05:27:58.095 DEVICE       DEV_BIO_SUBMIT            1048576 1048576     0.00 minio           [MINIO]
05:27:58.095 APPLICATION  MINIO_OBJECT_GET          1048576 1048576     0.00 minio           [MINIO]
05:27:58.095 OS           OS_VFS_READ               1048576 1048576     0.00 minio           [MINIO]
05:27:58.095 APPLICATION  MINIO_OBJECT_PUT          1048576 1048576     0.00 minio           [MINIO]
05:27:58.095 OS           OS_VFS_WRITE              1048576 1048576     0.00 minio           [MINIO]
05:27:58.095 DEVICE       DEV_BIO_SUBMIT            1048576 1048576     0.00 minio           [MINIO]
05:27:58.096 DEVICE       DEV_BIO_COMPLETE           262144  262144   639.14                 
05:27:58.096 APPLICATION  MINIO_OBJECT_GET           747592  747592     0.00 minio           [MINIO]
05:27:58.096 OS           OS_VFS_READ                747592  749568     0.00 minio           [MINIO]
05:27:58.096 DEVICE       DEV_BIO_COMPLETE           262144  262144   680.56                 
05:27:58.096 APPLICATION  MINIO_OBJECT_GET           485660  485660     0.00 minio           [MINIO]
05:27:58.096 OS           OS_VFS_READ                485660  487424     0.00 minio           [MINIO]
05:27:58.097 APPLICATION  MINIO_OBJECT_GET           223728  223728     0.00 minio           [MINIO]
05:27:58.097 OS           OS_VFS_READ                223728  225280     0.00 minio           [MINIO]
05:27:58.097 APPLICATION  MINIO_OBJECT_PUT          1048576 1048576     0.00 minio           [MINIO]
05:27:58.097 OS           OS_VFS_WRITE              1048576 1048576     0.00 minio           [MINIO]
05:27:58.097 DEVICE       DEV_BIO_SUBMIT            1048576 1048576     0.00 minio           [MINIO]
05:27:58.097 APPLICATION  MINIO_OBJECT_GET          1048576 1048576     0.00 minio           [MINIO]
05:27:58.097 OS           OS_VFS_READ               1048576 1048576     0.00 minio           [MINIO]
05:27:58.097 APPLICATION  MINIO_OBJECT_PUT          1048576 1048576     0.00 minio           [MINIO]
05:27:58.097 OS           OS_VFS_WRITE              1048576 1048576     0.00 minio           [MINIO]
05:27:58.098 DEVICE       DEV_BIO_SUBMIT            1048576 1048576     0.00 minio           [MINIO]
05:27:58.098 APPLICATION  MINIO_OBJECT_PUT              529     529     0.00 minio           [MINIO]
05:27:58.098 OS           OS_VFS_WRITE                  529    4096     0.00 minio           [MINIO]
05:27:58.098 APPLICATION  MINIO_OBJECT_GET             4096    4096     0.00 minio           [MINIO]
05:27:58.098 OS           OS_VFS_READ                  4096    4096     0.00 minio           [MINIO]
05:27:58.098 APPLICATION  MINIO_OBJECT_GET           748440  748440     0.00 minio           [MINIO]
05:27:58.098 OS           OS_VFS_READ                748440  749568     0.00 minio           [MINIO]
05:27:58.098 DEVICE       DEV_BIO_COMPLETE           262144  262144   632.91                 
05:27:58.098 DEVICE       DEV_BIO_COMPLETE           262144  262144   679.88                 
05:27:58.098 APPLICATION  MINIO_OBJECT_GET           486508  486508     0.00 minio           [MINIO]
05:27:58.098 OS           OS_VFS_READ                486508  487424     0.00 minio           [MINIO]
05:27:58.099 APPLICATION  MINIO_OBJECT_GET           224576  224576     0.00 minio           [MINIO]
05:27:58.099 OS           OS_VFS_READ                224576  225280     0.00 minio           [MINIO]
05:27:58.099 APPLICATION  MINIO_OBJECT_PUT          1048576 1048576     0.00 minio           [MINIO]
05:27:58.099 OS           OS_VFS_WRITE              1048576 1048576     0.00 minio           [MINIO]
05:27:58.099 DEVICE       DEV_BIO_SUBMIT            1048576 1048576     0.00 minio           [MINIO]
05:27:58.099 APPLICATION  MINIO_OBJECT_GET          1048576 1048576     0.00 minio           [MINIO]
05:27:58.099 OS           OS_VFS_READ               1048576 1048576     0.00 minio           [MINIO]
05:27:58.100 APPLICATION  MINIO_OBJECT_PUT          1048576 1048576     0.00 minio           [MINIO]
05:27:58.100 OS           OS_VFS_WRITE              1048576 1048576     0.00 minio           [MINIO]
05:27:58.100 DEVICE       DEV_BIO_SUBMIT            1048576 1048576     0.00 minio           [MINIO]
05:27:58.100 APPLICATION  MINIO_OBJECT_GET           749288  749288     0.00 minio           [MINIO]
05:27:58.100 OS           OS_VFS_READ                749288  749568     0.00 minio           [MINIO]
05:27:58.100 DEVICE       DEV_BIO_COMPLETE           262144  262144   634.82                 
05:27:58.100 DEVICE       DEV_BIO_COMPLETE           262144  262144   718.84                 
05:27:58.100 APPLICATION  MINIO_OBJECT_GET           487356  487356     0.00 minio           [MINIO]
05:27:58.100 OS           OS_VFS_READ                487356  487424     0.00 minio           [MINIO]
05:27:58.101 APPLICATION  MINIO_OBJECT_GET           225424  225424     0.00 minio           [MINIO]
05:27:58.101 OS           OS_VFS_READ                225424  229376     0.00 minio           [MINIO]
05:27:58.102 APPLICATION  MINIO_OBJECT_PUT          1048576 1048576     0.00 minio           [MINIO]
05:27:58.102 OS           OS_VFS_WRITE              1048576 1048576     0.00 minio           [MINIO]
05:27:58.102 DEVICE       DEV_BIO_SUBMIT            1048576 1048576     0.00 minio           [MINIO]
05:27:58.102 APPLICATION  MINIO_OBJECT_GET          1048576 1048576     0.00 minio           [MINIO]
05:27:58.102 OS           OS_VFS_READ               1048576 1048576     0.00 minio           [MINIO]
05:27:58.102 APPLICATION  MINIO_OBJECT_PUT          1048576 1048576     0.00 minio           [MINIO]
05:27:58.102 OS           OS_VFS_WRITE              1048576 1048576     0.00 minio           [MINIO]
05:27:58.102 DEVICE       DEV_BIO_SUBMIT            1048576 1048576     0.00 minio           [MINIO]
05:27:58.102 DEVICE       DEV_BIO_COMPLETE           262144  262144   634.49                 
05:27:58.102 APPLICATION  MINIO_OBJECT_GET           750136  750136     0.00 minio           [MINIO]
05:27:58.102 OS           OS_VFS_READ                750136  753664     0.00 minio           [MINIO]
05:27:58.102 DEVICE       DEV_BIO_COMPLETE           262144  262144   680.60                 
05:27:58.103 APPLICATION  MINIO_OBJECT_GET           488204  488204     0.00 minio           [MINIO]
05:27:58.103 OS           OS_VFS_READ                488204  491520     0.00 minio           [MINIO]
05:27:58.103 APPLICATION  MINIO_OBJECT_GET           226272  226272     0.00 minio           [MINIO]
05:27:58.103 OS           OS_VFS_READ                226272  229376     0.00 minio           [MINIO]
05:27:58.104 APPLICATION  MINIO_OBJECT_PUT          1048576 1048576     0.00 minio           [MINIO]
05:27:58.104 OS           OS_VFS_WRITE              1048576 1048576     0.00 minio           [MINIO]
05:27:58.104 DEVICE       DEV_BIO_SUBMIT            1048576 1048576     0.00 minio           [MINIO]
05:27:58.104 APPLICATION  MINIO_OBJECT_GET          1048576 1048576     0.00 minio           [MINIO]
05:27:58.104 OS           OS_VFS_READ               1048576 1048576     0.00 minio           [MINIO]
05:27:58.104 APPLICATION  MINIO_OBJECT_PUT          1048576 1048576     0.00 minio           [MINIO]
05:27:58.104 OS           OS_VFS_WRITE              1048576 1048576     0.00 minio           [MINIO]
05:27:58.104 DEVICE       DEV_BIO_SUBMIT            1048576 1048576     0.00 minio           [MINIO]
05:27:58.105 APPLICATION  MINIO_OBJECT_GET           750984  750984     0.00 minio           [MINIO]
05:27:58.105 OS           OS_VFS_READ                750984  753664     0.00 minio           [MINIO]
05:27:58.105 DEVICE       DEV_BIO_COMPLETE           262144  262144   636.32                 
05:27:58.105 DEVICE       DEV_BIO_COMPLETE           262144  262144   678.96                 
05:27:58.105 APPLICATION  MINIO_OBJECT_GET           489052  489052     0.00 minio           [MINIO]
05:27:58.105 OS           OS_VFS_READ                489052  491520     0.00 minio           [MINIO]
05:27:58.106 APPLICATION  MINIO_OBJECT_GET           227120  227120     0.00 minio           [MINIO]
05:27:58.106 OS           OS_VFS_READ                227120  229376     0.00 minio           [MINIO]
05:27:58.106 APPLICATION  MINIO_OBJECT_GET                1       1     0.00 minio           [MINIO]
05:27:58.106 OS           OS_VFS_READ                     1    4096     0.00 minio           [MINIO]
05:27:58.106 APPLICATION  MINIO_OBJECT_PUT          1048576 1048576     0.00 minio           [MINIO]
05:27:58.106 OS           OS_VFS_WRITE              1048576 1048576     0.00 minio           [MINIO]
05:27:58.106 DEVICE       DEV_BIO_SUBMIT            1048576 1048576     0.00 minio           [MINIO]
05:27:58.106 APPLICATION  MINIO_OBJECT_PUT          1048576 1048576     0.00 minio           [MINIO]
05:27:58.106 OS           OS_VFS_WRITE              1048576 1048576     0.00 minio           [MINIO]
05:27:58.106 DEVICE       DEV_BIO_SUBMIT            1048576 1048576     0.00 minio           [MINIO]
05:27:58.107 DEVICE       DEV_BIO_COMPLETE           262144  262144   632.26                 
05:27:58.107 APPLICATION  MINIO_OBJECT_PUT              256     256     0.00 minio           [MINIO]
05:27:58.107 OS           OS_VFS_WRITE                  256    4096     0.00 minio           [MINIO]
05:27:58.107 DEVICE       DEV_BIO_SUBMIT               4096    4096     0.00 minio           [MINIO]
05:27:58.107 DEVICE       DEV_BIO_COMPLETE             4096    4096     9.21                 
05:27:58.107 DEVICE       DEV_BIO_COMPLETE           262144  262144   679.30                 
05:27:58.107 APPLICATION  MINIO_OBJECT_PUT              256     256     0.00 minio           [MINIO]
05:27:58.107 OS           OS_VFS_WRITE                  256    4096     0.00 minio           [MINIO]
05:27:58.107 DEVICE       DEV_BIO_SUBMIT               4096    4096     0.00 minio           [MINIO]
05:27:58.107 DEVICE       DEV_BIO_COMPLETE             4096    4096    22.11                 
05:27:58.111 APPLICATION  MINIO_OBJECT_PUT              101     101     0.00 minio           [MINIO]
05:27:58.111 OS           OS_VFS_WRITE                  101    4096     0.00 minio           [MINIO]
05:27:58.111 FILESYSTEM   FS_SYNC                         0       0     0.00 minio           [META][MINIO]
05:27:58.111 APPLICATION  MINIO_OBJECT_PUT              101     101     0.00 minio           [MINIO]
05:27:58.111 OS           OS_VFS_WRITE                  101    4096     0.00 minio           [MINIO]
05:27:58.111 DEVICE       DEV_BIO_SUBMIT               4096    4096     0.00 minio           [MINIO]
05:27:58.111 FILESYSTEM   FS_SYNC                         0       0     0.00 minio           [META][MINIO]
05:27:58.111 DEVICE       DEV_BIO_SUBMIT               4096    4096     0.00 minio           [MINIO]
05:27:58.111 DEVICE       DEV_BIO_COMPLETE             4096    4096    18.30                 
05:27:58.111 DEVICE       DEV_BIO_COMPLETE             4096    4096    20.27                 
05:27:58.114 APPLICATION  MINIO_OBJECT_PUT              529     529     0.00 minio           [MINIO]
05:27:58.114 OS           OS_VFS_WRITE                  529    4096     0.00 minio           [MINIO]
05:27:58.114 APPLICATION  MINIO_OBJECT_GET             4096    4096     0.00 minio           [MINIO]
05:27:58.114 OS           OS_VFS_READ                  4096    4096     0.00 minio           [MINIO]
05:27:58.115 APPLICATION  MINIO_OBJECT_GET             4096    4096     0.00 minio           [MINIO]
05:27:58.115 OS           OS_VFS_READ                  4096    4096     0.00 minio           [MINIO]
05:27:58.116 APPLICATION  MINIO_OBJECT_GET              397     397     0.00 minio           [MINIO]
05:27:58.116 APPLICATION  MINIO_OBJECT_GET                1       1     0.00 minio           [MINIO]
05:27:58.116 OS           OS_VFS_READ                     1    4096     0.00 minio           [MINIO]
05:27:58.116 OS           OS_VFS_READ                   397    4096     0.00 minio           [MINIO]
05:27:58.116 APPLICATION  MINIO_OBJECT_GET              397     397     0.00 minio           [MINIO]
05:27:58.116 OS           OS_VFS_READ                   397    4096     0.00 minio           [MINIO]
05:27:58.116 APPLICATION  MINIO_OBJECT_GET              101     101     0.00 minio           [MINIO]
05:27:58.116 APPLICATION  MINIO_OBJECT_GET              101     101     0.00 minio           [MINIO]
05:27:58.116 OS           OS_VFS_READ                   101    4096     0.00 minio           [MINIO]
05:27:58.116 OS           OS_VFS_READ                   101    4096     0.00 minio           [MINIO]
05:27:58.116 APPLICATION  MINIO_OBJECT_GET              101     101     0.00 minio           [MINIO]
05:27:58.116 OS           OS_VFS_READ                   101    4096     0.00 minio           [MINIO]
05:27:58.116 APPLICATION  MINIO_OBJECT_GET              101     101     0.00 minio           [MINIO]
05:27:58.116 OS           OS_VFS_READ                   101    4096     0.00 minio           [MINIO]
05:27:58.116 STORAGE_SVC  MINIO_XL_META                   0       0     0.00 minio           [META][MINIO][XL.META]
    └─> File: /mnt/minio2/minio/public/test_10485760B/test_10MB.dat/xl.meta
05:27:58.116 STORAGE_SVC  MINIO_XL_META                   0       0     0.00 minio           [META][MINIO][XL.META]
    └─> File: /mnt/minio1/minio/public/test_10485760B/test_10MB.dat/xl.meta
05:27:58.116 APPLICATION  MINIO_OBJECT_PUT              463     463     0.00 minio           [MINIO]
05:27:58.116 OS           OS_VFS_WRITE                  463    4096     0.00 minio           [MINIO]
05:27:58.116 FILESYSTEM   FS_SYNC                         0       0     0.00 minio           [META][MINIO]
05:27:58.116 DEVICE       DEV_BIO_SUBMIT               4096    4096     0.00 minio           [MINIO]
05:27:58.116 APPLICATION  MINIO_OBJECT_PUT              463     463     0.00 minio           [MINIO]
05:27:58.116 OS           OS_VFS_WRITE                  463    4096     0.00 minio           [MINIO]
05:27:58.116 FILESYSTEM   FS_SYNC                         0       0     0.00 minio           [META][MINIO]
05:27:58.116 DEVICE       DEV_BIO_SUBMIT               4096    4096     0.00 minio           [MINIO]
05:27:58.116 DEVICE       DEV_BIO_COMPLETE             4096    4096    28.27                 
05:27:58.116 DEVICE       DEV_BIO_COMPLETE             4096    4096    16.42                 
05:27:58.119 APPLICATION  MINIO_OBJECT_PUT              996     996     0.00 minio           [MINIO]
05:27:58.119 OS           OS_VFS_WRITE                  996    4096     0.00 minio           [MINIO]
05:27:58.119 APPLICATION  MINIO_OBJECT_GET             4096    4096     0.00 minio           [MINIO]
05:27:58.119 OS           OS_VFS_READ                  4096    4096     0.00 minio           [MINIO]
05:27:58.121 APPLICATION  MINIO_OBJECT_GET             4096    4096     0.00 minio           [MINIO]
05:27:58.121 OS           OS_VFS_READ                  4096    4096     0.00 minio           [MINIO]
05:27:58.121 APPLICATION  MINIO_OBJECT_GET             4096    4096     0.00 minio           [MINIO]
05:27:58.121 OS           OS_VFS_READ                  4096    4096     0.00 minio           [MINIO]
05:27:58.739 APPLICATION  MINIO_OBJECT_PUT                8       8     0.00 minio           [MINIO]
05:27:58.739 OS           OS_VFS_WRITE                    8    4096     0.00 minio           [MINIO]
05:27:58.739 APPLICATION  MINIO_OBJECT_GET                8       8     0.00 minio           [MINIO]
05:27:58.739 OS           OS_VFS_READ                     8    4096     0.00 minio           [MINIO]
05:27:59.566 APPLICATION  MINIO_OBJECT_PUT                8       8     0.00 minio           [MINIO]
05:27:59.566 OS           OS_VFS_WRITE                    8    4096     0.00 minio           [MINIO]
05:27:59.566 APPLICATION  MINIO_OBJECT_GET                8       8     0.00 minio           [MINIO]
05:27:59.566 OS           OS_VFS_READ                     8    4096     0.00 minio           [MINIO]
05:27:59.581 APPLICATION  MINIO_OBJECT_PUT                8       8     0.00 minio           [MINIO]
05:27:59.581 OS           OS_VFS_WRITE                    8    4096     0.00 minio           [MINIO]
05:27:59.581 APPLICATION  MINIO_OBJECT_GET                8       8     0.00 minio           [MINIO]
05:27:59.581 OS           OS_VFS_READ                     8    4096     0.00 minio           [MINIO]
05:28:01.568 APPLICATION  MINIO_OBJECT_PUT                8       8     0.00 minio           [MINIO]
05:28:01.568 OS           OS_VFS_WRITE                    8    4096     0.00 minio           [MINIO]
05:28:01.568 APPLICATION  MINIO_OBJECT_GET                8       8     0.00 minio           [MINIO]
05:28:01.568 OS           OS_VFS_READ                     8    4096     0.00 minio           [MINIO]
05:28:01.580 APPLICATION  MINIO_OBJECT_PUT                8       8     0.00 minio           [MINIO]
05:28:01.580 OS           OS_VFS_WRITE                    8    4096     0.00 minio           [MINIO]
05:28:01.580 APPLICATION  MINIO_OBJECT_GET                8       8     0.00 minio           [MINIO]
05:28:01.580 OS           OS_VFS_READ                     8    4096     0.00 minio           [MINIO]
05:28:01.581 APPLICATION  MINIO_OBJECT_PUT                8       8     0.00 minio           [MINIO]
05:28:01.581 OS           OS_VFS_WRITE                    8    4096     0.00 minio           [MINIO]
05:28:01.581 APPLICATION  MINIO_OBJECT_GET                8       8     0.00 minio           [MINIO]
05:28:01.581 OS           OS_VFS_READ                     8    4096     0.00 minio           [MINIO]
05:28:03.568 APPLICATION  MINIO_OBJECT_PUT                8       8     0.00 minio           [MINIO]
05:28:03.568 OS           OS_VFS_WRITE                    8    4096     0.00 minio           [MINIO]
05:28:03.568 APPLICATION  MINIO_OBJECT_GET                8       8     0.00 minio           [MINIO]
05:28:03.568 OS           OS_VFS_READ                     8    4096     0.00 minio           [MINIO]
05:28:03.579 APPLICATION  MINIO_OBJECT_PUT                8       8     0.00 minio           [MINIO]
05:28:03.579 OS           OS_VFS_WRITE                    8    4096     0.00 minio           [MINIO]
05:28:03.579 APPLICATION  MINIO_OBJECT_GET                8       8     0.00 minio           [MINIO]
05:28:03.579 OS           OS_VFS_READ                     8    4096     0.00 minio           [MINIO]
05:28:03.580 APPLICATION  MINIO_OBJECT_PUT                8       8     0.00 minio           [MINIO]
05:28:03.580 OS           OS_VFS_WRITE                    8    4096     0.00 minio           [MINIO]
05:28:03.580 APPLICATION  MINIO_OBJECT_GET                8       8     0.00 minio           [MINIO]
05:28:03.580 OS           OS_VFS_READ                     8    4096     0.00 minio           [MINIO]
05:28:03.580 APPLICATION  MINIO_OBJECT_PUT                8       8     0.00 minio           [MINIO]
05:28:03.580 OS           OS_VFS_WRITE                    8    4096     0.00 minio           [MINIO]
05:28:03.580 APPLICATION  MINIO_OBJECT_GET                8       8     0.00 minio           [MINIO]
05:28:03.580 OS           OS_VFS_READ                     8    4096     0.00 minio           [MINIO]
05:28:03.580 APPLICATION  MINIO_OBJECT_PUT                8       8     0.00 minio           [MINIO]
05:28:03.580 OS           OS_VFS_WRITE                    8    4096     0.00 minio           [MINIO]
05:28:03.580 APPLICATION  MINIO_OBJECT_GET                8       8     0.00 minio           [MINIO]
05:28:03.580 OS           OS_VFS_READ                     8    4096     0.00 minio           [MINIO]
05:28:03.640 APPLICATION  MINIO_OBJECT_PUT                8       8     0.00 minio           [MINIO]
05:28:03.640 OS           OS_VFS_WRITE                    8    4096     0.00 minio           [MINIO]
05:28:03.640 APPLICATION  MINIO_OBJECT_GET                8       8     0.00 minio           [MINIO]
05:28:03.640 OS           OS_VFS_READ                     8    4096     0.00 minio           [MINIO]
05:28:03.651 APPLICATION  MINIO_OBJECT_PUT                8       8     0.00 minio           [MINIO]
05:28:03.652 OS           OS_VFS_WRITE                    8    4096     0.00 minio           [MINIO]
05:28:03.652 APPLICATION  MINIO_OBJECT_GET                8       8     0.00 minio           [MINIO]
05:28:03.652 OS           OS_VFS_READ                     8    4096     0.00 minio           [MINIO]
05:28:04.286 APPLICATION  MINIO_OBJECT_PUT             2049    2049     0.00 minio           [MINIO]
05:28:04.286 OS           OS_VFS_WRITE                 2049    4096     0.00 minio           [MINIO]
05:28:04.286 FILESYSTEM   FS_SYNC                         0       0     0.00 minio           [META][MINIO]
05:28:04.286 DEVICE       DEV_BIO_SUBMIT               4096    4096     0.00 minio           [MINIO]
05:28:04.290 APPLICATION  MINIO_OBJECT_PUT             2049    2049     0.00 minio           [MINIO]
05:28:04.290 OS           OS_VFS_WRITE                 2049    4096     0.00 minio           [MINIO]
05:28:04.290 FILESYSTEM   FS_SYNC                         0       0     0.00 minio           [META][MINIO]
05:28:04.290 DEVICE       DEV_BIO_SUBMIT               4096    4096     0.00 minio           [MINIO]
05:28:04.293 DEVICE       DEV_BIO_COMPLETE             4096    4096  7166.43                 
05:28:04.295 APPLICATION  MINIO_OBJECT_GET             2049    2049     0.00 minio           [MINIO]
05:28:04.295 OS           OS_VFS_READ                  2049    4096     0.00 minio           [MINIO]
05:28:04.298 DEVICE       DEV_BIO_COMPLETE             4096    4096  7151.81                 
05:28:04.301 APPLICATION  MINIO_OBJECT_GET             2049    2049     0.00 minio           [MINIO]
05:28:04.301 OS           OS_VFS_READ                  2049    4096     0.00 minio           [MINIO]

========================================
    I/O AMPLIFICATION ANALYSIS
========================================

Per-Layer Statistics:
LAYER               EVENTS      BYTES    ALIGNED     META     JRNL    CACHE AMP_FACTOR
----------------------------------------------------------------------
APPLICATION            171   57505050   57505050        0        0        0       0.00x
  └─> MinIO:           171   57505050          -        0        -        -          -
STORAGE_SVC             12          0          0       12        0        0       0.00x
  └─> MinIO:            12          0          -       12        -        -          -
OS                     171   57505050   57905152        0        0        0       1.01x
  └─> MinIO:           171   57505050          -        0        -        -          -
FILESYSTEM              10          0          0       10        0        0       0.00x
  └─> MinIO:            10          0          -        0        -        -          -
DEVICE                  68   26329088   26329088        0        0        0       0.46x
  └─> MinIO:            34   21028864          -        0        -        -          -

Amplification Breakdown:
----------------------------------------------------------------------
Original application I/O:       57505050 bytes
After OS/page cache alignment:  57905152 bytes (1.01x amplification)
Final device layer I/O:         26329088 bytes (0.46x amplification)

*** TOTAL AMPLIFICATION: 0.46x ***
    26329088 bytes written for 57505050 bytes requested


Per-Request Amplification (Top 10):
REQUEST_ID            APP  STORAGE       OS       FS   DEVICE    TOTAL    AMP   MinIO
-----------------------------------------------------------------------------
00003415d4af4acf      435        0     4096        0        0     4096   9.42x     Yes
00003417d4af4abb      435        0     4096        0        0     4096   9.42x     Yes
0000341724d152bc        8        0     4096        0        0     4096 512.00x     Yes
000039de24d1aac0        8        0     4096        0        0     4096 512.00x     Yes
0000341525a16b2f        8        0     4096        0        0     4096 512.00x     Yes
000039de25a33cbe        8        0     4096        0        0     4096 512.00x     Yes
000034159cd51ef0        8        0     4096        0        0     4096 512.00x     Yes
000039de9cd56df4        8        0     4096        0        0     4096 512.00x     Yes
000034179cd87378        8        0     4096        0        0     4096 512.00x     Yes
000039de9cd8ed38        8        0     4096        0        0     4096 512.00x     Yes

========================================
       MinIO-SPECIFIC ANALYSIS
========================================

MinIO Operation Statistics:
-------------------------------------------
Objects Written:                   63
Objects Read:                     108
XL Metadata Operations:            12
Erasure Blocks Written:             0
Multipart Uploads:                  0

MinIO Data Breakdown:
-------------------------------------------
Data Bytes:                  20981578
Metadata Bytes:                     0
Metadata Overhead:              0.00%

MinIO I/O Pattern Analysis:
-------------------------------------------
APPLICATION    :      171 events,   57505050 bytes
STORAGE_SVC    :       12 events,          0 bytes
  └─> XL.META operations: 12
OS             :      171 events,   57505050 bytes
FILESYSTEM     :       10 events,          0 bytes
DEVICE         :       34 events,   21028864 bytes

*** MinIO Total I/O Amplification: 6.48x ***
