Multi-layer I/O tracer started!
Tracing layers: Application, Storage Service, OS, Filesystem, Device
MinIO-only mode enabled
Request correlation mode enabled
MinIO tracing configured:
  Mode: Name
  Trace Erasure: Yes
  Trace Metadata: Yes
TIME             LAYER        EVENT                        SIZE ALIGNED LAT(μs) COMM            FLAGS
========================================================================
>>> TRACING MINIO PROCESSES ONLY <<<
========================================================================
05:41:49.566 APPLICATION  MINIO_OBJECT_PUT                8       8     0.00 minio           [MINIO]
05:41:49.566 OS           OS_VFS_WRITE                    8    4096     0.00 minio           [MINIO]
05:41:49.566 APPLICATION  MINIO_OBJECT_GET                8       8     0.00 minio           [MINIO]
05:41:49.566 OS           OS_VFS_READ                     8    4096     0.00 minio           [MINIO]
05:41:49.581 APPLICATION  MINIO_OBJECT_PUT                8       8     0.00 minio           [MINIO]
05:41:49.581 OS           OS_VFS_WRITE                    8    4096     0.00 minio           [MINIO]
05:41:49.581 APPLICATION  MINIO_OBJECT_GET                8       8     0.00 minio           [MINIO]
05:41:49.581 OS           OS_VFS_READ                     8    4096     0.00 minio           [MINIO]
05:41:53.580 APPLICATION  MINIO_OBJECT_PUT                8       8     0.00 minio           [MINIO]
05:41:53.580 OS           OS_VFS_WRITE                    8    4096     0.00 minio           [MINIO]
05:41:53.580 APPLICATION  MINIO_OBJECT_GET                8       8     0.00 minio           [MINIO]
05:41:53.580 OS           OS_VFS_READ                     8    4096     0.00 minio           [MINIO]
05:41:53.698 APPLICATION  MINIO_OBJECT_PUT                8       8     0.00 minio           [MINIO]
05:41:53.698 OS           OS_VFS_WRITE                    8    4096     0.00 minio           [MINIO]
05:41:53.698 APPLICATION  MINIO_OBJECT_GET                8       8     0.00 minio           [MINIO]
05:41:53.698 OS           OS_VFS_READ                     8    4096     0.00 minio           [MINIO]
05:41:57.568 APPLICATION  MINIO_OBJECT_PUT                8       8     0.00 minio           [MINIO]
05:41:57.568 OS           OS_VFS_WRITE                    8    4096     0.00 minio           [MINIO]
05:41:57.568 APPLICATION  MINIO_OBJECT_GET                8       8     0.00 minio           [MINIO]
05:41:57.568 OS           OS_VFS_READ                     8    4096     0.00 minio           [MINIO]
05:41:57.581 APPLICATION  MINIO_OBJECT_PUT                8       8     0.00 minio           [MINIO]
05:41:57.581 OS           OS_VFS_WRITE                    8    4096     0.00 minio           [MINIO]
05:41:57.581 APPLICATION  MINIO_OBJECT_GET                8       8     0.00 minio           [MINIO]
05:41:57.581 OS           OS_VFS_READ                     8    4096     0.00 minio           [MINIO]
05:41:58.555 APPLICATION  MINIO_OBJECT_GET             4096    4096     0.00 minio           [MINIO]
05:41:58.555 OS           OS_VFS_READ                  4096    4096     0.00 minio           [MINIO]
05:41:58.556 STORAGE_SVC  MINIO_XL_META                   0       0     0.00 minio           [META][MINIO][XL.META]
    └─> File: /mnt/minio2/minio/public/journal_test_1B/test.dat/xl.meta
05:41:58.556 STORAGE_SVC  MINIO_XL_META                   0       0     0.00 minio           [META][MINIO][XL.META]
    └─> File: /mnt/minio1/minio/public/journal_test_1B/test.dat/xl.meta
05:41:58.556 APPLICATION  MINIO_OBJECT_PUT               25      25     0.00 minio           [MINIO]
05:41:58.556 OS           OS_VFS_WRITE                   25    4096     0.00 minio           [MINIO]
05:41:58.556 APPLICATION  MINIO_OBJECT_GET             4096    4096     0.00 minio           [MINIO]
05:41:58.556 OS           OS_VFS_READ                  4096    4096     0.00 minio           [MINIO]
05:41:58.556 APPLICATION  MINIO_OBJECT_GET             4096    4096     0.00 minio           [MINIO]
05:41:58.556 OS           OS_VFS_READ                  4096    4096     0.00 minio           [MINIO]
05:41:58.556 APPLICATION  MINIO_OBJECT_GET                1       1     0.00 minio           [MINIO]
05:41:58.556 OS           OS_VFS_READ                     1    4096     0.00 minio           [MINIO]
05:41:58.556 STORAGE_SVC  MINIO_XL_META                   0       0     0.00 minio           [META][MINIO][XL.META]
    └─> File: /mnt/minio1/minio/public/journal_test_1B/test.dat/xl.meta
05:41:58.556 STORAGE_SVC  MINIO_XL_META                   0       0     0.00 minio           [META][MINIO][XL.META]
    └─> File: /mnt/minio2/minio/public/journal_test_1B/test.dat/xl.meta
05:41:58.556 APPLICATION  MINIO_OBJECT_PUT              459     459     0.00 minio           [MINIO]
05:41:58.556 OS           OS_VFS_WRITE                  459    4096     0.00 minio           [MINIO]
05:41:58.556 APPLICATION  MINIO_OBJECT_PUT              459     459     0.00 minio           [MINIO]
05:41:58.556 OS           OS_VFS_WRITE                  459    4096     0.00 minio           [MINIO]
05:41:58.556 FILESYSTEM   FS_SYNC                         0       0     0.00 minio           [META][MINIO]
05:41:58.556 FILESYSTEM   FS_SYNC                         0       0     0.00 minio           [META][MINIO]
05:41:58.556 DEVICE       DEV_BIO_SUBMIT               4096    4096     0.00 minio           [MINIO]
05:41:58.556 DEVICE       DEV_BIO_SUBMIT               4096    4096     0.00 minio           [MINIO]
05:41:58.563 DEVICE       DEV_BIO_COMPLETE             4096    4096  6575.32                 
05:41:58.564 DEVICE       DEV_BIO_COMPLETE             4096    4096  7297.05                 
05:41:58.566 APPLICATION  MINIO_OBJECT_PUT              563     563     0.00 minio           [MINIO]
05:41:58.566 OS           OS_VFS_WRITE                  563    4096     0.00 minio           [MINIO]
05:41:58.566 APPLICATION  MINIO_OBJECT_GET             4096    4096     0.00 minio           [MINIO]
05:41:58.566 OS           OS_VFS_READ                  4096    4096     0.00 minio           [MINIO]
05:41:58.567 APPLICATION  MINIO_OBJECT_GET             4096    4096     0.00 minio           [MINIO]
05:41:58.567 OS           OS_VFS_READ                  4096    4096     0.00 minio           [MINIO]
05:41:59.567 APPLICATION  MINIO_OBJECT_PUT                8       8     0.00 minio           [MINIO]
05:41:59.567 OS           OS_VFS_WRITE                    8    4096     0.00 minio           [MINIO]
05:41:59.567 APPLICATION  MINIO_OBJECT_GET                8       8     0.00 minio           [MINIO]
05:41:59.567 OS           OS_VFS_READ                     8    4096     0.00 minio           [MINIO]
05:42:01.568 APPLICATION  MINIO_OBJECT_PUT                8       8     0.00 minio           [MINIO]
05:42:01.568 OS           OS_VFS_WRITE                    8    4096     0.00 minio           [MINIO]
05:42:01.568 APPLICATION  MINIO_OBJECT_GET                8       8     0.00 minio           [MINIO]
05:42:01.568 OS           OS_VFS_READ                     8    4096     0.00 minio           [MINIO]
05:42:01.581 APPLICATION  MINIO_OBJECT_PUT                8       8     0.00 minio           [MINIO]
05:42:01.581 OS           OS_VFS_WRITE                    8    4096     0.00 minio           [MINIO]
05:42:01.581 APPLICATION  MINIO_OBJECT_GET                8       8     0.00 minio           [MINIO]
05:42:01.581 OS           OS_VFS_READ                     8    4096     0.00 minio           [MINIO]
05:42:03.579 APPLICATION  MINIO_OBJECT_PUT                8       8     0.00 minio           [MINIO]
05:42:03.579 OS           OS_VFS_WRITE                    8    4096     0.00 minio           [MINIO]
05:42:03.579 APPLICATION  MINIO_OBJECT_GET                8       8     0.00 minio           [MINIO]
05:42:03.579 OS           OS_VFS_READ                     8    4096     0.00 minio           [MINIO]
05:42:03.581 APPLICATION  MINIO_OBJECT_PUT                8       8     0.00 minio           [MINIO]
05:42:03.581 OS           OS_VFS_WRITE                    8    4096     0.00 minio           [MINIO]
05:42:03.581 APPLICATION  MINIO_OBJECT_GET                8       8     0.00 minio           [MINIO]
05:42:03.581 OS           OS_VFS_READ                     8    4096     0.00 minio           [MINIO]
