[12:17] zstore2:reverb-eBPF (main %) | chmod +x comprehensive_minio_test.sh
                                       ./comprehensive_minio_test.sh
=======================================================================
Comprehensive MinIO I/O Analysis Test
Testing sizes: 1B 10B 100B 1KB 10KB 100KB 1MB 10MB 100MB
Results will be saved to: minio_test_results_20250918_121752
=======================================================================

Starting comprehensive test suite...

Testing 1B object (1 bytes)...
=======================================
Starting tracer (duration: 30s)...
Creating test file...
Created file size: 1 bytes
Performing PUT operation...
upload: ./test_1B.dat to s3://public/comprehensive_test_1B/test.dat
Performing GET operation...
download: s3://public/comprehensive_test_1B/test.dat to ./downloaded_1B.dat
Downloaded file size: 1 bytes
✓ Size verification passed
Stopping tracer...
Analyzing 1B...
Analysis saved to minio_test_results_20250918_121752/1B_analysis.txt
Test complete for 1B

----------------------------------------------------------------------

Testing 10B object (10 bytes)...
=======================================
Starting tracer (duration: 30s)...
Creating test file...
Created file size: 10 bytes
Performing PUT operation...
upload: ./test_10B.dat to s3://public/comprehensive_test_10B/test.dat
Performing GET operation...
download: s3://public/comprehensive_test_10B/test.dat to ./downloaded_10B.dat
Downloaded file size: 10 bytes
✓ Size verification passed
Stopping tracer...
Analyzing 10B...
Analysis saved to minio_test_results_20250918_121752/10B_analysis.txt
Test complete for 10B

----------------------------------------------------------------------

Testing 100B object (100 bytes)...
=======================================
Starting tracer (duration: 30s)...
Creating test file...
Created file size: 100 bytes
Performing PUT operation...
upload: ./test_100B.dat to s3://public/comprehensive_test_100B/test.dat
Performing GET operation...
download: s3://public/comprehensive_test_100B/test.dat to ./downloaded_100B.dat
Downloaded file size: 100 bytes
✓ Size verification passed
Stopping tracer...
Analyzing 100B...
Analysis saved to minio_test_results_20250918_121752/100B_analysis.txt
Test complete for 100B

----------------------------------------------------------------------

Testing 1KB object (1024 bytes)...
=======================================
Starting tracer (duration: 30s)...
Creating test file...
Created file size: 1024 bytes
Performing PUT operation...
upload: ./test_1KB.dat to s3://public/comprehensive_test_1KB/test.dat
Performing GET operation...
download: s3://public/comprehensive_test_1KB/test.dat to ./downloaded_1KB.dat
Downloaded file size: 1024 bytes
✓ Size verification passed
Stopping tracer...
Analyzing 1KB...
Analysis saved to minio_test_results_20250918_121752/1KB_analysis.txt
Test complete for 1KB

----------------------------------------------------------------------

Testing 10KB object (10240 bytes)...
=======================================
Starting tracer (duration: 30s)...
Creating test file...
Created file size: 10240 bytes
Performing PUT operation...
upload: ./test_10KB.dat to s3://public/comprehensive_test_10KB/test.dat
Performing GET operation...
download: s3://public/comprehensive_test_10KB/test.dat to ./downloaded_10KB.dat
Downloaded file size: 10240 bytes
✓ Size verification passed
Stopping tracer...
Analyzing 10KB...
Analysis saved to minio_test_results_20250918_121752/10KB_analysis.txt
Test complete for 10KB

----------------------------------------------------------------------

Testing 100KB object (102400 bytes)...
=======================================
Starting tracer (duration: 30s)...
Creating test file...
Created file size: 102400 bytes
Performing PUT operation...
upload: ./test_100KB.dat to s3://public/comprehensive_test_100KB/test.dat
Performing GET operation...
download: s3://public/comprehensive_test_100KB/test.dat to ./downloaded_100KB.dat
Downloaded file size: 102400 bytes
✓ Size verification passed
Stopping tracer...
Analyzing 100KB...
Analysis saved to minio_test_results_20250918_121752/100KB_analysis.txt
Test complete for 100KB

----------------------------------------------------------------------

Testing 1MB object (1048576 bytes)...
=======================================
Starting tracer (duration: 30s)...
Creating test file...
Created file size: 1048576 bytes
Performing PUT operation...
upload: ./test_1MB.dat to s3://public/comprehensive_test_1MB/test.dat
Performing GET operation...
download: s3://public/comprehensive_test_1MB/test.dat to ./downloaded_1MB.dat
Downloaded file size: 1048576 bytes
✓ Size verification passed
Stopping tracer...
Analyzing 1MB...
Analysis saved to minio_test_results_20250918_121752/1MB_analysis.txt
Test complete for 1MB

----------------------------------------------------------------------

Testing 10MB object (10485760 bytes)...
=======================================
Starting tracer (duration: 30s)...
Creating test file...
Created file size: 10485760 bytes
Performing PUT operation...
upload: ./test_10MB.dat to s3://public/comprehensive_test_10MB/test.dat
Performing GET operation...
download: s3://public/comprehensive_test_10MB/test.dat to ./downloaded_10MB.dat
Downloaded file size: 10485760 bytes
✓ Size verification passed
Stopping tracer...
Analyzing 10MB...
Analysis saved to minio_test_results_20250918_121752/10MB_analysis.txt
Test complete for 10MB

----------------------------------------------------------------------

Testing 100MB object (104857600 bytes)...
=======================================
Starting tracer (duration: 60s)...
Creating test file...
Created file size: 104857600 bytes
Performing PUT operation...
upload: ./test_100MB.dat to s3://public/comprehensive_test_100MB/test.dat
Performing GET operation...
download: s3://public/comprehensive_test_100MB/test.dat to ./downloaded_100MB.dat
Downloaded file size: 104857600 bytes
✓ Size verification passed
Stopping tracer...
Analyzing 100MB...
Analysis saved to minio_test_results_20250918_121752/100MB_analysis.txt
Test complete for 100MB

----------------------------------------------------------------------

=======================================================================
Generating Summary Report...
=======================================================================
================================================================================
MinIO I/O Amplification Test Summary
Date: Thu Sep 18 12:24:03 PM UTC 2025
================================================================================

Object Size    Amplification    Data %    Metadata %    Journal %    Device I/O
-----------    -------------    ------    ----------    ---------    ----------
1B             114688.00x      239.2%   239.2%       100.0%      object:
10B            1638.40x        250.0%   250.0%       100.0%      object:
100B           1146.88x        121.4%   121.4%       100.0%      object:
1KB            16.00x          250.0%   250.0%       100.0%      object:
10KB           14.40x          108.3%   136.1%       72.2%       object:
100KB          4.16x           82.6%    15.3%        1.9%        object:
1MB            3.11x           89.8%    6.6%         3.5%        object:
10MB           2.00x           99.6%    .1%          .1%         object:
100MB          0x              93.7%    93.7%        100.0%      object:

=======================================================================
All tests completed!
=======================================================================

Results saved to: minio_test_results_20250918_121752/
  - Individual traces: minio_test_results_20250918_121752/*_trace.log
  - Individual analyses: minio_test_results_20250918_121752/*_analysis.txt
  - Summary report: minio_test_results_20250918_121752/summary_report.txt
  - CSV data: minio_test_results_20250918_121752/amplification_data.csv

To view the summary report:
  cat minio_test_results_20250918_121752/summary_report.txt

To plot the data, use the CSV file with your favorite plotting tool.
=======================================================================
[12:24] zstore2:reverb-eBPF (main *%) |

