[13:47] zstore1:io-efficiency-eBPF (main *) | sudo ./build/simple_io_tracer -v -d 15
Simple I/O tracer started! Tracing syscalls for storage systems.
TIME                    SYSTEM   EVENT_TYPE      PID      TID      COMM            SIZE      LAT(us) RET
================================================================================
15:46:01.851442483 MinIO    VFS_READ        138882   138882   minio_dd        0            0.00 0
15:46:01.851447393 MinIO    SYSCALL_READ    138882   138882   minio_dd        832          7.71 832
15:46:01.851449507 MinIO    VFS_READ        138882   138882   minio_dd        0            0.00 0
15:46:01.851451500 MinIO    VFS_READ        138882   138882   minio_dd        0            0.00 0
15:46:01.851689824 MinIO    VFS_READ        138882   138882   minio_dd        0            0.00 0
15:46:01.851692038 MinIO    SYSCALL_READ    138882   138882   minio_dd        2996         2.56 2996
15:46:01.851702528 MinIO    VFS_READ        138882   138882   minio_dd        0            0.00 0
15:46:01.851704080 MinIO    SYSCALL_READ    138882   138882   minio_dd        0            1.82 0
15:46:01.851781114 MinIO    VFS_READ        138882   138882   minio_dd        0            0.00 0
15:46:01.851935852 MinIO    SYSCALL_READ    138882   138882   minio_dd        1048576    154.93 1048576
15:46:01.851937976 MinIO    VFS_WRITE       138882   138882   minio_dd        0            0.00 0
15:46:01.852214130 MinIO    SYSCALL_WRITE   138882   138882   minio_dd        1048576    276.49 1048576
15:46:01.852219941 MinIO    VFS_READ        138882   138882   minio_dd        0            0.00 0
15:46:01.852259655 MinIO    SYSCALL_READ    138882   138882   minio_dd        1048576     40.53 1048576
15:46:01.852262230 MinIO    VFS_WRITE       138882   138882   minio_dd        0            0.00 0
15:46:01.852544065 MinIO    SYSCALL_WRITE   138882   138882   minio_dd        1048576    282.32 1048576
15:46:01.852546008 MinIO    VFS_READ        138882   138882   minio_dd        0            0.00 0
15:46:01.852587125 MinIO    SYSCALL_READ    138882   138882   minio_dd        1048576     41.37 1048576
15:46:01.852588968 MinIO    VFS_WRITE       138882   138882   minio_dd        0            0.00 0
15:46:01.852804990 MinIO    SYSCALL_WRITE   138882   138882   minio_dd        1048576    216.31 1048576
15:46:01.852806393 MinIO    VFS_READ        138882   138882   minio_dd        0            0.00 0
15:46:01.852845616 MinIO    SYSCALL_READ    138882   138882   minio_dd        1048576     39.36 1048576
15:46:01.852846989 MinIO    VFS_WRITE       138882   138882   minio_dd        0            0.00 0
15:46:01.853041992 MinIO    SYSCALL_WRITE   138882   138882   minio_dd        1048576    195.16 1048576
15:46:01.853043274 MinIO    VFS_READ        138882   138882   minio_dd        0            0.00 0
15:46:01.853052291 MinIO    SYSCALL_READ    138882   138882   minio_dd        1048576      9.17 1048576
15:46:01.853053483 MinIO    VFS_WRITE       138882   138882   minio_dd        0            0.00 0
15:46:01.853237776 MinIO    SYSCALL_WRITE   138882   138882   minio_dd        1048576    184.43 1048576
15:46:01.853239219 MinIO    VFS_READ        138882   138882   minio_dd        0            0.00 0
15:46:01.853248196 MinIO    SYSCALL_READ    138882   138882   minio_dd        1048576      9.13 1048576
15:46:01.853249408 MinIO    VFS_WRITE       138882   138882   minio_dd        0            0.00 0
15:46:01.853432028 MinIO    SYSCALL_WRITE   138882   138882   minio_dd        1048576    182.74 1048576
15:46:01.853433581 MinIO    VFS_READ        138882   138882   minio_dd        0            0.00 0
15:46:01.853442447 MinIO    SYSCALL_READ    138882   138882   minio_dd        1048576      9.01 1048576
15:46:01.853443529 MinIO    VFS_WRITE       138882   138882   minio_dd        0            0.00 0
15:46:01.853628684 MinIO    SYSCALL_WRITE   138882   138882   minio_dd        1048576    185.29 1048576
15:46:01.853630097 MinIO    VFS_READ        138882   138882   minio_dd        0            0.00 0
15:46:01.853638903 MinIO    SYSCALL_READ    138882   138882   minio_dd        1048576      8.94 1048576
15:46:01.853639955 MinIO    VFS_WRITE       138882   138882   minio_dd        0            0.00 0
15:46:01.853818708 MinIO    SYSCALL_WRITE   138882   138882   minio_dd        1048576    178.87 1048576
15:46:01.853820141 MinIO    VFS_READ        138882   138882   minio_dd        0            0.00 0
15:46:01.853828957 MinIO    SYSCALL_READ    138882   138882   minio_dd        1048576      8.96 1048576
15:46:01.853830199 MinIO    VFS_WRITE       138882   138882   minio_dd        0            0.00 0
15:46:01.854122714 MinIO    SYSCALL_WRITE   138882   138882   minio_dd        1048576    292.63 1048576
15:46:01.854124067 MinIO    VFS_READ        138882   138882   minio_dd        0            0.00 0
15:46:01.854131621 MinIO    SYSCALL_READ    138882   138882   minio_dd        1048576      7.70 1048576
15:46:01.854132813 MinIO    VFS_WRITE       138882   138882   minio_dd        0            0.00 0
15:46:01.854313069 MinIO    SYSCALL_WRITE   138882   138882   minio_dd        1048576    180.38 1048576
15:46:01.854314632 MinIO    VFS_READ        138882   138882   minio_dd        0            0.00 0
15:46:01.854322146 MinIO    SYSCALL_READ    138882   138882   minio_dd        1048576      7.66 1048576
15:46:01.854323368 MinIO    VFS_WRITE       138882   138882   minio_dd        0            0.00 0
15:46:01.854503092 MinIO    SYSCALL_WRITE   138882   138882   minio_dd        1048576    179.84 1048576
15:46:01.854504655 MinIO    VFS_READ        138882   138882   minio_dd        0            0.00 0
15:46:01.854512129 MinIO    SYSCALL_READ    138882   138882   minio_dd        1048576      7.60 1048576
15:46:01.854513332 MinIO    VFS_WRITE       138882   138882   minio_dd        0            0.00 0
15:46:01.854688979 MinIO    SYSCALL_WRITE   138882   138882   minio_dd        1048576    175.78 1048576
15:46:01.854690351 MinIO    VFS_READ        138882   138882   minio_dd        0            0.00 0
15:46:01.854698566 MinIO    SYSCALL_READ    138882   138882   minio_dd        1048576      8.37 1048576
15:46:01.854699739 MinIO    VFS_WRITE       138882   138882   minio_dd        0            0.00 0
15:46:01.854990670 MinIO    SYSCALL_WRITE   138882   138882   minio_dd        1048576    291.05 1048576
15:46:01.854992283 MinIO    VFS_READ        138882   138882   minio_dd        0            0.00 0
15:46:01.855005638 MinIO    SYSCALL_READ    138882   138882   minio_dd        1048576     13.51 1048576
15:46:01.855006921 MinIO    VFS_WRITE       138882   138882   minio_dd        0            0.00 0
15:46:01.855183209 MinIO    SYSCALL_WRITE   138882   138882   minio_dd        1048576    176.42 1048576
15:46:01.855184652 MinIO    VFS_READ        138882   138882   minio_dd        0            0.00 0
15:46:01.855193628 MinIO    SYSCALL_READ    138882   138882   minio_dd        1048576      9.12 1048576
15:46:01.855194770 MinIO    VFS_WRITE       138882   138882   minio_dd        0            0.00 0
15:46:01.855370908 MinIO    SYSCALL_WRITE   138882   138882   minio_dd        1048576    176.26 1048576
15:46:01.855372471 MinIO    VFS_READ        138882   138882   minio_dd        0            0.00 0
15:46:01.855381348 MinIO    SYSCALL_READ    138882   138882   minio_dd        1048576      9.02 1048576
15:46:01.855382530 MinIO    VFS_WRITE       138882   138882   minio_dd        0            0.00 0
15:46:01.855561794 MinIO    SYSCALL_WRITE   138882   138882   minio_dd        1048576    179.38 1048576
15:46:01.855563357 MinIO    VFS_READ        138882   138882   minio_dd        0            0.00 0
15:46:01.855570790 MinIO    SYSCALL_READ    138882   138882   minio_dd        1048576      7.57 1048576
15:46:01.855571983 MinIO    VFS_WRITE       138882   138882   minio_dd        0            0.00 0
15:46:01.855812340 MinIO    SYSCALL_WRITE   138882   138882   minio_dd        1048576    240.47 1048576
15:46:01.855813873 MinIO    VFS_READ        138882   138882   minio_dd        0            0.00 0
15:46:01.855821177 MinIO    SYSCALL_READ    138882   138882   minio_dd        1048576      7.44 1048576
15:46:01.855822369 MinIO    VFS_WRITE       138882   138882   minio_dd        0            0.00 0
15:46:01.855993497 MinIO    SYSCALL_WRITE   138882   138882   minio_dd        1048576    171.26 1048576
15:46:01.855995070 MinIO    VFS_READ        138882   138882   minio_dd        0            0.00 0
15:46:01.856002975 MinIO    SYSCALL_READ    138882   138882   minio_dd        1048576      8.05 1048576
15:46:01.856003967 MinIO    VFS_WRITE       138882   138882   minio_dd        0            0.00 0
15:46:01.856175256 MinIO    SYSCALL_WRITE   138882   138882   minio_dd        1048576    171.42 1048576
15:46:01.856176839 MinIO    VFS_READ        138882   138882   minio_dd        0            0.00 0
15:46:01.856185745 MinIO    SYSCALL_READ    138882   138882   minio_dd        1048576      9.06 1048576
15:46:01.856186938 MinIO    VFS_WRITE       138882   138882   minio_dd        0            0.00 0
15:46:01.856354369 MinIO    SYSCALL_WRITE   138882   138882   minio_dd        1048576    167.56 1048576
15:46:01.856365650 MinIO    VFS_WRITE       138882   138882   minio_dd        0            0.00 0
15:46:01.856368676 MinIO    SYSCALL_WRITE   138882   138882   minio_dd        33           3.19 33
15:46:01.856372563 MinIO    VFS_WRITE       138882   138882   minio_dd        0            0.00 0
15:46:01.856374166 MinIO    SYSCALL_WRITE   138882   138882   minio_dd        61           1.72 61
15:46:01.856374477 MinIO    VFS_WRITE       138882   138882   minio_dd        0            0.00 0
15:46:01.856374677 MinIO    SYSCALL_WRITE   138882   138882   minio_dd        1            0.28 1
Tracing completed after 15 seconds

=== I/O Amplification Analysis ===
SYSTEM          SYS_R    SYS_W    VFS_R    VFS_W      R_AMP      W_AMP   READ_BYTES  WRITE_BYTES
================================================================================
MinIO              23       23       25       23       1.09       1.00     20975348     20971615
[13:47] zstore1:io-efficiency-eBPF (main *) |

