TIME             LAYER        EVENT                        SIZE ALIGNED LAT(μs) COMM            FLAGS
========================================================================
>>> TRACING MINIO PROCESSES ONLY <<<
========================================================================
05:52:09.790 APPLICATION  MINIO_OBJECT_PUT                8       8     0.00 minio           [MINIO]
05:52:09.790 OS           OS_VFS_WRITE                    8    4096     0.00 minio           [MINIO]
05:52:09.790 APPLICATION  MINIO_OBJECT_GET                8       8     0.00 minio           [MINIO]
05:52:09.790 OS           OS_VFS_READ                     8    4096     0.00 minio           [MINIO]
05:52:11.567 APPLICATION  MINIO_OBJECT_PUT                8       8     0.00 minio           [MINIO]
05:52:11.567 OS           OS_VFS_WRITE                    8    4096     0.00 minio           [MINIO]
05:52:11.567 APPLICATION  MINIO_OBJECT_GET                8       8     0.00 minio           [MINIO]
05:52:11.567 OS           OS_VFS_READ                     8    4096     0.00 minio           [MINIO]
05:52:11.581 APPLICATION  MINIO_OBJECT_PUT                8       8     0.00 minio           [MINIO]
05:52:11.581 OS           OS_VFS_WRITE                    8    4096     0.00 minio           [MINIO]
05:52:11.581 APPLICATION  MINIO_OBJECT_GET                8       8     0.00 minio           [MINIO]
05:52:11.581 OS           OS_VFS_READ                     8    4096     0.00 minio           [MINIO]
05:52:13.567 APPLICATION  MINIO_OBJECT_PUT                8       8     0.00 minio           [MINIO]
05:52:13.567 OS           OS_VFS_WRITE                    8    4096     0.00 minio           [MINIO]
05:52:13.567 APPLICATION  MINIO_OBJECT_GET                8       8     0.00 minio           [MINIO]
05:52:13.567 OS           OS_VFS_READ                     8    4096     0.00 minio           [MINIO]
05:52:16.332 APPLICATION  MINIO_OBJECT_PUT                8       8     0.00 minio           [MINIO]
05:52:16.332 OS           OS_VFS_WRITE                    8    4096     0.00 minio           [MINIO]
05:52:16.332 APPLICATION  MINIO_OBJECT_GET                8       8     0.00 minio           [MINIO]
05:52:16.332 OS           OS_VFS_READ                     8    4096     0.00 minio           [MINIO]
05:52:17.567 APPLICATION  MINIO_OBJECT_PUT                8       8     0.00 minio           [MINIO]
05:52:17.567 OS           OS_VFS_WRITE                    8    4096     0.00 minio           [MINIO]
05:52:17.567 APPLICATION  MINIO_OBJECT_GET                8       8     0.00 minio           [MINIO]
05:52:17.567 OS           OS_VFS_READ                     8    4096     0.00 minio           [MINIO]
05:52:17.662 APPLICATION  MINIO_OBJECT_GET             4096    4096     0.00 minio           [MINIO]
05:52:17.662 OS           OS_VFS_READ                  4096    4096     0.00 minio           [MINIO]
05:52:17.662 STORAGE_SVC  MINIO_XL_META                   0       0     0.00 minio           [META][MINIO][XL.META]
05:52:17.662 STORAGE_SVC  MINIO_XL_META                   0       0     0.00 minio           [META][MINIO][XL.META]
05:52:17.662 APPLICATION  MINIO_OBJECT_PUT               25      25     0.00 minio           [MINIO]
05:52:17.662 OS           OS_VFS_WRITE                   25    4096     0.00 minio           [MINIO]
05:52:17.662 APPLICATION  MINIO_OBJECT_GET             4096    4096     0.00 minio           [MINIO]
05:52:17.662 OS           OS_VFS_READ                  4096    4096     0.00 minio           [MINIO]
05:52:17.662 APPLICATION  MINIO_OBJECT_GET             4096    4096     0.00 minio           [MINIO]
05:52:17.662 OS           OS_VFS_READ                  4096    4096     0.00 minio           [MINIO]
05:52:17.662 APPLICATION  MINIO_OBJECT_GET                1       1     0.00 minio           [MINIO]
05:52:17.662 OS           OS_VFS_READ                     1    4096     0.00 minio           [MINIO]
05:52:17.663 STORAGE_SVC  MINIO_XL_META                   0       0     0.00 minio           [META][MINIO][XL.META]
05:52:17.663 STORAGE_SVC  MINIO_XL_META                   0       0     0.00 minio           [META][MINIO][XL.META]
05:52:17.663 APPLICATION  MINIO_OBJECT_PUT              468     468     0.00 minio           [MINIO]
05:52:17.663 APPLICATION  MINIO_OBJECT_PUT              468     468     0.00 minio           [MINIO]
05:52:17.663 OS           OS_VFS_WRITE                  468    4096     0.00 minio           [MINIO]
05:52:17.663 OS           OS_VFS_WRITE                  468    4096     0.00 minio           [MINIO]
05:52:17.663 FILESYSTEM   FS_SYNC                         0       0     0.00 minio           [META][MINIO]
05:52:17.663 FILESYSTEM   FS_SYNC                         0       0     0.00 minio           [META][MINIO]
05:52:17.663 DEVICE       DEV_BIO_SUBMIT               4096    4096     0.00 minio           [MINIO]
05:52:17.663 DEVICE       DEV_BIO_SUBMIT               4096    4096     0.00 minio           [MINIO]
05:52:17.670 DEVICE       DEV_BIO_COMPLETE             4096    4096  7532.90                 
05:52:17.671 DEVICE       DEV_BIO_COMPLETE             4096    4096  7934.80                 
05:52:17.672 APPLICATION  MINIO_OBJECT_PUT              563     563     0.00 minio           [MINIO]
05:52:17.672 OS           OS_VFS_WRITE                  563    4096     0.00 minio           [MINIO]
05:52:17.672 APPLICATION  MINIO_OBJECT_GET             4096    4096     0.00 minio           [MINIO]
05:52:17.672 OS           OS_VFS_READ                  4096    4096     0.00 minio           [MINIO]
05:52:17.672 APPLICATION  MINIO_OBJECT_GET             4096    4096     0.00 minio           [MINIO]
05:52:17.672 OS           OS_VFS_READ                  4096    4096     0.00 minio           [MINIO]
05:52:19.567 APPLICATION  MINIO_OBJECT_PUT                8       8     0.00 minio           [MINIO]
05:52:19.567 OS           OS_VFS_WRITE                    8    4096     0.00 minio           [MINIO]
05:52:19.567 APPLICATION  MINIO_OBJECT_GET                8       8     0.00 minio           [MINIO]
05:52:19.567 OS           OS_VFS_READ                     8    4096     0.00 minio           [MINIO]
05:52:19.580 APPLICATION  MINIO_OBJECT_PUT                8       8     0.00 minio           [MINIO]
05:52:19.580 OS           OS_VFS_WRITE                    8    4096     0.00 minio           [MINIO]
05:52:19.580 APPLICATION  MINIO_OBJECT_GET                8       8     0.00 minio           [MINIO]
05:52:19.580 OS           OS_VFS_READ                     8    4096     0.00 minio           [MINIO]
05:52:19.580 APPLICATION  MINIO_OBJECT_PUT                8       8     0.00 minio           [MINIO]
05:52:19.580 OS           OS_VFS_WRITE                    8    4096     0.00 minio           [MINIO]
05:52:19.580 APPLICATION  MINIO_OBJECT_GET                8       8     0.00 minio           [MINIO]
05:52:19.580 OS           OS_VFS_READ                     8    4096     0.00 minio           [MINIO]
05:52:23.567 APPLICATION  MINIO_OBJECT_PUT                8       8     0.00 minio           [MINIO]
05:52:23.567 OS           OS_VFS_WRITE                    8    4096     0.00 minio           [MINIO]
05:52:23.567 APPLICATION  MINIO_OBJECT_GET                8       8     0.00 minio           [MINIO]
05:52:23.567 OS           OS_VFS_READ                     8    4096     0.00 minio           [MINIO]
05:52:23.581 APPLICATION  MINIO_OBJECT_PUT                8       8     0.00 minio           [MINIO]
05:52:23.581 OS           OS_VFS_WRITE                    8    4096     0.00 minio           [MINIO]
05:52:23.581 APPLICATION  MINIO_OBJECT_GET                8       8     0.00 minio           [MINIO]
05:52:23.581 OS           OS_VFS_READ                     8    4096     0.00 minio           [MINIO]
05:52:26.084 APPLICATION  MINIO_OBJECT_GET             4096    4096     0.00 minio           [MINIO]
05:52:26.084 OS           OS_VFS_READ                  4096    4096     0.00 minio           [MINIO]
05:52:26.085 APPLICATION  MINIO_OBJECT_GET                1       1     0.00 minio           [MINIO]
05:52:26.085 OS           OS_VFS_READ                     1    4096     0.00 minio           [MINIO]
05:52:26.085 STORAGE_SVC  MINIO_XL_META                   0       0     0.00 minio           [META][MINIO][XL.META]
05:52:26.085 STORAGE_SVC  MINIO_XL_META                   0       0     0.00 minio           [META][MINIO][XL.META]
05:52:26.085 APPLICATION  MINIO_OBJECT_GET              468     468     0.00 minio           [MINIO]
05:52:26.085 OS           OS_VFS_READ                   468    4096     0.00 minio           [MINIO]
05:52:26.085 APPLICATION  MINIO_OBJECT_GET              468     468     0.00 minio           [MINIO]
05:52:26.085 OS           OS_VFS_READ                   468    4096     0.00 minio           [MINIO]
05:52:26.085 APPLICATION  MINIO_OBJECT_PUT              571     571     0.00 minio           [MINIO]
05:52:26.085 OS           OS_VFS_WRITE                  571    4096     0.00 minio           [MINIO]
05:52:26.085 APPLICATION  MINIO_OBJECT_GET             4096    4096     0.00 minio           [MINIO]
05:52:26.085 OS           OS_VFS_READ                  4096    4096     0.00 minio           [MINIO]
05:52:26.088 APPLICATION  MINIO_OBJECT_GET             4096    4096     0.00 minio           [MINIO]
05:52:26.088 OS           OS_VFS_READ                  4096    4096     0.00 minio           [MINIO]
05:52:26.088 APPLICATION  MINIO_OBJECT_GET                1       1     0.00 minio           [MINIO]
05:52:26.088 OS           OS_VFS_READ                     1    4096     0.00 minio           [MINIO]
05:52:26.088 STORAGE_SVC  MINIO_XL_META                   0       0     0.00 minio           [META][MINIO][XL.META]
05:52:26.088 APPLICATION  MINIO_OBJECT_GET              468     468     0.00 minio           [MINIO]
05:52:26.088 OS           OS_VFS_READ                   468    4096     0.00 minio           [MINIO]
05:52:26.088 STORAGE_SVC  MINIO_XL_META                   0       0     0.00 minio           [META][MINIO][XL.META]
05:52:26.088 APPLICATION  MINIO_OBJECT_GET              468     468     0.00 minio           [MINIO]
05:52:26.088 OS           OS_VFS_READ                   468    4096     0.00 minio           [MINIO]
05:52:26.088 APPLICATION  MINIO_OBJECT_PUT              655     655     0.00 minio           [MINIO]
05:52:26.088 OS           OS_VFS_WRITE                  655    4096     0.00 minio           [MINIO]
05:52:26.088 APPLICATION  MINIO_OBJECT_GET             4096    4096     0.00 minio           [MINIO]
05:52:26.088 OS           OS_VFS_READ                  4096    4096     0.00 minio           [MINIO]
05:52:26.089 APPLICATION  MINIO_OBJECT_GET             4096    4096     0.00 minio           [MINIO]
05:52:26.089 OS           OS_VFS_READ                  4096    4096     0.00 minio           [MINIO]
05:52:26.089 APPLICATION  MINIO_OBJECT_GET             4096    4096     0.00 minio           [MINIO]
05:52:26.089 OS           OS_VFS_READ                  4096    4096     0.00 minio           [MINIO]
05:52:29.791 APPLICATION  MINIO_OBJECT_PUT                8       8     0.00 minio           [MINIO]
05:52:29.791 OS           OS_VFS_WRITE                    8    4096     0.00 minio           [MINIO]
05:52:29.791 APPLICATION  MINIO_OBJECT_GET                8       8     0.00 minio           [MINIO]
05:52:29.791 OS           OS_VFS_READ                     8    4096     0.00 minio           [MINIO]
05:52:31.567 APPLICATION  MINIO_OBJECT_PUT                8       8     0.00 minio           [MINIO]
05:52:31.567 OS           OS_VFS_WRITE                    8    4096     0.00 minio           [MINIO]
05:52:31.567 APPLICATION  MINIO_OBJECT_GET                8       8     0.00 minio           [MINIO]
05:52:31.567 OS           OS_VFS_READ                     8    4096     0.00 minio           [MINIO]
05:52:31.581 APPLICATION  MINIO_OBJECT_PUT                8       8     0.00 minio           [MINIO]
05:52:31.581 OS           OS_VFS_WRITE                    8    4096     0.00 minio           [MINIO]
05:52:31.581 APPLICATION  MINIO_OBJECT_GET                8       8     0.00 minio           [MINIO]
05:52:31.581 OS           OS_VFS_READ                     8    4096