Multi-layer I/O tracer started!
Tracing layers: Application, Storage Service, OS, Filesystem, Device
MinIO-only mode enabled
Request correlation mode enabled
MinIO tracing configured:
  Mode: Name
  Trace Erasure: Yes
  Trace Metadata: Yes
TIME             LAYER        EVENT                        SIZE ALIGNED LAT(μs) COMM            FLAGS
========================================================================
>>> TRACING MINIO PROCESSES ONLY <<<
========================================================================
00:00:11.580 APPLICATION  MINIO_OBJECT_PUT                8       8     0.00 minio           [MINIO]
00:00:11.580 OS           OS_VFS_WRITE                    8    4096     0.00 minio           [MINIO]
00:00:11.580 APPLICATION  MINIO_OBJECT_GET                8       8     0.00 minio           [MINIO]
00:00:11.580 OS           OS_VFS_READ                     8    4096     0.00 minio           [MINIO]
00:00:13.568 APPLICATION  MINIO_OBJECT_PUT                8       8     0.00 minio           [MINIO]
00:00:13.568 OS           OS_VFS_WRITE                    8    4096     0.00 minio           [MINIO]
00:00:13.568 APPLICATION  MINIO_OBJECT_GET                8       8     0.00 minio           [MINIO]
00:00:13.568 OS           OS_VFS_READ                     8    4096     0.00 minio           [MINIO]
00:00:15.567 APPLICATION  MINIO_OBJECT_PUT                8       8     0.00 minio           [MINIO]
00:00:15.567 OS           OS_VFS_WRITE                    8    4096     0.00 minio           [MINIO]
00:00:15.567 APPLICATION  MINIO_OBJECT_GET                8       8     0.00 minio           [MINIO]
00:00:15.567 OS           OS_VFS_READ                     8    4096     0.00 minio           [MINIO]
00:00:16.064 APPLICATION  MINIO_OBJECT_PUT                8       8     0.00 minio           [MINIO]
00:00:16.064 OS           OS_VFS_WRITE                    8    4096     0.00 minio           [MINIO]
00:00:16.064 APPLICATION  MINIO_OBJECT_GET                8       8     0.00 minio           [MINIO]
00:00:16.064 OS           OS_VFS_READ                     8    4096     0.00 minio           [MINIO]
00:00:17.567 APPLICATION  MINIO_OBJECT_PUT                8       8     0.00 minio           [MINIO]
00:00:17.567 OS           OS_VFS_WRITE                    8    4096     0.00 minio           [MINIO]
00:00:17.567 APPLICATION  MINIO_OBJECT_GET                8       8     0.00 minio           [MINIO]
00:00:17.567 OS           OS_VFS_READ                     8    4096     0.00 minio           [MINIO]
00:00:17.581 APPLICATION  MINIO_OBJECT_PUT                8       8     0.00 minio           [MINIO]
00:00:17.581 OS           OS_VFS_WRITE                    8    4096     0.00 minio           [MINIO]
00:00:17.581 APPLICATION  MINIO_OBJECT_GET                8       8     0.00 minio           [MINIO]
00:00:17.581 OS           OS_VFS_READ                     8    4096     0.00 minio           [MINIO]
00:00:18.003 APPLICATION  MINIO_OBJECT_PUT                8       8     0.00 minio           [MINIO]
00:00:18.003 OS           OS_VFS_WRITE                    8    4096     0.00 minio           [MINIO]
00:00:18.003 APPLICATION  MINIO_OBJECT_GET                8       8     0.00 minio           [MINIO]
00:00:18.003 OS           OS_VFS_READ                     8    4096     0.00 minio           [MINIO]
00:00:18.318 APPLICATION  MINIO_OBJECT_GET             4096    4096     0.00 minio           [MINIO]
00:00:18.318 OS           OS_VFS_READ                  4096    4096     0.00 minio           [MINIO]
00:00:18.318 STORAGE_SVC  MINIO_XL_META                   0       0     0.00 minio           [META][MINIO][XL.META]
    └─> File: /mnt/minio2/minio/public/rw_test_100B/test.dat/xl.meta
00:00:18.318 STORAGE_SVC  MINIO_XL_META                   0       0     0.00 minio           [META][MINIO][XL.META]
    └─> File: /mnt/minio1/minio/public/rw_test_100B/test.dat/xl.meta
00:00:18.318 APPLICATION  MINIO_OBJECT_GET              558     558     0.00 minio           [MINIO]
00:00:18.318 OS           OS_VFS_READ                   558    4096     0.00 minio           [MINIO]
00:00:18.318 APPLICATION  MINIO_OBJECT_GET              558     558     0.00 minio           [MINIO]
00:00:18.318 OS           OS_VFS_READ                   558    4096     0.00 minio           [MINIO]
00:00:18.318 APPLICATION  MINIO_OBJECT_PUT               25      25     0.00 minio           [MINIO]
00:00:18.318 OS           OS_VFS_WRITE                   25    4096     0.00 minio           [MINIO]
00:00:18.318 APPLICATION  MINIO_OBJECT_GET             4096    4096     0.00 minio           [MINIO]
00:00:18.318 OS           OS_VFS_READ                  4096    4096     0.00 minio           [MINIO]
00:00:18.319 APPLICATION  MINIO_OBJECT_GET             4096    4096     0.00 minio           [MINIO]
00:00:18.319 OS           OS_VFS_READ                  4096    4096     0.00 minio           [MINIO]
00:00:18.319 APPLICATION  MINIO_OBJECT_GET                1       1     0.00 minio           [MINIO]
00:00:18.319 OS           OS_VFS_READ                     1    4096     0.00 minio           [MINIO]
00:00:18.319 STORAGE_SVC  MINIO_XL_META                   0       0     0.00 minio           [META][MINIO][XL.META]
    └─> File: /mnt/minio1/minio/public/rw_test_100B/test.dat/xl.meta
00:00:18.319 APPLICATION  MINIO_OBJECT_GET              558     558     0.00 minio           [MINIO]
00:00:18.319 OS           OS_VFS_READ                   558    4096     0.00 minio           [MINIO]
00:00:18.319 STORAGE_SVC  MINIO_XL_META                   0       0     0.00 minio           [META][MINIO][XL.META]
    └─> File: /mnt/minio2/minio/public/rw_test_100B/test.dat/xl.meta
00:00:18.319 APPLICATION  MINIO_OBJECT_GET              558     558     0.00 minio           [MINIO]
00:00:18.319 OS           OS_VFS_READ                   558    4096     0.00 minio           [MINIO]
00:00:18.319 APPLICATION  MINIO_OBJECT_PUT              558     558     0.00 minio           [MINIO]
00:00:18.319 OS           OS_VFS_WRITE                  558    4096     0.00 minio           [MINIO]
00:00:18.319 FILESYSTEM   FS_SYNC                         0       0     0.00 minio           [META][MINIO]
00:00:18.319 DEVICE       DEV_BIO_SUBMIT               4096    4096     0.00 minio           [MINIO]
00:00:18.319 APPLICATION  MINIO_OBJECT_PUT              558     558     0.00 minio           [MINIO]
00:00:18.319 OS           OS_VFS_WRITE                  558    4096     0.00 minio           [MINIO]
00:00:18.319 FILESYSTEM   FS_SYNC                         0       0     0.00 minio           [META][MINIO]
00:00:18.319 DEVICE       DEV_BIO_SUBMIT               4096    4096     0.00 minio           [MINIO]
00:00:18.325 DEVICE       DEV_BIO_COMPLETE             4096    4096  6630.87                 
00:00:18.326 DEVICE       DEV_BIO_COMPLETE             4096    4096  6813.60                 
00:00:18.326 APPLICATION  MINIO_OBJECT_PUT              558     558     0.00 minio           [MINIO]
00:00:18.326 OS           OS_VFS_WRITE                  558    4096     0.00 minio           [MINIO]
00:00:18.326 FILESYSTEM   FS_SYNC                         0       0     0.00 minio           [META][MINIO]
00:00:18.326 DEVICE       DEV_BIO_SUBMIT               4096    4096     0.00 minio           [MINIO]
00:00:18.327 DEVICE       DEV_BIO_COMPLETE             4096    4096    25.12                 
00:00:18.327 APPLICATION  MINIO_OBJECT_PUT              558     558     0.00 minio           [MINIO]
00:00:18.327 OS           OS_VFS_WRITE                  558    4096     0.00 minio           [MINIO]
00:00:18.327 FILESYSTEM   FS_SYNC                         0       0     0.00 minio           [META][MINIO]
00:00:18.327 DEVICE       DEV_BIO_SUBMIT               4096    4096     0.00 minio           [MINIO]
00:00:18.327 DEVICE       DEV_BIO_COMPLETE             4096    4096    14.21                 
00:00:18.327 APPLICATION  MINIO_OBJECT_PUT              563     563     0.00 minio           [MINIO]
00:00:18.327 OS           OS_VFS_WRITE                  563    4096     0.00 minio           [MINIO]
00:00:18.327 APPLICATION  MINIO_OBJECT_GET             4096    4096     0.00 minio           [MINIO]
00:00:18.327 OS           OS_VFS_READ                  4096    4096     0.00 minio           [MINIO]
00:00:18.328 APPLICATION  MINIO_OBJECT_GET             4096    4096     0.00 minio           [MINIO]
00:00:18.328 OS           OS_VFS_READ                  4096    4096     0.00 minio           [MINIO]
00:00:18.579 APPLICATION  MINIO_OBJECT_PUT                8       8     0.00 minio           [MINIO]
00:00:18.579 OS           OS_VFS_WRITE                    8    4096     0.00 minio           [MINIO]
00:00:18.579 APPLICATION  MINIO_OBJECT_GET                8       8     0.00 minio           [MINIO]
00:00:18.579 OS           OS_VFS_READ                     8    4096     0.00 minio           [MINIO]
00:00:18.981 APPLICATION  MINIO_OBJECT_PUT                8       8     0.00 minio           [MINIO]
00:00:18.981 OS           OS_VFS_WRITE                    8    4096     0.00 minio           [MINIO]
00:00:18.981 APPLICATION  MINIO_OBJECT_GET                8       8     0.00 minio           [MINIO]
00:00:18.981 OS           OS_VFS_READ                     8    4096     0.00 minio           [MINIO]
00:00:19.566 APPLICATION  MINIO_OBJECT_PUT                8       8     0.00 minio           [MINIO]
00:00:19.566 OS           OS_VFS_WRITE                    8    4096     0.00 minio           [MINIO]
00:00:19.566 APPLICATION  MINIO_OBJECT_GET                8       8     0.00 minio           [MINIO]
00:00:19.566 OS           OS_VFS_READ                     8    4096     0.00 minio           [MINIO]
00:00:20.003 APPLICATION  MINIO_OBJECT_PUT                8       8     0.00 minio           [MINIO]
00:00:20.003 OS           OS_VFS_WRITE                    8    4096     0.00 minio           [MINIO]
00:00:20.003 APPLICATION  MINIO_OBJECT_GET                8       8     0.00 minio           [MINIO]
00:00:20.003 OS           OS_VFS_READ                     8    4096     0.00 minio           [MINIO]

=== Tracer interrupted, generating summary ===

========================================
    I/O AMPLIFICATION ANALYSIS
========================================

Per-Layer Statistics:
LAYER               EVENTS      BYTES    ALIGNED     META     JRNL    CACHE AMP_FACTOR
----------------------------------------------------------------------
APPLICATION             38      25709      25709        0        0        0       0.00x
  └─> MinIO:            38      25709          -        0        -        -          -
STORAGE_SVC              4          0          0        4        0        0       0.00x
  └─> MinIO:             4          0          -        4        -        -          -
OS                      38      25709     155648        0        0        0       6.05x
  └─> MinIO:            38      25709          -        0        -        -          -
FILESYSTEM               4          0          0        4        0        0       0.00x
  └─> MinIO:             4          0          -        0        -        -          -
DEVICE                   8      32768      32768        0        0        0       1.27x
  └─> MinIO:             4      16384          -        0        -        -          -

Amplification Breakdown:
----------------------------------------------------------------------
Original application I/O:          25709 bytes
After OS/page cache alignment:    155648 bytes (6.05x amplification)
Final device layer I/O:            32768 bytes (1.27x amplification)

*** TOTAL AMPLIFICATION: 1.27x ***
    32768 bytes written for 25709 bytes requested


Per-Request Amplification (Top 10):
REQUEST_ID            APP  STORAGE       OS       FS   DEVICE    TOTAL    AMP   MinIO
-----------------------------------------------------------------------------
000039e03cb76928        8        0     4096        0        0     4096 512.00x     Yes
000039dc3cb7bf88        8        0     4096        0        0     4096 512.00x     Yes
00003419b339b03d        8        0     4096        0        0     4096 512.00x     Yes
000039dcb33a07c9        8        0     4096        0        0     4096 512.00x     Yes
000039e02a5ddfe6        8        0     4096        0        0     4096 512.00x     Yes
000039dc2a5e35ce        8        0     4096        0        0     4096 512.00x     Yes
0000341947fea206        8        0     4096        0        0     4096 512.00x     Yes
000039e047fef3d1        8        0     4096        0        0     4096 512.00x     Yes
00003419a19380c9        8        0     4096        0        0     4096 512.00x     Yes
000039e0a193d64c        8        0     4096        0        0     4096 512.00x     Yes

========================================
       MinIO-SPECIFIC ANALYSIS
========================================

MinIO Operation Statistics:
-------------------------------------------
Objects Written:                   17
Objects Read:                      21
XL Metadata Operations:             4
Erasure Blocks Written:             0
Multipart Uploads:                  0

MinIO Data Breakdown:
-------------------------------------------
Data Bytes:                      2908
Metadata Bytes:                     0
Metadata Overhead:              0.00%

MinIO I/O Pattern Analysis:
-------------------------------------------
APPLICATION    :       38 events,      25709 bytes
STORAGE_SVC    :        4 events,          0 bytes
  └─> XL.META operations: 4
OS             :       38 events,      25709 bytes
FILESYSTEM     :        4 events,          0 bytes
DEVICE         :        4 events,      16384 bytes

*** MinIO Total I/O Amplification: 23.32x ***

========================================
    I/O AMPLIFICATION ANALYSIS
========================================

Per-Layer Statistics:
LAYER               EVENTS      BYTES    ALIGNED     META     JRNL    CACHE AMP_FACTOR
----------------------------------------------------------------------
APPLICATION             38      25709      25709        0        0        0       0.00x
  └─> MinIO:            38      25709          -        0        -        -          -
STORAGE_SVC              4          0          0        4        0        0       0.00x
  └─> MinIO:             4          0          -        4        -        -          -
OS                      38      25709     155648        0        0        0       6.05x
  └─> MinIO:            38      25709          -        0        -        -          -
FILESYSTEM               4          0          0        4        0        0       0.00x
  └─> MinIO:             4          0          -        0        -        -          -
DEVICE                   8      32768      32768        0        0        0       1.27x
  └─> MinIO:             4      16384          -        0        -        -          -

Amplification Breakdown:
----------------------------------------------------------------------
Original application I/O:          25709 bytes
After OS/page cache alignment:    155648 bytes (6.05x amplification)
Final device layer I/O:            32768 bytes (1.27x amplification)

*** TOTAL AMPLIFICATION: 1.27x ***
    32768 bytes written for 25709 bytes requested


Per-Request Amplification (Top 10):
REQUEST_ID            APP  STORAGE       OS       FS   DEVICE    TOTAL    AMP   MinIO
-----------------------------------------------------------------------------
000039e03cb76928        8        0     4096        0        0     4096 512.00x     Yes
000039dc3cb7bf88        8        0     4096        0        0     4096 512.00x     Yes
00003419b339b03d        8        0     4096        0        0     4096 512.00x     Yes
000039dcb33a07c9        8        0     4096        0        0     4096 512.00x     Yes
000039e02a5ddfe6        8        0     4096        0        0     4096 512.00x     Yes
000039dc2a5e35ce        8        0     4096        0        0     4096 512.00x     Yes
0000341947fea206        8        0     4096        0        0     4096 512.00x     Yes
000039e047fef3d1        8        0     4096        0        0     4096 512.00x     Yes
00003419a19380c9        8        0     4096        0        0     4096 512.00x     Yes
000039e0a193d64c        8        0     4096        0        0     4096 512.00x     Yes

========================================
       MinIO-SPECIFIC ANALYSIS
========================================

MinIO Operation Statistics:
-------------------------------------------
Objects Written:                   17
Objects Read:                      21
XL Metadata Operations:             4
Erasure Blocks Written:             0
Multipart Uploads:                  0

MinIO Data Breakdown:
-------------------------------------------
Data Bytes:                      2908
Metadata Bytes:                     0
Metadata Overhead:              0.00%

MinIO I/O Pattern Analysis:
-------------------------------------------
APPLICATION    :       38 events,      25709 bytes
STORAGE_SVC    :        4 events,          0 bytes
  └─> XL.META operations: 4
OS             :       38 events,      25709 bytes
FILESYSTEM     :        4 events,          0 bytes
DEVICE         :        4 events,      16384 bytes

*** MinIO Total I/O Amplification: 23.32x ***
