Multi-layer I/O tracer started!
Tracing layers: Application, Storage Service, OS, Filesystem, Device
MinIO-only mode enabled
Request correlation mode enabled
MinIO tracing configured:
  Mode: Name
  Trace Erasure: Yes
  Trace Metadata: Yes
TIME             LAYER        EVENT                        SIZE ALIGNED LAT(μs) COMM            FLAGS
========================================================================
>>> TRACING MINIO PROCESSES ONLY <<<
========================================================================
00:03:34.555 APPLICATION  MINIO_OBJECT_PUT             2049    2049     0.00 minio           [MINIO]
00:03:34.555 OS           OS_VFS_WRITE                 2049    4096     0.00 minio           [MINIO]
00:03:34.555 FILESYSTEM   FS_SYNC                         0       0     0.00 minio           [META][MINIO]
00:03:34.555 DEVICE       DEV_BIO_SUBMIT               4096    4096     0.00 minio           [MINIO]
00:03:34.563 DEVICE       DEV_BIO_COMPLETE             4096    4096  8028.23                 
00:03:34.564 APPLICATION  MINIO_OBJECT_GET             2049    2049     0.00 minio           [MINIO]
00:03:34.564 OS           OS_VFS_READ                  2049    4096     0.00 minio           [MINIO]
00:03:35.010 APPLICATION  MINIO_OBJECT_PUT                8       8     0.00 minio           [MINIO]
00:03:35.010 OS           OS_VFS_WRITE                    8    4096     0.00 minio           [MINIO]
00:03:35.010 APPLICATION  MINIO_OBJECT_GET                8       8     0.00 minio           [MINIO]
00:03:35.010 OS           OS_VFS_READ                     8    4096     0.00 minio           [MINIO]
00:03:35.567 APPLICATION  MINIO_OBJECT_PUT                8       8     0.00 minio           [MINIO]
00:03:35.567 OS           OS_VFS_WRITE                    8    4096     0.00 minio           [MINIO]
00:03:35.567 APPLICATION  MINIO_OBJECT_GET                8       8     0.00 minio           [MINIO]
00:03:35.567 OS           OS_VFS_READ                     8    4096     0.00 minio           [MINIO]
00:03:35.580 APPLICATION  MINIO_OBJECT_PUT                8       8     0.00 minio           [MINIO]
00:03:35.580 OS           OS_VFS_WRITE                    8    4096     0.00 minio           [MINIO]
00:03:35.580 APPLICATION  MINIO_OBJECT_GET                8       8     0.00 minio           [MINIO]
00:03:35.580 OS           OS_VFS_READ                     8    4096     0.00 minio           [MINIO]
00:03:36.075 APPLICATION  MINIO_OBJECT_PUT                8       8     0.00 minio           [MINIO]
00:03:36.075 OS           OS_VFS_WRITE                    8    4096     0.00 minio           [MINIO]
00:03:36.075 APPLICATION  MINIO_OBJECT_GET                8       8     0.00 minio           [MINIO]
00:03:36.075 OS           OS_VFS_READ                     8    4096     0.00 minio           [MINIO]
00:03:36.076 APPLICATION  MINIO_OBJECT_PUT                8       8     0.00 minio           [MINIO]
00:03:36.076 OS           OS_VFS_WRITE                    8    4096     0.00 minio           [MINIO]
00:03:36.076 APPLICATION  MINIO_OBJECT_GET                8       8     0.00 minio           [MINIO]
00:03:36.076 OS           OS_VFS_READ                     8    4096     0.00 minio           [MINIO]
00:03:37.567 APPLICATION  MINIO_OBJECT_PUT                8       8     0.00 minio           [MINIO]
00:03:37.567 OS           OS_VFS_WRITE                    8    4096     0.00 minio           [MINIO]
00:03:37.567 APPLICATION  MINIO_OBJECT_GET                8       8     0.00 minio           [MINIO]
00:03:37.567 OS           OS_VFS_READ                     8    4096     0.00 minio           [MINIO]
00:03:37.580 APPLICATION  MINIO_OBJECT_PUT                8       8     0.00 minio           [MINIO]
00:03:37.580 OS           OS_VFS_WRITE                    8    4096     0.00 minio           [MINIO]
00:03:37.580 APPLICATION  MINIO_OBJECT_GET                8       8     0.00 minio           [MINIO]
00:03:37.580 OS           OS_VFS_READ                     8    4096     0.00 minio           [MINIO]
00:03:39.004 APPLICATION  MINIO_OBJECT_PUT                8       8     0.00 minio           [MINIO]
00:03:39.004 OS           OS_VFS_WRITE                    8    4096     0.00 minio           [MINIO]
00:03:39.004 APPLICATION  MINIO_OBJECT_GET                8       8     0.00 minio           [MINIO]
00:03:39.004 OS           OS_VFS_READ                     8    4096     0.00 minio           [MINIO]
00:03:39.566 APPLICATION  MINIO_OBJECT_PUT                8       8     0.00 minio           [MINIO]
00:03:39.566 OS           OS_VFS_WRITE                    8    4096     0.00 minio           [MINIO]
00:03:39.566 APPLICATION  MINIO_OBJECT_GET                8       8     0.00 minio           [MINIO]
00:03:39.566 OS           OS_VFS_READ                     8    4096     0.00 minio           [MINIO]
00:03:39.580 APPLICATION  MINIO_OBJECT_PUT                8       8     0.00 minio           [MINIO]
00:03:39.580 OS           OS_VFS_WRITE                    8    4096     0.00 minio           [MINIO]
00:03:39.580 APPLICATION  MINIO_OBJECT_GET                8       8     0.00 minio           [MINIO]
00:03:39.580 OS           OS_VFS_READ                     8    4096     0.00 minio           [MINIO]
00:03:40.237 APPLICATION  MINIO_OBJECT_PUT                8       8     0.00 minio           [MINIO]
00:03:40.237 OS           OS_VFS_WRITE                    8    4096     0.00 minio           [MINIO]
00:03:40.237 APPLICATION  MINIO_OBJECT_GET                8       8     0.00 minio           [MINIO]
00:03:40.237 OS           OS_VFS_READ                     8    4096     0.00 minio           [MINIO]
00:03:40.241 STORAGE_SVC  MINIO_XL_META                   0       0     0.00 minio           [META][MINIO][XL.META]
    └─> File: /mnt/minio2/minio/.minio.sys/buckets/.background-heal.json/xl.meta
00:03:40.241 STORAGE_SVC  MINIO_XL_META                   0       0     0.00 minio           [META][MINIO][XL.META]
    └─> File: /mnt/minio1/minio/.minio.sys/buckets/.background-heal.json/xl.meta
00:03:40.241 APPLICATION  MINIO_OBJECT_GET              505     505     0.00 minio           [MINIO]
00:03:40.241 APPLICATION  MINIO_OBJECT_GET              505     505     0.00 minio           [MINIO]
00:03:40.241 OS           OS_VFS_READ                   505    4096     0.00 minio           [MINIO]
00:03:40.241 OS           OS_VFS_READ                   505    4096     0.00 minio           [MINIO]
00:03:40.241 STORAGE_SVC  MINIO_XL_META                   0       0     0.00 minio           [META][MINIO][XL.META]
    └─> File: /mnt/minio2/minio
00:03:40.241 STORAGE_SVC  MINIO_XL_META                   0       0     0.00 minio           [META][MINIO][XL.META]
    └─> File: /mnt/minio1/minio
00:03:40.241 STORAGE_SVC  MINIO_XL_META                   0       0     0.00 minio           [META][MINIO][XL.META]
    └─> File: /mnt/minio1/minio/.minio.sys/buckets/.healing.bin
00:03:40.241 STORAGE_SVC  MINIO_XL_META                   0       0     0.00 minio           [META][MINIO][XL.META]
    └─> File: /mnt/minio2/minio/.minio.sys/buckets/.healing.bin
00:03:40.241 STORAGE_SVC  MINIO_XL_META                   0       0     0.00 minio           [META][MINIO][XL.META]
    └─> File: /mnt/minio2/minio/.minio.sys/buckets/.usage-cache.bin/xl.meta
00:03:40.241 STORAGE_SVC  MINIO_XL_META                   0       0     0.00 minio           [META][MINIO][XL.META]
    └─> File: /mnt/minio1/minio/.minio.sys/buckets/.usage-cache.bin/xl.meta
00:03:40.241 APPLICATION  MINIO_OBJECT_GET              629     629     0.00 minio           [MINIO]
00:03:40.241 OS           OS_VFS_READ                   629    4096     0.00 minio           [MINIO]
00:03:40.241 APPLICATION  MINIO_OBJECT_GET              629     629     0.00 minio           [MINIO]
00:03:40.241 OS           OS_VFS_READ                   629    4096     0.00 minio           [MINIO]
00:03:40.242 STORAGE_SVC  MINIO_XL_META                   0       0     0.00 minio           [META][MINIO][XL.META]
    └─> File: /mnt/minio2/minio/.minio.sys/buckets/public/.usage-cache.bin/xl.meta
00:03:40.242 STORAGE_SVC  MINIO_XL_META                   0       0     0.00 minio           [META][MINIO][XL.META]
    └─> File: /mnt/minio1/minio/.minio.sys/buckets/public/.usage-cache.bin/xl.meta
00:03:40.242 APPLICATION  MINIO_OBJECT_GET             1397    1397     0.00 minio           [MINIO]
00:03:40.242 OS           OS_VFS_READ                  1397    4096     0.00 minio           [MINIO]
00:03:40.242 APPLICATION  MINIO_OBJECT_GET             1397    1397     0.00 minio           [MINIO]
00:03:40.242 OS           OS_VFS_READ                  1397    4096     0.00 minio           [MINIO]
00:03:40.242 APPLICATION  MINIO_OBJECT_PUT                8       8     0.00 minio           [MINIO]
00:03:40.242 OS           OS_VFS_WRITE                    8    4096     0.00 minio           [MINIO]
00:03:40.242 APPLICATION  MINIO_OBJECT_GET                8       8     0.00 minio           [MINIO]
00:03:40.242 OS           OS_VFS_READ                     8    4096     0.00 minio           [MINIO]
00:03:40.244 APPLICATION  MINIO_OBJECT_PUT                8       8     0.00 minio           [MINIO]
00:03:40.244 OS           OS_VFS_WRITE                    8    4096     0.00 minio           [MINIO]
00:03:40.244 APPLICATION  MINIO_OBJECT_GET                8       8     0.00 minio           [MINIO]
00:03:40.244 OS           OS_VFS_READ                     8    4096     0.00 minio           [MINIO]
00:03:40.246 STORAGE_SVC  MINIO_XL_META                   0       0     0.00 minio           [META][MINIO][XL.META]
    └─> File: /mnt/minio2/minio/public/mixed_test
00:03:40.246 APPLICATION  MINIO_OBJECT_PUT                8       8     0.00 minio           [MINIO]
00:03:40.246 OS           OS_VFS_WRITE                    8    4096     0.00 minio           [MINIO]
00:03:40.246 APPLICATION  MINIO_OBJECT_GET                8       8     0.00 minio           [MINIO]
00:03:40.246 OS           OS_VFS_READ                     8    4096     0.00 minio           [MINIO]
00:03:40.248 STORAGE_SVC  MINIO_XL_META                   0       0     0.00 minio           [META][MINIO][XL.META]
    └─> File: /mnt/minio2/minio/public/mixed_test/cache.txt/xl.meta
00:03:40.248 APPLICATION  MINIO_OBJECT_GET              460     460     0.00 minio           [MINIO]
00:03:40.248 OS           OS_VFS_READ                   460    4096     0.00 minio           [MINIO]
00:03:40.248 APPLICATION  MINIO_OBJECT_PUT                8       8     0.00 minio           [MINIO]
00:03:40.248 OS           OS_VFS_WRITE                    8    4096     0.00 minio           [MINIO]
00:03:40.248 APPLICATION  MINIO_OBJECT_GET                8       8     0.00 minio           [MINIO]
00:03:40.248 OS           OS_VFS_READ                     8    4096     0.00 minio           [MINIO]
00:03:40.250 STORAGE_SVC  MINIO_XL_META                   0       0     0.00 minio           [META][MINIO][XL.META]
    └─> File: /mnt/minio2/minio/public/test_10485760B
00:03:40.252 STORAGE_SVC  MINIO_XL_META                   0       0     0.00 minio           [META][MINIO][XL.META]
    └─> File: /mnt/minio2/minio/public/test_10485760B/test_10MB.dat
00:03:40.252 STORAGE_SVC  MINIO_XL_META                   0       0     0.00 minio           [META][MINIO][XL.META]
    └─> File: /mnt/minio2/minio/public/test_10485760B/test_10MB.dat/xl.meta
00:03:40.253 APPLICATION  MINIO_OBJECT_GET              463     463     0.00 minio           [MINIO]
00:03:40.253 OS           OS_VFS_READ                   463    4096     0.00 minio           [MINIO]
00:03:40.253 STORAGE_SVC  MINIO_XL_META                   0       0     0.00 minio           [META][MINIO][XL.META]
    └─> File: /mnt/minio2/minio/.minio.sys/buckets/public/.usage-cache.bin/xl.meta
00:03:40.253 STORAGE_SVC  MINIO_XL_META                   0       0     0.00 minio           [META][MINIO][XL.META]
    └─> File: /mnt/minio1/minio/.minio.sys/buckets/public/.usage-cache.bin/xl.meta
00:03:40.253 APPLICATION  MINIO_OBJECT_GET             1397    1397     0.00 minio           [MINIO]
00:03:40.253 APPLICATION  MINIO_OBJECT_GET             1397    1397     0.00 minio           [MINIO]
00:03:40.253 OS           OS_VFS_READ                  1397    4096     0.00 minio           [MINIO]
00:03:40.253 OS           OS_VFS_READ                  1397    4096     0.00 minio           [MINIO]
00:03:40.253 APPLICATION  MINIO_OBJECT_PUT             1385    1385     0.00 minio           [MINIO]
00:03:40.253 APPLICATION  MINIO_OBJECT_PUT             1385    1385     0.00 minio           [MINIO]
00:03:40.253 OS           OS_VFS_WRITE                 1385    4096     0.00 minio           [MINIO]
00:03:40.253 OS           OS_VFS_WRITE                 1385    4096     0.00 minio           [MINIO]
00:03:40.253 FILESYSTEM   FS_SYNC                         0       0     0.00 minio           [META][MINIO]
00:03:40.253 FILESYSTEM   FS_SYNC                         0       0     0.00 minio           [META][MINIO]
00:03:40.253 DEVICE       DEV_BIO_SUBMIT               4096    4096     0.00 minio           [MINIO]
00:03:40.253 DEVICE       DEV_BIO_SUBMIT               4096    4096     0.00 minio           [MINIO]
00:03:40.260 DEVICE       DEV_BIO_COMPLETE             4096    4096  7445.36                 
00:03:40.261 DEVICE       DEV_BIO_COMPLETE             4096    4096  7832.54                 
00:03:40.261 APPLICATION  MINIO_OBJECT_PUT             1397    1397     0.00 minio           [MINIO]
00:03:40.261 OS           OS_VFS_WRITE                 1397    4096     0.00 minio           [MINIO]
00:03:40.261 FILESYSTEM   FS_SYNC                         0       0     0.00 minio           [META][MINIO]
00:03:40.261 DEVICE       DEV_BIO_SUBMIT               4096    4096     0.00 minio           [MINIO]
00:03:40.261 DEVICE       DEV_BIO_COMPLETE             4096    4096    20.05                 
00:03:40.262 APPLICATION  MINIO_OBJECT_PUT             1397    1397     0.00 minio           [MINIO]
00:03:40.262 OS           OS_VFS_WRITE                 1397    4096     0.00 minio           [MINIO]
00:03:40.262 FILESYSTEM   FS_SYNC                         0       0     0.00 minio           [META][MINIO]
00:03:40.262 DEVICE       DEV_BIO_SUBMIT               4096    4096     0.00 minio           [MINIO]
00:03:40.262 DEVICE       DEV_BIO_COMPLETE             4096    4096    18.11                 
00:03:40.262 APPLICATION  MINIO_OBJECT_GET             1397    1397     0.00 minio           [MINIO]
00:03:40.262 APPLICATION  MINIO_OBJECT_GET             1397    1397     0.00 minio           [MINIO]
00:03:40.262 OS           OS_VFS_READ                  1397    4096     0.00 minio           [MINIO]
00:03:40.262 OS           OS_VFS_READ                  1397    4096     0.00 minio           [MINIO]
00:03:40.262 APPLICATION  MINIO_OBJECT_PUT             1385    1385     0.00 minio           [MINIO]
00:03:40.262 APPLICATION  MINIO_OBJECT_PUT             1385    1385     0.00 minio           [MINIO]
00:03:40.262 OS           OS_VFS_WRITE                 1385    4096     0.00 minio           [MINIO]
00:03:40.262 OS           OS_VFS_WRITE                 1385    4096     0.00 minio           [MINIO]
00:03:40.262 FILESYSTEM   FS_SYNC                         0       0     0.00 minio           [META][MINIO]
00:03:40.262 FILESYSTEM   FS_SYNC                         0       0     0.00 minio           [META][MINIO]
00:03:40.263 DEVICE       DEV_BIO_SUBMIT               4096    4096     0.00 minio           [MINIO]
00:03:40.263 DEVICE       DEV_BIO_SUBMIT               4096    4096     0.00 minio           [MINIO]
00:03:40.263 DEVICE       DEV_BIO_COMPLETE             4096    4096    17.55                 
00:03:40.263 DEVICE       DEV_BIO_COMPLETE             4096    4096    21.51                 
00:03:40.263 APPLICATION  MINIO_OBJECT_PUT             1397    1397     0.00 minio           [MINIO]
00:03:40.263 OS           OS_VFS_WRITE                 1397    4096     0.00 minio           [MINIO]
00:03:40.263 FILESYSTEM   FS_SYNC                         0       0     0.00 minio           [META][MINIO]
00:03:40.263 DEVICE       DEV_BIO_SUBMIT               4096    4096     0.00 minio           [MINIO]
00:03:40.263 DEVICE       DEV_BIO_COMPLETE             4096    4096    19.93                 
00:03:40.264 APPLICATION  MINIO_OBJECT_PUT             1397    1397     0.00 minio           [MINIO]
00:03:40.264 OS           OS_VFS_WRITE                 1397    4096     0.00 minio           [MINIO]
00:03:40.264 FILESYSTEM   FS_SYNC                         0       0     0.00 minio           [META][MINIO]
00:03:40.264 DEVICE       DEV_BIO_SUBMIT               4096    4096     0.00 minio           [MINIO]
00:03:40.264 DEVICE       DEV_BIO_COMPLETE             4096    4096    26.44                 
00:03:40.264 STORAGE_SVC  MINIO_XL_META                   0       0     0.00 minio           [META][MINIO][XL.META]
    └─> File: /mnt/minio1/minio/.minio.sys/buckets/.usage-cache.bin/xl.meta
00:03:40.264 STORAGE_SVC  MINIO_XL_META                   0       0     0.00 minio           [META][MINIO][XL.META]
    └─> File: /mnt/minio2/minio/.minio.sys/buckets/.usage-cache.bin/xl.meta
00:03:40.264 APPLICATION  MINIO_OBJECT_GET              629     629     0.00 minio           [MINIO]
00:03:40.264 OS           OS_VFS_READ                   629    4096     0.00 minio           [MINIO]
00:03:40.264 APPLICATION  MINIO_OBJECT_GET              629     629     0.00 minio           [MINIO]
00:03:40.264 OS           OS_VFS_READ                   629    4096     0.00 minio           [MINIO]
00:03:40.264 APPLICATION  MINIO_OBJECT_PUT              629     629     0.00 minio           [MINIO]
00:03:40.264 OS           OS_VFS_WRITE                  629    4096     0.00 minio           [MINIO]
00:03:40.264 APPLICATION  MINIO_OBJECT_PUT              629     629     0.00 minio           [MINIO]
00:03:40.264 OS           OS_VFS_WRITE                  629    4096     0.00 minio           [MINIO]
00:03:40.264 FILESYSTEM   FS_SYNC                         0       0     0.00 minio           [META][MINIO]
00:03:40.264 FILESYSTEM   FS_SYNC                         0       0     0.00 minio           [META][MINIO]
00:03:40.264 DEVICE       DEV_BIO_SUBMIT               4096    4096     0.00 minio           [MINIO]
00:03:40.264 DEVICE       DEV_BIO_SUBMIT               4096    4096     0.00 minio           [MINIO]
00:03:40.264 DEVICE       DEV_BIO_COMPLETE             4096    4096    19.84                 
00:03:40.264 DEVICE       DEV_BIO_COMPLETE             4096    4096    21.65                 
00:03:40.265 APPLICATION  MINIO_OBJECT_PUT              629     629     0.00 minio           [MINIO]
00:03:40.265 APPLICATION  MINIO_OBJECT_PUT              629     629     0.00 minio           [MINIO]
00:03:40.265 OS           OS_VFS_WRITE                  629    4096     0.00 minio           [MINIO]
00:03:40.265 OS           OS_VFS_WRITE                  629    4096     0.00 minio           [MINIO]
00:03:40.265 FILESYSTEM   FS_SYNC                         0       0     0.00 minio           [META][MINIO]
00:03:40.265 FILESYSTEM   FS_SYNC                         0       0     0.00 minio           [META][MINIO]
00:03:40.265 DEVICE       DEV_BIO_SUBMIT               4096    4096     0.00 minio           [MINIO]
00:03:40.265 DEVICE       DEV_BIO_SUBMIT               4096    4096     0.00 minio           [MINIO]
00:03:40.265 DEVICE       DEV_BIO_COMPLETE             4096    4096    17.24                 
00:03:40.265 DEVICE       DEV_BIO_COMPLETE             4096    4096    17.62                 
00:03:40.266 STORAGE_SVC  MINIO_XL_META                   0       0     0.00 minio           [META][MINIO][XL.META]
    └─> File: /mnt/minio1/minio/.minio.sys/buckets/.usage-cache.bin.bkp/xl.meta
00:03:40.266 APPLICATION  MINIO_OBJECT_GET              629     629     0.00 minio           [MINIO]
00:03:40.266 OS           OS_VFS_READ                   629    4096     0.00 minio           [MINIO]
00:03:40.266 STORAGE_SVC  MINIO_XL_META                   0       0     0.00 minio           [META][MINIO][XL.META]
    └─> File: /mnt/minio2/minio/.minio.sys/buckets/.usage-cache.bin.bkp/xl.meta
00:03:40.266 APPLICATION  MINIO_OBJECT_GET              629     629     0.00 minio           [MINIO]
00:03:40.266 OS           OS_VFS_READ                   629    4096     0.00 minio           [MINIO]
00:03:40.266 APPLICATION  MINIO_OBJECT_PUT              629     629     0.00 minio           [MINIO]
00:03:40.266 OS           OS_VFS_WRITE                  629    4096     0.00 minio           [MINIO]
00:03:40.266 FILESYSTEM   FS_SYNC                         0       0     0.00 minio           [META][MINIO]
00:03:40.266 APPLICATION  MINIO_OBJECT_PUT              629     629     0.00 minio           [MINIO]
00:03:40.266 OS           OS_VFS_WRITE                  629    4096     0.00 minio           [MINIO]
00:03:40.266 FILESYSTEM   FS_SYNC                         0       0     0.00 minio           [META][MINIO]
00:03:40.266 DEVICE       DEV_BIO_SUBMIT               4096    4096     0.00 minio           [MINIO]
00:03:40.266 DEVICE       DEV_BIO_SUBMIT               4096    4096     0.00 minio           [MINIO]
00:03:40.266 DEVICE       DEV_BIO_COMPLETE             4096    4096    19.65                 
00:03:40.266 DEVICE       DEV_BIO_COMPLETE             4096    4096    12.12                 
00:03:40.266 APPLICATION  MINIO_OBJECT_PUT              629     629     0.00 minio           [MINIO]
00:03:40.266 OS           OS_VFS_WRITE                  629    4096     0.00 minio           [MINIO]
00:03:40.266 FILESYSTEM   FS_SYNC                         0       0     0.00 minio           [META][MINIO]
00:03:40.266 DEVICE       DEV_BIO_SUBMIT               4096    4096     0.00 minio           [MINIO]
00:03:40.266 APPLICATION  MINIO_OBJECT_PUT              629     629     0.00 minio           [MINIO]
00:03:40.266 OS           OS_VFS_WRITE                  629    4096     0.00 minio           [MINIO]
00:03:40.266 FILESYSTEM   FS_SYNC                         0       0     0.00 minio           [META][MINIO]
00:03:40.266 DEVICE       DEV_BIO_SUBMIT               4096    4096     0.00 minio           [MINIO]
00:03:40.266 DEVICE       DEV_BIO_COMPLETE             4096    4096    26.18                 
00:03:40.266 DEVICE       DEV_BIO_COMPLETE             4096    4096    10.92                 
00:03:40.267 STORAGE_SVC  MINIO_XL_META                   0       0     0.00 minio           [META][MINIO][XL.META]
    └─> File: /mnt/minio2/minio/.minio.sys/buckets/.bloomcycle.bin/xl.meta
00:03:40.267 STORAGE_SVC  MINIO_XL_META                   0       0     0.00 minio           [META][MINIO][XL.META]
    └─> File: /mnt/minio1/minio/.minio.sys/buckets/.bloomcycle.bin/xl.meta
00:03:40.267 APPLICATION  MINIO_OBJECT_GET              744     744     0.00 minio           [MINIO]
00:03:40.267 OS           OS_VFS_READ                   744    4096     0.00 minio           [MINIO]
00:03:40.267 APPLICATION  MINIO_OBJECT_GET              744     744     0.00 minio           [MINIO]
00:03:40.267 OS           OS_VFS_READ                   744    4096     0.00 minio           [MINIO]
00:03:40.267 STORAGE_SVC  MINIO_XL_META                   0       0     0.00 minio           [META][MINIO][XL.META]
    └─> File: /mnt/minio2/minio/.minio.sys/buckets/.usage.json/xl.meta
00:03:40.267 STORAGE_SVC  MINIO_XL_META                   0       0     0.00 minio           [META][MINIO][XL.META]
    └─> File: /mnt/minio1/minio/.minio.sys/buckets/.usage.json/xl.meta
00:03:40.267 APPLICATION  MINIO_OBJECT_GET             1510    1510     0.00 minio           [MINIO]
00:03:40.267 OS           OS_VFS_READ                  1510    4096     0.00 minio           [MINIO]
00:03:40.267 APPLICATION  MINIO_OBJECT_GET             1510    1510     0.00 minio           [MINIO]
00:03:40.267 OS           OS_VFS_READ                  1510    4096     0.00 minio           [MINIO]
00:03:40.267 STORAGE_SVC  MINIO_XL_META                   0       0     0.00 minio           [META][MINIO][XL.META]
    └─> File: /mnt/minio2/minio/.minio.sys/buckets/.bloomcycle.bin/xl.meta
00:03:40.267 STORAGE_SVC  MINIO_XL_META                   0       0     0.00 minio           [META][MINIO][XL.META]
    └─> File: /mnt/minio1/minio/.minio.sys/buckets/.bloomcycle.bin/xl.meta
00:03:40.267 APPLICATION  MINIO_OBJECT_GET              744     744     0.00 minio           [MINIO]
00:03:40.267 OS           OS_VFS_READ                   744    4096     0.00 minio           [MINIO]
00:03:40.267 APPLICATION  MINIO_OBJECT_GET              744     744     0.00 minio           [MINIO]
00:03:40.267 OS           OS_VFS_READ                   744    4096     0.00 minio           [MINIO]
00:03:40.267 STORAGE_SVC  MINIO_XL_META                   0       0     0.00 minio           [META][MINIO][XL.META]
    └─> File: /mnt/minio1/minio/.minio.sys/buckets/.usage.json/xl.meta
00:03:40.267 APPLICATION  MINIO_OBJECT_GET             1510    1510     0.00 minio           [MINIO]
00:03:40.267 OS           OS_VFS_READ                  1510    4096     0.00 minio           [MINIO]
00:03:40.267 APPLICATION  MINIO_OBJECT_PUT              744     744     0.00 minio           [MINIO]
00:03:40.267 OS           OS_VFS_WRITE                  744    4096     0.00 minio           [MINIO]
00:03:40.267 FILESYSTEM   FS_SYNC                         0       0     0.00 minio           [META][MINIO]
00:03:40.267 STORAGE_SVC  MINIO_XL_META                   0       0     0.00 minio           [META][MINIO][XL.META]
    └─> File: /mnt/minio2/minio/.minio.sys/buckets/.usage.json/xl.meta
00:03:40.267 APPLICATION  MINIO_OBJECT_GET             1510    1510     0.00 minio           [MINIO]
00:03:40.267 DEVICE       DEV_BIO_SUBMIT               4096    4096     0.00 minio           [MINIO]
00:03:40.267 OS           OS_VFS_READ                  1510    4096     0.00 minio           [MINIO]
00:03:40.267 APPLICATION  MINIO_OBJECT_PUT              744     744     0.00 minio           [MINIO]
00:03:40.267 OS           OS_VFS_WRITE                  744    4096     0.00 minio           [MINIO]
00:03:40.267 APPLICATION  MINIO_OBJECT_PUT             1510    1510     0.00 minio           [MINIO]
00:03:40.267 OS           OS_VFS_WRITE                 1510    4096     0.00 minio           [MINIO]
00:03:40.267 FILESYSTEM   FS_SYNC                         0       0     0.00 minio           [META][MINIO]
00:03:40.267 FILESYSTEM   FS_SYNC                         0       0     0.00 minio           [META][MINIO]
00:03:40.267 DEVICE       DEV_BIO_COMPLETE             4096    4096    15.74                 
00:03:40.267 DEVICE       DEV_BIO_SUBMIT               4096    4096     0.00 minio           [MINIO]
00:03:40.267 DEVICE       DEV_BIO_SUBMIT               4096    4096     0.00 minio           [MINIO]
00:03:40.267 DEVICE       DEV_BIO_COMPLETE             4096    4096    13.80                 
00:03:40.267 DEVICE       DEV_BIO_COMPLETE             4096    4096    15.20                 
00:03:40.267 APPLICATION  MINIO_OBJECT_PUT             1510    1510     0.00 minio           [MINIO]
00:03:40.267 OS           OS_VFS_WRITE                 1510    4096     0.00 minio           [MINIO]
00:03:40.267 FILESYSTEM   FS_SYNC                         0       0     0.00 minio           [META][MINIO]
00:03:40.267 DEVICE       DEV_BIO_SUBMIT               4096    4096     0.00 minio           [MINIO]
00:03:40.267 DEVICE       DEV_BIO_COMPLETE             4096    4096    11.05                 
00:03:40.268 APPLICATION  MINIO_OBJECT_PUT             1510    1510     0.00 minio           [MINIO]
00:03:40.268 OS           OS_VFS_WRITE                 1510    4096     0.00 minio           [MINIO]
00:03:40.268 FILESYSTEM   FS_SYNC                         0       0     0.00 minio           [META][MINIO]
00:03:40.268 DEVICE       DEV_BIO_SUBMIT               4096    4096     0.00 minio           [MINIO]
00:03:40.268 DEVICE       DEV_BIO_COMPLETE             4096    4096    14.01                 
00:03:40.268 APPLICATION  MINIO_OBJECT_PUT              744     744     0.00 minio           [MINIO]
00:03:40.268 OS           OS_VFS_WRITE                  744    4096     0.00 minio           [MINIO]
00:03:40.268 FILESYSTEM   FS_SYNC                         0       0     0.00 minio           [META][MINIO]
00:03:40.268 DEVICE       DEV_BIO_SUBMIT               4096    4096     0.00 minio           [MINIO]
00:03:40.268 APPLICATION  MINIO_OBJECT_PUT              744     744     0.00 minio           [MINIO]
00:03:40.268 OS           OS_VFS_WRITE                  744    4096     0.00 minio           [MINIO]
00:03:40.268 FILESYSTEM   FS_SYNC                         0       0     0.00 minio           [META][MINIO]
00:03:40.268 DEVICE       DEV_BIO_SUBMIT               4096    4096     0.00 minio           [MINIO]
00:03:40.268 DEVICE       DEV_BIO_COMPLETE             4096    4096    14.41                 
00:03:40.268 DEVICE       DEV_BIO_COMPLETE             4096    4096     8.63                 
00:03:40.268 APPLICATION  MINIO_OBJECT_PUT             1510    1510     0.00 minio           [MINIO]
00:03:40.268 OS           OS_VFS_WRITE                 1510    4096     0.00 minio           [MINIO]
00:03:40.268 FILESYSTEM   FS_SYNC                         0       0     0.00 minio           [META][MINIO]
00:03:40.268 DEVICE       DEV_BIO_SUBMIT               4096    4096     0.00 minio           [MINIO]
00:03:40.268 DEVICE       DEV_BIO_COMPLETE             4096    4096    26.16                 
00:03:41.566 APPLICATION  MINIO_OBJECT_PUT                8       8     0.00 minio           [MINIO]
00:03:41.566 OS           OS_VFS_WRITE                    8    4096     0.00 minio           [MINIO]
00:03:41.566 APPLICATION  MINIO_OBJECT_GET                8       8     0.00 minio           [MINIO]
00:03:41.566 OS           OS_VFS_READ                     8    4096     0.00 minio           [MINIO]
00:03:41.580 APPLICATION  MINIO_OBJECT_PUT                8       8     0.00 minio           [MINIO]
00:03:41.580 OS           OS_VFS_WRITE                    8    4096     0.00 minio           [MINIO]
00:03:41.580 APPLICATION  MINIO_OBJECT_GET                8       8     0.00 minio           [MINIO]
00:03:41.580 OS           OS_VFS_READ                     8    4096     0.00 minio           [MINIO]
00:03:42.709 APPLICATION  MINIO_OBJECT_GET             4096    4096     0.00 minio           [MINIO]
00:03:42.709 OS           OS_VFS_READ                  4096    4096     0.00 minio           [MINIO]
00:03:42.710 APPLICATION  MINIO_OBJECT_GET                1       1     0.00 minio           [MINIO]
00:03:42.710 OS           OS_VFS_READ                     1    4096     0.00 minio           [MINIO]
00:03:42.710 STORAGE_SVC  MINIO_XL_META                   0       0     0.00 minio           [META][MINIO][XL.META]
    └─> File: /mnt/minio2/minio/public/rw_test_100B/test.dat/xl.meta
00:03:42.710 APPLICATION  MINIO_OBJECT_GET              558     558     0.00 minio           [MINIO]
00:03:42.710 OS           OS_VFS_READ                   558    4096     0.00 minio           [MINIO]
00:03:42.710 STORAGE_SVC  MINIO_XL_META                   0       0     0.00 minio           [META][MINIO][XL.META]
    └─> File: /mnt/minio1/minio/public/rw_test_100B/test.dat/xl.meta
00:03:42.710 APPLICATION  MINIO_OBJECT_GET              558     558     0.00 minio           [MINIO]
00:03:42.710 OS           OS_VFS_READ                   558    4096     0.00 minio           [MINIO]
00:03:42.710 APPLICATION  MINIO_OBJECT_PUT              572     572     0.00 minio           [MINIO]
00:03:42.710 OS           OS_VFS_WRITE                  572    4096     0.00 minio           [MINIO]
00:03:42.710 APPLICATION  MINIO_OBJECT_GET             4096    4096     0.00 minio           [MINIO]
00:03:42.710 OS           OS_VFS_READ                  4096    4096     0.00 minio           [MINIO]
00:03:42.712 APPLICATION  MINIO_OBJECT_GET             4096    4096     0.00 minio           [MINIO]
00:03:42.713 OS           OS_VFS_READ                  4096    4096     0.00 minio           [MINIO]
00:03:42.713 APPLICATION  MINIO_OBJECT_GET                1       1     0.00 minio           [MINIO]
00:03:42.713 OS           OS_VFS_READ                     1    4096     0.00 minio           [MINIO]
00:03:42.713 STORAGE_SVC  MINIO_XL_META                   0       0     0.00 minio           [META][MINIO][XL.META]
    └─> File: /mnt/minio2/minio/public/rw_test_100B/test.dat/xl.meta
00:03:42.713 STORAGE_SVC  MINIO_XL_META                   0       0     0.00 minio           [META][MINIO][XL.META]
    └─> File: /mnt/minio1/minio/public/rw_test_100B/test.dat/xl.meta
00:03:42.713 APPLICATION  MINIO_OBJECT_GET              558     558     0.00 minio           [MINIO]
00:03:42.713 OS           OS_VFS_READ                   558    4096     0.00 minio           [MINIO]
00:03:42.713 APPLICATION  MINIO_OBJECT_GET              558     558     0.00 minio           [MINIO]
00:03:42.713 OS           OS_VFS_READ                   558    4096     0.00 minio           [MINIO]
00:03:42.713 APPLICATION  MINIO_OBJECT_PUT              746     746     0.00 minio           [MINIO]
00:03:42.713 OS           OS_VFS_WRITE                  746    4096     0.00 minio           [MINIO]
00:03:42.713 APPLICATION  MINIO_OBJECT_GET             4096    4096     0.00 minio           [MINIO]
00:03:42.713 OS           OS_VFS_READ                  4096    4096     0.00 minio           [MINIO]
00:03:42.714 APPLICATION  MINIO_OBJECT_GET             4096    4096     0.00 minio           [MINIO]
00:03:42.714 OS           OS_VFS_READ                  4096    4096     0.00 minio           [MINIO]
00:03:42.714 APPLICATION  MINIO_OBJECT_GET             4096    4096     0.00 minio           [MINIO]
00:03:42.714 OS           OS_VFS_READ                  4096    4096     0.00 minio           [MINIO]
00:03:43.567 APPLICATION  MINIO_OBJECT_PUT                8       8     0.00 minio           [MINIO]
00:03:43.567 OS           OS_VFS_WRITE                    8    4096     0.00 minio           [MINIO]
00:03:43.567 APPLICATION  MINIO_OBJECT_GET                8       8     0.00 minio           [MINIO]
00:03:43.567 OS           OS_VFS_READ                     8    4096     0.00 minio           [MINIO]
00:03:43.580 APPLICATION  MINIO_OBJECT_PUT                8       8     0.00 minio           [MINIO]
00:03:43.580 OS           OS_VFS_WRITE                    8    4096     0.00 minio           [MINIO]
00:03:43.580 APPLICATION  MINIO_OBJECT_GET                8       8     0.00 minio           [MINIO]
00:03:43.580 OS           OS_VFS_READ                     8    4096     0.00 minio           [MINIO]
00:03:44.004 APPLICATION  MINIO_OBJECT_PUT                8       8     0.00 minio           [MINIO]
00:03:44.004 OS           OS_VFS_WRITE                    8    4096     0.00 minio           [MINIO]
00:03:44.004 APPLICATION  MINIO_OBJECT_GET                8       8     0.00 minio           [MINIO]
00:03:44.004 OS           OS_VFS_READ                     8    4096     0.00 minio           [MINIO]
00:03:45.568 APPLICATION  MINIO_OBJECT_PUT                8       8     0.00 minio           [MINIO]
00:03:45.568 OS           OS_VFS_WRITE                    8    4096     0.00 minio           [MINIO]
00:03:45.568 APPLICATION  MINIO_OBJECT_GET                8       8     0.00 minio           [MINIO]
00:03:45.568 OS           OS_VFS_READ                     8    4096     0.00 minio           [MINIO]

=== Tracer interrupted, generating summary ===

========================================
    I/O AMPLIFICATION ANALYSIS
========================================

Per-Layer Statistics:
LAYER               EVENTS      BYTES    ALIGNED     META     JRNL    CACHE AMP_FACTOR
----------------------------------------------------------------------
APPLICATION            106      80843      80843        0        0        0       0.00x
  └─> MinIO:           106      80843          -        0        -        -          -
STORAGE_SVC             33          0          0       33        0        0       0.00x
  └─> MinIO:            33          0          -       33        -        -          -
OS                     106      80843     434176        0        0        0       5.37x
  └─> MinIO:           106      80843          -        0        -        -          -
FILESYSTEM              25          0          0       25        0        0       0.00x
  └─> MinIO:            25          0          -        0        -        -          -
DEVICE                  50     204800     204800        0        0        0       2.53x
  └─> MinIO:            25     102400          -        0        -        -          -

Amplification Breakdown:
----------------------------------------------------------------------
Original application I/O:          80843 bytes
After OS/page cache alignment:    434176 bytes (5.37x amplification)
Final device layer I/O:           204800 bytes (2.53x amplification)

*** TOTAL AMPLIFICATION: 2.53x ***
    204800 bytes written for 80843 bytes requested


Per-Request Amplification (Top 10):
REQUEST_ID            APP  STORAGE       OS       FS   DEVICE    TOTAL    AMP   MinIO
-----------------------------------------------------------------------------
000039dc7ef40fe7     2049        0     4096        0     4096     4096   2.00x     Yes
000039dc7f820e8c     2049        0     4096        0        0     4096   2.00x     Yes
0000341f9a18c2f2        8        0     4096        0        0     4096 512.00x     Yes
000034159a191e54        8        0     4096        0        0     4096 512.00x     Yes
0000341fbb497af7        8        0     4096        0        0     4096 512.00x     Yes
00003415bb49d3d8        8        0     4096        0        0     4096 512.00x     Yes
000039dcbc17fc36        8        0     4096        0        0     4096 512.00x     Yes
00003415bc185548        8        0     4096        0        0     4096 512.00x     Yes
000039dcd994e578        8        0     4096        0        0     4096 512.00x     Yes
00003415d9953e45        8        0     4096        0        0     4096 512.00x     Yes

========================================
       MinIO-SPECIFIC ANALYSIS
========================================

MinIO Operation Statistics:
-------------------------------------------
Objects Written:                   48
Objects Read:                      58
XL Metadata Operations:            33
Erasure Blocks Written:             0
Multipart Uploads:                  0

MinIO Data Breakdown:
-------------------------------------------
Data Bytes:                     28711
Metadata Bytes:                     0
Metadata Overhead:              0.00%

MinIO I/O Pattern Analysis:
-------------------------------------------
APPLICATION    :      106 events,      80843 bytes
STORAGE_SVC    :       33 events,          0 bytes
  └─> XL.META operations: 33
OS             :      106 events,      80843 bytes
FILESYSTEM     :       25 events,          0 bytes
DEVICE         :       25 events,     102400 bytes

*** MinIO Total I/O Amplification: 9.20x ***

========================================
    I/O AMPLIFICATION ANALYSIS
========================================

Per-Layer Statistics:
LAYER               EVENTS      BYTES    ALIGNED     META     JRNL    CACHE AMP_FACTOR
----------------------------------------------------------------------
APPLICATION            106      80843      80843        0        0        0       0.00x
  └─> MinIO:           106      80843          -        0        -        -          -
STORAGE_SVC             33          0          0       33        0        0       0.00x
  └─> MinIO:            33          0          -       33        -        -          -
OS                     106      80843     434176        0        0        0       5.37x
  └─> MinIO:           106      80843          -        0        -        -          -
FILESYSTEM              25          0          0       25        0        0       0.00x
  └─> MinIO:            25          0          -        0        -        -          -
DEVICE                  50     204800     204800        0        0        0       2.53x
  └─> MinIO:            25     102400          -        0        -        -          -

Amplification Breakdown:
----------------------------------------------------------------------
Original application I/O:          80843 bytes
After OS/page cache alignment:    434176 bytes (5.37x amplification)
Final device layer I/O:           204800 bytes (2.53x amplification)

*** TOTAL AMPLIFICATION: 2.53x ***
    204800 bytes written for 80843 bytes requested


Per-Request Amplification (Top 10):
REQUEST_ID            APP  STORAGE       OS       FS   DEVICE    TOTAL    AMP   MinIO
-----------------------------------------------------------------------------
000039dc7ef40fe7     2049        0     4096        0     4096     4096   2.00x     Yes
000039dc7f820e8c     2049        0     4096        0        0     4096   2.00x     Yes
0000341f9a18c2f2        8        0     4096        0        0     4096 512.00x     Yes
000034159a191e54        8        0     4096        0        0     4096 512.00x     Yes
0000341fbb497af7        8        0     4096        0        0     4096 512.00x     Yes
00003415bb49d3d8        8        0     4096        0        0     4096 512.00x     Yes
000039dcbc17fc36        8        0     4096        0        0     4096 512.00x     Yes
00003415bc185548        8        0     4096        0        0     4096 512.00x     Yes
000039dcd994e578        8        0     4096        0        0     4096 512.00x     Yes
00003415d9953e45        8        0     4096        0        0     4096 512.00x     Yes

========================================
       MinIO-SPECIFIC ANALYSIS
========================================

MinIO Operation Statistics:
-------------------------------------------
Objects Written:                   48
Objects Read:                      58
XL Metadata Operations:            33
Erasure Blocks Written:             0
Multipart Uploads:                  0

MinIO Data Breakdown:
-------------------------------------------
Data Bytes:                     28711
Metadata Bytes:                     0
Metadata Overhead:              0.00%

MinIO I/O Pattern Analysis:
-------------------------------------------
APPLICATION    :      106 events,      80843 bytes
STORAGE_SVC    :       33 events,          0 bytes
  └─> XL.META operations: 33
OS             :      106 events,      80843 bytes
FILESYSTEM     :       25 events,          0 bytes
DEVICE         :       25 events,     102400 bytes

*** MinIO Total I/O Amplification: 9.20x ***
