Multi-layer I/O tracer started!
Tracing layers: Application, Storage Service, OS, Filesystem, Device
MinIO-only mode enabled
Request correlation mode enabled
MinIO tracing configured:
  Mode: Name
  Trace Erasure: Yes
  Trace Metadata: Yes
TIME             LAYER        EVENT                        SIZE ALIGNED LAT(μs) COMM            FLAGS
========================================================================
>>> TRACING MINIO PROCESSES ONLY <<<
========================================================================
00:04:04.397 APPLICATION  MINIO_OBJECT_PUT             2049    2049     0.00 minio           [MINIO]
00:04:04.397 OS           OS_VFS_WRITE                 2049    4096     0.00 minio           [MINIO]
00:04:04.397 FILESYSTEM   FS_SYNC                         0       0     0.00 minio           [META][MINIO]
00:04:04.397 DEVICE       DEV_BIO_SUBMIT               4096    4096     0.00 minio           [MINIO]
00:04:04.406 DEVICE       DEV_BIO_COMPLETE             4096    4096  8033.81                 
00:04:04.407 APPLICATION  MINIO_OBJECT_GET             2049    2049     0.00 minio           [MINIO]
00:04:04.407 OS           OS_VFS_READ                  2049    4096     0.00 minio           [MINIO]
00:04:04.427 APPLICATION  MINIO_OBJECT_PUT             2049    2049     0.00 minio           [MINIO]
00:04:04.427 OS           OS_VFS_WRITE                 2049    4096     0.00 minio           [MINIO]
00:04:04.427 FILESYSTEM   FS_SYNC                         0       0     0.00 minio           [META][MINIO]
00:04:04.427 DEVICE       DEV_BIO_SUBMIT               4096    4096     0.00 minio           [MINIO]
00:04:04.434 DEVICE       DEV_BIO_COMPLETE             4096    4096  6833.87                 
00:04:04.435 APPLICATION  MINIO_OBJECT_GET             2049    2049     0.00 minio           [MINIO]
00:04:04.435 OS           OS_VFS_READ                  2049    4096     0.00 minio           [MINIO]
00:04:05.566 APPLICATION  MINIO_OBJECT_PUT                8       8     0.00 minio           [MINIO]
00:04:05.566 OS           OS_VFS_WRITE                    8    4096     0.00 minio           [MINIO]
00:04:05.566 APPLICATION  MINIO_OBJECT_GET                8       8     0.00 minio           [MINIO]
00:04:05.566 OS           OS_VFS_READ                     8    4096     0.00 minio           [MINIO]
00:04:06.076 APPLICATION  MINIO_OBJECT_PUT                8       8     0.00 minio           [MINIO]
00:04:06.076 OS           OS_VFS_WRITE                    8    4096     0.00 minio           [MINIO]
00:04:06.076 APPLICATION  MINIO_OBJECT_GET                8       8     0.00 minio           [MINIO]
00:04:06.076 OS           OS_VFS_READ                     8    4096     0.00 minio           [MINIO]
00:04:06.077 APPLICATION  MINIO_OBJECT_PUT                8       8     0.00 minio           [MINIO]
00:04:06.077 OS           OS_VFS_WRITE                    8    4096     0.00 minio           [MINIO]
00:04:06.077 APPLICATION  MINIO_OBJECT_GET                8       8     0.00 minio           [MINIO]
00:04:06.077 OS           OS_VFS_READ                     8    4096     0.00 minio           [MINIO]
00:04:09.008 APPLICATION  MINIO_OBJECT_PUT                8       8     0.00 minio           [MINIO]
00:04:09.008 OS           OS_VFS_WRITE                    8    4096     0.00 minio           [MINIO]
00:04:09.008 APPLICATION  MINIO_OBJECT_GET                8       8     0.00 minio           [MINIO]
00:04:09.008 OS           OS_VFS_READ                     8    4096     0.00 minio           [MINIO]
00:04:09.580 APPLICATION  MINIO_OBJECT_PUT                8       8     0.00 minio           [MINIO]
00:04:09.580 OS           OS_VFS_WRITE                    8    4096     0.00 minio           [MINIO]
00:04:09.580 APPLICATION  MINIO_OBJECT_GET                8       8     0.00 minio           [MINIO]
00:04:09.580 OS           OS_VFS_READ                     8    4096     0.00 minio           [MINIO]
00:04:11.567 APPLICATION  MINIO_OBJECT_PUT                8       8     0.00 minio           [MINIO]
00:04:11.567 OS           OS_VFS_WRITE                    8    4096     0.00 minio           [MINIO]
00:04:11.567 APPLICATION  MINIO_OBJECT_GET                8       8     0.00 minio           [MINIO]
00:04:11.567 OS           OS_VFS_READ                     8    4096     0.00 minio           [MINIO]
00:04:11.581 APPLICATION  MINIO_OBJECT_PUT                8       8     0.00 minio           [MINIO]
00:04:11.581 OS           OS_VFS_WRITE                    8    4096     0.00 minio           [MINIO]
00:04:11.581 APPLICATION  MINIO_OBJECT_GET                8       8     0.00 minio           [MINIO]
00:04:11.581 OS           OS_VFS_READ                     8    4096     0.00 minio           [MINIO]
00:04:12.347 APPLICATION  MINIO_OBJECT_GET             4096    4096     0.00 minio           [MINIO]
00:04:12.347 OS           OS_VFS_READ                  4096    4096     0.00 minio           [MINIO]
00:04:12.347 APPLICATION  MINIO_OBJECT_GET                1       1     0.00 minio           [MINIO]
00:04:12.347 OS           OS_VFS_READ                     1    4096     0.00 minio           [MINIO]
00:04:12.347 STORAGE_SVC  MINIO_XL_META                   0       0     0.00 minio           [META][MINIO][XL.META]
    └─> File: /mnt/minio2/minio/public/rw_test_10KB/test.dat/xl.meta
00:04:12.347 APPLICATION  MINIO_OBJECT_GET             4096    4096     0.00 minio           [MINIO]
00:04:12.347 OS           OS_VFS_READ                  4096    4096     0.00 minio           [MINIO]
00:04:12.347 STORAGE_SVC  MINIO_XL_META                   0       0     0.00 minio           [META][MINIO][XL.META]
    └─> File: /mnt/minio1/minio/public/rw_test_10KB/test.dat/xl.meta
00:04:12.347 APPLICATION  MINIO_OBJECT_GET             4096    4096     0.00 minio           [MINIO]
00:04:12.347 OS           OS_VFS_READ                  4096    4096     0.00 minio           [MINIO]
00:04:12.347 APPLICATION  MINIO_OBJECT_PUT              574     574     0.00 minio           [MINIO]
00:04:12.347 OS           OS_VFS_WRITE                  574    4096     0.00 minio           [MINIO]
00:04:12.347 APPLICATION  MINIO_OBJECT_GET             4096    4096     0.00 minio           [MINIO]
00:04:12.347 OS           OS_VFS_READ                  4096    4096     0.00 minio           [MINIO]
00:04:12.350 APPLICATION  MINIO_OBJECT_GET             4096    4096     0.00 minio           [MINIO]
00:04:12.350 OS           OS_VFS_READ                  4096    4096     0.00 minio           [MINIO]
00:04:12.350 APPLICATION  MINIO_OBJECT_GET                1       1     0.00 minio           [MINIO]
00:04:12.350 OS           OS_VFS_READ                     1    4096     0.00 minio           [MINIO]
00:04:12.350 STORAGE_SVC  MINIO_XL_META                   0       0     0.00 minio           [META][MINIO][XL.META]
    └─> File: /mnt/minio2/minio/public/rw_test_10KB/test.dat/xl.meta
00:04:12.350 STORAGE_SVC  MINIO_XL_META                   0       0     0.00 minio           [META][MINIO][XL.META]
    └─> File: /mnt/minio1/minio/public/rw_test_10KB/test.dat/xl.meta
00:04:12.350 APPLICATION  MINIO_OBJECT_GET            10705   10705     0.00 minio           [MINIO]
00:04:12.350 OS           OS_VFS_READ                 10705   12288     0.00 minio           [MINIO]
00:04:12.350 APPLICATION  MINIO_OBJECT_GET            10705   10705     0.00 minio           [MINIO]
00:04:12.350 OS           OS_VFS_READ                 10705   12288     0.00 minio           [MINIO]
00:04:12.350 APPLICATION  MINIO_OBJECT_PUT             4096    4096     0.00 minio           [MINIO]
00:04:12.350 OS           OS_VFS_WRITE                 4096    4096     0.00 minio           [MINIO]
00:04:12.350 APPLICATION  MINIO_OBJECT_PUT             6792    6792     0.00 minio           [MINIO]
00:04:12.350 OS           OS_VFS_WRITE                 6792    8192     0.00 minio           [MINIO]
00:04:12.350 APPLICATION  MINIO_OBJECT_GET             4096    4096     0.00 minio           [MINIO]
00:04:12.350 OS           OS_VFS_READ                  4096    4096     0.00 minio           [MINIO]
00:04:12.351 APPLICATION  MINIO_OBJECT_GET             4096    4096     0.00 minio           [MINIO]
00:04:12.351 OS           OS_VFS_READ                  4096    4096     0.00 minio           [MINIO]
00:04:12.351 APPLICATION  MINIO_OBJECT_GET             4096    4096     0.00 minio           [MINIO]
00:04:12.351 OS           OS_VFS_READ                  4096    4096     0.00 minio           [MINIO]
00:04:13.566 APPLICATION  MINIO_OBJECT_PUT                8       8     0.00 minio           [MINIO]
00:04:13.566 OS           OS_VFS_WRITE                    8    4096     0.00 minio           [MINIO]
00:04:13.566 APPLICATION  MINIO_OBJECT_GET                8       8     0.00 minio           [MINIO]
00:04:13.566 OS           OS_VFS_READ                     8    4096     0.00 minio           [MINIO]
00:04:13.581 APPLICATION  MINIO_OBJECT_PUT                8       8     0.00 minio           [MINIO]
00:04:13.581 OS           OS_VFS_WRITE                    8    4096     0.00 minio           [MINIO]
00:04:13.581 APPLICATION  MINIO_OBJECT_GET                8       8     0.00 minio           [MINIO]
00:04:13.581 OS           OS_VFS_READ                     8    4096     0.00 minio           [MINIO]

=== Tracer interrupted, generating summary ===

========================================
    I/O AMPLIFICATION ANALYSIS
========================================

Per-Layer Statistics:
LAYER               EVENTS      BYTES    ALIGNED     META     JRNL    CACHE AMP_FACTOR
----------------------------------------------------------------------
APPLICATION             37      73982      73982        0        0        0       0.00x
  └─> MinIO:            37      73982          -        0        -        -          -
STORAGE_SVC              4          0          0        4        0        0       0.00x
  └─> MinIO:             4          0          -        4        -        -          -
OS                      37      73982     172032        0        0        0       2.33x
  └─> MinIO:            37      73982          -        0        -        -          -
FILESYSTEM               2          0          0        2        0        0       0.00x
  └─> MinIO:             2          0          -        0        -        -          -
DEVICE                   4      16384      16384        0        0        0       0.22x
  └─> MinIO:             2       8192          -        0        -        -          -

Amplification Breakdown:
----------------------------------------------------------------------
Original application I/O:          73982 bytes
After OS/page cache alignment:    172032 bytes (2.33x amplification)
Final device layer I/O:            16384 bytes (0.22x amplification)

*** TOTAL AMPLIFICATION: 0.22x ***
    16384 bytes written for 73982 bytes requested


Per-Request Amplification (Top 10):
REQUEST_ID            APP  STORAGE       OS       FS   DEVICE    TOTAL    AMP   MinIO
-----------------------------------------------------------------------------
000039e071b8a20b     2049        0     4096        0     4096     4096   2.00x     Yes
000039e0724556d0     2049        0     4096        0        0     4096   2.00x     Yes
00003415737a9714     2049        0     4096        0     4096     4096   2.00x     Yes
0000341573ef9700     2049        0     4096        0        0     4096   2.00x     Yes
000039dcb761d02b        8        0     4096        0        0     4096 512.00x     Yes
000039e0b762293e        8        0     4096        0        0     4096 512.00x     Yes
00003415d5c7a385        8        0     4096        0        0     4096 512.00x     Yes
000039e0d5c7d90f        8        0     4096        0        0     4096 512.00x     Yes
00003415d5d82fb9        8        0     4096        0        0     4096 512.00x     Yes
000039e0d5d84daa        8        0     4096        0        0     4096 512.00x     Yes

========================================
       MinIO-SPECIFIC ANALYSIS
========================================

MinIO Operation Statistics:
-------------------------------------------
Objects Written:                   14
Objects Read:                      23
XL Metadata Operations:             4
Erasure Blocks Written:             0
Multipart Uploads:                  0

MinIO Data Breakdown:
-------------------------------------------
Data Bytes:                     15632
Metadata Bytes:                     0
Metadata Overhead:              0.00%

MinIO I/O Pattern Analysis:
-------------------------------------------
APPLICATION    :       37 events,      73982 bytes
STORAGE_SVC    :        4 events,          0 bytes
  └─> XL.META operations: 4
OS             :       37 events,      73982 bytes
FILESYSTEM     :        2 events,          0 bytes
DEVICE         :        2 events,       8192 bytes

*** MinIO Total I/O Amplification: 9.99x ***

========================================
    I/O AMPLIFICATION ANALYSIS
========================================

Per-Layer Statistics:
LAYER               EVENTS      BYTES    ALIGNED     META     JRNL    CACHE AMP_FACTOR
----------------------------------------------------------------------
APPLICATION             37      73982      73982        0        0        0       0.00x
  └─> MinIO:            37      73982          -        0        -        -          -
STORAGE_SVC              4          0          0        4        0        0       0.00x
  └─> MinIO:             4          0          -        4        -        -          -
OS                      37      73982     172032        0        0        0       2.33x
  └─> MinIO:            37      73982          -        0        -        -          -
FILESYSTEM               2          0          0        2        0        0       0.00x
  └─> MinIO:             2          0          -        0        -        -          -
DEVICE                   4      16384      16384        0        0        0       0.22x
  └─> MinIO:             2       8192          -        0        -        -          -

Amplification Breakdown:
----------------------------------------------------------------------
Original application I/O:          73982 bytes
After OS/page cache alignment:    172032 bytes (2.33x amplification)
Final device layer I/O:            16384 bytes (0.22x amplification)

*** TOTAL AMPLIFICATION: 0.22x ***
    16384 bytes written for 73982 bytes requested


Per-Request Amplification (Top 10):
REQUEST_ID            APP  STORAGE       OS       FS   DEVICE    TOTAL    AMP   MinIO
-----------------------------------------------------------------------------
000039e071b8a20b     2049        0     4096        0     4096     4096   2.00x     Yes
000039e0724556d0     2049        0     4096        0        0     4096   2.00x     Yes
00003415737a9714     2049        0     4096        0     4096     4096   2.00x     Yes
0000341573ef9700     2049        0     4096        0        0     4096   2.00x     Yes
000039dcb761d02b        8        0     4096        0        0     4096 512.00x     Yes
000039e0b762293e        8        0     4096        0        0     4096 512.00x     Yes
00003415d5c7a385        8        0     4096        0        0     4096 512.00x     Yes
000039e0d5c7d90f        8        0     4096        0        0     4096 512.00x     Yes
00003415d5d82fb9        8        0     4096        0        0     4096 512.00x     Yes
000039e0d5d84daa        8        0     4096        0        0     4096 512.00x     Yes

========================================
       MinIO-SPECIFIC ANALYSIS
========================================

MinIO Operation Statistics:
-------------------------------------------
Objects Written:                   14
Objects Read:                      23
XL Metadata Operations:             4
Erasure Blocks Written:             0
Multipart Uploads:                  0

MinIO Data Breakdown:
-------------------------------------------
Data Bytes:                     15632
Metadata Bytes:                     0
Metadata Overhead:              0.00%

MinIO I/O Pattern Analysis:
-------------------------------------------
APPLICATION    :       37 events,      73982 bytes
STORAGE_SVC    :        4 events,          0 bytes
  └─> XL.META operations: 4
OS             :       37 events,      73982 bytes
FILESYSTEM     :        2 events,          0 bytes
DEVICE         :        2 events,       8192 bytes

*** MinIO Total I/O Amplification: 9.99x ***
