Multi-layer I/O tracer started!
Tracing layers: Application, Storage Service, OS, Filesystem, Device
MinIO-only mode enabled
Request correlation mode enabled
MinIO tracing configured:
  Mode: Name
  Trace Erasure: Yes
  Trace Metadata: Yes
TIME             LAYER        EVENT                        SIZE ALIGNED LAT(μs) COMM            FLAGS
========================================================================
>>> TRACING MINIO PROCESSES ONLY <<<
========================================================================
00:04:48.578 APPLICATION  MINIO_OBJECT_PUT                8       8     0.00 minio           [MINIO]
00:04:48.578 OS           OS_VFS_WRITE                    8    4096     0.00 minio           [MINIO]
00:04:48.578 APPLICATION  MINIO_OBJECT_GET                8       8     0.00 minio           [MINIO]
00:04:48.578 OS           OS_VFS_READ                     8    4096     0.00 minio           [MINIO]
00:04:49.013 APPLICATION  MINIO_OBJECT_PUT                8       8     0.00 minio           [MINIO]
00:04:49.013 OS           OS_VFS_WRITE                    8    4096     0.00 minio           [MINIO]
00:04:49.013 APPLICATION  MINIO_OBJECT_GET                8       8     0.00 minio           [MINIO]
00:04:49.013 OS           OS_VFS_READ                     8    4096     0.00 minio           [MINIO]
00:04:49.097 APPLICATION  MINIO_OBJECT_GET             4096    4096     0.00 minio           [MINIO]
00:04:49.097 OS           OS_VFS_READ                  4096    4096     0.00 minio           [MINIO]
00:04:49.097 APPLICATION  MINIO_OBJECT_GET             4096    4096     0.00 minio           [MINIO]
00:04:49.097 OS           OS_VFS_READ                  4096    4096     0.00 minio           [MINIO]
00:04:49.097 APPLICATION  MINIO_OBJECT_GET             4096    4096     0.00 minio           [MINIO]
00:04:49.097 OS           OS_VFS_READ                  4096    4096     0.00 minio           [MINIO]
00:04:49.097 APPLICATION  MINIO_OBJECT_GET             3262    3262     0.00 minio           [MINIO]
00:04:49.097 OS           OS_VFS_READ                  3262    4096     0.00 minio           [MINIO]
00:04:49.097 APPLICATION  MINIO_OBJECT_GET             4096    4096     0.00 minio           [MINIO]
00:04:49.097 OS           OS_VFS_READ                  4096    4096     0.00 minio           [MINIO]
00:04:49.097 APPLICATION  MINIO_OBJECT_GET             4096    4096     0.00 minio           [MINIO]
00:04:49.097 OS           OS_VFS_READ                  4096    4096     0.00 minio           [MINIO]
00:04:49.097 APPLICATION  MINIO_OBJECT_GET             4096    4096     0.00 minio           [MINIO]
00:04:49.097 OS           OS_VFS_READ                  4096    4096     0.00 minio           [MINIO]
00:04:49.097 APPLICATION  MINIO_OBJECT_GET             4096    4096     0.00 minio           [MINIO]
00:04:49.097 OS           OS_VFS_READ                  4096    4096     0.00 minio           [MINIO]
00:04:49.097 APPLICATION  MINIO_OBJECT_GET             4096    4096     0.00 minio           [MINIO]
00:04:49.097 OS           OS_VFS_READ                  4096    4096     0.00 minio           [MINIO]
00:04:49.097 APPLICATION  MINIO_OBJECT_GET             4048    4048     0.00 minio           [MINIO]
00:04:49.097 OS           OS_VFS_READ                  4048    4096     0.00 minio           [MINIO]
00:04:49.097 APPLICATION  MINIO_OBJECT_GET             4096    4096     0.00 minio           [MINIO]
00:04:49.097 OS           OS_VFS_READ                  4096    4096     0.00 minio           [MINIO]
00:04:49.097 APPLICATION  MINIO_OBJECT_GET             4096    4096     0.00 minio           [MINIO]
00:04:49.097 OS           OS_VFS_READ                  4096    4096     0.00 minio           [MINIO]
00:04:49.097 APPLICATION  MINIO_OBJECT_GET             4096    4096     0.00 minio           [MINIO]
00:04:49.097 OS           OS_VFS_READ                  4096    4096     0.00 minio           [MINIO]
00:04:49.097 APPLICATION  MINIO_OBJECT_GET             4096    4096     0.00 minio           [MINIO]
00:04:49.097 OS           OS_VFS_READ                  4096    4096     0.00 minio           [MINIO]
00:04:49.097 APPLICATION  MINIO_OBJECT_GET             4096    4096     0.00 minio           [MINIO]
00:04:49.097 OS           OS_VFS_READ                  4096    4096     0.00 minio           [MINIO]
00:04:49.097 APPLICATION  MINIO_OBJECT_GET             4096    4096     0.00 minio           [MINIO]
00:04:49.097 OS           OS_VFS_READ                  4096    4096     0.00 minio           [MINIO]
00:04:49.097 APPLICATION  MINIO_OBJECT_GET             4096    4096     0.00 minio           [MINIO]
00:04:49.097 OS           OS_VFS_READ                  4096    4096     0.00 minio           [MINIO]
00:04:49.097 APPLICATION  MINIO_OBJECT_GET             4096    4096     0.00 minio           [MINIO]
00:04:49.097 OS           OS_VFS_READ                  4096    4096     0.00 minio           [MINIO]
00:04:49.097 APPLICATION  MINIO_OBJECT_GET              512     512     0.00 minio           [MINIO]
00:04:49.097 OS           OS_VFS_READ                   512    4096     0.00 minio           [MINIO]
00:04:49.097 APPLICATION  MINIO_OBJECT_GET              485     485     0.00 minio           [MINIO]
00:04:49.097 OS           OS_VFS_READ                   485    4096     0.00 minio           [MINIO]
00:04:49.567 APPLICATION  MINIO_OBJECT_PUT                8       8     0.00 minio           [MINIO]
00:04:49.567 OS           OS_VFS_WRITE                    8    4096     0.00 minio           [MINIO]
00:04:49.567 APPLICATION  MINIO_OBJECT_GET                8       8     0.00 minio           [MINIO]
00:04:49.567 OS           OS_VFS_READ                     8    4096     0.00 minio           [MINIO]
00:04:51.567 APPLICATION  MINIO_OBJECT_PUT                8       8     0.00 minio           [MINIO]
00:04:51.567 OS           OS_VFS_WRITE                    8    4096     0.00 minio           [MINIO]
00:04:51.567 APPLICATION  MINIO_OBJECT_GET                8       8     0.00 minio           [MINIO]
00:04:51.567 OS           OS_VFS_READ                     8    4096     0.00 minio           [MINIO]
00:04:51.580 APPLICATION  MINIO_OBJECT_PUT                8       8     0.00 minio           [MINIO]
00:04:51.580 OS           OS_VFS_WRITE                    8    4096     0.00 minio           [MINIO]
00:04:51.580 APPLICATION  MINIO_OBJECT_GET                8       8     0.00 minio           [MINIO]
00:04:51.580 OS           OS_VFS_READ                     8    4096     0.00 minio           [MINIO]
00:04:53.567 APPLICATION  MINIO_OBJECT_PUT                8       8     0.00 minio           [MINIO]
00:04:53.567 OS           OS_VFS_WRITE                    8    4096     0.00 minio           [MINIO]
00:04:53.567 APPLICATION  MINIO_OBJECT_GET                8       8     0.00 minio           [MINIO]
00:04:53.567 OS           OS_VFS_READ                     8    4096     0.00 minio           [MINIO]
00:04:53.581 APPLICATION  MINIO_OBJECT_PUT                8       8     0.00 minio           [MINIO]
00:04:53.581 OS           OS_VFS_WRITE                    8    4096     0.00 minio           [MINIO]
00:04:53.581 APPLICATION  MINIO_OBJECT_GET                8       8     0.00 minio           [MINIO]
00:04:53.581 OS           OS_VFS_READ                     8    4096     0.00 minio           [MINIO]
00:04:54.013 APPLICATION  MINIO_OBJECT_PUT                8       8     0.00 minio           [MINIO]
00:04:54.013 OS           OS_VFS_WRITE                    8    4096     0.00 minio           [MINIO]
00:04:54.013 APPLICATION  MINIO_OBJECT_GET                8       8     0.00 minio           [MINIO]
00:04:54.013 OS           OS_VFS_READ                     8    4096     0.00 minio           [MINIO]
00:04:55.567 APPLICATION  MINIO_OBJECT_PUT                8       8     0.00 minio           [MINIO]
00:04:55.567 OS           OS_VFS_WRITE                    8    4096     0.00 minio           [MINIO]
00:04:55.567 APPLICATION  MINIO_OBJECT_GET                8       8     0.00 minio           [MINIO]
00:04:55.567 OS           OS_VFS_READ                     8    4096     0.00 minio           [MINIO]
00:04:55.580 APPLICATION  MINIO_OBJECT_PUT                8       8     0.00 minio           [MINIO]
00:04:55.580 OS           OS_VFS_WRITE                    8    4096     0.00 minio           [MINIO]
00:04:55.580 APPLICATION  MINIO_OBJECT_GET                8       8     0.00 minio           [MINIO]
00:04:55.580 OS           OS_VFS_READ                     8    4096     0.00 minio           [MINIO]
00:04:56.079 APPLICATION  MINIO_OBJECT_PUT                8       8     0.00 minio           [MINIO]
00:04:56.079 OS           OS_VFS_WRITE                    8    4096     0.00 minio           [MINIO]
00:04:56.079 APPLICATION  MINIO_OBJECT_GET                8       8     0.00 minio           [MINIO]
00:04:56.079 OS           OS_VFS_READ                     8    4096     0.00 minio           [MINIO]
00:04:56.817 APPLICATION  MINIO_OBJECT_GET             4096    4096     0.00 minio           [MINIO]
00:04:56.817 OS           OS_VFS_READ                  4096    4096     0.00 minio           [MINIO]
00:04:56.817 APPLICATION  MINIO_OBJECT_GET                1       1     0.00 minio           [MINIO]
00:04:56.817 OS           OS_VFS_READ                     1    4096     0.00 minio           [MINIO]
00:04:56.817 STORAGE_SVC  MINIO_XL_META                   0       0     0.00 minio           [META][MINIO][XL.META]
    └─> File: /mnt/minio2/minio/public/rw_test_10MB/test.dat/xl.meta
00:04:56.817 APPLICATION  MINIO_OBJECT_GET              463     463     0.00 minio           [MINIO]
00:04:56.817 OS           OS_VFS_READ                   463    4096     0.00 minio           [MINIO]
00:04:56.817 STORAGE_SVC  MINIO_XL_META                   0       0     0.00 minio           [META][MINIO][XL.META]
    └─> File: /mnt/minio1/minio/public/rw_test_10MB/test.dat/xl.meta
00:04:56.817 APPLICATION  MINIO_OBJECT_GET              463     463     0.00 minio           [MINIO]
00:04:56.817 OS           OS_VFS_READ                   463    4096     0.00 minio           [MINIO]
00:04:56.817 APPLICATION  MINIO_OBJECT_PUT              579     579     0.00 minio           [MINIO]
00:04:56.817 OS           OS_VFS_WRITE                  579    4096     0.00 minio           [MINIO]
00:04:56.817 APPLICATION  MINIO_OBJECT_GET             4096    4096     0.00 minio           [MINIO]
00:04:56.817 OS           OS_VFS_READ                  4096    4096     0.00 minio           [MINIO]
00:04:56.820 APPLICATION  MINIO_OBJECT_GET             4096    4096     0.00 minio           [MINIO]
00:04:56.820 OS           OS_VFS_READ                  4096    4096     0.00 minio           [MINIO]
00:04:56.821 APPLICATION  MINIO_OBJECT_GET             4096    4096     0.00 minio           [MINIO]
00:04:56.821 OS           OS_VFS_READ                  4096    4096     0.00 minio           [MINIO]
00:04:56.821 APPLICATION  MINIO_OBJECT_GET                1       1     0.00 minio           [MINIO]
00:04:56.821 OS           OS_VFS_READ                     1    4096     0.00 minio           [MINIO]
00:04:56.821 STORAGE_SVC  MINIO_XL_META                   0       0     0.00 minio           [META][MINIO][XL.META]
    └─> File: /mnt/minio2/minio/public/rw_test_10MB/test.dat/xl.meta
00:04:56.821 APPLICATION  MINIO_OBJECT_GET             4096    4096     0.00 minio           [MINIO]
00:04:56.821 OS           OS_VFS_READ                  4096    4096     0.00 minio           [MINIO]
00:04:56.821 STORAGE_SVC  MINIO_XL_META                   0       0     0.00 minio           [META][MINIO][XL.META]
    └─> File: /mnt/minio1/minio/public/rw_test_10MB/test.dat/xl.meta
00:04:56.821 APPLICATION  MINIO_OBJECT_GET              463     463     0.00 minio           [MINIO]
00:04:56.821 OS           OS_VFS_READ                   463    4096     0.00 minio           [MINIO]
00:04:56.821 APPLICATION  MINIO_OBJECT_GET              463     463     0.00 minio           [MINIO]
00:04:56.821 OS           OS_VFS_READ                   463    4096     0.00 minio           [MINIO]
00:04:56.821 APPLICATION  MINIO_OBJECT_GET                1       1     0.00 minio           [MINIO]
00:04:56.821 OS           OS_VFS_READ                     1    4096     0.00 minio           [MINIO]
00:04:56.821 STORAGE_SVC  MINIO_XL_META                   0       0     0.00 minio           [META][MINIO][XL.META]
    └─> File: /mnt/minio2/minio/public/rw_test_10MB/test.dat/xl.meta
00:04:56.821 APPLICATION  MINIO_OBJECT_GET              463     463     0.00 minio           [MINIO]
00:04:56.821 OS           OS_VFS_READ                   463    4096     0.00 minio           [MINIO]
00:04:56.821 STORAGE_SVC  MINIO_XL_META                   0       0     0.00 minio           [META][MINIO][XL.META]
    └─> File: /mnt/minio1/minio/public/rw_test_10MB/test.dat/xl.meta
00:04:56.821 APPLICATION  MINIO_OBJECT_GET              463     463     0.00 minio           [MINIO]
00:04:56.821 OS           OS_VFS_READ                   463    4096     0.00 minio           [MINIO]
00:04:56.821 APPLICATION  MINIO_OBJECT_GET               32      32     0.00 minio           [MINIO]
00:04:56.821 OS           OS_VFS_READ                    32    4096     0.00 minio           [MINIO]
00:04:56.821 DEVICE       DEV_BIO_SUBMIT              16384   16384     0.00 minio           [MINIO]
00:04:56.821 APPLICATION  MINIO_OBJECT_GET               32      32     0.00 minio           [MINIO]
00:04:56.821 OS           OS_VFS_READ                    32    4096     0.00 minio           [MINIO]
00:04:56.821 DEVICE       DEV_BIO_SUBMIT              16384   16384     0.00 minio           [MINIO]
00:04:56.828 DEVICE       DEV_BIO_COMPLETE            16384   16384  6800.49                 
00:04:56.828 DEVICE       DEV_BIO_COMPLETE            16384   16384  6877.89                 
00:04:56.828 APPLICATION  MINIO_OBJECT_GET          1048576 1048576     0.00 minio           [MINIO]
00:04:56.828 APPLICATION  MINIO_OBJECT_GET          1048576 1048576     0.00 minio           [MINIO]
00:04:56.828 OS           OS_VFS_READ               1048576 1048576     0.00 minio           [MINIO]
00:04:56.828 OS           OS_VFS_READ               1048576 1048576     0.00 minio           [MINIO]
00:04:56.828 DEVICE       DEV_BIO_SUBMIT              32768   32768     0.00 minio           [MINIO]
00:04:56.828 DEVICE       DEV_BIO_SUBMIT              32768   32768     0.00 minio           [MINIO]
00:04:56.828 DEVICE       DEV_BIO_SUBMIT              65536   65536     0.00 minio           [MINIO]
00:04:56.828 DEVICE       DEV_BIO_SUBMIT              65536   65536     0.00 minio           [MINIO]
00:04:56.828 DEVICE       DEV_BIO_COMPLETE            32768   32768   380.15                 
00:04:56.828 DEVICE       DEV_BIO_COMPLETE            32768   32768   376.01                 
00:04:56.828 DEVICE       DEV_BIO_SUBMIT             131072  131072     0.00 minio           [MINIO]
00:04:56.828 DEVICE       DEV_BIO_SUBMIT             131072  131072     0.00 minio           [MINIO]
00:04:56.829 DEVICE       DEV_BIO_COMPLETE            65536   65536   440.90                 
00:04:56.829 DEVICE       DEV_BIO_COMPLETE            65536   65536   434.79                 
00:04:56.829 DEVICE       DEV_BIO_SUBMIT             262144  262144     0.00 minio           [MINIO]
00:04:56.829 DEVICE       DEV_BIO_SUBMIT             262144  262144     0.00 minio           [MINIO]
00:04:56.829 DEVICE       DEV_BIO_COMPLETE           131072  131072   124.74                 
00:04:56.829 DEVICE       DEV_BIO_SUBMIT             262144  262144     0.00 minio           [MINIO]
00:04:56.829 DEVICE       DEV_BIO_COMPLETE           262144  262144   164.12                 
00:04:56.829 DEVICE       DEV_BIO_SUBMIT             262144  262144     0.00 minio           [MINIO]
00:04:56.829 DEVICE       DEV_BIO_COMPLETE           262144  262144   281.74                 
00:04:56.829 DEVICE       DEV_BIO_COMPLETE           131072  131072   491.00                 
00:04:56.829 DEVICE       DEV_BIO_SUBMIT             262144  262144     0.00 minio           [MINIO]
00:04:56.829 DEVICE       DEV_BIO_SUBMIT             262144  262144     0.00 minio           [MINIO]
00:04:56.829 DEVICE       DEV_BIO_COMPLETE           262144  262144   403.21                 
00:04:56.829 DEVICE       DEV_BIO_COMPLETE           262144  262144   671.41                 
00:04:56.829 DEVICE       DEV_BIO_SUBMIT             262144  262144     0.00 minio           [MINIO]
00:04:56.829 DEVICE       DEV_BIO_SUBMIT             262144  262144     0.00 minio           [MINIO]
00:04:56.829 DEVICE       DEV_BIO_COMPLETE           262144  262144   395.19                 
00:04:56.830 APPLICATION  MINIO_OBJECT_PUT             4096    4096     0.00 minio           [MINIO]
00:04:56.830 OS           OS_VFS_WRITE                 4096    4096     0.00 minio           [MINIO]
00:04:56.830 APPLICATION  MINIO_OBJECT_PUT           127615  127615     0.00 minio           [MINIO]
00:04:56.830 OS           OS_VFS_WRITE               127615  131072     0.00 minio           [MINIO]
00:04:56.830 APPLICATION  MINIO_OBJECT_PUT           131072  131072     0.00 minio           [MINIO]
00:04:56.830 OS           OS_VFS_WRITE               131072  131072     0.00 minio           [MINIO]
00:04:56.830 APPLICATION  MINIO_OBJECT_PUT           131072  131072     0.00 minio           [MINIO]
00:04:56.830 OS           OS_VFS_WRITE               131072  131072     0.00 minio           [MINIO]
00:04:56.830 APPLICATION  MINIO_OBJECT_PUT           131072  131072     0.00 minio           [MINIO]
00:04:56.830 OS           OS_VFS_WRITE               131072  131072     0.00 minio           [MINIO]
00:04:56.830 APPLICATION  MINIO_OBJECT_PUT           131072  131072     0.00 minio           [MINIO]
00:04:56.830 OS           OS_VFS_WRITE               131072  131072     0.00 minio           [MINIO]
00:04:56.830 APPLICATION  MINIO_OBJECT_PUT           116224  116224     0.00 minio           [MINIO]
00:04:56.830 OS           OS_VFS_WRITE               116224  118784     0.00 minio           [MINIO]
00:04:56.830 DEVICE       DEV_BIO_COMPLETE           262144  262144   346.73                 
00:04:56.830 DEVICE       DEV_BIO_COMPLETE           262144  262144   666.62                 
00:04:56.830 DEVICE       DEV_BIO_SUBMIT             262144  262144     0.00 minio           [MINIO]
00:04:56.830 DEVICE       DEV_BIO_COMPLETE           262144  262144   508.20                 
00:04:56.830 DEVICE       DEV_BIO_SUBMIT             262144  262144     0.00 minio           [MINIO]
00:04:56.830 DEVICE       DEV_BIO_COMPLETE           262144  262144   233.71                 
00:04:56.830 APPLICATION  MINIO_OBJECT_PUT             4096    4096     0.00 minio           [MINIO]
00:04:56.830 OS           OS_VFS_WRITE                 4096    4096     0.00 minio           [MINIO]
00:04:56.830 APPLICATION  MINIO_OBJECT_PUT           127608  127608     0.00 minio           [MINIO]
00:04:56.830 OS           OS_VFS_WRITE               127608  131072     0.00 minio           [MINIO]
00:04:56.830 APPLICATION  MINIO_OBJECT_PUT           131072  131072     0.00 minio           [MINIO]
00:04:56.830 OS           OS_VFS_WRITE               131072  131072     0.00 minio           [MINIO]
00:04:56.830 DEVICE       DEV_BIO_COMPLETE           262144  262144   236.15                 
00:04:56.830 APPLICATION  MINIO_OBJECT_PUT           131072  131072     0.00 minio           [MINIO]
00:04:56.830 OS           OS_VFS_WRITE               131072  131072     0.00 minio           [MINIO]
00:04:56.830 APPLICATION  MINIO_OBJECT_PUT           131072  131072     0.00 minio           [MINIO]
00:04:56.830 OS           OS_VFS_WRITE               131072  131072     0.00 minio           [MINIO]
00:04:56.830 APPLICATION  MINIO_OBJECT_PUT           131072  131072     0.00 minio           [MINIO]
00:04:56.830 OS           OS_VFS_WRITE               131072  131072     0.00 minio           [MINIO]
00:04:56.830 APPLICATION  MINIO_OBJECT_PUT           116224  116224     0.00 minio           [MINIO]
00:04:56.830 OS           OS_VFS_WRITE               116224  118784     0.00 minio           [MINIO]
00:04:56.830 APPLICATION  MINIO_OBJECT_PUT           116224  116224     0.00 minio           [MINIO]
00:04:56.830 OS           OS_VFS_WRITE               116224  118784     0.00 minio           [MINIO]
00:04:56.830 APPLICATION  MINIO_OBJECT_PUT           131072  131072     0.00 minio           [MINIO]
00:04:56.830 OS           OS_VFS_WRITE               131072  131072     0.00 minio           [MINIO]
00:04:56.830 APPLICATION  MINIO_OBJECT_PUT           131072  131072     0.00 minio           [MINIO]
00:04:56.830 OS           OS_VFS_WRITE               131072  131072     0.00 minio           [MINIO]
00:04:56.830 APPLICATION  MINIO_OBJECT_GET               32      32     0.00 minio           [MINIO]
00:04:56.830 OS           OS_VFS_READ                    32    4096     0.00 minio           [MINIO]
00:04:56.830 APPLICATION  MINIO_OBJECT_GET          1048576 1048576     0.00 minio           [MINIO]
00:04:56.830 OS           OS_VFS_READ               1048576 1048576     0.00 minio           [MINIO]
00:04:56.830 APPLICATION  MINIO_OBJECT_PUT           131072  131072     0.00 minio           [MINIO]
00:04:56.830 OS           OS_VFS_WRITE               131072  131072     0.00 minio           [MINIO]
00:04:56.830 APPLICATION  MINIO_OBJECT_PUT            65589   65589     0.00 minio           [MINIO]
00:04:56.830 OS           OS_VFS_WRITE                65589   69632     0.00 minio           [MINIO]
00:04:56.830 DEVICE       DEV_BIO_SUBMIT             262144  262144     0.00 minio           [MINIO]
00:04:56.830 DEVICE       DEV_BIO_SUBMIT             262144  262144     0.00 minio           [MINIO]
00:04:56.831 DEVICE       DEV_BIO_COMPLETE           262144  262144   167.98                 
00:04:56.831 DEVICE       DEV_BIO_SUBMIT              16384   16384     0.00 minio           [MINIO]
00:04:56.831 APPLICATION  MINIO_OBJECT_PUT            65589   65589     0.00 minio           [MINIO]
00:04:56.831 OS           OS_VFS_WRITE                65589   69632     0.00 minio           [MINIO]
00:04:56.831 APPLICATION  MINIO_OBJECT_PUT           116224  116224     0.00 minio           [MINIO]
00:04:56.831 OS           OS_VFS_WRITE               116224  118784     0.00 minio           [MINIO]
00:04:56.831 APPLICATION  MINIO_OBJECT_PUT           131072  131072     0.00 minio           [MINIO]
00:04:56.831 OS           OS_VFS_WRITE               131072  131072     0.00 minio           [MINIO]
00:04:56.831 APPLICATION  MINIO_OBJECT_PUT           131072  131072     0.00 minio           [MINIO]
00:04:56.831 OS           OS_VFS_WRITE               131072  131072     0.00 minio           [MINIO]
00:04:56.831 DEVICE       DEV_BIO_COMPLETE           262144  262144   238.81                 
00:04:56.831 DEVICE       DEV_BIO_COMPLETE            16384   16384   122.62                 
00:04:56.831 APPLICATION  MINIO_OBJECT_GET               32      32     0.00 minio           [MINIO]
00:04:56.831 APPLICATION  MINIO_OBJECT_PUT           131072  131072     0.00 minio           [MINIO]
00:04:56.831 OS           OS_VFS_READ                    32    4096     0.00 minio           [MINIO]
00:04:56.831 OS           OS_VFS_WRITE               131072  131072     0.00 minio           [MINIO]
00:04:56.831 APPLICATION  MINIO_OBJECT_GET          1048576 1048576     0.00 minio           [MINIO]
00:04:56.831 OS           OS_VFS_READ               1048576 1048576     0.00 minio           [MINIO]
00:04:56.831 APPLICATION  MINIO_OBJECT_PUT            65589   65589     0.00 minio           [MINIO]
00:04:56.831 OS           OS_VFS_WRITE                65589   69632     0.00 minio           [MINIO]
00:04:56.831 DEVICE       DEV_BIO_SUBMIT             262144  262144     0.00 minio           [MINIO]
00:04:56.831 APPLICATION  MINIO_OBJECT_PUT           131072  131072     0.00 minio           [MINIO]
00:04:56.831 OS           OS_VFS_WRITE               131072  131072     0.00 minio           [MINIO]
00:04:56.831 APPLICATION  MINIO_OBJECT_PUT            65589   65589     0.00 minio           [MINIO]
00:04:56.831 OS           OS_VFS_WRITE                65589   69632     0.00 minio           [MINIO]
00:04:56.831 APPLICATION  MINIO_OBJECT_PUT           131072  131072     0.00 minio           [MINIO]
00:04:56.831 OS           OS_VFS_WRITE               131072  131072     0.00 minio           [MINIO]
00:04:56.831 DEVICE       DEV_BIO_SUBMIT             262144  262144     0.00 minio           [MINIO]
00:04:56.831 APPLICATION  MINIO_OBJECT_PUT           131072  131072     0.00 minio           [MINIO]
00:04:56.831 OS           OS_VFS_WRITE               131072  131072     0.00 minio           [MINIO]
00:04:56.831 APPLICATION  MINIO_OBJECT_PUT              106     106     0.00 minio           [MINIO]
00:04:56.831 OS           OS_VFS_WRITE                  106    4096     0.00 minio           [MINIO]
00:04:56.831 APPLICATION  MINIO_OBJECT_PUT              106     106     0.00 minio           [MINIO]
00:04:56.831 OS           OS_VFS_WRITE                  106    4096     0.00 minio           [MINIO]
00:04:56.831 APPLICATION  MINIO_OBJECT_PUT           131072  131072     0.00 minio           [MINIO]
00:04:56.831 OS           OS_VFS_WRITE               131072  131072     0.00 minio           [MINIO]
00:04:56.831 DEVICE       DEV_BIO_COMPLETE           262144  262144   240.66                 
00:04:56.831 APPLICATION  MINIO_OBJECT_PUT           131072  131072     0.00 minio           [MINIO]
00:04:56.831 OS           OS_VFS_WRITE               131072  131072     0.00 minio           [MINIO]
00:04:56.831 APPLICATION  MINIO_OBJECT_PUT           131072  131072     0.00 minio           [MINIO]
00:04:56.831 OS           OS_VFS_WRITE               131072  131072     0.00 minio           [MINIO]
00:04:56.831 DEVICE       DEV_BIO_SUBMIT             262144  262144     0.00 minio           [MINIO]
00:04:56.831 APPLICATION  MINIO_OBJECT_PUT           131072  131072     0.00 minio           [MINIO]
00:04:56.831 OS           OS_VFS_WRITE               131072  131072     0.00 minio           [MINIO]
00:04:56.831 APPLICATION  MINIO_OBJECT_PUT           131072  131072     0.00 minio           [MINIO]
00:04:56.831 OS           OS_VFS_WRITE               131072  131072     0.00 minio           [MINIO]
00:04:56.831 APPLICATION  MINIO_OBJECT_PUT            65589   65589     0.00 minio           [MINIO]
00:04:56.831 OS           OS_VFS_WRITE                65589   69632     0.00 minio           [MINIO]
00:04:56.831 DEVICE       DEV_BIO_COMPLETE           262144  262144   314.52                 
00:04:56.831 APPLICATION  MINIO_OBJECT_PUT            65589   65589     0.00 minio           [MINIO]
00:04:56.831 OS           OS_VFS_WRITE                65589   69632     0.00 minio           [MINIO]
00:04:56.831 APPLICATION  MINIO_OBJECT_GET             4096    4096     0.00 minio           [MINIO]
00:04:56.831 OS           OS_VFS_READ                  4096    4096     0.00 minio           [MINIO]
00:04:56.831 DEVICE       DEV_BIO_SUBMIT             262144  262144     0.00 minio           [MINIO]
00:04:56.831 DEVICE       DEV_BIO_COMPLETE           262144  262144   228.69                 
00:04:56.831 APPLICATION  MINIO_OBJECT_PUT           131072  131072     0.00 minio           [MINIO]
00:04:56.831 OS           OS_VFS_WRITE               131072  131072     0.00 minio           [MINIO]
00:04:56.831 DEVICE       DEV_BIO_COMPLETE           262144  262144   228.39                 
00:04:56.831 APPLICATION  MINIO_OBJECT_PUT           131072  131072     0.00 minio           [MINIO]
00:04:56.831 OS           OS_VFS_WRITE               131072  131072     0.00 minio           [MINIO]
00:04:56.832 APPLICATION  MINIO_OBJECT_PUT           131072  131072     0.00 minio           [MINIO]
00:04:56.832 OS           OS_VFS_WRITE               131072  131072     0.00 minio           [MINIO]
00:04:56.832 APPLICATION  MINIO_OBJECT_PUT           131072  131072     0.00 minio           [MINIO]
00:04:56.832 OS           OS_VFS_WRITE               131072  131072     0.00 minio           [MINIO]
00:04:56.832 APPLICATION  MINIO_OBJECT_PUT           131072  131072     0.00 minio           [MINIO]
00:04:56.832 OS           OS_VFS_WRITE               131072  131072     0.00 minio           [MINIO]
00:04:56.832 APPLICATION  MINIO_OBJECT_PUT           131072  131072     0.00 minio           [MINIO]
00:04:56.832 OS           OS_VFS_WRITE               131072  131072     0.00 minio           [MINIO]
00:04:56.832 APPLICATION  MINIO_OBJECT_PUT            65589   65589     0.00 minio           [MINIO]
00:04:56.832 OS           OS_VFS_WRITE                65589   69632     0.00 minio           [MINIO]
00:04:56.832 APPLICATION  MINIO_OBJECT_PUT            65589   65589     0.00 minio           [MINIO]
00:04:56.832 OS           OS_VFS_WRITE                65589   69632     0.00 minio           [MINIO]
00:04:56.832 APPLICATION  MINIO_OBJECT_PUT           131072  131072     0.00 minio           [MINIO]
00:04:56.832 OS           OS_VFS_WRITE               131072  131072     0.00 minio           [MINIO]
00:04:56.832 APPLICATION  MINIO_OBJECT_GET               32      32     0.00 minio           [MINIO]
00:04:56.832 OS           OS_VFS_READ                    32    4096     0.00 minio           [MINIO]
00:04:56.832 APPLICATION  MINIO_OBJECT_GET          1048576 1048576     0.00 minio           [MINIO]
00:04:56.832 OS           OS_VFS_READ               1048576 1048576     0.00 minio           [MINIO]
00:04:56.832 APPLICATION  MINIO_OBJECT_PUT           131072  131072     0.00 minio           [MINIO]
00:04:56.832 OS           OS_VFS_WRITE               131072  131072     0.00 minio           [MINIO]
00:04:56.832 DEVICE       DEV_BIO_SUBMIT             262144  262144     0.00 minio           [MINIO]
00:04:56.832 DEVICE       DEV_BIO_SUBMIT             262144  262144     0.00 minio           [MINIO]
00:04:56.832 DEVICE       DEV_BIO_COMPLETE           262144  262144   242.93                 
00:04:56.832 DEVICE       DEV_BIO_SUBMIT             262144  262144     0.00 minio           [MINIO]
00:04:56.832 DEVICE       DEV_BIO_COMPLETE           262144  262144   301.30                 
00:04:56.832 DEVICE       DEV_BIO_SUBMIT             262144  262144     0.00 minio           [MINIO]
00:04:56.832 DEVICE       DEV_BIO_COMPLETE           262144  262144   241.00                 
00:04:56.833 APPLICATION  MINIO_OBJECT_PUT           131072  131072     0.00 minio           [MINIO]
00:04:56.833 OS           OS_VFS_WRITE               131072  131072     0.00 minio           [MINIO]
00:04:56.833 APPLICATION  MINIO_OBJECT_PUT           131072  131072     0.00 minio           [MINIO]
00:04:56.833 OS           OS_VFS_WRITE               131072  131072     0.00 minio           [MINIO]
00:04:56.833 DEVICE       DEV_BIO_COMPLETE           262144  262144   252.97                 
00:04:56.833 APPLICATION  MINIO_OBJECT_PUT           131072  131072     0.00 minio           [MINIO]
00:04:56.833 OS           OS_VFS_WRITE               131072  131072     0.00 minio           [MINIO]
00:04:56.833 APPLICATION  MINIO_OBJECT_PUT           131072  131072     0.00 minio           [MINIO]
00:04:56.833 OS           OS_VFS_WRITE               131072  131072     0.00 minio           [MINIO]
00:04:56.833 APPLICATION  MINIO_OBJECT_PUT           131072  131072     0.00 minio           [MINIO]
00:04:56.833 OS           OS_VFS_WRITE               131072  131072     0.00 minio           [MINIO]
00:04:56.833 APPLICATION  MINIO_OBJECT_PUT           131072  131072     0.00 minio           [MINIO]
00:04:56.833 OS           OS_VFS_WRITE               131072  131072     0.00 minio           [MINIO]
00:04:56.833 APPLICATION  MINIO_OBJECT_PUT              106     106     0.00 minio           [MINIO]
00:04:56.833 OS           OS_VFS_WRITE                  106    4096     0.00 minio           [MINIO]
00:04:56.833 APPLICATION  MINIO_OBJECT_PUT           131072  131072     0.00 minio           [MINIO]
00:04:56.833 OS           OS_VFS_WRITE               131072  131072     0.00 minio           [MINIO]
00:04:56.833 APPLICATION  MINIO_OBJECT_GET               32      32     0.00 minio           [MINIO]
00:04:56.833 OS           OS_VFS_READ                    32    4096     0.00 minio           [MINIO]
00:04:56.833 APPLICATION  MINIO_OBJECT_GET          1048576 1048576     0.00 minio           [MINIO]
00:04:56.833 OS           OS_VFS_READ               1048576 1048576     0.00 minio           [MINIO]
00:04:56.833 APPLICATION  MINIO_OBJECT_PUT           131072  131072     0.00 minio           [MINIO]
00:04:56.833 OS           OS_VFS_WRITE               131072  131072     0.00 minio           [MINIO]
00:04:56.833 DEVICE       DEV_BIO_SUBMIT             262144  262144     0.00 minio           [MINIO]
00:04:56.833 DEVICE       DEV_BIO_SUBMIT             262144  262144     0.00 minio           [MINIO]
00:04:56.833 DEVICE       DEV_BIO_COMPLETE           262144  262144   169.79                 
00:04:56.833 DEVICE       DEV_BIO_SUBMIT             262144  262144     0.00 minio           [MINIO]
00:04:56.833 DEVICE       DEV_BIO_COMPLETE           262144  262144   236.85                 
00:04:56.833 DEVICE       DEV_BIO_SUBMIT             262144  262144     0.00 minio           [MINIO]
00:04:56.833 DEVICE       DEV_BIO_COMPLETE           262144  262144   213.99                 
00:04:56.833 APPLICATION  MINIO_OBJECT_PUT           131072  131072     0.00 minio           [MINIO]
00:04:56.833 OS           OS_VFS_WRITE               131072  131072     0.00 minio           [MINIO]
00:04:56.833 APPLICATION  MINIO_OBJECT_PUT           131072  131072     0.00 minio           [MINIO]
00:04:56.833 OS           OS_VFS_WRITE               131072  131072     0.00 minio           [MINIO]
00:04:56.833 DEVICE       DEV_BIO_COMPLETE           262144  262144   207.03                 
00:04:56.833 APPLICATION  MINIO_OBJECT_PUT           131072  131072     0.00 minio           [MINIO]
00:04:56.833 OS           OS_VFS_WRITE               131072  131072     0.00 minio           [MINIO]
00:04:56.833 APPLICATION  MINIO_OBJECT_PUT           131072  131072     0.00 minio           [MINIO]
00:04:56.833 OS           OS_VFS_WRITE               131072  131072     0.00 minio           [MINIO]
00:04:56.834 APPLICATION  MINIO_OBJECT_PUT           131072  131072     0.00 minio           [MINIO]
00:04:56.834 OS           OS_VFS_WRITE               131072  131072     0.00 minio           [MINIO]
00:04:56.834 APPLICATION  MINIO_OBJECT_PUT           131072  131072     0.00 minio           [MINIO]
00:04:56.834 OS           OS_VFS_WRITE               131072  131072     0.00 minio           [MINIO]
00:04:56.834 APPLICATION  MINIO_OBJECT_PUT           131072  131072     0.00 minio           [MINIO]
00:04:56.834 OS           OS_VFS_WRITE               131072  131072     0.00 minio           [MINIO]
00:04:56.834 APPLICATION  MINIO_OBJECT_GET               32      32     0.00 minio           [MINIO]
00:04:56.834 OS           OS_VFS_READ                    32    4096     0.00 minio           [MINIO]
00:04:56.834 APPLICATION  MINIO_OBJECT_GET          1048576 1048576     0.00 minio           [MINIO]
00:04:56.834 OS           OS_VFS_READ               1048576 1048576     0.00 minio           [MINIO]
00:04:56.834 APPLICATION  MINIO_OBJECT_PUT           131072  131072     0.00 minio           [MINIO]
00:04:56.834 OS           OS_VFS_WRITE               131072  131072     0.00 minio           [MINIO]
00:04:56.834 DEVICE       DEV_BIO_SUBMIT             262144  262144     0.00 minio           [MINIO]
00:04:56.834 DEVICE       DEV_BIO_SUBMIT             262144  262144     0.00 minio           [MINIO]
00:04:56.834 DEVICE       DEV_BIO_COMPLETE           262144  262144   169.60                 
00:04:56.834 DEVICE       DEV_BIO_SUBMIT             262144  262144     0.00 minio           [MINIO]
00:04:56.834 DEVICE       DEV_BIO_COMPLETE           262144  262144   237.03                 
00:04:56.834 DEVICE       DEV_BIO_SUBMIT             262144  262144     0.00 minio           [MINIO]
00:04:56.834 DEVICE       DEV_BIO_COMPLETE           262144  262144   214.60                 
00:04:56.834 APPLICATION  MINIO_OBJECT_PUT           131072  131072     0.00 minio           [MINIO]
00:04:56.834 OS           OS_VFS_WRITE               131072  131072     0.00 minio           [MINIO]
00:04:56.834 APPLICATION  MINIO_OBJECT_PUT           131072  131072     0.00 minio           [MINIO]
00:04:56.834 OS           OS_VFS_WRITE               131072  131072     0.00 minio           [MINIO]
00:04:56.834 DEVICE       DEV_BIO_COMPLETE           262144  262144   218.60                 
00:04:56.834 APPLICATION  MINIO_OBJECT_PUT           131072  131072     0.00 minio           [MINIO]
00:04:56.834 OS           OS_VFS_WRITE               131072  131072     0.00 minio           [MINIO]
00:04:56.834 APPLICATION  MINIO_OBJECT_PUT           131072  131072     0.00 minio           [MINIO]
00:04:56.834 OS           OS_VFS_WRITE               131072  131072     0.00 minio           [MINIO]
00:04:56.834 APPLICATION  MINIO_OBJECT_PUT              106     106     0.00 minio           [MINIO]
00:04:56.834 OS           OS_VFS_WRITE                  106    4096     0.00 minio           [MINIO]
00:04:56.834 APPLICATION  MINIO_OBJECT_PUT           131072  131072     0.00 minio           [MINIO]
00:04:56.834 OS           OS_VFS_WRITE               131072  131072     0.00 minio           [MINIO]
00:04:56.834 APPLICATION  MINIO_OBJECT_PUT              106     106     0.00 minio           [MINIO]
00:04:56.834 OS           OS_VFS_WRITE                  106    4096     0.00 minio           [MINIO]
00:04:56.834 APPLICATION  MINIO_OBJECT_PUT           131072  131072     0.00 minio           [MINIO]
00:04:56.834 OS           OS_VFS_WRITE               131072  131072     0.00 minio           [MINIO]
00:04:56.834 APPLICATION  MINIO_OBJECT_PUT           131072  131072     0.00 minio           [MINIO]
00:04:56.834 OS           OS_VFS_WRITE               131072  131072     0.00 minio           [MINIO]
00:04:56.834 APPLICATION  MINIO_OBJECT_GET               32      32     0.00 minio           [MINIO]
00:04:56.834 OS           OS_VFS_READ                    32    4096     0.00 minio           [MINIO]
00:04:56.834 APPLICATION  MINIO_OBJECT_GET          1048576 1048576     0.00 minio           [MINIO]
00:04:56.834 OS           OS_VFS_READ               1048576 1048576     0.00 minio           [MINIO]
00:04:56.834 APPLICATION  MINIO_OBJECT_PUT           131072  131072     0.00 minio           [MINIO]
00:04:56.834 OS           OS_VFS_WRITE               131072  131072     0.00 minio           [MINIO]
00:04:56.835 DEVICE       DEV_BIO_SUBMIT             262144  262144     0.00 minio           [MINIO]
00:04:56.835 DEVICE       DEV_BIO_SUBMIT             262144  262144     0.00 minio           [MINIO]
00:04:56.835 DEVICE       DEV_BIO_COMPLETE           262144  262144   164.99                 
00:04:56.835 DEVICE       DEV_BIO_SUBMIT             262144  262144     0.00 minio           [MINIO]
00:04:56.835 DEVICE       DEV_BIO_COMPLETE           262144  262144   234.94                 
00:04:56.835 DEVICE       DEV_BIO_SUBMIT             262144  262144     0.00 minio           [MINIO]
00:04:56.835 DEVICE       DEV_BIO_COMPLETE           262144  262144   215.52                 
00:04:56.835 APPLICATION  MINIO_OBJECT_PUT           131072  131072     0.00 minio           [MINIO]
00:04:56.835 OS           OS_VFS_WRITE               131072  131072     0.00 minio           [MINIO]
00:04:56.835 APPLICATION  MINIO_OBJECT_PUT           131072  131072     0.00 minio           [MINIO]
00:04:56.835 OS           OS_VFS_WRITE               131072  131072     0.00 minio           [MINIO]
00:04:56.835 DEVICE       DEV_BIO_COMPLETE           262144  262144   218.95                 
00:04:56.835 APPLICATION  MINIO_OBJECT_PUT           131072  131072     0.00 minio           [MINIO]
00:04:56.835 OS           OS_VFS_WRITE               131072  131072     0.00 minio           [MINIO]
00:04:56.835 APPLICATION  MINIO_OBJECT_PUT           131072  131072     0.00 minio           [MINIO]
00:04:56.835 OS           OS_VFS_WRITE               131072  131072     0.00 minio           [MINIO]
00:04:56.835 APPLICATION  MINIO_OBJECT_PUT           131072  131072     0.00 minio           [MINIO]
00:04:56.835 OS           OS_VFS_WRITE               131072  131072     0.00 minio           [MINIO]
00:04:56.835 APPLICATION  MINIO_OBJECT_PUT           131072  131072     0.00 minio           [MINIO]
00:04:56.835 OS           OS_VFS_WRITE               131072  131072     0.00 minio           [MINIO]
00:04:56.835 APPLICATION  MINIO_OBJECT_PUT           131072  131072     0.00 minio           [MINIO]
00:04:56.835 OS           OS_VFS_WRITE               131072  131072     0.00 minio           [MINIO]
00:04:56.835 APPLICATION  MINIO_OBJECT_GET               32      32     0.00 minio           [MINIO]
00:04:56.835 OS           OS_VFS_READ                    32    4096     0.00 minio           [MINIO]
00:04:56.835 APPLICATION  MINIO_OBJECT_GET          1048576 1048576     0.00 minio           [MINIO]
00:04:56.835 OS           OS_VFS_READ               1048576 1048576     0.00 minio           [MINIO]
00:04:56.835 APPLICATION  MINIO_OBJECT_PUT           131072  131072     0.00 minio           [MINIO]
00:04:56.835 OS           OS_VFS_WRITE               131072  131072     0.00 minio           [MINIO]
00:04:56.835 DEVICE       DEV_BIO_SUBMIT             262144  262144     0.00 minio           [MINIO]
00:04:56.835 DEVICE       DEV_BIO_SUBMIT             262144  262144     0.00 minio           [MINIO]
00:04:56.836 DEVICE       DEV_BIO_COMPLETE           262144  262144   170.33                 
00:04:56.836 DEVICE       DEV_BIO_SUBMIT             262144  262144     0.00 minio           [MINIO]
00:04:56.836 DEVICE       DEV_BIO_COMPLETE           262144  262144   240.77                 
00:04:56.836 DEVICE       DEV_BIO_SUBMIT             262144  262144     0.00 minio           [MINIO]
00:04:56.836 DEVICE       DEV_BIO_COMPLETE           262144  262144   213.58                 
00:04:56.836 APPLICATION  MINIO_OBJECT_PUT           131072  131072     0.00 minio           [MINIO]
00:04:56.836 OS           OS_VFS_WRITE               131072  131072     0.00 minio           [MINIO]
00:04:56.836 APPLICATION  MINIO_OBJECT_PUT           131072  131072     0.00 minio           [MINIO]
00:04:56.836 OS           OS_VFS_WRITE               131072  131072     0.00 minio           [MINIO]
00:04:56.836 DEVICE       DEV_BIO_COMPLETE           262144  262144   218.07                 
00:04:56.836 APPLICATION  MINIO_OBJECT_PUT           131072  131072     0.00 minio           [MINIO]
00:04:56.836 OS           OS_VFS_WRITE               131072  131072     0.00 minio           [MINIO]
00:04:56.836 APPLICATION  MINIO_OBJECT_PUT           131072  131072     0.00 minio           [MINIO]
00:04:56.836 OS           OS_VFS_WRITE               131072  131072     0.00 minio           [MINIO]
00:04:56.836 APPLICATION  MINIO_OBJECT_PUT           131072  131072     0.00 minio           [MINIO]
00:04:56.836 OS           OS_VFS_WRITE               131072  131072     0.00 minio           [MINIO]
00:04:56.836 APPLICATION  MINIO_OBJECT_PUT           131072  131072     0.00 minio           [MINIO]
00:04:56.836 OS           OS_VFS_WRITE               131072  131072     0.00 minio           [MINIO]
00:04:56.836 APPLICATION  MINIO_OBJECT_PUT           131072  131072     0.00 minio           [MINIO]
00:04:56.836 OS           OS_VFS_WRITE               131072  131072     0.00 minio           [MINIO]
00:04:56.836 APPLICATION  MINIO_OBJECT_GET               32      32     0.00 minio           [MINIO]
00:04:56.836 OS           OS_VFS_READ                    32    4096     0.00 minio           [MINIO]
00:04:56.836 APPLICATION  MINIO_OBJECT_GET          1048576 1048576     0.00 minio           [MINIO]
00:04:56.836 OS           OS_VFS_READ               1048576 1048576     0.00 minio           [MINIO]
00:04:56.836 APPLICATION  MINIO_OBJECT_PUT           131072  131072     0.00 minio           [MINIO]
00:04:56.836 OS           OS_VFS_WRITE               131072  131072     0.00 minio           [MINIO]
00:04:56.836 DEVICE       DEV_BIO_SUBMIT             262144  262144     0.00 minio           [MINIO]
00:04:56.836 DEVICE       DEV_BIO_SUBMIT             262144  262144     0.00 minio           [MINIO]
00:04:56.836 DEVICE       DEV_BIO_COMPLETE           262144  262144   162.42                 
00:04:56.836 DEVICE       DEV_BIO_SUBMIT              16384   16384     0.00 minio           [MINIO]
00:04:56.836 DEVICE       DEV_BIO_COMPLETE           262144  262144   238.97                 
00:04:56.836 DEVICE       DEV_BIO_COMPLETE            16384   16384   125.45                 
00:04:56.837 APPLICATION  MINIO_OBJECT_PUT           131072  131072     0.00 minio           [MINIO]
00:04:56.837 OS           OS_VFS_WRITE               131072  131072     0.00 minio           [MINIO]
00:04:56.837 APPLICATION  MINIO_OBJECT_PUT           131072  131072     0.00 minio           [MINIO]
00:04:56.837 OS           OS_VFS_WRITE               131072  131072     0.00 minio           [MINIO]
00:04:56.837 APPLICATION  MINIO_OBJECT_PUT           131072  131072     0.00 minio           [MINIO]
00:04:56.837 OS           OS_VFS_WRITE               131072  131072     0.00 minio           [MINIO]
00:04:56.837 APPLICATION  MINIO_OBJECT_PUT           131072  131072     0.00 minio           [MINIO]
00:04:56.837 OS           OS_VFS_WRITE               131072  131072     0.00 minio           [MINIO]
00:04:56.837 APPLICATION  MINIO_OBJECT_PUT           131072  131072     0.00 minio           [MINIO]
00:04:56.837 OS           OS_VFS_WRITE               131072  131072     0.00 minio           [MINIO]
00:04:56.837 APPLICATION  MINIO_OBJECT_PUT           131072  131072     0.00 minio           [MINIO]
00:04:56.837 OS           OS_VFS_WRITE               131072  131072     0.00 minio           [MINIO]
00:04:56.837 APPLICATION  MINIO_OBJECT_PUT           131072  131072     0.00 minio           [MINIO]
00:04:56.837 OS           OS_VFS_WRITE               131072  131072     0.00 minio           [MINIO]
00:04:56.837 APPLICATION  MINIO_OBJECT_PUT           131072  131072     0.00 minio           [MINIO]
00:04:56.837 OS           OS_VFS_WRITE               131072  131072     0.00 minio           [MINIO]
00:04:56.837 APPLICATION  MINIO_OBJECT_GET             4096    4096     0.00 minio           [MINIO]
00:04:56.837 OS           OS_VFS_READ                  4096    4096     0.00 minio           [MINIO]
00:04:56.838 APPLICATION  MINIO_OBJECT_GET             4096    4096     0.00 minio           [MINIO]
00:04:56.838 OS           OS_VFS_READ                  4096    4096     0.00 minio           [MINIO]
00:04:56.838 APPLICATION  MINIO_OBJECT_GET             4096    4096     0.00 minio           [MINIO]
00:04:56.838 OS           OS_VFS_READ                  4096    4096     0.00 minio           [MINIO]
00:04:56.838 APPLICATION  MINIO_OBJECT_GET             4096    4096     0.00 minio           [MINIO]
00:04:56.838 OS           OS_VFS_READ                  4096    4096     0.00 minio           [MINIO]
00:04:57.566 APPLICATION  MINIO_OBJECT_PUT                8       8     0.00 minio           [MINIO]
00:04:57.566 OS           OS_VFS_WRITE                    8    4096     0.00 minio           [MINIO]
00:04:57.566 APPLICATION  MINIO_OBJECT_GET                8       8     0.00 minio           [MINIO]
00:04:57.566 OS           OS_VFS_READ                     8    4096     0.00 minio           [MINIO]
00:04:59.014 APPLICATION  MINIO_OBJECT_PUT                8       8     0.00 minio           [MINIO]
00:04:59.014 OS           OS_VFS_WRITE                    8    4096     0.00 minio           [MINIO]
00:04:59.014 APPLICATION  MINIO_OBJECT_GET                8       8     0.00 minio           [MINIO]
00:04:59.014 OS           OS_VFS_READ                     8    4096     0.00 minio           [MINIO]
00:04:59.566 APPLICATION  MINIO_OBJECT_PUT                8       8     0.00 minio           [MINIO]
00:04:59.566 OS           OS_VFS_WRITE                    8    4096     0.00 minio           [MINIO]
00:04:59.566 APPLICATION  MINIO_OBJECT_GET                8       8     0.00 minio           [MINIO]
00:04:59.566 OS           OS_VFS_READ                     8    4096     0.00 minio           [MINIO]
00:04:59.580 APPLICATION  MINIO_OBJECT_PUT                8       8     0.00 minio           [MINIO]
00:04:59.580 OS           OS_VFS_WRITE                    8    4096     0.00 minio           [MINIO]
00:04:59.580 APPLICATION  MINIO_OBJECT_GET                8       8     0.00 minio           [MINIO]
00:04:59.580 OS           OS_VFS_READ                     8    4096     0.00 minio           [MINIO]

=== Tracer interrupted, generating summary ===

========================================
    I/O AMPLIFICATION ANALYSIS
========================================

Per-Layer Statistics:
LAYER               EVENTS      BYTES    ALIGNED     META     JRNL    CACHE AMP_FACTOR
----------------------------------------------------------------------
APPLICATION            189   22081652   22081652        0        0        0       0.00x
  └─> MinIO:           189   22081652          -        0        -        -          -
STORAGE_SVC              6          0          0        6        0        0       0.00x
  └─> MinIO:             6          0          -        6        -        -          -
OS                     189   22081652   22360064        0        0        0       1.01x
  └─> MinIO:           189   22081652          -        0        -        -          -
FILESYSTEM               0          0          0        0        0        0       0.00x
DEVICE                  96   20971520   20971520        0        0        0       0.95x
  └─> MinIO:            48   10485760          -        0        -        -          -

Amplification Breakdown:
----------------------------------------------------------------------
Original application I/O:       22081652 bytes
After OS/page cache alignment:  22360064 bytes (1.01x amplification)
Final device layer I/O:         20971520 bytes (0.95x amplification)

*** TOTAL AMPLIFICATION: 0.95x ***
    20971520 bytes written for 22081652 bytes requested


Per-Request Amplification (Top 10):
REQUEST_ID            APP  STORAGE       OS       FS   DEVICE    TOTAL    AMP   MinIO
-----------------------------------------------------------------------------
000039dcbb1829e3        8        0     4096        0        0     4096 512.00x     Yes
000039e0bb1879c4        8        0     4096        0        0     4096 512.00x     Yes
000039e0d504ab49        8        0     4096        0        0     4096 512.00x     Yes
000039dcd50505e2        8        0     4096        0        0     4096 512.00x     Yes
00003415da00350e     4096        0     4096        0        0     4096   1.00x     Yes
00003415da012cc8     4096        0     4096        0        0     4096   1.00x     Yes
00003415da02132d     4096        0     4096        0        0     4096   1.00x     Yes
00003415da033ec2     3262        0     4096        0        0     4096   1.26x     Yes
00003415da0397ad     4096        0     4096        0        0     4096   1.00x     Yes
00003415da03f459     4096        0     4096        0        0     4096   1.00x     Yes

========================================
       MinIO-SPECIFIC ANALYSIS
========================================

MinIO Operation Statistics:
-------------------------------------------
Objects Written:                  115
Objects Read:                      74
XL Metadata Operations:             6
Erasure Blocks Written:             0
Multipart Uploads:                  0

MinIO Data Breakdown:
-------------------------------------------
Data Bytes:                  11477868
Metadata Bytes:                     0
Metadata Overhead:              0.00%

MinIO I/O Pattern Analysis:
-------------------------------------------
APPLICATION    :      189 events,   22081652 bytes
STORAGE_SVC    :        6 events,          0 bytes
  └─> XL.META operations: 6
OS             :      189 events,   22081652 bytes
DEVICE         :       48 events,   10485760 bytes

*** MinIO Total I/O Amplification: 4.76x ***

========================================
    I/O AMPLIFICATION ANALYSIS
========================================

Per-Layer Statistics:
LAYER               EVENTS      BYTES    ALIGNED     META     JRNL    CACHE AMP_FACTOR
----------------------------------------------------------------------
APPLICATION            189   22081652   22081652        0        0        0       0.00x
  └─> MinIO:           189   22081652          -        0        -        -          -
STORAGE_SVC              6          0          0        6        0        0       0.00x
  └─> MinIO:             6          0          -        6        -        -          -
OS                     189   22081652   22360064        0        0        0       1.01x
  └─> MinIO:           189   22081652          -        0        -        -          -
FILESYSTEM               0          0          0        0        0        0       0.00x
DEVICE                  96   20971520   20971520        0        0        0       0.95x
  └─> MinIO:            48   10485760          -        0        -        -          -

Amplification Breakdown:
----------------------------------------------------------------------
Original application I/O:       22081652 bytes
After OS/page cache alignment:  22360064 bytes (1.01x amplification)
Final device layer I/O:         20971520 bytes (0.95x amplification)

*** TOTAL AMPLIFICATION: 0.95x ***
    20971520 bytes written for 22081652 bytes requested


Per-Request Amplification (Top 10):
REQUEST_ID            APP  STORAGE       OS       FS   DEVICE    TOTAL    AMP   MinIO
-----------------------------------------------------------------------------
000039dcbb1829e3        8        0     4096        0        0     4096 512.00x     Yes
000039e0bb1879c4        8        0     4096        0        0     4096 512.00x     Yes
000039e0d504ab49        8        0     4096        0        0     4096 512.00x     Yes
000039dcd50505e2        8        0     4096        0        0     4096 512.00x     Yes
00003415da00350e     4096        0     4096        0        0     4096   1.00x     Yes
00003415da012cc8     4096        0     4096        0        0     4096   1.00x     Yes
00003415da02132d     4096        0     4096        0        0     4096   1.00x     Yes
00003415da033ec2     3262        0     4096        0        0     4096   1.26x     Yes
00003415da0397ad     4096        0     4096        0        0     4096   1.00x     Yes
00003415da03f459     4096        0     4096        0        0     4096   1.00x     Yes

========================================
       MinIO-SPECIFIC ANALYSIS
========================================

MinIO Operation Statistics:
-------------------------------------------
Objects Written:                  115
Objects Read:                      74
XL Metadata Operations:             6
Erasure Blocks Written:             0
Multipart Uploads:                  0

MinIO Data Breakdown:
-------------------------------------------
Data Bytes:                  11477868
Metadata Bytes:                     0
Metadata Overhead:              0.00%

MinIO I/O Pattern Analysis:
-------------------------------------------
APPLICATION    :      189 events,   22081652 bytes
STORAGE_SVC    :        6 events,          0 bytes
  └─> XL.META operations: 6
OS             :      189 events,   22081652 bytes
DEVICE         :       48 events,   10485760 bytes

*** MinIO Total I/O Amplification: 4.76x ***
