Multi-layer I/O tracer started!
Tracing layers: Application, Storage Service, OS, Filesystem, Device
MinIO-only mode enabled
Request correlation mode enabled
MinIO tracing configured:
  Mode: Name
  Trace Erasure: Yes
  Trace Metadata: Yes
TIME             LAYER        EVENT                        SIZE ALIGNED LAT(μs) COMM            FLAGS
========================================================================
>>> TRACING MINIO PROCESSES ONLY <<<
========================================================================
00:03:49.580 APPLICATION  MINIO_OBJECT_PUT                8       8     0.00 minio           [MINIO]
00:03:49.580 OS           OS_VFS_WRITE                    8    4096     0.00 minio           [MINIO]
00:03:49.580 APPLICATION  MINIO_OBJECT_GET                8       8     0.00 minio           [MINIO]
00:03:49.580 OS           OS_VFS_READ                     8    4096     0.00 minio           [MINIO]
00:03:50.011 APPLICATION  MINIO_OBJECT_PUT                8       8     0.00 minio           [MINIO]
00:03:50.011 OS           OS_VFS_WRITE                    8    4096     0.00 minio           [MINIO]
00:03:50.011 APPLICATION  MINIO_OBJECT_GET                8       8     0.00 minio           [MINIO]
00:03:50.011 OS           OS_VFS_READ                     8    4096     0.00 minio           [MINIO]
00:03:51.581 APPLICATION  MINIO_OBJECT_PUT                8       8     0.00 minio           [MINIO]
00:03:51.581 OS           OS_VFS_WRITE                    8    4096     0.00 minio           [MINIO]
00:03:51.581 APPLICATION  MINIO_OBJECT_GET                8       8     0.00 minio           [MINIO]
00:03:51.581 OS           OS_VFS_READ                     8    4096     0.00 minio           [MINIO]
00:03:53.568 APPLICATION  MINIO_OBJECT_PUT                8       8     0.00 minio           [MINIO]
00:03:53.568 OS           OS_VFS_WRITE                    8    4096     0.00 minio           [MINIO]
00:03:53.568 APPLICATION  MINIO_OBJECT_GET                8       8     0.00 minio           [MINIO]
00:03:53.568 OS           OS_VFS_READ                     8    4096     0.00 minio           [MINIO]
00:03:53.580 APPLICATION  MINIO_OBJECT_PUT                8       8     0.00 minio           [MINIO]
00:03:53.580 OS           OS_VFS_WRITE                    8    4096     0.00 minio           [MINIO]
00:03:53.580 APPLICATION  MINIO_OBJECT_GET                8       8     0.00 minio           [MINIO]
00:03:53.580 OS           OS_VFS_READ                     8    4096     0.00 minio           [MINIO]
00:03:55.566 APPLICATION  MINIO_OBJECT_PUT                8       8     0.00 minio           [MINIO]
00:03:55.566 OS           OS_VFS_WRITE                    8    4096     0.00 minio           [MINIO]
00:03:55.566 APPLICATION  MINIO_OBJECT_GET                8       8     0.00 minio           [MINIO]
00:03:55.566 OS           OS_VFS_READ                     8    4096     0.00 minio           [MINIO]
00:03:55.580 APPLICATION  MINIO_OBJECT_PUT                8       8     0.00 minio           [MINIO]
00:03:55.580 OS           OS_VFS_WRITE                    8    4096     0.00 minio           [MINIO]
00:03:55.580 APPLICATION  MINIO_OBJECT_GET                8       8     0.00 minio           [MINIO]
00:03:55.580 OS           OS_VFS_READ                     8    4096     0.00 minio           [MINIO]
00:03:56.076 APPLICATION  MINIO_OBJECT_PUT                8       8     0.00 minio           [MINIO]
00:03:56.076 OS           OS_VFS_WRITE                    8    4096     0.00 minio           [MINIO]
00:03:56.076 APPLICATION  MINIO_OBJECT_GET                8       8     0.00 minio           [MINIO]
00:03:56.076 OS           OS_VFS_READ                     8    4096     0.00 minio           [MINIO]
00:03:56.077 APPLICATION  MINIO_OBJECT_PUT                8       8     0.00 minio           [MINIO]
00:03:56.077 OS           OS_VFS_WRITE                    8    4096     0.00 minio           [MINIO]
00:03:56.077 APPLICATION  MINIO_OBJECT_GET                8       8     0.00 minio           [MINIO]
00:03:56.077 OS           OS_VFS_READ                     8    4096     0.00 minio           [MINIO]
00:03:57.529 APPLICATION  MINIO_OBJECT_GET             4096    4096     0.00 minio           [MINIO]
00:03:57.529 OS           OS_VFS_READ                  4096    4096     0.00 minio           [MINIO]
00:03:57.529 APPLICATION  MINIO_OBJECT_GET                1       1     0.00 minio           [MINIO]
00:03:57.529 OS           OS_VFS_READ                     1    4096     0.00 minio           [MINIO]
00:03:57.529 STORAGE_SVC  MINIO_XL_META                   0       0     0.00 minio           [META][MINIO][XL.META]
    └─> File: /mnt/minio2/minio/public/rw_test_1KB/test.dat/xl.meta
00:03:57.529 APPLICATION  MINIO_OBJECT_GET             1489    1489     0.00 minio           [MINIO]
00:03:57.529 OS           OS_VFS_READ                  1489    4096     0.00 minio           [MINIO]
00:03:57.529 STORAGE_SVC  MINIO_XL_META                   0       0     0.00 minio           [META][MINIO][XL.META]
    └─> File: /mnt/minio1/minio/public/rw_test_1KB/test.dat/xl.meta
00:03:57.529 APPLICATION  MINIO_OBJECT_GET             1489    1489     0.00 minio           [MINIO]
00:03:57.529 OS           OS_VFS_READ                  1489    4096     0.00 minio           [MINIO]
00:03:57.529 APPLICATION  MINIO_OBJECT_PUT              573     573     0.00 minio           [MINIO]
00:03:57.529 OS           OS_VFS_WRITE                  573    4096     0.00 minio           [MINIO]
00:03:57.529 APPLICATION  MINIO_OBJECT_GET             4096    4096     0.00 minio           [MINIO]
00:03:57.529 OS           OS_VFS_READ                  4096    4096     0.00 minio           [MINIO]
00:03:57.532 APPLICATION  MINIO_OBJECT_GET             4096    4096     0.00 minio           [MINIO]
00:03:57.532 OS           OS_VFS_READ                  4096    4096     0.00 minio           [MINIO]
00:03:57.532 APPLICATION  MINIO_OBJECT_GET                1       1     0.00 minio           [MINIO]
00:03:57.532 OS           OS_VFS_READ                     1    4096     0.00 minio           [MINIO]
00:03:57.533 STORAGE_SVC  MINIO_XL_META                   0       0     0.00 minio           [META][MINIO][XL.META]
    └─> File: /mnt/minio1/minio/public/rw_test_1KB/test.dat/xl.meta
00:03:57.533 STORAGE_SVC  MINIO_XL_META                   0       0     0.00 minio           [META][MINIO][XL.META]
    └─> File: /mnt/minio2/minio/public/rw_test_1KB/test.dat/xl.meta
00:03:57.533 APPLICATION  MINIO_OBJECT_GET             1489    1489     0.00 minio           [MINIO]
00:03:57.533 OS           OS_VFS_READ                  1489    4096     0.00 minio           [MINIO]
00:03:57.533 APPLICATION  MINIO_OBJECT_GET             1489    1489     0.00 minio           [MINIO]
00:03:57.533 OS           OS_VFS_READ                  1489    4096     0.00 minio           [MINIO]
00:03:57.533 APPLICATION  MINIO_OBJECT_PUT             1671    1671     0.00 minio           [MINIO]
00:03:57.533 OS           OS_VFS_WRITE                 1671    4096     0.00 minio           [MINIO]
00:03:57.533 APPLICATION  MINIO_OBJECT_GET             4096    4096     0.00 minio           [MINIO]
00:03:57.533 OS           OS_VFS_READ                  4096    4096     0.00 minio           [MINIO]
00:03:57.534 APPLICATION  MINIO_OBJECT_GET             4096    4096     0.00 minio           [MINIO]
00:03:57.534 OS           OS_VFS_READ                  4096    4096     0.00 minio           [MINIO]
00:03:57.534 APPLICATION  MINIO_OBJECT_GET             4096    4096     0.00 minio           [MINIO]
00:03:57.534 OS           OS_VFS_READ                  4096    4096     0.00 minio           [MINIO]
00:03:57.580 APPLICATION  MINIO_OBJECT_PUT                8       8     0.00 minio           [MINIO]
00:03:57.580 OS           OS_VFS_WRITE                    8    4096     0.00 minio           [MINIO]
00:03:57.580 APPLICATION  MINIO_OBJECT_GET                8       8     0.00 minio           [MINIO]
00:03:57.580 OS           OS_VFS_READ                     8    4096     0.00 minio           [MINIO]
00:03:59.566 APPLICATION  MINIO_OBJECT_PUT                8       8     0.00 minio           [MINIO]
00:03:59.566 OS           OS_VFS_WRITE                    8    4096     0.00 minio           [MINIO]
00:03:59.566 APPLICATION  MINIO_OBJECT_GET                8       8     0.00 minio           [MINIO]
00:03:59.566 OS           OS_VFS_READ                     8    4096     0.00 minio           [MINIO]

=== Tracer interrupted, generating summary ===

========================================
    I/O AMPLIFICATION ANALYSIS
========================================

Per-Layer Statistics:
LAYER               EVENTS      BYTES    ALIGNED     META     JRNL    CACHE AMP_FACTOR
----------------------------------------------------------------------
APPLICATION             36      32954      32954        0        0        0       0.00x
  └─> MinIO:            36      32954          -        0        -        -          -
STORAGE_SVC              4          0          0        4        0        0       0.00x
  └─> MinIO:             4          0          -        4        -        -          -
OS                      36      32954     147456        0        0        0       4.47x
  └─> MinIO:            36      32954          -        0        -        -          -
FILESYSTEM               0          0          0        0        0        0       0.00x
DEVICE                   0          0          0        0        0        0       0.00x

Amplification Breakdown:
----------------------------------------------------------------------
Original application I/O:          32954 bytes
After OS/page cache alignment:    147456 bytes (4.47x amplification)

*** TOTAL AMPLIFICATION: 4.47x ***
    147456 bytes written for 32954 bytes requested


Per-Request Amplification (Top 10):
REQUEST_ID            APP  STORAGE       OS       FS   DEVICE    TOTAL    AMP   MinIO
-----------------------------------------------------------------------------
00003419fe8e49b6        8        0     4096        0        0     4096 512.00x     Yes
00003415fe8e9f07        8        0     4096        0        0     4096 512.00x     Yes
00003419183b97c7        8        0     4096        0        0     4096 512.00x     Yes
00003415183bf1de        8        0     4096        0        0     4096 512.00x     Yes
0000341975c6a37b        8        0     4096        0        0     4096 512.00x     Yes
0000341575c6f500        8        0     4096        0        0     4096 512.00x     Yes
00003419ec3ad481        8        0     4096        0        0     4096 512.00x     Yes
00003415ec3b2b13        8        0     4096        0        0     4096 512.00x     Yes
000039dcecf9e8ab        8        0     4096        0        0     4096 512.00x     Yes
00003415ecfa3b98        8        0     4096        0        0     4096 512.00x     Yes

========================================
       MinIO-SPECIFIC ANALYSIS
========================================

MinIO Operation Statistics:
-------------------------------------------
Objects Written:                   13
Objects Read:                      23
XL Metadata Operations:             4
Erasure Blocks Written:             0
Multipart Uploads:                  0

MinIO Data Breakdown:
-------------------------------------------
Data Bytes:                      2332
Metadata Bytes:                     0
Metadata Overhead:              0.00%

MinIO I/O Pattern Analysis:
-------------------------------------------
APPLICATION    :       36 events,      32954 bytes
STORAGE_SVC    :        4 events,          0 bytes
  └─> XL.META operations: 4
OS             :       36 events,      32954 bytes

*** MinIO Total I/O Amplification: 28.26x ***

========================================
    I/O AMPLIFICATION ANALYSIS
========================================

Per-Layer Statistics:
LAYER               EVENTS      BYTES    ALIGNED     META     JRNL    CACHE AMP_FACTOR
----------------------------------------------------------------------
APPLICATION             36      32954      32954        0        0        0       0.00x
  └─> MinIO:            36      32954          -        0        -        -          -
STORAGE_SVC              4          0          0        4        0        0       0.00x
  └─> MinIO:             4          0          -        4        -        -          -
OS                      36      32954     147456        0        0        0       4.47x
  └─> MinIO:            36      32954          -        0        -        -          -
FILESYSTEM               0          0          0        0        0        0       0.00x
DEVICE                   0          0          0        0        0        0       0.00x

Amplification Breakdown:
----------------------------------------------------------------------
Original application I/O:          32954 bytes
After OS/page cache alignment:    147456 bytes (4.47x amplification)

*** TOTAL AMPLIFICATION: 4.47x ***
    147456 bytes written for 32954 bytes requested


Per-Request Amplification (Top 10):
REQUEST_ID            APP  STORAGE       OS       FS   DEVICE    TOTAL    AMP   MinIO
-----------------------------------------------------------------------------
00003419fe8e49b6        8        0     4096        0        0     4096 512.00x     Yes
00003415fe8e9f07        8        0     4096        0        0     4096 512.00x     Yes
00003419183b97c7        8        0     4096        0        0     4096 512.00x     Yes
00003415183bf1de        8        0     4096        0        0     4096 512.00x     Yes
0000341975c6a37b        8        0     4096        0        0     4096 512.00x     Yes
0000341575c6f500        8        0     4096        0        0     4096 512.00x     Yes
00003419ec3ad481        8        0     4096        0        0     4096 512.00x     Yes
00003415ec3b2b13        8        0     4096        0        0     4096 512.00x     Yes
000039dcecf9e8ab        8        0     4096        0        0     4096 512.00x     Yes
00003415ecfa3b98        8        0     4096        0        0     4096 512.00x     Yes

========================================
       MinIO-SPECIFIC ANALYSIS
========================================

MinIO Operation Statistics:
-------------------------------------------
Objects Written:                   13
Objects Read:                      23
XL Metadata Operations:             4
Erasure Blocks Written:             0
Multipart Uploads:                  0

MinIO Data Breakdown:
-------------------------------------------
Data Bytes:                      2332
Metadata Bytes:                     0
Metadata Overhead:              0.00%

MinIO I/O Pattern Analysis:
-------------------------------------------
APPLICATION    :       36 events,      32954 bytes
STORAGE_SVC    :        4 events,          0 bytes
  └─> XL.META operations: 4
OS             :       36 events,      32954 bytes

*** MinIO Total I/O Amplification: 28.26x ***
