Multi-layer I/O tracer started!
Tracing layers: Application, Storage Service, OS, Filesystem, Device
MinIO-only mode enabled
Request correlation mode enabled
MinIO tracing configured:
  Mode: Name
  Trace Erasure: Yes
  Trace Metadata: Yes
TIME             LAYER        EVENT                        SIZE ALIGNED LAT(μs) COMM            FLAGS
========================================================================
>>> TRACING MINIO PROCESSES ONLY <<<
========================================================================
00:04:33.764 APPLICATION  MINIO_OBJECT_PUT             2049    2049     0.00 minio           [MINIO]
00:04:33.764 OS           OS_VFS_WRITE                 2049    4096     0.00 minio           [MINIO]
00:04:33.764 FILESYSTEM   FS_SYNC                         0       0     0.00 minio           [META][MINIO]
00:04:33.764 DEVICE       DEV_BIO_SUBMIT               4096    4096     0.00 minio           [MINIO]
00:04:33.771 DEVICE       DEV_BIO_COMPLETE             4096    4096  6937.56                 
00:04:33.772 APPLICATION  MINIO_OBJECT_GET             2049    2049     0.00 minio           [MINIO]
00:04:33.772 OS           OS_VFS_READ                  2049    4096     0.00 minio           [MINIO]
00:04:34.011 APPLICATION  MINIO_OBJECT_PUT                8       8     0.00 minio           [MINIO]
00:04:34.011 OS           OS_VFS_WRITE                    8    4096     0.00 minio           [MINIO]
00:04:34.012 APPLICATION  MINIO_OBJECT_GET                8       8     0.00 minio           [MINIO]
00:04:34.012 OS           OS_VFS_READ                     8    4096     0.00 minio           [MINIO]
00:04:34.396 APPLICATION  MINIO_OBJECT_PUT             2049    2049     0.00 minio           [MINIO]
00:04:34.396 OS           OS_VFS_WRITE                 2049    4096     0.00 minio           [MINIO]
00:04:34.396 FILESYSTEM   FS_SYNC                         0       0     0.00 minio           [META][MINIO]
00:04:34.396 DEVICE       DEV_BIO_SUBMIT               4096    4096     0.00 minio           [MINIO]
00:04:34.404 DEVICE       DEV_BIO_COMPLETE             4096    4096  7460.34                 
00:04:34.405 APPLICATION  MINIO_OBJECT_GET             2049    2049     0.00 minio           [MINIO]
00:04:34.405 OS           OS_VFS_READ                  2049    4096     0.00 minio           [MINIO]
00:04:35.567 APPLICATION  MINIO_OBJECT_PUT                8       8     0.00 minio           [MINIO]
00:04:35.567 OS           OS_VFS_WRITE                    8    4096     0.00 minio           [MINIO]
00:04:35.567 APPLICATION  MINIO_OBJECT_GET                8       8     0.00 minio           [MINIO]
00:04:35.567 OS           OS_VFS_READ                     8    4096     0.00 minio           [MINIO]
00:04:35.580 APPLICATION  MINIO_OBJECT_PUT                8       8     0.00 minio           [MINIO]
00:04:35.580 OS           OS_VFS_WRITE                    8    4096     0.00 minio           [MINIO]
00:04:35.580 APPLICATION  MINIO_OBJECT_GET                8       8     0.00 minio           [MINIO]
00:04:35.580 OS           OS_VFS_READ                     8    4096     0.00 minio           [MINIO]
00:04:36.078 APPLICATION  MINIO_OBJECT_PUT                8       8     0.00 minio           [MINIO]
00:04:36.078 OS           OS_VFS_WRITE                    8    4096     0.00 minio           [MINIO]
00:04:36.078 APPLICATION  MINIO_OBJECT_GET                8       8     0.00 minio           [MINIO]
00:04:36.078 OS           OS_VFS_READ                     8    4096     0.00 minio           [MINIO]
00:04:37.567 APPLICATION  MINIO_OBJECT_PUT                8       8     0.00 minio           [MINIO]
00:04:37.567 OS           OS_VFS_WRITE                    8    4096     0.00 minio           [MINIO]
00:04:37.567 APPLICATION  MINIO_OBJECT_GET                8       8     0.00 minio           [MINIO]
00:04:37.567 OS           OS_VFS_READ                     8    4096     0.00 minio           [MINIO]
00:04:39.566 APPLICATION  MINIO_OBJECT_PUT                8       8     0.00 minio           [MINIO]
00:04:39.566 OS           OS_VFS_WRITE                    8    4096     0.00 minio           [MINIO]
00:04:39.566 APPLICATION  MINIO_OBJECT_GET                8       8     0.00 minio           [MINIO]
00:04:39.566 OS           OS_VFS_READ                     8    4096     0.00 minio           [MINIO]
00:04:39.580 APPLICATION  MINIO_OBJECT_PUT                8       8     0.00 minio           [MINIO]
00:04:39.580 OS           OS_VFS_WRITE                    8    4096     0.00 minio           [MINIO]
00:04:39.580 APPLICATION  MINIO_OBJECT_GET                8       8     0.00 minio           [MINIO]
00:04:39.580 OS           OS_VFS_READ                     8    4096     0.00 minio           [MINIO]
00:04:40.238 APPLICATION  MINIO_OBJECT_PUT                8       8     0.00 minio           [MINIO]
00:04:40.238 OS           OS_VFS_WRITE                    8    4096     0.00 minio           [MINIO]
00:04:40.238 APPLICATION  MINIO_OBJECT_GET                8       8     0.00 minio           [MINIO]
00:04:40.238 OS           OS_VFS_READ                     8    4096     0.00 minio           [MINIO]
00:04:40.241 STORAGE_SVC  MINIO_XL_META                   0       0     0.00 minio           [META][MINIO][XL.META]
    └─> File: /mnt/minio2/minio/.minio.sys/buckets/.background-heal.json/xl.meta
00:04:40.241 STORAGE_SVC  MINIO_XL_META                   0       0     0.00 minio           [META][MINIO][XL.META]
    └─> File: /mnt/minio1/minio/.minio.sys/buckets/.background-heal.json/xl.meta
00:04:40.241 APPLICATION  MINIO_OBJECT_GET              505     505     0.00 minio           [MINIO]
00:04:40.241 APPLICATION  MINIO_OBJECT_GET              505     505     0.00 minio           [MINIO]
00:04:40.241 OS           OS_VFS_READ                   505    4096     0.00 minio           [MINIO]
00:04:40.241 OS           OS_VFS_READ                   505    4096     0.00 minio           [MINIO]
00:04:40.241 STORAGE_SVC  MINIO_XL_META                   0       0     0.00 minio           [META][MINIO][XL.META]
    └─> File: /mnt/minio2/minio
00:04:40.241 STORAGE_SVC  MINIO_XL_META                   0       0     0.00 minio           [META][MINIO][XL.META]
    └─> File: /mnt/minio1/minio
00:04:40.242 STORAGE_SVC  MINIO_XL_META                   0       0     0.00 minio           [META][MINIO][XL.META]
    └─> File: /mnt/minio2/minio/.minio.sys/buckets/.healing.bin
00:04:40.242 STORAGE_SVC  MINIO_XL_META                   0       0     0.00 minio           [META][MINIO][XL.META]
    └─> File: /mnt/minio1/minio/.minio.sys/buckets/.healing.bin
00:04:40.242 STORAGE_SVC  MINIO_XL_META                   0       0     0.00 minio           [META][MINIO][XL.META]
    └─> File: /mnt/minio2/minio/.minio.sys/buckets/.usage-cache.bin/xl.meta
00:04:40.242 APPLICATION  MINIO_OBJECT_GET              629     629     0.00 minio           [MINIO]
00:04:40.242 OS           OS_VFS_READ                   629    4096     0.00 minio           [MINIO]
00:04:40.242 STORAGE_SVC  MINIO_XL_META                   0       0     0.00 minio           [META][MINIO][XL.META]
    └─> File: /mnt/minio1/minio/.minio.sys/buckets/.usage-cache.bin/xl.meta
00:04:40.242 APPLICATION  MINIO_OBJECT_GET              629     629     0.00 minio           [MINIO]
00:04:40.242 OS           OS_VFS_READ                   629    4096     0.00 minio           [MINIO]
00:04:40.242 STORAGE_SVC  MINIO_XL_META                   0       0     0.00 minio           [META][MINIO][XL.META]
    └─> File: /mnt/minio2/minio/.minio.sys/buckets/public/.usage-cache.bin/xl.meta
00:04:40.242 APPLICATION  MINIO_OBJECT_GET             1385    1385     0.00 minio           [MINIO]
00:04:40.242 OS           OS_VFS_READ                  1385    4096     0.00 minio           [MINIO]
00:04:40.242 STORAGE_SVC  MINIO_XL_META                   0       0     0.00 minio           [META][MINIO][XL.META]
    └─> File: /mnt/minio1/minio/.minio.sys/buckets/public/.usage-cache.bin/xl.meta
00:04:40.242 APPLICATION  MINIO_OBJECT_GET             1385    1385     0.00 minio           [MINIO]
00:04:40.242 OS           OS_VFS_READ                  1385    4096     0.00 minio           [MINIO]
00:04:40.242 APPLICATION  MINIO_OBJECT_PUT                8       8     0.00 minio           [MINIO]
00:04:40.242 OS           OS_VFS_WRITE                    8    4096     0.00 minio           [MINIO]
00:04:40.242 APPLICATION  MINIO_OBJECT_GET                8       8     0.00 minio           [MINIO]
00:04:40.242 OS           OS_VFS_READ                     8    4096     0.00 minio           [MINIO]
00:04:40.244 APPLICATION  MINIO_OBJECT_PUT                8       8     0.00 minio           [MINIO]
00:04:40.244 OS           OS_VFS_WRITE                    8    4096     0.00 minio           [MINIO]
00:04:40.244 APPLICATION  MINIO_OBJECT_GET                8       8     0.00 minio           [MINIO]
00:04:40.244 OS           OS_VFS_READ                     8    4096     0.00 minio           [MINIO]
00:04:40.246 STORAGE_SVC  MINIO_XL_META                   0       0     0.00 minio           [META][MINIO][XL.META]
    └─> File: /mnt/minio2/minio/public/comprehensive_test_100MB
00:04:40.246 APPLICATION  MINIO_OBJECT_PUT                8       8     0.00 minio           [MINIO]
00:04:40.246 OS           OS_VFS_WRITE                    8    4096     0.00 minio           [MINIO]
00:04:40.246 APPLICATION  MINIO_OBJECT_GET                8       8     0.00 minio           [MINIO]
00:04:40.246 OS           OS_VFS_READ                     8    4096     0.00 minio           [MINIO]
00:04:40.248 STORAGE_SVC  MINIO_XL_META                   0       0     0.00 minio           [META][MINIO][XL.META]
    └─> File: /mnt/minio2/minio/public/comprehensive_test_100MB/test.dat/xl.meta
00:04:40.248 APPLICATION  MINIO_OBJECT_GET              674     674     0.00 minio           [MINIO]
00:04:40.248 OS           OS_VFS_READ                   674    4096     0.00 minio           [MINIO]
00:04:40.248 APPLICATION  MINIO_OBJECT_PUT                8       8     0.00 minio           [MINIO]
00:04:40.248 OS           OS_VFS_WRITE                    8    4096     0.00 minio           [MINIO]
00:04:40.248 APPLICATION  MINIO_OBJECT_GET                8       8     0.00 minio           [MINIO]
00:04:40.248 OS           OS_VFS_READ                     8    4096     0.00 minio           [MINIO]
00:04:40.251 STORAGE_SVC  MINIO_XL_META                   0       0     0.00 minio           [META][MINIO][XL.META]
    └─> File: /mnt/minio2/minio/public/4K_test
00:04:40.251 STORAGE_SVC  MINIO_XL_META                   0       0     0.00 minio           [META][MINIO][XL.META]
    └─> File: /mnt/minio2/minio/public/4K_test/xl.meta
00:04:40.251 APPLICATION  MINIO_OBJECT_GET             4096    4096     0.00 minio           [MINIO]
00:04:40.251 OS           OS_VFS_READ                  4096    4096     0.00 minio           [MINIO]
00:04:40.251 APPLICATION  MINIO_OBJECT_PUT                8       8     0.00 minio           [MINIO]
00:04:40.251 OS           OS_VFS_WRITE                    8    4096     0.00 minio           [MINIO]
00:04:40.251 APPLICATION  MINIO_OBJECT_GET                8       8     0.00 minio           [MINIO]
00:04:40.251 OS           OS_VFS_READ                     8    4096     0.00 minio           [MINIO]
00:04:40.253 STORAGE_SVC  MINIO_XL_META                   0       0     0.00 minio           [META][MINIO][XL.META]
    └─> File: /mnt/minio2/minio/public/comprehensive_test_100B
00:04:40.253 APPLICATION  MINIO_OBJECT_PUT                8       8     0.00 minio           [MINIO]
00:04:40.253 OS           OS_VFS_WRITE                    8    4096     0.00 minio           [MINIO]
00:04:40.253 APPLICATION  MINIO_OBJECT_GET                8       8     0.00 minio           [MINIO]
00:04:40.253 OS           OS_VFS_READ                     8    4096     0.00 minio           [MINIO]
00:04:40.255 STORAGE_SVC  MINIO_XL_META                   0       0     0.00 minio           [META][MINIO][XL.META]
    └─> File: /mnt/minio2/minio/public/comprehensive_test_100B/test.dat/xl.meta
00:04:40.255 APPLICATION  MINIO_OBJECT_GET              558     558     0.00 minio           [MINIO]
00:04:40.255 OS           OS_VFS_READ                   558    4096     0.00 minio           [MINIO]
00:04:40.255 APPLICATION  MINIO_OBJECT_PUT                8       8     0.00 minio           [MINIO]
00:04:40.255 OS           OS_VFS_WRITE                    8    4096     0.00 minio           [MINIO]
00:04:40.255 APPLICATION  MINIO_OBJECT_GET                8       8     0.00 minio           [MINIO]
00:04:40.255 OS           OS_VFS_READ                     8    4096     0.00 minio           [MINIO]
00:04:40.257 STORAGE_SVC  MINIO_XL_META                   0       0     0.00 minio           [META][MINIO][XL.META]
    └─> File: /mnt/minio2/minio/public/rw_test_100B
00:04:40.257 APPLICATION  MINIO_OBJECT_PUT                8       8     0.00 minio           [MINIO]
00:04:40.257 OS           OS_VFS_WRITE                    8    4096     0.00 minio           [MINIO]
00:04:40.257 APPLICATION  MINIO_OBJECT_GET                8       8     0.00 minio           [MINIO]
00:04:40.257 OS           OS_VFS_READ                     8    4096     0.00 minio           [MINIO]
00:04:40.259 STORAGE_SVC  MINIO_XL_META                   0       0     0.00 minio           [META][MINIO][XL.META]
    └─> File: /mnt/minio2/minio/public/rw_test_100B/test.dat
00:04:40.259 STORAGE_SVC  MINIO_XL_META                   0       0     0.00 minio           [META][MINIO][XL.META]
    └─> File: /mnt/minio2/minio/public/rw_test_100B/test.dat/xl.meta
00:04:40.259 APPLICATION  MINIO_OBJECT_GET              558     558     0.00 minio           [MINIO]
00:04:40.259 OS           OS_VFS_READ                   558    4096     0.00 minio           [MINIO]
00:04:40.259 STORAGE_SVC  MINIO_XL_META                   0       0     0.00 minio           [META][MINIO][XL.META]
    └─> File: /mnt/minio2/minio/.minio.sys/buckets/public/.usage-cache.bin/xl.meta
00:04:40.259 APPLICATION  MINIO_OBJECT_GET             1385    1385     0.00 minio           [MINIO]
00:04:40.259 OS           OS_VFS_READ                  1385    4096     0.00 minio           [MINIO]
00:04:40.259 STORAGE_SVC  MINIO_XL_META                   0       0     0.00 minio           [META][MINIO][XL.META]
    └─> File: /mnt/minio1/minio/.minio.sys/buckets/public/.usage-cache.bin/xl.meta
00:04:40.259 APPLICATION  MINIO_OBJECT_GET             1385    1385     0.00 minio           [MINIO]
00:04:40.259 OS           OS_VFS_READ                  1385    4096     0.00 minio           [MINIO]
00:04:40.259 APPLICATION  MINIO_OBJECT_PUT             1425    1425     0.00 minio           [MINIO]
00:04:40.259 OS           OS_VFS_WRITE                 1425    4096     0.00 minio           [MINIO]
00:04:40.259 FILESYSTEM   FS_SYNC                         0       0     0.00 minio           [META][MINIO]
00:04:40.259 DEVICE       DEV_BIO_SUBMIT               4096    4096     0.00 minio           [MINIO]
00:04:40.259 APPLICATION  MINIO_OBJECT_PUT             1425    1425     0.00 minio           [MINIO]
00:04:40.259 OS           OS_VFS_WRITE                 1425    4096     0.00 minio           [MINIO]
00:04:40.259 FILESYSTEM   FS_SYNC                         0       0     0.00 minio           [META][MINIO]
00:04:40.259 DEVICE       DEV_BIO_SUBMIT               4096    4096     0.00 minio           [MINIO]
00:04:40.266 DEVICE       DEV_BIO_COMPLETE             4096    4096  6642.53                 
00:04:40.267 APPLICATION  MINIO_OBJECT_PUT             1385    1385     0.00 minio           [MINIO]
00:04:40.267 OS           OS_VFS_WRITE                 1385    4096     0.00 minio           [MINIO]
00:04:40.267 FILESYSTEM   FS_SYNC                         0       0     0.00 minio           [META][MINIO]
00:04:40.267 DEVICE       DEV_BIO_SUBMIT               4096    4096     0.00 minio           [MINIO]
00:04:40.267 DEVICE       DEV_BIO_COMPLETE             4096    4096    26.19                 
00:04:40.267 DEVICE       DEV_BIO_COMPLETE             4096    4096  7660.48                 
00:04:40.268 APPLICATION  MINIO_OBJECT_PUT             1385    1385     0.00 minio           [MINIO]
00:04:40.268 OS           OS_VFS_WRITE                 1385    4096     0.00 minio           [MINIO]
00:04:40.268 FILESYSTEM   FS_SYNC                         0       0     0.00 minio           [META][MINIO]
00:04:40.268 DEVICE       DEV_BIO_SUBMIT               4096    4096     0.00 minio           [MINIO]
00:04:40.268 DEVICE       DEV_BIO_COMPLETE             4096    4096    21.29                 
00:04:40.268 APPLICATION  MINIO_OBJECT_GET             1385    1385     0.00 minio           [MINIO]
00:04:40.268 OS           OS_VFS_READ                  1385    4096     0.00 minio           [MINIO]
00:04:40.268 APPLICATION  MINIO_OBJECT_GET             1385    1385     0.00 minio           [MINIO]
00:04:40.268 OS           OS_VFS_READ                  1385    4096     0.00 minio           [MINIO]
00:04:40.268 APPLICATION  MINIO_OBJECT_PUT             1425    1425     0.00 minio           [MINIO]
00:04:40.268 OS           OS_VFS_WRITE                 1425    4096     0.00 minio           [MINIO]
00:04:40.268 FILESYSTEM   FS_SYNC                         0       0     0.00 minio           [META][MINIO]
00:04:40.268 DEVICE       DEV_BIO_SUBMIT               4096    4096     0.00 minio           [MINIO]
00:04:40.269 APPLICATION  MINIO_OBJECT_PUT             1425    1425     0.00 minio           [MINIO]
00:04:40.269 OS           OS_VFS_WRITE                 1425    4096     0.00 minio           [MINIO]
00:04:40.269 FILESYSTEM   FS_SYNC                         0       0     0.00 minio           [META][MINIO]
00:04:40.269 DEVICE       DEV_BIO_COMPLETE             4096    4096    27.56                 
00:04:40.269 DEVICE       DEV_BIO_SUBMIT               4096    4096     0.00 minio           [MINIO]
00:04:40.269 DEVICE       DEV_BIO_COMPLETE             4096    4096     9.65                 
00:04:40.269 APPLICATION  MINIO_OBJECT_PUT             1385    1385     0.00 minio           [MINIO]
00:04:40.269 OS           OS_VFS_WRITE                 1385    4096     0.00 minio           [MINIO]
00:04:40.269 FILESYSTEM   FS_SYNC                         0       0     0.00 minio           [META][MINIO]
00:04:40.269 DEVICE       DEV_BIO_SUBMIT               4096    4096     0.00 minio           [MINIO]
00:04:40.269 DEVICE       DEV_BIO_COMPLETE             4096    4096    28.83                 
00:04:40.269 APPLICATION  MINIO_OBJECT_PUT             1385    1385     0.00 minio           [MINIO]
00:04:40.269 OS           OS_VFS_WRITE                 1385    4096     0.00 minio           [MINIO]
00:04:40.269 FILESYSTEM   FS_SYNC                         0       0     0.00 minio           [META][MINIO]
00:04:40.269 DEVICE       DEV_BIO_SUBMIT               4096    4096     0.00 minio           [MINIO]
00:04:40.269 DEVICE       DEV_BIO_COMPLETE             4096    4096    15.29                 
00:04:40.270 STORAGE_SVC  MINIO_XL_META                   0       0     0.00 minio           [META][MINIO][XL.META]
    └─> File: /mnt/minio1/minio/.minio.sys/buckets/.usage-cache.bin/xl.meta
00:04:40.270 STORAGE_SVC  MINIO_XL_META                   0       0     0.00 minio           [META][MINIO][XL.META]
    └─> File: /mnt/minio2/minio/.minio.sys/buckets/.usage-cache.bin/xl.meta
00:04:40.270 APPLICATION  MINIO_OBJECT_GET              629     629     0.00 minio           [MINIO]
00:04:40.270 OS           OS_VFS_READ                   629    4096     0.00 minio           [MINIO]
00:04:40.270 APPLICATION  MINIO_OBJECT_GET              629     629     0.00 minio           [MINIO]
00:04:40.270 OS           OS_VFS_READ                   629    4096     0.00 minio           [MINIO]
00:04:40.270 APPLICATION  MINIO_OBJECT_PUT              629     629     0.00 minio           [MINIO]
00:04:40.270 OS           OS_VFS_WRITE                  629    4096     0.00 minio           [MINIO]
00:04:40.270 APPLICATION  MINIO_OBJECT_PUT              629     629     0.00 minio           [MINIO]
00:04:40.270 OS           OS_VFS_WRITE                  629    4096     0.00 minio           [MINIO]
00:04:40.270 FILESYSTEM   FS_SYNC                         0       0     0.00 minio           [META][MINIO]
00:04:40.270 FILESYSTEM   FS_SYNC                         0       0     0.00 minio           [META][MINIO]
00:04:40.270 DEVICE       DEV_BIO_SUBMIT               4096    4096     0.00 minio           [MINIO]
00:04:40.270 DEVICE       DEV_BIO_SUBMIT               4096    4096     0.00 minio           [MINIO]
00:04:40.270 DEVICE       DEV_BIO_COMPLETE             4096    4096    18.64                 
00:04:40.270 DEVICE       DEV_BIO_COMPLETE             4096    4096    15.48                 
00:04:40.271 APPLICATION  MINIO_OBJECT_PUT              629     629     0.00 minio           [MINIO]
00:04:40.271 OS           OS_VFS_WRITE                  629    4096     0.00 minio           [MINIO]
00:04:40.271 APPLICATION  MINIO_OBJECT_PUT              629     629     0.00 minio           [MINIO]
00:04:40.271 OS           OS_VFS_WRITE                  629    4096     0.00 minio           [MINIO]
00:04:40.271 FILESYSTEM   FS_SYNC                         0       0     0.00 minio           [META][MINIO]
00:04:40.271 FILESYSTEM   FS_SYNC                         0       0     0.00 minio           [META][MINIO]
00:04:40.271 DEVICE       DEV_BIO_SUBMIT               4096    4096     0.00 minio           [MINIO]
00:04:40.271 DEVICE       DEV_BIO_SUBMIT               4096    4096     0.00 minio           [MINIO]
00:04:40.271 DEVICE       DEV_BIO_COMPLETE             4096    4096    14.98                 
00:04:40.271 DEVICE       DEV_BIO_COMPLETE             4096    4096    17.90                 
00:04:40.272 STORAGE_SVC  MINIO_XL_META                   0       0     0.00 minio           [META][MINIO][XL.META]
    └─> File: /mnt/minio1/minio/.minio.sys/buckets/.usage-cache.bin.bkp/xl.meta
00:04:40.272 STORAGE_SVC  MINIO_XL_META                   0       0     0.00 minio           [META][MINIO][XL.META]
    └─> File: /mnt/minio2/minio/.minio.sys/buckets/.usage-cache.bin.bkp/xl.meta
00:04:40.272 APPLICATION  MINIO_OBJECT_GET              629     629     0.00 minio           [MINIO]
00:04:40.272 OS           OS_VFS_READ                   629    4096     0.00 minio           [MINIO]
00:04:40.272 APPLICATION  MINIO_OBJECT_GET              629     629     0.00 minio           [MINIO]
00:04:40.272 OS           OS_VFS_READ                   629    4096     0.00 minio           [MINIO]
00:04:40.272 APPLICATION  MINIO_OBJECT_PUT              629     629     0.00 minio           [MINIO]
00:04:40.272 OS           OS_VFS_WRITE                  629    4096     0.00 minio           [MINIO]
00:04:40.272 FILESYSTEM   FS_SYNC                         0       0     0.00 minio           [META][MINIO]
00:04:40.272 APPLICATION  MINIO_OBJECT_PUT              629     629     0.00 minio           [MINIO]
00:04:40.272 OS           OS_VFS_WRITE                  629    4096     0.00 minio           [MINIO]
00:04:40.272 DEVICE       DEV_BIO_SUBMIT               4096    4096     0.00 minio           [MINIO]
00:04:40.272 FILESYSTEM   FS_SYNC                         0       0     0.00 minio           [META][MINIO]
00:04:40.272 DEVICE       DEV_BIO_SUBMIT               4096    4096     0.00 minio           [MINIO]
00:04:40.272 DEVICE       DEV_BIO_COMPLETE             4096    4096    18.70                 
00:04:40.272 DEVICE       DEV_BIO_COMPLETE             4096    4096    14.05                 
00:04:40.272 APPLICATION  MINIO_OBJECT_PUT              629     629     0.00 minio           [MINIO]
00:04:40.272 OS           OS_VFS_WRITE                  629    4096     0.00 minio           [MINIO]
00:04:40.272 FILESYSTEM   FS_SYNC                         0       0     0.00 minio           [META][MINIO]
00:04:40.272 DEVICE       DEV_BIO_SUBMIT               4096    4096     0.00 minio           [MINIO]
00:04:40.272 APPLICATION  MINIO_OBJECT_PUT              629     629     0.00 minio           [MINIO]
00:04:40.272 OS           OS_VFS_WRITE                  629    4096     0.00 minio           [MINIO]
00:04:40.272 FILESYSTEM   FS_SYNC                         0       0     0.00 minio           [META][MINIO]
00:04:40.272 DEVICE       DEV_BIO_COMPLETE             4096    4096    25.89                 
00:04:40.272 DEVICE       DEV_BIO_SUBMIT               4096    4096     0.00 minio           [MINIO]
00:04:40.272 DEVICE       DEV_BIO_COMPLETE             4096    4096    14.76                 
00:04:40.273 STORAGE_SVC  MINIO_XL_META                   0       0     0.00 minio           [META][MINIO][XL.META]
    └─> File: /mnt/minio2/minio/.minio.sys/buckets/.bloomcycle.bin/xl.meta
00:04:40.273 STORAGE_SVC  MINIO_XL_META                   0       0     0.00 minio           [META][MINIO][XL.META]
    └─> File: /mnt/minio1/minio/.minio.sys/buckets/.bloomcycle.bin/xl.meta
00:04:40.273 APPLICATION  MINIO_OBJECT_GET              744     744     0.00 minio           [MINIO]
00:04:40.273 OS           OS_VFS_READ                   744    4096     0.00 minio           [MINIO]
00:04:40.273 APPLICATION  MINIO_OBJECT_GET              744     744     0.00 minio           [MINIO]
00:04:40.273 OS           OS_VFS_READ                   744    4096     0.00 minio           [MINIO]
00:04:40.273 STORAGE_SVC  MINIO_XL_META                   0       0     0.00 minio           [META][MINIO][XL.META]
    └─> File: /mnt/minio1/minio/.minio.sys/buckets/.usage.json/xl.meta
00:04:40.273 STORAGE_SVC  MINIO_XL_META                   0       0     0.00 minio           [META][MINIO][XL.META]
    └─> File: /mnt/minio2/minio/.minio.sys/buckets/.usage.json/xl.meta
00:04:40.273 APPLICATION  MINIO_OBJECT_GET             1510    1510     0.00 minio           [MINIO]
00:04:40.273 OS           OS_VFS_READ                  1510    4096     0.00 minio           [MINIO]
00:04:40.273 APPLICATION  MINIO_OBJECT_GET             1510    1510     0.00 minio           [MINIO]
00:04:40.273 OS           OS_VFS_READ                  1510    4096     0.00 minio           [MINIO]
00:04:40.273 STORAGE_SVC  MINIO_XL_META                   0       0     0.00 minio           [META][MINIO][XL.META]
    └─> File: /mnt/minio2/minio/.minio.sys/buckets/.bloomcycle.bin/xl.meta
00:04:40.273 APPLICATION  MINIO_OBJECT_GET              744     744     0.00 minio           [MINIO]
00:04:40.273 OS           OS_VFS_READ                   744    4096     0.00 minio           [MINIO]
00:04:40.273 STORAGE_SVC  MINIO_XL_META                   0       0     0.00 minio           [META][MINIO][XL.META]
    └─> File: /mnt/minio1/minio/.minio.sys/buckets/.bloomcycle.bin/xl.meta
00:04:40.273 STORAGE_SVC  MINIO_XL_META                   0       0     0.00 minio           [META][MINIO][XL.META]
    └─> File: /mnt/minio1/minio/.minio.sys/buckets/.usage.json/xl.meta
00:04:40.273 APPLICATION  MINIO_OBJECT_GET              744     744     0.00 minio           [MINIO]
00:04:40.273 OS           OS_VFS_READ                   744    4096     0.00 minio           [MINIO]
00:04:40.273 STORAGE_SVC  MINIO_XL_META                   0       0     0.00 minio           [META][MINIO][XL.META]
    └─> File: /mnt/minio2/minio/.minio.sys/buckets/.usage.json/xl.meta
00:04:40.273 APPLICATION  MINIO_OBJECT_GET             1510    1510     0.00 minio           [MINIO]
00:04:40.273 OS           OS_VFS_READ                  1510    4096     0.00 minio           [MINIO]
00:04:40.273 APPLICATION  MINIO_OBJECT_GET             1510    1510     0.00 minio           [MINIO]
00:04:40.273 OS           OS_VFS_READ                  1510    4096     0.00 minio           [MINIO]
00:04:40.273 APPLICATION  MINIO_OBJECT_PUT              744     744     0.00 minio           [MINIO]
00:04:40.273 OS           OS_VFS_WRITE                  744    4096     0.00 minio           [MINIO]
00:04:40.273 FILESYSTEM   FS_SYNC                         0       0     0.00 minio           [META][MINIO]
00:04:40.273 APPLICATION  MINIO_OBJECT_PUT             1510    1510     0.00 minio           [MINIO]
00:04:40.273 OS           OS_VFS_WRITE                 1510    4096     0.00 minio           [MINIO]
00:04:40.273 APPLICATION  MINIO_OBJECT_PUT             1510    1510     0.00 minio           [MINIO]
00:04:40.273 OS           OS_VFS_WRITE                 1510    4096     0.00 minio           [MINIO]
00:04:40.273 FILESYSTEM   FS_SYNC                         0       0     0.00 minio           [META][MINIO]
00:04:40.273 DEVICE       DEV_BIO_SUBMIT               4096    4096     0.00 minio           [MINIO]
00:04:40.273 FILESYSTEM   FS_SYNC                         0       0     0.00 minio           [META][MINIO]
00:04:40.273 DEVICE       DEV_BIO_SUBMIT               4096    4096     0.00 minio           [MINIO]
00:04:40.273 DEVICE       DEV_BIO_SUBMIT               4096    4096     0.00 minio           [MINIO]
00:04:40.273 APPLICATION  MINIO_OBJECT_PUT              744     744     0.00 minio           [MINIO]
00:04:40.273 OS           OS_VFS_WRITE                  744    4096     0.00 minio           [MINIO]
00:04:40.273 FILESYSTEM   FS_SYNC                         0       0     0.00 minio           [META][MINIO]
00:04:40.273 DEVICE       DEV_BIO_COMPLETE             4096    4096    10.51                 
00:04:40.273 DEVICE       DEV_BIO_COMPLETE             4096    4096    19.99                 
00:04:40.273 DEVICE       DEV_BIO_SUBMIT               4096    4096     0.00 minio           [MINIO]
00:04:40.273 DEVICE       DEV_BIO_COMPLETE             4096    4096    20.09                 
00:04:40.273 DEVICE       DEV_BIO_COMPLETE             4096    4096    10.46                 
00:04:40.274 APPLICATION  MINIO_OBJECT_PUT              744     744     0.00 minio           [MINIO]
00:04:40.274 OS           OS_VFS_WRITE                  744    4096     0.00 minio           [MINIO]
00:04:40.274 FILESYSTEM   FS_SYNC                         0       0     0.00 minio           [META][MINIO]
00:04:40.274 APPLICATION  MINIO_OBJECT_PUT             1510    1510     0.00 minio           [MINIO]
00:04:40.274 APPLICATION  MINIO_OBJECT_PUT             1510    1510     0.00 minio           [MINIO]
00:04:40.274 OS           OS_VFS_WRITE                 1510    4096     0.00 minio           [MINIO]
00:04:40.274 OS           OS_VFS_WRITE                 1510    4096     0.00 minio           [MINIO]
00:04:40.274 FILESYSTEM   FS_SYNC                         0       0     0.00 minio           [META][MINIO]
00:04:40.274 FILESYSTEM   FS_SYNC                         0       0     0.00 minio           [META][MINIO]
00:04:40.274 DEVICE       DEV_BIO_SUBMIT               4096    4096     0.00 minio           [MINIO]
00:04:40.274 DEVICE       DEV_BIO_SUBMIT               4096    4096     0.00 minio           [MINIO]
00:04:40.274 DEVICE       DEV_BIO_SUBMIT               4096    4096     0.00 minio           [MINIO]
00:04:40.274 DEVICE       DEV_BIO_COMPLETE             4096    4096     8.99                 
00:04:40.274 DEVICE       DEV_BIO_COMPLETE             4096    4096    15.72                 
00:04:40.274 DEVICE       DEV_BIO_COMPLETE             4096    4096    19.28                 
00:04:40.274 APPLICATION  MINIO_OBJECT_PUT              744     744     0.00 minio           [MINIO]
00:04:40.274 OS           OS_VFS_WRITE                  744    4096     0.00 minio           [MINIO]
00:04:40.274 FILESYSTEM   FS_SYNC                         0       0     0.00 minio           [META][MINIO]
00:04:40.274 DEVICE       DEV_BIO_SUBMIT               4096    4096     0.00 minio           [MINIO]
00:04:40.274 DEVICE       DEV_BIO_COMPLETE             4096    4096    17.44                 
00:04:41.566 APPLICATION  MINIO_OBJECT_PUT                8       8     0.00 minio           [MINIO]
00:04:41.566 OS           OS_VFS_WRITE                    8    4096     0.00 minio           [MINIO]
00:04:41.566 APPLICATION  MINIO_OBJECT_GET                8       8     0.00 minio           [MINIO]
00:04:41.566 OS           OS_VFS_READ                     8    4096     0.00 minio           [MINIO]
00:04:41.581 APPLICATION  MINIO_OBJECT_PUT                8       8     0.00 minio           [MINIO]
00:04:41.581 OS           OS_VFS_WRITE                    8    4096     0.00 minio           [MINIO]
00:04:41.581 APPLICATION  MINIO_OBJECT_GET                8       8     0.00 minio           [MINIO]
00:04:41.581 OS           OS_VFS_READ                     8    4096     0.00 minio           [MINIO]
00:04:41.995 APPLICATION  MINIO_OBJECT_GET             4096    4096     0.00 minio           [MINIO]
00:04:41.995 OS           OS_VFS_READ                  4096    4096     0.00 minio           [MINIO]
00:04:41.995 APPLICATION  MINIO_OBJECT_GET                1       1     0.00 minio           [MINIO]
00:04:41.995 OS           OS_VFS_READ                     1    4096     0.00 minio           [MINIO]
00:04:41.995 STORAGE_SVC  MINIO_XL_META                   0       0     0.00 minio           [META][MINIO][XL.META]
    └─> File: /mnt/minio2/minio/public/rw_test_1MB/test.dat/xl.meta
00:04:41.995 STORAGE_SVC  MINIO_XL_META                   0       0     0.00 minio           [META][MINIO][XL.META]
    └─> File: /mnt/minio1/minio/public/rw_test_1MB/test.dat/xl.meta
00:04:41.995 APPLICATION  MINIO_OBJECT_GET              394     394     0.00 minio           [MINIO]
00:04:41.995 OS           OS_VFS_READ                   394    4096     0.00 minio           [MINIO]
00:04:41.995 APPLICATION  MINIO_OBJECT_GET              394     394     0.00 minio           [MINIO]
00:04:41.995 OS           OS_VFS_READ                   394    4096     0.00 minio           [MINIO]
00:04:41.996 APPLICATION  MINIO_OBJECT_PUT              576     576     0.00 minio           [MINIO]
00:04:41.996 OS           OS_VFS_WRITE                  576    4096     0.00 minio           [MINIO]
00:04:41.996 APPLICATION  MINIO_OBJECT_GET             4096    4096     0.00 minio           [MINIO]
00:04:41.996 OS           OS_VFS_READ                  4096    4096     0.00 minio           [MINIO]
00:04:41.998 APPLICATION  MINIO_OBJECT_GET             4096    4096     0.00 minio           [MINIO]
00:04:41.998 OS           OS_VFS_READ                  4096    4096     0.00 minio           [MINIO]
00:04:41.998 APPLICATION  MINIO_OBJECT_GET                1       1     0.00 minio           [MINIO]
00:04:41.998 OS           OS_VFS_READ                     1    4096     0.00 minio           [MINIO]
00:04:41.998 STORAGE_SVC  MINIO_XL_META                   0       0     0.00 minio           [META][MINIO][XL.META]
    └─> File: /mnt/minio2/minio/public/rw_test_1MB/test.dat/xl.meta
00:04:41.998 APPLICATION  MINIO_OBJECT_GET              394     394     0.00 minio           [MINIO]
00:04:41.998 OS           OS_VFS_READ                   394    4096     0.00 minio           [MINIO]
00:04:41.998 STORAGE_SVC  MINIO_XL_META                   0       0     0.00 minio           [META][MINIO][XL.META]
    └─> File: /mnt/minio1/minio/public/rw_test_1MB/test.dat/xl.meta
00:04:41.998 APPLICATION  MINIO_OBJECT_GET              394     394     0.00 minio           [MINIO]
00:04:41.998 OS           OS_VFS_READ                   394    4096     0.00 minio           [MINIO]
00:04:41.999 APPLICATION  MINIO_OBJECT_GET               32      32     0.00 minio           [MINIO]
00:04:41.999 OS           OS_VFS_READ                    32    4096     0.00 minio           [MINIO]
00:04:41.999 DEVICE       DEV_BIO_SUBMIT              16384   16384     0.00 minio           [MINIO]
00:04:42.007 DEVICE       DEV_BIO_COMPLETE            16384   16384  7840.26                 
00:04:42.007 APPLICATION  MINIO_OBJECT_GET          1048576 1048576     0.00 minio           [MINIO]
00:04:42.007 OS           OS_VFS_READ               1048576 1048576     0.00 minio           [MINIO]
00:04:42.007 DEVICE       DEV_BIO_SUBMIT              32768   32768     0.00 minio           [MINIO]
00:04:42.007 DEVICE       DEV_BIO_SUBMIT              65536   65536     0.00 minio           [MINIO]
00:04:42.007 DEVICE       DEV_BIO_COMPLETE            32768   32768   344.37                 
00:04:42.007 DEVICE       DEV_BIO_COMPLETE            65536   65536   346.12                 
00:04:42.007 DEVICE       DEV_BIO_SUBMIT             131072  131072     0.00 minio           [MINIO]
00:04:42.007 DEVICE       DEV_BIO_SUBMIT             262144  262144     0.00 minio           [MINIO]
00:04:42.007 DEVICE       DEV_BIO_COMPLETE           131072  131072    86.53                 
00:04:42.007 DEVICE       DEV_BIO_SUBMIT             262144  262144     0.00 minio           [MINIO]
00:04:42.007 DEVICE       DEV_BIO_COMPLETE           262144  262144   162.01                 
00:04:42.007 DEVICE       DEV_BIO_SUBMIT             262144  262144     0.00 minio           [MINIO]
00:04:42.007 DEVICE       DEV_BIO_COMPLETE           262144  262144   217.37                 
00:04:42.007 DEVICE       DEV_BIO_SUBMIT              16384   16384     0.00 minio           [MINIO]
00:04:42.007 DEVICE       DEV_BIO_COMPLETE           262144  262144   202.52                 
00:04:42.008 DEVICE       DEV_BIO_COMPLETE            16384   16384   200.59                 
00:04:42.008 APPLICATION  MINIO_OBJECT_PUT             4096    4096     0.00 minio           [MINIO]
00:04:42.008 OS           OS_VFS_WRITE                 4096    4096     0.00 minio           [MINIO]
00:04:42.008 APPLICATION  MINIO_OBJECT_PUT           127626  127626     0.00 minio           [MINIO]
00:04:42.008 OS           OS_VFS_WRITE               127626  131072     0.00 minio           [MINIO]
00:04:42.008 APPLICATION  MINIO_OBJECT_PUT           131072  131072     0.00 minio           [MINIO]
00:04:42.008 OS           OS_VFS_WRITE               131072  131072     0.00 minio           [MINIO]
00:04:42.008 APPLICATION  MINIO_OBJECT_PUT           131072  131072     0.00 minio           [MINIO]
00:04:42.008 OS           OS_VFS_WRITE               131072  131072     0.00 minio           [MINIO]
00:04:42.008 APPLICATION  MINIO_OBJECT_PUT           131072  131072     0.00 minio           [MINIO]
00:04:42.008 OS           OS_VFS_WRITE               131072  131072     0.00 minio           [MINIO]
00:04:42.008 APPLICATION  MINIO_OBJECT_PUT           131072  131072     0.00 minio           [MINIO]
00:04:42.008 OS           OS_VFS_WRITE               131072  131072     0.00 minio           [MINIO]
00:04:42.008 APPLICATION  MINIO_OBJECT_PUT           116224  116224     0.00 minio           [MINIO]
00:04:42.008 OS           OS_VFS_WRITE               116224  118784     0.00 minio           [MINIO]
00:04:42.008 APPLICATION  MINIO_OBJECT_PUT           116224  116224     0.00 minio           [MINIO]
00:04:42.008 OS           OS_VFS_WRITE               116224  118784     0.00 minio           [MINIO]
00:04:42.008 APPLICATION  MINIO_OBJECT_PUT           131072  131072     0.00 minio           [MINIO]
00:04:42.008 OS           OS_VFS_WRITE               131072  131072     0.00 minio           [MINIO]
00:04:42.008 APPLICATION  MINIO_OBJECT_PUT           131072  131072     0.00 minio           [MINIO]
00:04:42.008 OS           OS_VFS_WRITE               131072  131072     0.00 minio           [MINIO]
00:04:42.008 APPLICATION  MINIO_OBJECT_PUT           131072  131072     0.00 minio           [MINIO]
00:04:42.008 OS           OS_VFS_WRITE               131072  131072     0.00 minio           [MINIO]
00:04:42.008 APPLICATION  MINIO_OBJECT_PUT            65589   65589     0.00 minio           [MINIO]
00:04:42.008 OS           OS_VFS_WRITE                65589   69632     0.00 minio           [MINIO]
00:04:42.009 APPLICATION  MINIO_OBJECT_PUT            65589   65589     0.00 minio           [MINIO]
00:04:42.009 OS           OS_VFS_WRITE                65589   69632     0.00 minio           [MINIO]
00:04:42.009 APPLICATION  MINIO_OBJECT_GET             4096    4096     0.00 minio           [MINIO]
00:04:42.009 OS           OS_VFS_READ                  4096    4096     0.00 minio           [MINIO]
00:04:42.009 APPLICATION  MINIO_OBJECT_GET             4096    4096     0.00 minio           [MINIO]
00:04:42.009 OS           OS_VFS_READ                  4096    4096     0.00 minio           [MINIO]
00:04:42.010 APPLICATION  MINIO_OBJECT_GET             4096    4096     0.00 minio           [MINIO]
00:04:42.010 OS           OS_VFS_READ                  4096    4096     0.00 minio           [MINIO]
00:04:43.567 APPLICATION  MINIO_OBJECT_PUT                8       8     0.00 minio           [MINIO]
00:04:43.567 OS           OS_VFS_WRITE                    8    4096     0.00 minio           [MINIO]
00:04:43.567 APPLICATION  MINIO_OBJECT_GET                8       8     0.00 minio           [MINIO]
00:04:43.567 OS           OS_VFS_READ                     8    4096     0.00 minio           [MINIO]
00:04:43.581 APPLICATION  MINIO_OBJECT_PUT                8       8     0.00 minio           [MINIO]
00:04:43.581 OS           OS_VFS_WRITE                    8    4096     0.00 minio           [MINIO]
00:04:43.581 APPLICATION  MINIO_OBJECT_GET                8       8     0.00 minio           [MINIO]
00:04:43.581 OS           OS_VFS_READ                     8    4096     0.00 minio           [MINIO]
00:04:44.012 APPLICATION  MINIO_OBJECT_PUT                8       8     0.00 minio           [MINIO]
00:04:44.012 OS           OS_VFS_WRITE                    8    4096     0.00 minio           [MINIO]
00:04:44.012 APPLICATION  MINIO_OBJECT_GET                8       8     0.00 minio           [MINIO]
00:04:44.012 OS           OS_VFS_READ                     8    4096     0.00 minio           [MINIO]

=== Tracer interrupted, generating summary ===

========================================
    I/O AMPLIFICATION ANALYSIS
========================================

Per-Layer Statistics:
LAYER               EVENTS      BYTES    ALIGNED     META     JRNL    CACHE AMP_FACTOR
----------------------------------------------------------------------
APPLICATION            124    2550006    2550006        0        0        0       0.00x
  └─> MinIO:           124    2550006          -        0        -        -          -
STORAGE_SVC             37          0          0       37        0        0       0.00x
  └─> MinIO:            37          0          -       37        -        -          -
OS                     124    2550006    2928640        0        0        0       1.15x
  └─> MinIO:           124    2550006          -        0        -        -          -
FILESYSTEM              26          0          0       26        0        0       0.00x
  └─> MinIO:            26          0          -        0        -        -          -
DEVICE                  68    2310144    2310144        0        0        0       0.91x
  └─> MinIO:            34    1155072          -        0        -        -          -

Amplification Breakdown:
----------------------------------------------------------------------
Original application I/O:        2550006 bytes
After OS/page cache alignment:   2928640 bytes (1.15x amplification)
Final device layer I/O:          2310144 bytes (0.91x amplification)

*** TOTAL AMPLIFICATION: 0.91x ***
    2310144 bytes written for 2550006 bytes requested


Per-Request Amplification (Top 10):
REQUEST_ID            APP  STORAGE       OS       FS   DEVICE    TOTAL    AMP   MinIO
-----------------------------------------------------------------------------
000039dc481ccf99     2049        0     4096        0     4096     4096   2.00x     Yes
000039dc4896e934     2049        0     4096        0        0     4096   2.00x     Yes
000039dd56db0f95        8        0     4096        0        0     4096 512.00x     Yes
0000341556db6048        8        0     4096        0        0     4096 512.00x     Yes
000034156dcaa11f     2049        0     4096        0     4096     4096   2.00x     Yes
000034156e4fa626     2049        0     4096        0        0     4096   2.00x     Yes
000039ddb3918f7b        8        0     4096        0        0     4096 512.00x     Yes
00003419b391e9f6        8        0     4096        0        0     4096 512.00x     Yes
000039ddb45fce45        8        0     4096        0        0     4096 512.00x     Yes
00003419b4601b72        8        0     4096        0        0     4096 512.00x     Yes

========================================
       MinIO-SPECIFIC ANALYSIS
========================================

MinIO Operation Statistics:
-------------------------------------------
Objects Written:                   61
Objects Read:                      63
XL Metadata Operations:            37
Erasure Blocks Written:             0
Multipart Uploads:                  0

MinIO Data Breakdown:
-------------------------------------------
Data Bytes:                   1442982
Metadata Bytes:                     0
Metadata Overhead:              0.00%

MinIO I/O Pattern Analysis:
-------------------------------------------
APPLICATION    :      124 events,    2550006 bytes
STORAGE_SVC    :       37 events,          0 bytes
  └─> XL.META operations: 37
OS             :      124 events,    2550006 bytes
FILESYSTEM     :       26 events,          0 bytes
DEVICE         :       34 events,    1155072 bytes

*** MinIO Total I/O Amplification: 4.33x ***

========================================
    I/O AMPLIFICATION ANALYSIS
========================================

Per-Layer Statistics:
LAYER               EVENTS      BYTES    ALIGNED     META     JRNL    CACHE AMP_FACTOR
----------------------------------------------------------------------
APPLICATION            124    2550006    2550006        0        0        0       0.00x
  └─> MinIO:           124    2550006          -        0        -        -          -
STORAGE_SVC             37          0          0       37        0        0       0.00x
  └─> MinIO:            37          0          -       37        -        -          -
OS                     124    2550006    2928640        0        0        0       1.15x
  └─> MinIO:           124    2550006          -        0        -        -          -
FILESYSTEM              26          0          0       26        0        0       0.00x
  └─> MinIO:            26          0          -        0        -        -          -
DEVICE                  68    2310144    2310144        0        0        0       0.91x
  └─> MinIO:            34    1155072          -        0        -        -          -

Amplification Breakdown:
----------------------------------------------------------------------
Original application I/O:        2550006 bytes
After OS/page cache alignment:   2928640 bytes (1.15x amplification)
Final device layer I/O:          2310144 bytes (0.91x amplification)

*** TOTAL AMPLIFICATION: 0.91x ***
    2310144 bytes written for 2550006 bytes requested


Per-Request Amplification (Top 10):
REQUEST_ID            APP  STORAGE       OS       FS   DEVICE    TOTAL    AMP   MinIO
-----------------------------------------------------------------------------
000039dc481ccf99     2049        0     4096        0     4096     4096   2.00x     Yes
000039dc4896e934     2049        0     4096        0        0     4096   2.00x     Yes
000039dd56db0f95        8        0     4096        0        0     4096 512.00x     Yes
0000341556db6048        8        0     4096        0        0     4096 512.00x     Yes
000034156dcaa11f     2049        0     4096        0     4096     4096   2.00x     Yes
000034156e4fa626     2049        0     4096        0        0     4096   2.00x     Yes
000039ddb3918f7b        8        0     4096        0        0     4096 512.00x     Yes
00003419b391e9f6        8        0     4096        0        0     4096 512.00x     Yes
000039ddb45fce45        8        0     4096        0        0     4096 512.00x     Yes
00003419b4601b72        8        0     4096        0        0     4096 512.00x     Yes

========================================
       MinIO-SPECIFIC ANALYSIS
========================================

MinIO Operation Statistics:
-------------------------------------------
Objects Written:                   61
Objects Read:                      63
XL Metadata Operations:            37
Erasure Blocks Written:             0
Multipart Uploads:                  0

MinIO Data Breakdown:
-------------------------------------------
Data Bytes:                   1442982
Metadata Bytes:                     0
Metadata Overhead:              0.00%

MinIO I/O Pattern Analysis:
-------------------------------------------
APPLICATION    :      124 events,    2550006 bytes
STORAGE_SVC    :       37 events,          0 bytes
  └─> XL.META operations: 37
OS             :      124 events,    2550006 bytes
FILESYSTEM     :       26 events,          0 bytes
DEVICE         :       34 events,    1155072 bytes

*** MinIO Total I/O Amplification: 4.33x ***
