 259       0 nvme3n1 691 0 38922 467 45187 22013 17796304 507804 0 53661 511790 234 0 976773176 120 2106 3397
 259       1 nvme1n1 765 0 35475 568 45285 21945 17796536 510405 0 44728 514514 234 0 976773176 115 2112 3424
 259       0 nvme3n1 691 0 38922 467 45190 22017 17796360 507814 0 53671 511801 234 0 976773176 120 2107 3398
 259       1 nvme1n1 765 0 35475 568 45288 21949 17796592 510415 0 44737 514525 234 0 976773176 115 2113 3426
 259       0 nvme3n1 691 0 38922 467 45190 22017 17796360 507814 0 53671 511801 234 0 976773176 120 2107 3398
 259       1 nvme1n1 765 0 35475 568 45288 21949 17796592 510415 0 44737 514525 234 0 976773176 115 2113 3426
 259       0 nvme3n1 691 0 38922 467 45190 22017 17796360 507814 0 53671 511801 234 0 976773176 120 2107 3398
 259       1 nvme1n1 765 0 35475 568 45288 21949 17796592 510415 0 44737 514525 234 0 976773176 115 2113 3426
 259       0 nvme3n1 691 0 38922 467 45190 22017 17796360 507814 0 53671 511801 234 0 976773176 120 2107 3398
 259       1 nvme1n1 765 0 35475 568 45288 21949 17796592 510415 0 44737 514525 234 0 976773176 115 2113 3426
 259       0 nvme3n1 691 0 38922 467 45190 22017 17796360 507814 0 53671 511801 234 0 976773176 120 2107 3398
 259       1 nvme1n1 765 0 35475 568 45288 21949 17796592 510415 0 44737 514525 234 0 976773176 115 2113 3426
 259       0 nvme3n1 691 0 38922 467 45190 22017 17796360 507814 0 53671 511801 234 0 976773176 120 2107 3398
 259       1 nvme1n1 765 0 35475 568 45288 21949 17796592 510415 0 44737 514525 234 0 976773176 115 2113 3426
 259       0 nvme3n1 691 0 38922 467 45190 22017 17796360 507814 0 53671 511801 234 0 976773176 120 2107 3398
 259       1 nvme1n1 765 0 35475 568 45288 21949 17796592 510415 0 44737 514525 234 0 976773176 115 2113 3426
 259       0 nvme3n1 691 0 38922 467 45190 22017 17796360 507814 0 53671 511801 234 0 976773176 120 2107 3398
 259       1 nvme1n1 765 0 35475 568 45288 21949 17796592 510415 0 44737 514525 234 0 976773176 115 2113 3426
 259       0 nvme3n1 691 0 38922 467 45190 22017 17796360 507814 0 53671 511801 234 0 976773176 120 2107 3398
 259       1 nvme1n1 765 0 35475 568 45288 21949 17796592 510415 0 44737 514525 234 0 976773176 115 2113 3426
 259       0 nvme3n1 691 0 38922 467 45190 22017 17796360 507814 0 53671 511801 234 0 976773176 120 2107 3398
 259       1 nvme1n1 765 0 35475 568 45292 21949 17796624 510446 0 44745 514556 234 0 976773176 115 2113 3426
 259       0 nvme3n1 691 0 38922 467 45190 22017 17796360 507814 0 53671 511801 234 0 976773176 120 2107 3398
 259       1 nvme1n1 765 0 35475 568 45292 21949 17796624 510446 0 44745 514556 234 0 976773176 115 2113 3426
 259       0 nvme3n1 691 0 38922 467 45190 22017 17796360 507814 0 53671 511801 234 0 976773176 120 2107 3398
 259       1 nvme1n1 765 0 35475 568 45292 21949 17796624 510446 0 44745 514556 234 0 976773176 115 2113 3426
 259       0 nvme3n1 691 0 38922 467 45190 22017 17796360 507814 0 53671 511801 234 0 976773176 120 2107 3398
 259       1 nvme1n1 765 0 35475 568 45292 21949 17796624 510446 0 44745 514556 234 0 976773176 115 2113 3426
 259       0 nvme3n1 691 0 38922 467 45190 22017 17796360 507814 0 53671 511801 234 0 976773176 120 2107 3398
 259       1 nvme1n1 765 0 35475 568 45292 21949 17796624 510446 0 44745 514556 234 0 976773176 115 2113 3426
 259       0 nvme3n1 691 0 38922 467 45190 22017 17796360 507814 0 53671 511801 234 0 976773176 120 2107 3398
 259       1 nvme1n1 765 0 35475 568 45292 21949 17796624 510446 0 44745 514556 234 0 976773176 115 2113 3426
 259       0 nvme3n1 691 0 38922 467 45190 22017 17796360 507814 0 53671 511801 234 0 976773176 120 2107 3398
 259       1 nvme1n1 765 0 35475 568 45292 21949 17796624 510446 0 44745 514556 234 0 976773176 115 2113 3426
 259       0 nvme3n1 691 0 38922 467 45190 22017 17796360 507814 0 53671 511801 234 0 976773176 120 2107 3398
 259       1 nvme1n1 765 0 35475 568 45292 21949 17796624 510446 0 44745 514556 234 0 976773176 115 2113 3426
 259       0 nvme3n1 691 0 38922 467 45190 22017 17796360 507814 0 53671 511801 234 0 976773176 120 2107 3398
 259       1 nvme1n1 765 0 35475 568 45292 21949 17796624 510446 0 44745 514556 234 0 976773176 115 2113 3426
 259       0 nvme3n1 691 0 38922 467 45268 22097 17817776 507855 0 53699 511854 234 0 976773176 120 2115 3410
 259       1 nvme1n1 765 0 35475 568 45369 22031 17818048 510491 0 44777 514613 234 0 976773176 115 2121 3437
 259       0 nvme3n1 691 0 38922 467 45268 22097 17817776 507855 0 53699 511854 234 0 976773176 120 2115 3410
 259       1 nvme1n1 765 0 35475 568 45369 22031 17818048 510491 0 44777 514613 234 0 976773176 115 2121 3437
 259       0 nvme3n1 691 0 38922 467 45268 22097 17817776 507855 0 53699 511854 234 0 976773176 120 2115 3410
 259       1 nvme1n1 765 0 35475 568 45369 22031 17818048 510491 0 44777 514613 234 0 976773176 115 2121 3437
 259       0 nvme3n1 691 0 38922 467 45268 22097 17817776 507855 0 53699 511854 234 0 976773176 120 2115 3410
 259       1 nvme1n1 765 0 35475 568 45369 22031 17818048 510491 0 44777 514613 234 0 976773176 115 2121 3437
 259       0 nvme3n1 691 0 38922 467 45268 22097 17817776 507855 0 53699 511854 234 0 976773176 120 2115 3410
 259       1 nvme1n1 765 0 35475 568 45369 22031 17818048 510491 0 44777 514613 234 0 976773176 115 2121 3437
 259       0 nvme3n1 691 0 38922 467 45268 22097 17817776 507855 0 53699 511854 234 0 976773176 120 2115 3410
 259       1 nvme1n1 765 0 35475 568 45369 22031 17818048 510491 0 44777 514613 234 0 976773176 115 2121 3437
 259       0 nvme3n1 691 0 38922 467 45268 22097 17817776 507855 0 53699 511854 234 0 976773176 120 2115 3410
 259       1 nvme1n1 765 0 35475 568 45369 22031 17818048 510491 0 44777 514613 234 0 976773176 115 2121 3437
 259       0 nvme3n1 691 0 38922 467 45268 22097 17817776 507855 0 53699 511854 234 0 976773176 120 2115 3410
 259       1 nvme1n1 765 0 35475 568 45369 22031 17818048 510491 0 44777 514613 234 0 976773176 115 2121 3437
 259       0 nvme3n1 691 0 38922 467 45268 22097 17817776 507855 0 53699 511854 234 0 976773176 120 2115 3410
 259       1 nvme1n1 765 0 35475 568 45369 22031 17818048 510491 0 44777 514613 234 0 976773176 115 2121 3437
 259       0 nvme3n1 691 0 38922 467 45268 22097 17817776 507855 0 53699 511854 234 0 976773176 120 2115 3410
 259       1 nvme1n1 765 0 35475 568 45369 22031 17818048 510491 0 44777 514613 234 0 976773176 115 2121 3437
