 259       0 nvme3n1 691 0 38922 467 45048 21745 17793080 507559 0 53534 511508 234 0 976773176 120 2079 3360
 259       1 nvme1n1 765 0 35475 568 45140 21685 17793328 510040 0 44575 514111 234 0 976773176 115 2085 3387
 259       0 nvme3n1 691 0 38922 467 45048 21745 17793080 507559 0 53534 511508 234 0 976773176 120 2079 3360
 259       1 nvme1n1 765 0 35475 568 45140 21685 17793328 510040 0 44575 514111 234 0 976773176 115 2085 3387
 259       0 nvme3n1 691 0 38922 467 45065 21755 17793296 507683 0 53542 511632 234 0 976773176 120 2079 3360
 259       1 nvme1n1 765 0 35475 568 45140 21685 17793328 510040 0 44575 514111 234 0 976773176 115 2085 3387
 259       0 nvme3n1 691 0 38922 467 45065 21755 17793296 507683 0 53542 511632 234 0 976773176 120 2079 3360
 259       1 nvme1n1 765 0 35475 568 45140 21685 17793328 510040 0 44575 514111 234 0 976773176 115 2085 3387
 259       0 nvme3n1 691 0 38922 467 45065 21755 17793296 507683 0 53542 511632 234 0 976773176 120 2079 3360
 259       1 nvme1n1 765 0 35475 568 45140 21685 17793328 510040 0 44575 514111 234 0 976773176 115 2085 3387
 259       0 nvme3n1 691 0 38922 467 45065 21755 17793296 507683 0 53542 511632 234 0 976773176 120 2079 3360
 259       1 nvme1n1 765 0 35475 568 45140 21685 17793328 510040 0 44575 514111 234 0 976773176 115 2085 3387
 259       0 nvme3n1 691 0 38922 467 45065 21755 17793296 507683 0 53542 511632 234 0 976773176 120 2079 3360
 259       1 nvme1n1 765 0 35475 568 45140 21685 17793328 510040 0 44575 514111 234 0 976773176 115 2085 3387
 259       0 nvme3n1 691 0 38922 467 45065 21755 17793296 507683 0 53542 511632 234 0 976773176 120 2079 3360
 259       1 nvme1n1 765 0 35475 568 45140 21685 17793328 510040 0 44575 514111 234 0 976773176 115 2085 3387
 259       0 nvme3n1 691 0 38922 467 45065 21755 17793296 507683 0 53542 511632 234 0 976773176 120 2079 3360
 259       1 nvme1n1 765 0 35475 568 45140 21685 17793328 510040 0 44575 514111 234 0 976773176 115 2085 3387
 259       0 nvme3n1 691 0 38922 467 45065 21755 17793296 507683 0 53542 511632 234 0 976773176 120 2079 3360
 259       1 nvme1n1 765 0 35475 568 45140 21685 17793328 510040 0 44575 514111 234 0 976773176 115 2085 3387
 259       0 nvme3n1 691 0 38922 467 45065 21755 17793296 507683 0 53542 511632 234 0 976773176 120 2079 3360
 259       1 nvme1n1 765 0 35475 568 45144 21685 17793360 510069 0 44582 514141 234 0 976773176 115 2085 3387
 259       0 nvme3n1 691 0 38922 467 45065 21755 17793296 507683 0 53542 511632 234 0 976773176 120 2079 3360
 259       1 nvme1n1 765 0 35475 568 45144 21685 17793360 510069 0 44582 514141 234 0 976773176 115 2085 3387
 259       0 nvme3n1 691 0 38922 467 45065 21755 17793296 507683 0 53542 511632 234 0 976773176 120 2079 3360
 259       1 nvme1n1 765 0 35475 568 45144 21685 17793360 510069 0 44582 514141 234 0 976773176 115 2085 3387
 259       0 nvme3n1 691 0 38922 467 45065 21755 17793296 507683 0 53542 511632 234 0 976773176 120 2079 3360
 259       1 nvme1n1 765 0 35475 568 45144 21685 17793360 510069 0 44582 514141 234 0 976773176 115 2085 3387
 259       0 nvme3n1 691 0 38922 467 45065 21755 17793296 507683 0 53542 511632 234 0 976773176 120 2079 3360
 259       1 nvme1n1 765 0 35475 568 45144 21685 17793360 510069 0 44582 514141 234 0 976773176 115 2085 3387
 259       0 nvme3n1 691 0 38922 467 45065 21755 17793296 507683 0 53542 511632 234 0 976773176 120 2079 3360
 259       1 nvme1n1 765 0 35475 568 45144 21685 17793360 510069 0 44582 514141 234 0 976773176 115 2085 3387
 259       0 nvme3n1 691 0 38922 467 45065 21755 17793296 507683 0 53542 511632 234 0 976773176 120 2079 3360
 259       1 nvme1n1 765 0 35475 568 45144 21685 17793360 510069 0 44582 514141 234 0 976773176 115 2085 3387
 259       0 nvme3n1 691 0 38922 467 45065 21755 17793296 507683 0 53542 511632 234 0 976773176 120 2079 3360
 259       1 nvme1n1 765 0 35475 568 45144 21685 17793360 510069 0 44582 514141 234 0 976773176 115 2085 3387
 259       0 nvme3n1 691 0 38922 467 45065 21755 17793296 507683 0 53542 511632 234 0 976773176 120 2079 3360
 259       1 nvme1n1 765 0 35475 568 45144 21685 17793360 510069 0 44582 514141 234 0 976773176 115 2085 3387
 259       0 nvme3n1 691 0 38922 467 45083 21780 17793632 507696 0 53556 511648 234 0 976773176 120 2082 3364
 259       1 nvme1n1 765 0 35475 568 45161 21713 17793712 510082 0 44596 514157 234 0 976773176 115 2088 3391
 259       0 nvme3n1 691 0 38922 467 45083 21780 17793632 507696 0 53556 511648 234 0 976773176 120 2082 3364
 259       1 nvme1n1 765 0 35475 568 45161 21713 17793712 510082 0 44596 514157 234 0 976773176 115 2088 3391
 259       0 nvme3n1 691 0 38922 467 45083 21780 17793632 507696 0 53556 511648 234 0 976773176 120 2082 3364
 259       1 nvme1n1 765 0 35475 568 45161 21713 17793712 510082 0 44596 514157 234 0 976773176 115 2088 3391
 259       0 nvme3n1 691 0 38922 467 45083 21780 17793632 507696 0 53556 511648 234 0 976773176 120 2082 3364
 259       1 nvme1n1 765 0 35475 568 45161 21713 17793712 510082 0 44596 514157 234 0 976773176 115 2088 3391
 259       0 nvme3n1 691 0 38922 467 45083 21780 17793632 507696 0 53556 511648 234 0 976773176 120 2082 3364
 259       1 nvme1n1 765 0 35475 568 45161 21713 17793712 510082 0 44596 514157 234 0 976773176 115 2088 3391
 259       0 nvme3n1 691 0 38922 467 45083 21780 17793632 507696 0 53556 511648 234 0 976773176 120 2082 3364
 259       1 nvme1n1 765 0 35475 568 45161 21713 17793712 510082 0 44596 514157 234 0 976773176 115 2088 3391
 259       0 nvme3n1 691 0 38922 467 45083 21780 17793632 507696 0 53556 511648 234 0 976773176 120 2082 3364
 259       1 nvme1n1 765 0 35475 568 45161 21713 17793712 510082 0 44596 514157 234 0 976773176 115 2088 3391
 259       0 nvme3n1 691 0 38922 467 45083 21780 17793632 507696 0 53556 511648 234 0 976773176 120 2082 3364
 259       1 nvme1n1 765 0 35475 568 45161 21713 17793712 510082 0 44596 514157 234 0 976773176 115 2088 3391
 259       0 nvme3n1 691 0 38922 467 45083 21780 17793632 507696 0 53556 511648 234 0 976773176 120 2082 3364
 259       1 nvme1n1 765 0 35475 568 45161 21713 17793712 510082 0 44596 514157 234 0 976773176 115 2088 3391
 259       0 nvme3n1 691 0 38922 467 45083 21780 17793632 507696 0 53556 511648 234 0 976773176 120 2082 3364
 259       1 nvme1n1 765 0 35475 568 45161 21713 17793712 510082 0 44596 514157 234 0 976773176 115 2088 3391
 259       0 nvme3n1 692 0 39146 475 821176 1739623 37765136 2994302 0 824102 3057797 234 0 976773176 120 172406 62899
 259       1 nvme1n1 766 0 35699 576 816238 1728068 37633192 3025230 0 842706 3088652 234 0 976773176 115 171806 62729
 259       0 nvme3n1 692 0 39146 475 821176 1739623 37765136 2994302 0 824102 3057797 234 0 976773176 120 172406 62899
 259       1 nvme1n1 766 0 35699 576 816256 1728080 37633432 3025343 0 842713 3088764 234 0 976773176 115 171806 62729
 259       0 nvme3n1 692 0 39146 475 821176 1739623 37765136 2994302 0 824102 3057797 234 0 976773176 120 172406 62899
 259       1 nvme1n1 766 0 35699 576 816256 1728080 37633432 3025343 0 842713 3088764 234 0 976773176 115 171806 62729
 259       0 nvme3n1 692 0 39146 475 821176 1739623 37765136 2994302 0 824102 3057797 234 0 976773176 120 172406 62899
 259       1 nvme1n1 766 0 35699 576 816256 1728080 37633432 3025343 0 842713 3088764 234 0 976773176 115 171806 62729
 259       0 nvme3n1 692 0 39146 475 821176 1739623 37765136 2994302 0 824102 3057797 234 0 976773176 120 172406 62899
 259       1 nvme1n1 766 0 35699 576 816256 1728080 37633432 3025343 0 842713 3088764 234 0 976773176 115 171806 62729
 259       0 nvme3n1 692 0 39146 475 821176 1739623 37765136 2994302 0 824102 3057797 234 0 976773176 120 172406 62899
 259       1 nvme1n1 766 0 35699 576 816256 1728080 37633432 3025343 0 842713 3088764 234 0 976773176 115 171806 62729
 259       0 nvme3n1 692 0 39146 475 821176 1739623 37765136 2994302 0 824102 3057797 234 0 976773176 120 172406 62899
 259       1 nvme1n1 766 0 35699 576 816256 1728080 37633432 3025343 0 842713 3088764 234 0 976773176 115 171806 62729
 259       0 nvme3n1 692 0 39146 475 821176 1739623 37765136 2994302 0 824102 3057797 234 0 976773176 120 172406 62899
 259       1 nvme1n1 766 0 35699 576 816256 1728080 37633432 3025343 0 842713 3088764 234 0 976773176 115 171806 62729
 259       0 nvme3n1 692 0 39146 475 821176 1739623 37765136 2994302 0 824102 3057797 234 0 976773176 120 172406 62899
 259       1 nvme1n1 766 0 35699 576 816256 1728080 37633432 3025343 0 842713 3088764 234 0 976773176 115 171806 62729
 259       0 nvme3n1 692 0 39146 475 821176 1739623 37765136 2994302 0 824102 3057797 234 0 976773176 120 172406 62899
 259       1 nvme1n1 766 0 35699 576 816256 1728080 37633432 3025343 0 842713 3088764 234 0 976773176 115 171806 62729
 259       0 nvme3n1 692 0 39146 475 821176 1739623 37765136 2994302 0 824102 3057797 234 0 976773176 120 172406 62899
 259       1 nvme1n1 766 0 35699 576 816256 1728080 37633432 3025343 0 842713 3088764 234 0 976773176 115 171806 62729
 259       0 nvme3n1 692 0 39146 475 821176 1739623 37765136 2994302 0 824102 3057797 234 0 976773176 120 172406 62899
 259       1 nvme1n1 766 0 35699 576 816256 1728080 37633432 3025343 0 842713 3088764 234 0 976773176 115 171806 62729
 259       0 nvme3n1 692 0 39146 475 821179 1739627 37765192 2994310 0 824109 3057805 234 0 976773176 120 172407 62899
 259       1 nvme1n1 766 0 35699 576 816256 1728080 37633432 3025343 0 842713 3088764 234 0 976773176 115 171806 62729
 259       0 nvme3n1 692 0 39146 475 821179 1739627 37765192 2994310 0 824109 3057805 234 0 976773176 120 172407 62899
 259       1 nvme1n1 766 0 35699 576 816259 1728084 37633488 3025351 0 842722 3088772 234 0 976773176 115 171807 62730
 259       0 nvme3n1 692 0 39146 475 821179 1739627 37765192 2994310 0 824109 3057805 234 0 976773176 120 172407 62899
 259       1 nvme1n1 766 0 35699 576 816259 1728084 37633488 3025351 0 842722 3088772 234 0 976773176 115 171807 62730
 259       0 nvme3n1 692 0 39146 475 821179 1739627 37765192 2994310 0 824109 3057805 234 0 976773176 120 172407 62899
 259       1 nvme1n1 766 0 35699 576 816259 1728084 37633488 3025351 0 842722 3088772 234 0 976773176 115 171807 62730
 259       0 nvme3n1 692 0 39146 475 821179 1739627 37765192 2994310 0 824109 3057805 234 0 976773176 120 172407 62899
 259       1 nvme1n1 766 0 35699 576 816259 1728084 37633488 3025351 0 842722 3088772 234 0 976773176 115 171807 62730
 259       0 nvme3n1 692 0 39146 475 821179 1739627 37765192 2994310 0 824109 3057805 234 0 976773176 120 172407 62899
 259       1 nvme1n1 766 0 35699 576 816259 1728084 37633488 3025351 0 842722 3088772 234 0 976773176 115 171807 62730
 259       0 nvme3n1 692 0 39146 475 821179 1739627 37765192 2994310 0 824109 3057805 234 0 976773176 120 172407 62899
 259       1 nvme1n1 766 0 35699 576 816259 1728084 37633488 3025351 0 842722 3088772 234 0 976773176 115 171807 62730
 259       0 nvme3n1 692 0 39146 475 821179 1739627 37765192 2994310 0 824109 3057805 234 0 976773176 120 172407 62899
 259       1 nvme1n1 766 0 35699 576 816259 1728084 37633488 3025351 0 842722 3088772 234 0 976773176 115 171807 62730
 259       0 nvme3n1 692 0 39146 475 821179 1739627 37765192 2994310 0 824109 3057805 234 0 976773176 120 172407 62899
 259       1 nvme1n1 766 0 35699 576 816259 1728084 37633488 3025351 0 842722 3088772 234 0 976773176 115 171807 62730
 259       0 nvme3n1 692 0 39146 475 821179 1739627 37765192 2994310 0 824109 3057805 234 0 976773176 120 172407 62899
 259       1 nvme1n1 766 0 35699 576 816259 1728084 37633488 3025351 0 842722 3088772 234 0 976773176 115 171807 62730
 259       0 nvme3n1 692 0 39146 475 821183 1739627 37765224 2994338 0 824116 3057834 234 0 976773176 120 172407 62899
 259       1 nvme1n1 766 0 35699 576 816259 1728084 37633488 3025351 0 842722 3088772 234 0 976773176 115 171807 62730
 259       0 nvme3n1 692 0 39146 475 821183 1739627 37765224 2994338 0 824116 3057834 234 0 976773176 120 172407 62899
 259       1 nvme1n1 766 0 35699 576 816259 1728084 37633488 3025351 0 842722 3088772 234 0 976773176 115 171807 62730
 259       0 nvme3n1 692 0 39146 475 821183 1739627 37765224 2994338 0 824116 3057834 234 0 976773176 120 172407 62899
 259       1 nvme1n1 766 0 35699 576 816259 1728084 37633488 3025351 0 842722 3088772 234 0 976773176 115 171807 62730
 259       0 nvme3n1 692 0 39146 475 821183 1739627 37765224 2994338 0 824116 3057834 234 0 976773176 120 172407 62899
 259       1 nvme1n1 766 0 35699 576 816259 1728084 37633488 3025351 0 842722 3088772 234 0 976773176 115 171807 62730
 259       0 nvme3n1 692 0 39146 475 821183 1739627 37765224 2994338 0 824116 3057834 234 0 976773176 120 172407 62899
 259       1 nvme1n1 766 0 35699 576 816259 1728084 37633488 3025351 0 842722 3088772 234 0 976773176 115 171807 62730
 259       0 nvme3n1 692 0 39146 475 821183 1739627 37765224 2994338 0 824116 3057834 234 0 976773176 120 172407 62899
 259       1 nvme1n1 766 0 35699 576 816259 1728084 37633488 3025351 0 842722 3088772 234 0 976773176 115 171807 62730
 259       0 nvme3n1 692 0 39146 475 821183 1739627 37765224 2994338 0 824116 3057834 234 0 976773176 120 172407 62899
 259       1 nvme1n1 766 0 35699 576 816259 1728084 37633488 3025351 0 842722 3088772 234 0 976773176 115 171807 62730
 259       0 nvme3n1 692 0 39146 475 821183 1739627 37765224 2994338 0 824116 3057834 234 0 976773176 120 172407 62899
 259       1 nvme1n1 766 0 35699 576 816259 1728084 37633488 3025351 0 842722 3088772 234 0 976773176 115 171807 62730
 259       0 nvme3n1 692 0 39146 475 821183 1739627 37765224 2994338 0 824116 3057834 234 0 976773176 120 172407 62899
 259       1 nvme1n1 766 0 35699 576 816259 1728084 37633488 3025351 0 842722 3088772 234 0 976773176 115 171807 62730
 259       0 nvme3n1 692 0 39146 475 821183 1739627 37765224 2994338 0 824116 3057834 234 0 976773176 120 172407 62899
 259       1 nvme1n1 766 0 35699 576 816259 1728084 37633488 3025351 0 842722 3088772 234 0 976773176 115 171807 62730
