 259       0 nvme3n1 691 0 38922 467 45102 21809 17794008 507720 0 53580 511678 234 0 976773176 120 2086 3369
 259       1 nvme1n1 765 0 35475 568 45185 21743 17794136 510133 0 44625 514213 234 0 976773176 115 2092 3396
 259       0 nvme3n1 691 0 38922 467 45105 21813 17794064 507730 0 53590 511689 234 0 976773176 120 2087 3370
 259       1 nvme1n1 765 0 35475 568 45188 21747 17794192 510142 0 44633 514223 234 0 976773176 115 2093 3397
 259       0 nvme3n1 691 0 38922 467 45105 21813 17794064 507730 0 53590 511689 234 0 976773176 120 2087 3370
 259       1 nvme1n1 765 0 35475 568 45188 21747 17794192 510142 0 44633 514223 234 0 976773176 115 2093 3397
 259       0 nvme3n1 691 0 38922 467 45105 21813 17794064 507730 0 53590 511689 234 0 976773176 120 2087 3370
 259       1 nvme1n1 765 0 35475 568 45188 21747 17794192 510142 0 44633 514223 234 0 976773176 115 2093 3397
 259       0 nvme3n1 691 0 38922 467 45105 21813 17794064 507730 0 53590 511689 234 0 976773176 120 2087 3370
 259       1 nvme1n1 765 0 35475 568 45188 21747 17794192 510142 0 44633 514223 234 0 976773176 115 2093 3397
 259       0 nvme3n1 691 0 38922 467 45105 21813 17794064 507730 0 53590 511689 234 0 976773176 120 2087 3370
 259       1 nvme1n1 765 0 35475 568 45188 21747 17794192 510142 0 44633 514223 234 0 976773176 115 2093 3397
 259       0 nvme3n1 691 0 38922 467 45105 21813 17794064 507730 0 53590 511689 234 0 976773176 120 2087 3370
 259       1 nvme1n1 765 0 35475 568 45188 21747 17794192 510142 0 44633 514223 234 0 976773176 115 2093 3397
 259       0 nvme3n1 691 0 38922 467 45105 21813 17794064 507730 0 53590 511689 234 0 976773176 120 2087 3370
 259       1 nvme1n1 765 0 35475 568 45188 21747 17794192 510142 0 44633 514223 234 0 976773176 115 2093 3397
 259       0 nvme3n1 691 0 38922 467 45105 21813 17794064 507730 0 53590 511689 234 0 976773176 120 2087 3370
 259       1 nvme1n1 765 0 35475 568 45188 21747 17794192 510142 0 44633 514223 234 0 976773176 115 2093 3397
 259       0 nvme3n1 691 0 38922 467 45105 21813 17794064 507730 0 53590 511689 234 0 976773176 120 2087 3370
 259       1 nvme1n1 765 0 35475 568 45188 21747 17794192 510142 0 44633 514223 234 0 976773176 115 2093 3397
 259       0 nvme3n1 691 0 38922 467 45105 21813 17794064 507730 0 53590 511689 234 0 976773176 120 2087 3370
 259       1 nvme1n1 765 0 35475 568 45188 21747 17794192 510142 0 44633 514223 234 0 976773176 115 2093 3397
 259       0 nvme3n1 691 0 38922 467 45105 21813 17794064 507730 0 53590 511689 234 0 976773176 120 2087 3370
 259       1 nvme1n1 765 0 35475 568 45192 21747 17794224 510173 0 44641 514255 234 0 976773176 115 2093 3397
 259       0 nvme3n1 691 0 38922 467 45105 21813 17794064 507730 0 53590 511689 234 0 976773176 120 2087 3370
 259       1 nvme1n1 765 0 35475 568 45192 21747 17794224 510173 0 44641 514255 234 0 976773176 115 2093 3397
 259       0 nvme3n1 691 0 38922 467 45105 21813 17794064 507730 0 53590 511689 234 0 976773176 120 2087 3370
 259       1 nvme1n1 765 0 35475 568 45192 21747 17794224 510173 0 44641 514255 234 0 976773176 115 2093 3397
 259       0 nvme3n1 691 0 38922 467 45105 21813 17794064 507730 0 53590 511689 234 0 976773176 120 2087 3370
 259       1 nvme1n1 765 0 35475 568 45192 21747 17794224 510173 0 44641 514255 234 0 976773176 115 2093 3397
 259       0 nvme3n1 691 0 38922 467 45105 21813 17794064 507730 0 53590 511689 234 0 976773176 120 2087 3370
 259       1 nvme1n1 765 0 35475 568 45192 21747 17794224 510173 0 44641 514255 234 0 976773176 115 2093 3397
 259       0 nvme3n1 691 0 38922 467 45105 21813 17794064 507730 0 53590 511689 234 0 976773176 120 2087 3370
 259       1 nvme1n1 765 0 35475 568 45192 21747 17794224 510173 0 44641 514255 234 0 976773176 115 2093 3397
 259       0 nvme3n1 691 0 38922 467 45105 21813 17794064 507730 0 53590 511689 234 0 976773176 120 2087 3370
 259       1 nvme1n1 765 0 35475 568 45192 21747 17794224 510173 0 44641 514255 234 0 976773176 115 2093 3397
 259       0 nvme3n1 691 0 38922 467 45105 21813 17794064 507730 0 53590 511689 234 0 976773176 120 2087 3370
 259       1 nvme1n1 765 0 35475 568 45192 21747 17794224 510173 0 44641 514255 234 0 976773176 115 2093 3397
 259       0 nvme3n1 691 0 38922 467 45121 21836 17794368 507742 0 53601 511704 234 0 976773176 120 2090 3374
 259       1 nvme1n1 765 0 35475 568 45209 21771 17794544 510186 0 44653 514271 234 0 976773176 115 2096 3401
 259       0 nvme3n1 691 0 38922 467 45121 21836 17794368 507742 0 53601 511704 234 0 976773176 120 2090 3374
 259       1 nvme1n1 765 0 35475 568 45209 21771 17794544 510186 0 44653 514271 234 0 976773176 115 2096 3401
 259       0 nvme3n1 691 0 38922 467 45121 21836 17794368 507742 0 53601 511704 234 0 976773176 120 2090 3374
 259       1 nvme1n1 765 0 35475 568 45209 21771 17794544 510186 0 44653 514271 234 0 976773176 115 2096 3401
 259       0 nvme3n1 691 0 38922 467 45121 21836 17794368 507742 0 53601 511704 234 0 976773176 120 2090 3374
 259       1 nvme1n1 765 0 35475 568 45209 21771 17794544 510186 0 44653 514271 234 0 976773176 115 2096 3401
 259       0 nvme3n1 691 0 38922 467 45121 21836 17794368 507742 0 53601 511704 234 0 976773176 120 2090 3374
 259       1 nvme1n1 765 0 35475 568 45209 21771 17794544 510186 0 44653 514271 234 0 976773176 115 2096 3401
 259       0 nvme3n1 691 0 38922 467 45121 21836 17794368 507742 0 53601 511704 234 0 976773176 120 2090 3374
 259       1 nvme1n1 765 0 35475 568 45209 21771 17794544 510186 0 44653 514271 234 0 976773176 115 2096 3401
 259       0 nvme3n1 691 0 38922 467 45121 21836 17794368 507742 0 53601 511704 234 0 976773176 120 2090 3374
 259       1 nvme1n1 765 0 35475 568 45209 21771 17794544 510186 0 44653 514271 234 0 976773176 115 2096 3401
 259       0 nvme3n1 691 0 38922 467 45121 21836 17794368 507742 0 53601 511704 234 0 976773176 120 2090 3374
 259       1 nvme1n1 765 0 35475 568 45209 21771 17794544 510186 0 44653 514271 234 0 976773176 115 2096 3401
 259       0 nvme3n1 691 0 38922 467 45121 21836 17794368 507742 0 53601 511704 234 0 976773176 120 2090 3374
 259       1 nvme1n1 765 0 35475 568 45209 21771 17794544 510186 0 44653 514271 234 0 976773176 115 2096 3401
 259       0 nvme3n1 691 0 38922 467 45121 21836 17794368 507742 0 53601 511704 234 0 976773176 120 2090 3374
 259       1 nvme1n1 765 0 35475 568 45209 21771 17794544 510186 0 44653 514271 234 0 976773176 115 2096 3401
