 259       0 nvme3n1 691 0 38922 467 45086 21784 17793688 507707 0 53567 511661 234 0 976773176 120 2083 3365
 259       1 nvme1n1 765 0 35475 568 45164 21717 17793768 510093 0 44606 514170 234 0 976773176 115 2089 3392
 259       0 nvme3n1 691 0 38922 467 45086 21784 17793688 507707 0 53567 511661 234 0 976773176 120 2083 3365
 259       1 nvme1n1 765 0 35475 568 45168 21717 17793800 510121 0 44613 514198 234 0 976773176 115 2089 3392
 259       0 nvme3n1 691 0 38922 467 45086 21784 17793688 507707 0 53567 511661 234 0 976773176 120 2083 3365
 259       1 nvme1n1 765 0 35475 568 45168 21717 17793800 510121 0 44613 514198 234 0 976773176 115 2089 3392
 259       0 nvme3n1 691 0 38922 467 45086 21784 17793688 507707 0 53567 511661 234 0 976773176 120 2083 3365
 259       1 nvme1n1 765 0 35475 568 45168 21717 17793800 510121 0 44613 514198 234 0 976773176 115 2089 3392
 259       0 nvme3n1 691 0 38922 467 45086 21784 17793688 507707 0 53567 511661 234 0 976773176 120 2083 3365
 259       1 nvme1n1 765 0 35475 568 45168 21717 17793800 510121 0 44613 514198 234 0 976773176 115 2089 3392
 259       0 nvme3n1 691 0 38922 467 45086 21784 17793688 507707 0 53567 511661 234 0 976773176 120 2083 3365
 259       1 nvme1n1 765 0 35475 568 45168 21717 17793800 510121 0 44613 514198 234 0 976773176 115 2089 3392
 259       0 nvme3n1 691 0 38922 467 45086 21784 17793688 507707 0 53567 511661 234 0 976773176 120 2083 3365
 259       1 nvme1n1 765 0 35475 568 45168 21717 17793800 510121 0 44613 514198 234 0 976773176 115 2089 3392
 259       0 nvme3n1 691 0 38922 467 45086 21784 17793688 507707 0 53567 511661 234 0 976773176 120 2083 3365
 259       1 nvme1n1 765 0 35475 568 45168 21717 17793800 510121 0 44613 514198 234 0 976773176 115 2089 3392
 259       0 nvme3n1 691 0 38922 467 45086 21784 17793688 507707 0 53567 511661 234 0 976773176 120 2083 3365
 259       1 nvme1n1 765 0 35475 568 45168 21717 17793800 510121 0 44613 514198 234 0 976773176 115 2089 3392
 259       0 nvme3n1 691 0 38922 467 45086 21784 17793688 507707 0 53567 511661 234 0 976773176 120 2083 3365
 259       1 nvme1n1 765 0 35475 568 45168 21717 17793800 510121 0 44613 514198 234 0 976773176 115 2089 3392
 259       0 nvme3n1 691 0 38922 467 45086 21784 17793688 507707 0 53567 511661 234 0 976773176 120 2083 3365
 259       1 nvme1n1 765 0 35475 568 45168 21717 17793800 510121 0 44613 514198 234 0 976773176 115 2089 3392
 259       0 nvme3n1 691 0 38922 467 45086 21784 17793688 507707 0 53567 511661 234 0 976773176 120 2083 3365
 259       1 nvme1n1 765 0 35475 568 45168 21717 17793800 510121 0 44613 514198 234 0 976773176 115 2089 3392
 259       0 nvme3n1 691 0 38922 467 45086 21784 17793688 507707 0 53567 511661 234 0 976773176 120 2083 3365
 259       1 nvme1n1 765 0 35475 568 45168 21717 17793800 510121 0 44613 514198 234 0 976773176 115 2089 3392
 259       0 nvme3n1 691 0 38922 467 45086 21784 17793688 507707 0 53567 511661 234 0 976773176 120 2083 3365
 259       1 nvme1n1 765 0 35475 568 45168 21717 17793800 510121 0 44613 514198 234 0 976773176 115 2089 3392
 259       0 nvme3n1 691 0 38922 467 45086 21784 17793688 507707 0 53567 511661 234 0 976773176 120 2083 3365
 259       1 nvme1n1 765 0 35475 568 45168 21717 17793800 510121 0 44613 514198 234 0 976773176 115 2089 3392
 259       0 nvme3n1 691 0 38922 467 45086 21784 17793688 507707 0 53567 511661 234 0 976773176 120 2083 3365
 259       1 nvme1n1 765 0 35475 568 45168 21717 17793800 510121 0 44613 514198 234 0 976773176 115 2089 3392
 259       0 nvme3n1 691 0 38922 467 45086 21784 17793688 507707 0 53567 511661 234 0 976773176 120 2083 3365
 259       1 nvme1n1 765 0 35475 568 45168 21717 17793800 510121 0 44613 514198 234 0 976773176 115 2089 3392
 259       0 nvme3n1 691 0 38922 467 45086 21784 17793688 507707 0 53567 511661 234 0 976773176 120 2083 3365
 259       1 nvme1n1 765 0 35475 568 45168 21717 17793800 510121 0 44613 514198 234 0 976773176 115 2089 3392
 259       0 nvme3n1 691 0 38922 467 45086 21784 17793688 507707 0 53567 511661 234 0 976773176 120 2083 3365
 259       1 nvme1n1 765 0 35475 568 45168 21717 17793800 510121 0 44613 514198 234 0 976773176 115 2089 3392
 259       0 nvme3n1 691 0 38922 467 45102 21809 17794008 507720 0 53580 511678 234 0 976773176 120 2086 3369
 259       1 nvme1n1 765 0 35475 568 45185 21743 17794136 510133 0 44625 514213 234 0 976773176 115 2092 3396
 259       0 nvme3n1 691 0 38922 467 45102 21809 17794008 507720 0 53580 511678 234 0 976773176 120 2086 3369
 259       1 nvme1n1 765 0 35475 568 45185 21743 17794136 510133 0 44625 514213 234 0 976773176 115 2092 3396
 259       0 nvme3n1 691 0 38922 467 45102 21809 17794008 507720 0 53580 511678 234 0 976773176 120 2086 3369
 259       1 nvme1n1 765 0 35475 568 45185 21743 17794136 510133 0 44625 514213 234 0 976773176 115 2092 3396
 259       0 nvme3n1 691 0 38922 467 45102 21809 17794008 507720 0 53580 511678 234 0 976773176 120 2086 3369
 259       1 nvme1n1 765 0 35475 568 45185 21743 17794136 510133 0 44625 514213 234 0 976773176 115 2092 3396
 259       0 nvme3n1 691 0 38922 467 45102 21809 17794008 507720 0 53580 511678 234 0 976773176 120 2086 3369
 259       1 nvme1n1 765 0 35475 568 45185 21743 17794136 510133 0 44625 514213 234 0 976773176 115 2092 3396
 259       0 nvme3n1 691 0 38922 467 45102 21809 17794008 507720 0 53580 511678 234 0 976773176 120 2086 3369
 259       1 nvme1n1 765 0 35475 568 45185 21743 17794136 510133 0 44625 514213 234 0 976773176 115 2092 3396
 259       0 nvme3n1 691 0 38922 467 45102 21809 17794008 507720 0 53580 511678 234 0 976773176 120 2086 3369
 259       1 nvme1n1 765 0 35475 568 45185 21743 17794136 510133 0 44625 514213 234 0 976773176 115 2092 3396
 259       0 nvme3n1 691 0 38922 467 45102 21809 17794008 507720 0 53580 511678 234 0 976773176 120 2086 3369
 259       1 nvme1n1 765 0 35475 568 45185 21743 17794136 510133 0 44625 514213 234 0 976773176 115 2092 3396
 259       0 nvme3n1 691 0 38922 467 45102 21809 17794008 507720 0 53580 511678 234 0 976773176 120 2086 3369
 259       1 nvme1n1 765 0 35475 568 45185 21743 17794136 510133 0 44625 514213 234 0 976773176 115 2092 3396
 259       0 nvme3n1 691 0 38922 467 45102 21809 17794008 507720 0 53580 511678 234 0 976773176 120 2086 3369
 259       1 nvme1n1 765 0 35475 568 45185 21743 17794136 510133 0 44625 514213 234 0 976773176 115 2092 3396
