TIME             LAYER        EVENT                        SIZE ALIGNED LAT(μs) COMM            FLAGS
========================================================================
>>> TRACING MINIO PROCESSES ONLY <<<
========================================================================
05:26:57.581 APPLICATION  MINIO_OBJECT_PUT                8       8     0.00 minio           [MINIO]
05:26:57.581 OS           OS_VFS_WRITE                    8    4096     0.00 minio           [MINIO]
05:26:57.581 APPLICATION  MINIO_OBJECT_GET                8       8     0.00 minio           [MINIO]
05:26:57.581 OS           OS_VFS_READ                     8    4096     0.00 minio           [MINIO]
05:26:58.731 APPLICATION  MINIO_OBJECT_PUT                8       8     0.00 minio           [MINIO]
05:26:58.731 OS           OS_VFS_WRITE                    8    4096     0.00 minio           [MINIO]
05:26:58.731 APPLICATION  MINIO_OBJECT_GET                8       8     0.00 minio           [MINIO]
05:26:58.731 OS           OS_VFS_READ                     8    4096     0.00 minio           [MINIO]
05:26:59.566 APPLICATION  MINIO_OBJECT_PUT                8       8     0.00 minio           [MINIO]
05:26:59.566 OS           OS_VFS_WRITE                    8    4096     0.00 minio           [MINIO]
05:26:59.566 APPLICATION  MINIO_OBJECT_GET                8       8     0.00 minio           [MINIO]
05:26:59.566 OS           OS_VFS_READ                     8    4096     0.00 minio           [MINIO]
05:26:59.581 APPLICATION  MINIO_OBJECT_PUT                8       8     0.00 minio           [MINIO]
05:26:59.581 OS           OS_VFS_WRITE                    8    4096     0.00 minio           [MINIO]
05:26:59.581 APPLICATION  MINIO_OBJECT_GET                8       8     0.00 minio           [MINIO]
05:26:59.581 OS           OS_VFS_READ                     8    4096     0.00 minio           [MINIO]
05:27:01.568 APPLICATION  MINIO_OBJECT_PUT                8       8     0.00 minio           [MINIO]
05:27:01.568 OS           OS_VFS_WRITE                    8    4096     0.00 minio           [MINIO]
05:27:01.568 APPLICATION  MINIO_OBJECT_GET                8       8     0.00 minio           [MINIO]
05:27:01.568 OS           OS_VFS_READ                     8    4096     0.00 minio           [MINIO]
05:27:03.579 APPLICATION  MINIO_OBJECT_PUT                8       8     0.00 minio           [MINIO]
05:27:03.579 OS           OS_VFS_WRITE                    8    4096     0.00 minio           [MINIO]
05:27:03.579 APPLICATION  MINIO_OBJECT_GET                8       8     0.00 minio           [MINIO]
05:27:03.579 OS           OS_VFS_READ                     8    4096     0.00 minio           [MINIO]
05:27:03.580 APPLICATION  MINIO_OBJECT_PUT                8       8     0.00 minio           [MINIO]
05:27:03.580 OS           OS_VFS_WRITE                    8    4096     0.00 minio           [MINIO]
05:27:03.580 APPLICATION  MINIO_OBJECT_GET                8       8     0.00 minio           [MINIO]
05:27:03.580 OS           OS_VFS_READ                     8    4096     0.00 minio           [MINIO]
05:27:03.635 APPLICATION  MINIO_OBJECT_PUT                8       8     0.00 minio           [MINIO]
05:27:03.635 OS           OS_VFS_WRITE                    8    4096     0.00 minio           [MINIO]
05:27:03.635 APPLICATION  MINIO_OBJECT_GET                8       8     0.00 minio           [MINIO]
05:27:03.635 OS           OS_VFS_READ                     8    4096     0.00 minio           [MINIO]
05:27:03.647 APPLICATION  MINIO_OBJECT_PUT                8       8     0.00 minio           [MINIO]
05:27:03.647 OS           OS_VFS_WRITE                    8    4096     0.00 minio           [MINIO]
05:27:03.647 APPLICATION  MINIO_OBJECT_GET                8       8     0.00 minio           [MINIO]
05:27:03.647 OS           OS_VFS_READ                     8    4096     0.00 minio           [MINIO]
05:27:04.049 APPLICATION  MINIO_OBJECT_PUT             2049    2049     0.00 minio           [MINIO]
05:27:04.049 OS           OS_VFS_WRITE                 2049    4096     0.00 minio           [MINIO]
05:27:04.049 FILESYSTEM   FS_SYNC                         0       0     0.00 minio           [META][MINIO]
05:27:04.049 DEVICE       DEV_BIO_SUBMIT               4096    4096     0.00 minio           [MINIO]
05:27:04.056 DEVICE       DEV_BIO_COMPLETE             4096    4096  7253.31                 
05:27:04.058 APPLICATION  MINIO_OBJECT_GET             2049    2049     0.00 minio           [MINIO]
05:27:04.058 OS           OS_VFS_READ                  2049    4096     0.00 minio           [MINIO]
05:27:04.080 APPLICATION  MINIO_OBJECT_GET             4096    4096     0.00 minio           [MINIO]
05:27:04.080 OS           OS_VFS_READ                  4096    4096     0.00 minio           [MINIO]
05:27:04.080 STORAGE_SVC  MINIO_XL_META                   0       0     0.00 minio           [META][MINIO][XL.META]
    └─> File: /mnt/minio2/minio/public/test_10B/test_10B.dat/xl.meta
05:27:04.080 STORAGE_SVC  MINIO_XL_META                   0       0     0.00 minio           [META][MINIO][XL.META]
    └─> File: /mnt/minio1/minio/public/test_10B/test_10B.dat/xl.meta
05:27:04.080 APPLICATION  MINIO_OBJECT_PUT               25      25     0.00 minio           [MINIO]
05:27:04.080 OS           OS_VFS_WRITE                   25    4096     0.00 minio           [MINIO]
05:27:04.080 APPLICATION  MINIO_OBJECT_GET             4096    4096     0.00 minio           [MINIO]
05:27:04.080 OS           OS_VFS_READ                  4096    4096     0.00 minio           [MINIO]
05:27:04.080 APPLICATION  MINIO_OBJECT_GET             4096    4096     0.00 minio           [MINIO]
05:27:04.080 OS           OS_VFS_READ                  4096    4096     0.00 minio           [MINIO]
05:27:04.081 APPLICATION  MINIO_OBJECT_GET                1       1     0.00 minio           [MINIO]
05:27:04.081 OS           OS_VFS_READ                     1    4096     0.00 minio           [MINIO]
05:27:04.081 STORAGE_SVC  MINIO_XL_META                   0       0     0.00 minio           [META][MINIO][XL.META]
    └─> File: /mnt/minio2/minio/public/test_10B/test_10B.dat/xl.meta
05:27:04.081 STORAGE_SVC  MINIO_XL_META                   0       0     0.00 minio           [META][MINIO][XL.META]
    └─> File: /mnt/minio1/minio/public/test_10B/test_10B.dat/xl.meta
05:27:04.081 APPLICATION  MINIO_OBJECT_PUT              468     468     0.00 minio           [MINIO]
05:27:04.081 APPLICATION  MINIO_OBJECT_PUT              468     468     0.00 minio           [MINIO]
05:27:04.081 OS           OS_VFS_WRITE                  468    4096     0.00 minio           [MINIO]
05:27:04.081 OS           OS_VFS_WRITE                  468    4096     0.00 minio           [MINIO]
05:27:04.081 FILESYSTEM   FS_SYNC                         0       0     0.00 minio           [META][MINIO]
05:27:04.081 FILESYSTEM   FS_SYNC                         0       0     0.00 minio           [META][MINIO]
05:27:04.081 DEVICE       DEV_BIO_SUBMIT               4096    4096     0.00 minio           [MINIO]
05:27:04.081 DEVICE       DEV_BIO_SUBMIT               4096    4096     0.00 minio           [MINIO]
05:27:04.081 DEVICE       DEV_BIO_COMPLETE             4096    4096    26.70                 
05:27:04.088 DEVICE       DEV_BIO_COMPLETE             4096    4096  7612.73                 
05:27:04.091 APPLICATION  MINIO_OBJECT_PUT              563     563     0.00 minio           [MINIO]
05:27:04.091 OS           OS_VFS_WRITE                  563    4096     0.00 minio           [MINIO]
05:27:04.091 APPLICATION  MINIO_OBJECT_GET             4096    4096     0.00 minio           [MINIO]
05:27:04.091 OS           OS_VFS_READ                  4096    4096     0.00 minio           [MINIO]
05:27:04.092 APPLICATION  MINIO_OBJECT_GET             4096    4096     0.00 minio           [MINIO]
05:27:04.092 OS           OS_VFS_READ                  4096    4096     0.00 minio           [MINIO]
05:27:04.195 APPLICATION  MINIO_OBJECT_PUT             2049    2049     0.00 minio           [MINIO]
05:27:04.195 OS           OS_VFS_WRITE                 2049    4096     0.00 minio           [MINIO]
05:27:04.195 FILESYSTEM   FS_SYNC                         0       0     0.00 minio           [META][MINIO]
05:27:04.195 DEVICE       DEV_BIO_SUBMIT               4096    4096     0.00 minio           [MINIO]
05:27:04.202 DEVICE       DEV_BIO_COMPLETE             4096    4096  6626.86                 
05:27:04.205 APPLICATION  MINIO_OBJECT_GET             2049    2049     0.00 minio           [MINIO]
05:27:04.205 OS           OS_VFS_READ                  2049    4096     0.00 minio           [MINIO]
05:27:05.566 APPLICATION  MINIO_OBJECT_PUT                8       8     0.00 minio           [MINIO]
05:27:05.566 OS           OS_VFS_WRITE                    8    4096     0.00 minio           [MINIO]
05:27:05.567 APPLICATION  MINIO_OBJECT_GET                8       8     0.00 minio           [MINIO]
05:27:05.567 OS           OS_VFS_READ                     8    4096     0.00 minio           [MINIO]
05:27:05.580 APPLICATION  MINIO_OBJECT_PUT                8       8     0.00 minio           [MINIO]
05:27:05.580 OS           OS_VFS_WRITE                    8    4096     0.00 minio           [MINIO]
05:27:05.580 APPLICATION  MINIO_OBJECT_GET                8       8     0.00 minio           [MINIO]
05:27:05.580 OS           OS_VFS_READ                     8    4096     0.00 minio           [MINIO]
05:27:05.580 APPLICATION  MINIO_OBJECT_PUT                8       8     0.00 minio           [MINIO]
05:27:05.580 OS           OS_VFS_WRITE                    8    4096     0.00 minio           [MINIO]
05:27:05.580 APPLICATION  MINIO_OBJECT_GET                8       8     0.00 minio           [MINIO]
05:27:05.580 OS           OS_VFS_READ                     8    4096     0.00 minio           [MINIO]
05:27:07.581 APPLICATION  MINIO_OBJECT_PUT                8       8     0.00 minio           [MINIO]
05:27:07.581 OS           OS_VFS_WRITE                    8    4096     0.00 minio           [MINIO]
05:27:07.581 APPLICATION  MINIO_OBJECT_GET                8       8     0.00 minio           [MINIO]
05:27:07.581 OS           OS_VFS_READ                     8    4096     0.00 minio           [MINIO]

========================================
    I/O AMPLIFICATION ANALYSIS
========================================

Per-Layer Statistics:
LAYER               EVENTS      BYTES    ALIGNED     META     JRNL    CACHE AMP_FACTOR
----------------------------------------------------------------------
APPLICATION             40      30409      30409        0        0        0       0.00x
  └─> MinIO:            40      30409          -        0        -        -          -
STORAGE_SVC              4          0          0        4        0        0       0.00x
  └─> MinIO:             4          0          -        4        -        -          -
OS                      40      30409     163840        0        0        0       5.39x
  └─> MinIO:            40      30409          -        0        -        -          -
FILESYSTEM               4          0          0        4        0        0       0.00x
  └─> MinIO:             4          0          -        0        -        -          -
DEVICE                   8      32768      32768        0        0        0       1.08x
  └─> MinIO:             4      16384          -        0        -        -          -

Amplification Breakdown:
----------------------------------------------------------------------
Original application I/O:          30409 bytes
After OS/page cache alignment:    163840 bytes (5.39x amplification)
Final device layer I/O:            32768 bytes (1.08x amplification)

*** TOTAL AMPLIFICATION: 1.08x ***
    32768 bytes written for 30409 bytes requested


Per-Request Amplification (Top 10):
REQUEST_ID            APP  STORAGE       OS       FS   DEVICE    TOTAL    AMP   MinIO
-----------------------------------------------------------------------------
0000341992f55b12        8        0     4096        0        0     4096 512.00x     Yes
000039e092f5a97f        8        0     4096        0        0     4096 512.00x     Yes
00003415d787d78f        8        0     4096        0        0     4096 512.00x     Yes
00003419d78831ba        8        0     4096        0        0     4096 512.00x     Yes
00003415094d566e        8        0     4096        0        0     4096 512.00x     Yes
00003419094dae2c        8        0     4096        0        0     4096 512.00x     Yes
000034150a2a9a1f        8        0     4096        0        0     4096 512.00x     Yes
000034190a2ae7ce        8        0     4096        0        0     4096 512.00x     Yes
000039e0809e2642        8        0     4096        0        0     4096 512.00x     Yes
00003419809e7c3d        8        0     4096        0        0     4096 512.00x     Yes

========================================
       MinIO-SPECIFIC ANALYSIS
========================================

MinIO Operation Statistics:
-------------------------------------------
Objects Written:                   19
Objects Read:                      21
XL Metadata Operations:             4
Erasure Blocks Written:             0
Multipart Uploads:                  0

MinIO Data Breakdown:
-------------------------------------------
Data Bytes:                      5726
Metadata Bytes:                     0
Metadata Overhead:              0.00%

MinIO I/O Pattern Analysis:
-------------------------------------------
APPLICATION    :       40 events,      30409 bytes
STORAGE_SVC    :        4 events,          0 bytes
  └─> XL.META operations: 4
OS             :       40 events,      30409 bytes
FILESYSTEM     :        4 events,          0 bytes
DEVICE         :        4 events,      16384 bytes

*** MinIO Total I/O Amplification: 13.48x ***
