TIME             LAYER        EVENT                        SIZE ALIGNED LAT(μs) COMM            FLAGS
========================================================================
>>> TRACING MINIO PROCESSES ONLY <<<
========================================================================
05:26:37.568 APPLICATION  MINIO_OBJECT_PUT                8       8     0.00 minio           [MINIO]
05:26:37.568 OS           OS_VFS_WRITE                    8    4096     0.00 minio           [MINIO]
05:26:37.568 APPLICATION  MINIO_OBJECT_GET                8       8     0.00 minio           [MINIO]
05:26:37.568 OS           OS_VFS_READ                     8    4096     0.00 minio           [MINIO]
05:26:37.580 APPLICATION  MINIO_OBJECT_PUT                8       8     0.00 minio           [MINIO]
05:26:37.580 OS           OS_VFS_WRITE                    8    4096     0.00 minio           [MINIO]
05:26:37.580 APPLICATION  MINIO_OBJECT_GET                8       8     0.00 minio           [MINIO]
05:26:37.580 OS           OS_VFS_READ                     8    4096     0.00 minio           [MINIO]
05:26:39.567 APPLICATION  MINIO_OBJECT_PUT                8       8     0.00 minio           [MINIO]
05:26:39.567 OS           OS_VFS_WRITE                    8    4096     0.00 minio           [MINIO]
05:26:39.567 APPLICATION  MINIO_OBJECT_GET                8       8     0.00 minio           [MINIO]
05:26:39.567 OS           OS_VFS_READ                     8    4096     0.00 minio           [MINIO]
05:26:41.568 APPLICATION  MINIO_OBJECT_PUT                8       8     0.00 minio           [MINIO]
05:26:41.568 OS           OS_VFS_WRITE                    8    4096     0.00 minio           [MINIO]
05:26:41.568 APPLICATION  MINIO_OBJECT_GET                8       8     0.00 minio           [MINIO]
05:26:41.568 OS           OS_VFS_READ                     8    4096     0.00 minio           [MINIO]
05:26:41.580 APPLICATION  MINIO_OBJECT_PUT                8       8     0.00 minio           [MINIO]
05:26:41.580 OS           OS_VFS_WRITE                    8    4096     0.00 minio           [MINIO]
05:26:41.580 APPLICATION  MINIO_OBJECT_GET                8       8     0.00 minio           [MINIO]
05:26:41.580 OS           OS_VFS_READ                     8    4096     0.00 minio           [MINIO]
05:26:41.580 APPLICATION  MINIO_OBJECT_PUT                8       8     0.00 minio           [MINIO]
05:26:41.580 OS           OS_VFS_WRITE                    8    4096     0.00 minio           [MINIO]
05:26:41.580 APPLICATION  MINIO_OBJECT_GET                8       8     0.00 minio           [MINIO]
05:26:41.580 OS           OS_VFS_READ                     8    4096     0.00 minio           [MINIO]
05:26:43.567 APPLICATION  MINIO_OBJECT_PUT                8       8     0.00 minio           [MINIO]
05:26:43.567 OS           OS_VFS_WRITE                    8    4096     0.00 minio           [MINIO]
05:26:43.567 APPLICATION  MINIO_OBJECT_GET                8       8     0.00 minio           [MINIO]
05:26:43.567 OS           OS_VFS_READ                     8    4096     0.00 minio           [MINIO]
05:26:43.581 APPLICATION  MINIO_OBJECT_PUT                8       8     0.00 minio           [MINIO]
05:26:43.581 OS           OS_VFS_WRITE                    8    4096     0.00 minio           [MINIO]
05:26:43.581 APPLICATION  MINIO_OBJECT_GET                8       8     0.00 minio           [MINIO]
05:26:43.581 OS           OS_VFS_READ                     8    4096     0.00 minio           [MINIO]
05:26:43.581 APPLICATION  MINIO_OBJECT_PUT                8       8     0.00 minio           [MINIO]
05:26:43.581 OS           OS_VFS_WRITE                    8    4096     0.00 minio           [MINIO]
05:26:43.581 APPLICATION  MINIO_OBJECT_GET                8       8     0.00 minio           [MINIO]
05:26:43.581 OS           OS_VFS_READ                     8    4096     0.00 minio           [MINIO]
05:26:43.635 APPLICATION  MINIO_OBJECT_PUT                8       8     0.00 minio           [MINIO]
05:26:43.635 OS           OS_VFS_WRITE                    8    4096     0.00 minio           [MINIO]
05:26:43.635 APPLICATION  MINIO_OBJECT_GET                8       8     0.00 minio           [MINIO]
05:26:43.635 OS           OS_VFS_READ                     8    4096     0.00 minio           [MINIO]
05:26:43.729 APPLICATION  MINIO_OBJECT_PUT                8       8     0.00 minio           [MINIO]
05:26:43.729 OS           OS_VFS_WRITE                    8    4096     0.00 minio           [MINIO]
05:26:43.729 APPLICATION  MINIO_OBJECT_GET                8       8     0.00 minio           [MINIO]
05:26:43.729 OS           OS_VFS_READ                     8    4096     0.00 minio           [MINIO]
05:26:45.568 APPLICATION  MINIO_OBJECT_PUT                8       8     0.00 minio           [MINIO]
05:26:45.568 OS           OS_VFS_WRITE                    8    4096     0.00 minio           [MINIO]
05:26:45.568 APPLICATION  MINIO_OBJECT_GET                8       8     0.00 minio           [MINIO]
05:26:45.568 OS           OS_VFS_READ                     8    4096     0.00 minio           [MINIO]
05:26:45.581 APPLICATION  MINIO_OBJECT_PUT                8       8     0.00 minio           [MINIO]
05:26:45.581 OS           OS_VFS_WRITE                    8    4096     0.00 minio           [MINIO]
05:26:45.581 APPLICATION  MINIO_OBJECT_GET                8       8     0.00 minio           [MINIO]
05:26:45.581 OS           OS_VFS_READ                     8    4096     0.00 minio           [MINIO]
05:26:45.860 APPLICATION  MINIO_OBJECT_GET             4096    4096     0.00 minio           [MINIO]
05:26:45.860 OS           OS_VFS_READ                  4096    4096     0.00 minio           [MINIO]
05:26:45.860 STORAGE_SVC  MINIO_XL_META                   0       0     0.00 minio           [META][MINIO][XL.META]
    └─> File: /mnt/minio2/minio/public/test_1B/test_1B.dat/xl.meta
05:26:45.860 STORAGE_SVC  MINIO_XL_META                   0       0     0.00 minio           [META][MINIO][XL.META]
    └─> File: /mnt/minio1/minio/public/test_1B/test_1B.dat/xl.meta
05:26:45.860 APPLICATION  MINIO_OBJECT_PUT               25      25     0.00 minio           [MINIO]
05:26:45.860 OS           OS_VFS_WRITE                   25    4096     0.00 minio           [MINIO]
05:26:45.860 APPLICATION  MINIO_OBJECT_GET             4096    4096     0.00 minio           [MINIO]
05:26:45.860 OS           OS_VFS_READ                  4096    4096     0.00 minio           [MINIO]
05:26:45.861 APPLICATION  MINIO_OBJECT_GET             4096    4096     0.00 minio           [MINIO]
05:26:45.861 OS           OS_VFS_READ                  4096    4096     0.00 minio           [MINIO]
05:26:45.861 APPLICATION  MINIO_OBJECT_GET                1       1     0.00 minio           [MINIO]
05:26:45.861 OS           OS_VFS_READ                     1    4096     0.00 minio           [MINIO]
05:26:45.861 STORAGE_SVC  MINIO_XL_META                   0       0     0.00 minio           [META][MINIO][XL.META]
    └─> File: /mnt/minio2/minio/public/test_1B/test_1B.dat/xl.meta
05:26:45.861 STORAGE_SVC  MINIO_XL_META                   0       0     0.00 minio           [META][MINIO][XL.META]
    └─> File: /mnt/minio1/minio/public/test_1B/test_1B.dat/xl.meta
05:26:45.861 APPLICATION  MINIO_OBJECT_PUT              459     459     0.00 minio           [MINIO]
05:26:45.861 OS           OS_VFS_WRITE                  459    4096     0.00 minio           [MINIO]
05:26:45.861 APPLICATION  MINIO_OBJECT_PUT              459     459     0.00 minio           [MINIO]
05:26:45.861 OS           OS_VFS_WRITE                  459    4096     0.00 minio           [MINIO]
05:26:45.861 FILESYSTEM   FS_SYNC                         0       0     0.00 minio           [META][MINIO]
05:26:45.861 FILESYSTEM   FS_SYNC                         0       0     0.00 minio           [META][MINIO]
05:26:45.861 DEVICE       DEV_BIO_SUBMIT               4096    4096     0.00 minio           [MINIO]
05:26:45.861 DEVICE       DEV_BIO_SUBMIT               4096    4096     0.00 minio           [MINIO]
05:26:45.867 DEVICE       DEV_BIO_COMPLETE             4096    4096  6643.16                 
05:26:45.868 DEVICE       DEV_BIO_COMPLETE             4096    4096  7647.70                 
05:26:45.871 APPLICATION  MINIO_OBJECT_PUT              563     563     0.00 minio           [MINIO]
05:26:45.871 OS           OS_VFS_WRITE                  563    4096     0.00 minio           [MINIO]
05:26:45.871 APPLICATION  MINIO_OBJECT_GET             4096    4096     0.00 minio           [MINIO]
05:26:45.871 OS           OS_VFS_READ                  4096    4096     0.00 minio           [MINIO]
05:26:45.872 APPLICATION  MINIO_OBJECT_GET             4096    4096     0.00 minio           [MINIO]
05:26:45.872 OS           OS_VFS_READ                  4096    4096     0.00 minio           [MINIO]
05:26:47.568 APPLICATION  MINIO_OBJECT_PUT                8       8     0.00 minio           [MINIO]
05:26:47.568 OS           OS_VFS_WRITE                    8    4096     0.00 minio           [MINIO]
05:26:47.568 APPLICATION  MINIO_OBJECT_GET                8       8     0.00 minio           [MINIO]
05:26:47.568 OS           OS_VFS_READ                     8    4096     0.00 minio           [MINIO]
05:26:47.580 APPLICATION  MINIO_OBJECT_PUT                8       8     0.00 minio           [MINIO]
05:26:47.580 OS           OS_VFS_WRITE                    8    4096     0.00 minio           [MINIO]
05:26:47.580 APPLICATION  MINIO_OBJECT_GET                8       8     0.00 minio           [MINIO]
05:26:47.580 OS           OS_VFS_READ                     8    4096     0.00 minio           [MINIO]
05:26:48.578 APPLICATION  MINIO_OBJECT_PUT                8       8     0.00 minio           [MINIO]
05:26:48.578 OS           OS_VFS_WRITE                    8    4096     0.00 minio           [MINIO]
05:26:48.578 APPLICATION  MINIO_OBJECT_GET                8       8     0.00 minio           [MINIO]
05:26:48.578 OS           OS_VFS_READ                     8    4096     0.00 minio           [MINIO]
05:26:48.729 APPLICATION  MINIO_OBJECT_PUT                8       8     0.00 minio           [MINIO]
05:26:48.729 OS           OS_VFS_WRITE                    8    4096     0.00 minio           [MINIO]
05:26:48.729 APPLICATION  MINIO_OBJECT_GET                8       8     0.00 minio           [MINIO]
05:26:48.729 OS           OS_VFS_READ                     8    4096     0.00 minio           [MINIO]
05:26:49.581 APPLICATION  MINIO_OBJECT_PUT                8       8     0.00 minio           [MINIO]
05:26:49.581 OS           OS_VFS_WRITE                    8    4096     0.00 minio           [MINIO]
05:26:49.581 APPLICATION  MINIO_OBJECT_GET                8       8     0.00 minio           [MINIO]
05:26:49.581 OS           OS_VFS_READ                     8    4096     0.00 minio           [MINIO]
05:26:49.581 APPLICATION  MINIO_OBJECT_PUT                8       8     0.00 minio           [MINIO]
05:26:49.581 OS           OS_VFS_WRITE                    8    4096     0.00 minio           [MINIO]
05:26:49.581 APPLICATION  MINIO_OBJECT_GET                8       8     0.00 minio           [MINIO]
05:26:49.581 OS           OS_VFS_READ                     8    4096     0.00 minio           [MINIO]
05:26:51.580 APPLICATION  MINIO_OBJECT_PUT                8       8     0.00 minio           [MINIO]
05:26:51.580 OS           OS_VFS_WRITE                    8    4096     0.00 minio           [MINIO]
05:26:51.581 APPLICATION  MINIO_OBJECT_GET                8       8     0.00 minio           [MINIO]
05:26:51.581 OS           OS_VFS_READ                     8    4096     0.00 minio           [MINIO]

========================================
    I/O AMPLIFICATION ANALYSIS
========================================

Per-Layer Statistics:
LAYER               EVENTS      BYTES    ALIGNED     META     JRNL    CACHE AMP_FACTOR
----------------------------------------------------------------------
APPLICATION             50      22307      22307        0        0        0       0.00x
  └─> MinIO:            50      22307          -        0        -        -          -
STORAGE_SVC              4          0          0        4        0        0       0.00x
  └─> MinIO:             4          0          -        4        -        -          -
OS                      50      22307     204800        0        0        0       9.18x
  └─> MinIO:            50      22307          -        0        -        -          -
FILESYSTEM               2          0          0        2        0        0       0.00x
  └─> MinIO:             2          0          -        0        -        -          -
DEVICE                   4      16384      16384        0        0        0       0.73x
  └─> MinIO:             2       8192          -        0        -        -          -

Amplification Breakdown:
----------------------------------------------------------------------
Original application I/O:          22307 bytes
After OS/page cache alignment:    204800 bytes (9.18x amplification)
Final device layer I/O:            16384 bytes (0.73x amplification)

*** TOTAL AMPLIFICATION: 0.73x ***
    16384 bytes written for 22307 bytes requested


Per-Request Amplification (Top 10):
REQUEST_ID            APP  STORAGE       OS       FS   DEVICE    TOTAL    AMP   MinIO
-----------------------------------------------------------------------------
000039e0ea1b4bc8        8        0     4096        0        0     4096 512.00x     Yes
00003415ea1b7f71        8        0     4096        0        0     4096 512.00x     Yes
00003417ead66ee0        8        0     4096        0        0     4096 512.00x     Yes
00003415ead69a6f        8        0     4096        0        0     4096 512.00x     Yes
00003417613ae6ca        8        0     4096        0        0     4096 512.00x     Yes
00003415613b184b        8        0     4096        0        0     4096 512.00x     Yes
000039e0d8833e37        8        0     4096        0        0     4096 512.00x     Yes
00003415d883948c        8        0     4096        0        0     4096 512.00x     Yes
000039e0d9409b09        8        0     4096        0        0     4096 512.00x     Yes
00003415d940eec9        8        0     4096        0        0     4096 512.00x     Yes

========================================
       MinIO-SPECIFIC ANALYSIS
========================================

MinIO Operation Statistics:
-------------------------------------------
Objects Written:                   24
Objects Read:                      26
XL Metadata Operations:             4
Erasure Blocks Written:             0
Multipart Uploads:                  0

MinIO Data Breakdown:
-------------------------------------------
Data Bytes:                      1666
Metadata Bytes:                     0
Metadata Overhead:              0.00%

MinIO I/O Pattern Analysis:
-------------------------------------------
APPLICATION    :       50 events,      22307 bytes
STORAGE_SVC    :        4 events,          0 bytes
  └─> XL.META operations: 4
OS             :       50 events,      22307 bytes
FILESYSTEM     :        2 events,          0 bytes
DEVICE         :        2 events,       8192 bytes

*** MinIO Total I/O Amplification: 31.70x ***
