Multi-layer I/O tracer started!
Tracing layers: Application, Storage Service, OS, Filesystem, Device
MinIO-only mode enabled
Request correlation mode enabled
MinIO tracing configured:
  Mode: Name
  Trace Erasure: Yes
  Trace Metadata: Yes
TIME             LAYER        EVENT                        SIZE ALIGNED LAT(μs) COMM            FLAGS
========================================================================
>>> TRACING MINIO PROCESSES ONLY <<<
========================================================================
23:54:25.568 APPLICATION  MINIO_OBJECT_PUT                8       8     0.00 minio           [MINIO]
23:54:25.568 OS           OS_VFS_WRITE                    8    4096     0.00 minio           [MINIO]
23:54:25.568 APPLICATION  MINIO_OBJECT_GET                8       8     0.00 minio           [MINIO]
23:54:25.568 OS           OS_VFS_READ                     8    4096     0.00 minio           [MINIO]
23:54:26.048 APPLICATION  MINIO_OBJECT_PUT                8       8     0.00 minio           [MINIO]
23:54:26.048 OS           OS_VFS_WRITE                    8    4096     0.00 minio           [MINIO]
23:54:26.048 APPLICATION  MINIO_OBJECT_GET                8       8     0.00 minio           [MINIO]
23:54:26.048 OS           OS_VFS_READ                     8    4096     0.00 minio           [MINIO]
23:54:27.568 APPLICATION  MINIO_OBJECT_PUT                8       8     0.00 minio           [MINIO]
23:54:27.568 OS           OS_VFS_WRITE                    8    4096     0.00 minio           [MINIO]
23:54:27.568 APPLICATION  MINIO_OBJECT_GET                8       8     0.00 minio           [MINIO]
23:54:27.568 OS           OS_VFS_READ                     8    4096     0.00 minio           [MINIO]
23:54:27.580 APPLICATION  MINIO_OBJECT_PUT                8       8     0.00 minio           [MINIO]
23:54:27.580 OS           OS_VFS_WRITE                    8    4096     0.00 minio           [MINIO]
23:54:27.580 APPLICATION  MINIO_OBJECT_GET                8       8     0.00 minio           [MINIO]
23:54:27.580 OS           OS_VFS_READ                     8    4096     0.00 minio           [MINIO]
23:54:28.937 APPLICATION  MINIO_OBJECT_PUT                8       8     0.00 minio           [MINIO]
23:54:28.937 OS           OS_VFS_WRITE                    8    4096     0.00 minio           [MINIO]
23:54:28.937 APPLICATION  MINIO_OBJECT_GET                8       8     0.00 minio           [MINIO]
23:54:28.937 OS           OS_VFS_READ                     8    4096     0.00 minio           [MINIO]
23:54:29.566 APPLICATION  MINIO_OBJECT_PUT                8       8     0.00 minio           [MINIO]
23:54:29.566 OS           OS_VFS_WRITE                    8    4096     0.00 minio           [MINIO]
23:54:29.566 APPLICATION  MINIO_OBJECT_GET                8       8     0.00 minio           [MINIO]
23:54:29.566 OS           OS_VFS_READ                     8    4096     0.00 minio           [MINIO]
23:54:29.581 APPLICATION  MINIO_OBJECT_PUT                8       8     0.00 minio           [MINIO]
23:54:29.581 OS           OS_VFS_WRITE                    8    4096     0.00 minio           [MINIO]
23:54:29.581 APPLICATION  MINIO_OBJECT_GET                8       8     0.00 minio           [MINIO]
23:54:29.581 OS           OS_VFS_READ                     8    4096     0.00 minio           [MINIO]
23:54:31.568 APPLICATION  MINIO_OBJECT_PUT                8       8     0.00 minio           [MINIO]
23:54:31.568 OS           OS_VFS_WRITE                    8    4096     0.00 minio           [MINIO]
23:54:31.568 APPLICATION  MINIO_OBJECT_GET                8       8     0.00 minio           [MINIO]
23:54:31.568 OS           OS_VFS_READ                     8    4096     0.00 minio           [MINIO]
23:54:31.581 APPLICATION  MINIO_OBJECT_PUT                8       8     0.00 minio           [MINIO]
23:54:31.581 OS           OS_VFS_WRITE                    8    4096     0.00 minio           [MINIO]
23:54:31.581 APPLICATION  MINIO_OBJECT_GET                8       8     0.00 minio           [MINIO]
23:54:31.581 OS           OS_VFS_READ                     8    4096     0.00 minio           [MINIO]
23:54:33.429 APPLICATION  MINIO_OBJECT_GET             4096    4096     0.00 minio           [MINIO]
23:54:33.429 OS           OS_VFS_READ                  4096    4096     0.00 minio           [MINIO]
23:54:33.429 STORAGE_SVC  MINIO_XL_META                   0       0     0.00 minio           [META][MINIO][XL.META]
    └─> File: /mnt/minio2/minio/public/rw_test_10B/test.dat/xl.meta
23:54:33.429 STORAGE_SVC  MINIO_XL_META                   0       0     0.00 minio           [META][MINIO][XL.META]
    └─> File: /mnt/minio1/minio/public/rw_test_10B/test.dat/xl.meta
23:54:33.429 APPLICATION  MINIO_OBJECT_PUT               25      25     0.00 minio           [MINIO]
23:54:33.429 OS           OS_VFS_WRITE                   25    4096     0.00 minio           [MINIO]
23:54:33.429 APPLICATION  MINIO_OBJECT_GET             4096    4096     0.00 minio           [MINIO]
23:54:33.429 OS           OS_VFS_READ                  4096    4096     0.00 minio           [MINIO]
23:54:33.430 APPLICATION  MINIO_OBJECT_GET             4096    4096     0.00 minio           [MINIO]
23:54:33.430 OS           OS_VFS_READ                  4096    4096     0.00 minio           [MINIO]
23:54:33.430 APPLICATION  MINIO_OBJECT_GET                1       1     0.00 minio           [MINIO]
23:54:33.430 OS           OS_VFS_READ                     1    4096     0.00 minio           [MINIO]
23:54:33.430 STORAGE_SVC  MINIO_XL_META                   0       0     0.00 minio           [META][MINIO][XL.META]
    └─> File: /mnt/minio2/minio/public/rw_test_10B/test.dat/xl.meta
23:54:33.430 STORAGE_SVC  MINIO_XL_META                   0       0     0.00 minio           [META][MINIO][XL.META]
    └─> File: /mnt/minio1/minio/public/rw_test_10B/test.dat/xl.meta
23:54:33.430 APPLICATION  MINIO_OBJECT_PUT              468     468     0.00 minio           [MINIO]
23:54:33.430 APPLICATION  MINIO_OBJECT_PUT              468     468     0.00 minio           [MINIO]
23:54:33.430 OS           OS_VFS_WRITE                  468    4096     0.00 minio           [MINIO]
23:54:33.430 OS           OS_VFS_WRITE                  468    4096     0.00 minio           [MINIO]
23:54:33.430 FILESYSTEM   FS_SYNC                         0       0     0.00 minio           [META][MINIO]
23:54:33.430 FILESYSTEM   FS_SYNC                         0       0     0.00 minio           [META][MINIO]
23:54:33.430 DEVICE       DEV_BIO_SUBMIT               4096    4096     0.00 minio           [MINIO]
23:54:33.430 DEVICE       DEV_BIO_SUBMIT               4096    4096     0.00 minio           [MINIO]
23:54:33.437 DEVICE       DEV_BIO_COMPLETE             4096    4096  7529.78                 
23:54:33.438 DEVICE       DEV_BIO_COMPLETE             4096    4096  7890.43                 
23:54:33.439 APPLICATION  MINIO_OBJECT_PUT              563     563     0.00 minio           [MINIO]
23:54:33.439 OS           OS_VFS_WRITE                  563    4096     0.00 minio           [MINIO]
23:54:33.439 APPLICATION  MINIO_OBJECT_GET             4096    4096     0.00 minio           [MINIO]
23:54:33.439 OS           OS_VFS_READ                  4096    4096     0.00 minio           [MINIO]
23:54:33.440 APPLICATION  MINIO_OBJECT_GET             4096    4096     0.00 minio           [MINIO]
23:54:33.440 OS           OS_VFS_READ                  4096    4096     0.00 minio           [MINIO]
23:54:33.567 APPLICATION  MINIO_OBJECT_PUT                8       8     0.00 minio           [MINIO]
23:54:33.567 OS           OS_VFS_WRITE                    8    4096     0.00 minio           [MINIO]
23:54:33.567 APPLICATION  MINIO_OBJECT_GET                8       8     0.00 minio           [MINIO]
23:54:33.567 OS           OS_VFS_READ                     8    4096     0.00 minio           [MINIO]
23:54:33.579 APPLICATION  MINIO_OBJECT_PUT                8       8     0.00 minio           [MINIO]
23:54:33.579 OS           OS_VFS_WRITE                    8    4096     0.00 minio           [MINIO]
23:54:33.579 APPLICATION  MINIO_OBJECT_GET                8       8     0.00 minio           [MINIO]
23:54:33.579 OS           OS_VFS_READ                     8    4096     0.00 minio           [MINIO]
23:54:33.938 APPLICATION  MINIO_OBJECT_PUT                8       8     0.00 minio           [MINIO]
23:54:33.938 OS           OS_VFS_WRITE                    8    4096     0.00 minio           [MINIO]
23:54:33.938 APPLICATION  MINIO_OBJECT_GET                8       8     0.00 minio           [MINIO]
23:54:33.938 OS           OS_VFS_READ                     8    4096     0.00 minio           [MINIO]
23:54:35.580 APPLICATION  MINIO_OBJECT_PUT                8       8     0.00 minio           [MINIO]
23:54:35.580 OS           OS_VFS_WRITE                    8    4096     0.00 minio           [MINIO]
23:54:35.580 APPLICATION  MINIO_OBJECT_GET                8       8     0.00 minio           [MINIO]
23:54:35.580 OS           OS_VFS_READ                     8    4096     0.00 minio           [MINIO]
23:54:36.048 APPLICATION  MINIO_OBJECT_PUT                8       8     0.00 minio           [MINIO]
23:54:36.048 OS           OS_VFS_WRITE                    8    4096     0.00 minio           [MINIO]
23:54:36.048 APPLICATION  MINIO_OBJECT_GET                8       8     0.00 minio           [MINIO]
23:54:36.048 OS           OS_VFS_READ                     8    4096     0.00 minio           [MINIO]

=== Tracer interrupted, generating summary ===

========================================
    I/O AMPLIFICATION ANALYSIS
========================================

Per-Layer Statistics:
LAYER               EVENTS      BYTES    ALIGNED     META     JRNL    CACHE AMP_FACTOR
----------------------------------------------------------------------
APPLICATION             38      22229      22229        0        0        0       0.00x
  └─> MinIO:            38      22229          -        0        -        -          -
STORAGE_SVC              4          0          0        4        0        0       0.00x
  └─> MinIO:             4          0          -        4        -        -          -
OS                      38      22229     155648        0        0        0       7.00x
  └─> MinIO:            38      22229          -        0        -        -          -
FILESYSTEM               2          0          0        2        0        0       0.00x
  └─> MinIO:             2          0          -        0        -        -          -
DEVICE                   4      16384      16384        0        0        0       0.74x
  └─> MinIO:             2       8192          -        0        -        -          -

Amplification Breakdown:
----------------------------------------------------------------------
Original application I/O:          22229 bytes
After OS/page cache alignment:    155648 bytes (7.00x amplification)
Final device layer I/O:            16384 bytes (0.74x amplification)

*** TOTAL AMPLIFICATION: 0.74x ***
    16384 bytes written for 22229 bytes requested


Per-Request Amplification (Top 10):
REQUEST_ID            APP  STORAGE       OS       FS   DEVICE    TOTAL    AMP   MinIO
-----------------------------------------------------------------------------
000039dcacc4ed57        8        0     4096        0        0     4096 512.00x     Yes
0000341facc71491        8        0     4096        0        0     4096 512.00x     Yes
000039dcc963f63a        8        0     4096        0        0     4096 512.00x     Yes
0000341fc96448ec        8        0     4096        0        0     4096 512.00x     Yes
000039dc23fbe5c3        8        0     4096        0        0     4096 512.00x     Yes
0000341f23fc3e8f        8        0     4096        0        0     4096 512.00x     Yes
000039dc24b934fb        8        0     4096        0        0     4096 512.00x     Yes
0000341f24b98934        8        0     4096        0        0     4096 512.00x     Yes
000039dc7596b976        8        0     4096        0        0     4096 512.00x     Yes
0000341f7597106c        8        0     4096        0        0     4096 512.00x     Yes

========================================
       MinIO-SPECIFIC ANALYSIS
========================================

MinIO Operation Statistics:
-------------------------------------------
Objects Written:                   18
Objects Read:                      20
XL Metadata Operations:             4
Erasure Blocks Written:             0
Multipart Uploads:                  0

MinIO Data Breakdown:
-------------------------------------------
Data Bytes:                      1636
Metadata Bytes:                     0
Metadata Overhead:              0.00%

MinIO I/O Pattern Analysis:
-------------------------------------------
APPLICATION    :       38 events,      22229 bytes
STORAGE_SVC    :        4 events,          0 bytes
  └─> XL.META operations: 4
OS             :       38 events,      22229 bytes
FILESYSTEM     :        2 events,          0 bytes
DEVICE         :        2 events,       8192 bytes

*** MinIO Total I/O Amplification: 32.18x ***

========================================
    I/O AMPLIFICATION ANALYSIS
========================================

Per-Layer Statistics:
LAYER               EVENTS      BYTES    ALIGNED     META     JRNL    CACHE AMP_FACTOR
----------------------------------------------------------------------
APPLICATION             38      22229      22229        0        0        0       0.00x
  └─> MinIO:            38      22229          -        0        -        -          -
STORAGE_SVC              4          0          0        4        0        0       0.00x
  └─> MinIO:             4          0          -        4        -        -          -
OS                      38      22229     155648        0        0        0       7.00x
  └─> MinIO:            38      22229          -        0        -        -          -
FILESYSTEM               2          0          0        2        0        0       0.00x
  └─> MinIO:             2          0          -        0        -        -          -
DEVICE                   4      16384      16384        0        0        0       0.74x
  └─> MinIO:             2       8192          -        0        -        -          -

Amplification Breakdown:
----------------------------------------------------------------------
Original application I/O:          22229 bytes
After OS/page cache alignment:    155648 bytes (7.00x amplification)
Final device layer I/O:            16384 bytes (0.74x amplification)

*** TOTAL AMPLIFICATION: 0.74x ***
    16384 bytes written for 22229 bytes requested


Per-Request Amplification (Top 10):
REQUEST_ID            APP  STORAGE       OS       FS   DEVICE    TOTAL    AMP   MinIO
-----------------------------------------------------------------------------
000039dcacc4ed57        8        0     4096        0        0     4096 512.00x     Yes
0000341facc71491        8        0     4096        0        0     4096 512.00x     Yes
000039dcc963f63a        8        0     4096        0        0     4096 512.00x     Yes
0000341fc96448ec        8        0     4096        0        0     4096 512.00x     Yes
000039dc23fbe5c3        8        0     4096        0        0     4096 512.00x     Yes
0000341f23fc3e8f        8        0     4096        0        0     4096 512.00x     Yes
000039dc24b934fb        8        0     4096        0        0     4096 512.00x     Yes
0000341f24b98934        8        0     4096        0        0     4096 512.00x     Yes
000039dc7596b976        8        0     4096        0        0     4096 512.00x     Yes
0000341f7597106c        8        0     4096        0        0     4096 512.00x     Yes

========================================
       MinIO-SPECIFIC ANALYSIS
========================================

MinIO Operation Statistics:
-------------------------------------------
Objects Written:                   18
Objects Read:                      20
XL Metadata Operations:             4
Erasure Blocks Written:             0
Multipart Uploads:                  0

MinIO Data Breakdown:
-------------------------------------------
Data Bytes:                      1636
Metadata Bytes:                     0
Metadata Overhead:              0.00%

MinIO I/O Pattern Analysis:
-------------------------------------------
APPLICATION    :       38 events,      22229 bytes
STORAGE_SVC    :        4 events,          0 bytes
  └─> XL.META operations: 4
OS             :       38 events,      22229 bytes
FILESYSTEM     :        2 events,          0 bytes
DEVICE         :        2 events,       8192 bytes

*** MinIO Total I/O Amplification: 32.18x ***
