Multi-layer I/O tracer started!
Tracing layers: Application, Storage Service, OS, Filesystem, Device
MinIO-only mode enabled
Request correlation mode enabled
MinIO tracing configured:
  Mode: Name
  Trace Erasure: Yes
  Trace Metadata: Yes
TIME             LAYER        EVENT                        SIZE ALIGNED LAT(μs) COMM            FLAGS
========================================================================
>>> TRACING MINIO PROCESSES ONLY <<<
========================================================================
23:55:28.946 APPLICATION  MINIO_OBJECT_PUT                8       8     0.00 minio           [MINIO]
23:55:28.946 OS           OS_VFS_WRITE                    8    4096     0.00 minio           [MINIO]
23:55:28.946 APPLICATION  MINIO_OBJECT_GET                8       8     0.00 minio           [MINIO]
23:55:28.946 OS           OS_VFS_READ                     8    4096     0.00 minio           [MINIO]
23:55:29.567 APPLICATION  MINIO_OBJECT_PUT                8       8     0.00 minio           [MINIO]
23:55:29.567 OS           OS_VFS_WRITE                    8    4096     0.00 minio           [MINIO]
23:55:29.567 APPLICATION  MINIO_OBJECT_GET                8       8     0.00 minio           [MINIO]
23:55:29.567 OS           OS_VFS_READ                     8    4096     0.00 minio           [MINIO]
23:55:29.581 APPLICATION  MINIO_OBJECT_PUT                8       8     0.00 minio           [MINIO]
23:55:29.581 OS           OS_VFS_WRITE                    8    4096     0.00 minio           [MINIO]
23:55:29.581 APPLICATION  MINIO_OBJECT_GET                8       8     0.00 minio           [MINIO]
23:55:29.581 OS           OS_VFS_READ                     8    4096     0.00 minio           [MINIO]
23:55:31.568 APPLICATION  MINIO_OBJECT_PUT                8       8     0.00 minio           [MINIO]
23:55:31.568 OS           OS_VFS_WRITE                    8    4096     0.00 minio           [MINIO]
23:55:31.568 APPLICATION  MINIO_OBJECT_GET                8       8     0.00 minio           [MINIO]
23:55:31.568 OS           OS_VFS_READ                     8    4096     0.00 minio           [MINIO]
23:55:31.580 APPLICATION  MINIO_OBJECT_PUT                8       8     0.00 minio           [MINIO]
23:55:31.580 OS           OS_VFS_WRITE                    8    4096     0.00 minio           [MINIO]
23:55:31.580 APPLICATION  MINIO_OBJECT_GET                8       8     0.00 minio           [MINIO]
23:55:31.580 OS           OS_VFS_READ                     8    4096     0.00 minio           [MINIO]
23:55:33.543 APPLICATION  MINIO_OBJECT_PUT                8       8     0.00 minio           [MINIO]
23:55:33.543 OS           OS_VFS_WRITE                    8    4096     0.00 minio           [MINIO]
23:55:33.543 APPLICATION  MINIO_OBJECT_GET                8       8     0.00 minio           [MINIO]
23:55:33.543 OS           OS_VFS_READ                     8    4096     0.00 minio           [MINIO]
23:55:33.567 APPLICATION  MINIO_OBJECT_PUT                8       8     0.00 minio           [MINIO]
23:55:33.567 OS           OS_VFS_WRITE                    8    4096     0.00 minio           [MINIO]
23:55:33.567 APPLICATION  MINIO_OBJECT_GET                8       8     0.00 minio           [MINIO]
23:55:33.567 OS           OS_VFS_READ                     8    4096     0.00 minio           [MINIO]
23:55:33.578 APPLICATION  MINIO_OBJECT_PUT                8       8     0.00 minio           [MINIO]
23:55:33.578 OS           OS_VFS_WRITE                    8    4096     0.00 minio           [MINIO]
23:55:33.578 APPLICATION  MINIO_OBJECT_GET                8       8     0.00 minio           [MINIO]
23:55:33.578 OS           OS_VFS_READ                     8    4096     0.00 minio           [MINIO]
23:55:33.823 APPLICATION  MINIO_OBJECT_PUT             2049    2049     0.00 minio           [MINIO]
23:55:33.823 OS           OS_VFS_WRITE                 2049    4096     0.00 minio           [MINIO]
23:55:33.823 FILESYSTEM   FS_SYNC                         0       0     0.00 minio           [META][MINIO]
23:55:33.823 DEVICE       DEV_BIO_SUBMIT               4096    4096     0.00 minio           [MINIO]
23:55:33.830 DEVICE       DEV_BIO_COMPLETE             4096    4096  6929.39                 
23:55:33.831 APPLICATION  MINIO_OBJECT_GET             2049    2049     0.00 minio           [MINIO]
23:55:33.831 OS           OS_VFS_READ                  2049    4096     0.00 minio           [MINIO]
23:55:34.026 APPLICATION  MINIO_OBJECT_PUT             2049    2049     0.00 minio           [MINIO]
23:55:34.026 OS           OS_VFS_WRITE                 2049    4096     0.00 minio           [MINIO]
23:55:34.026 FILESYSTEM   FS_SYNC                         0       0     0.00 minio           [META][MINIO]
23:55:34.026 DEVICE       DEV_BIO_SUBMIT               4096    4096     0.00 minio           [MINIO]
23:55:34.033 DEVICE       DEV_BIO_COMPLETE             4096    4096  7512.64                 
23:55:34.035 APPLICATION  MINIO_OBJECT_GET             2049    2049     0.00 minio           [MINIO]
23:55:34.035 OS           OS_VFS_READ                  2049    4096     0.00 minio           [MINIO]
23:55:34.779 APPLICATION  MINIO_OBJECT_PUT                8       8     0.00 minio           [MINIO]
23:55:34.779 OS           OS_VFS_WRITE                    8    4096     0.00 minio           [MINIO]
23:55:34.779 APPLICATION  MINIO_OBJECT_GET                8       8     0.00 minio           [MINIO]
23:55:34.779 OS           OS_VFS_READ                     8    4096     0.00 minio           [MINIO]
23:55:35.567 APPLICATION  MINIO_OBJECT_PUT                8       8     0.00 minio           [MINIO]
23:55:35.567 OS           OS_VFS_WRITE                    8    4096     0.00 minio           [MINIO]
23:55:35.567 APPLICATION  MINIO_OBJECT_GET                8       8     0.00 minio           [MINIO]
23:55:35.567 OS           OS_VFS_READ                     8    4096     0.00 minio           [MINIO]
23:55:36.050 APPLICATION  MINIO_OBJECT_PUT                8       8     0.00 minio           [MINIO]
23:55:36.050 OS           OS_VFS_WRITE                    8    4096     0.00 minio           [MINIO]
23:55:36.050 APPLICATION  MINIO_OBJECT_GET                8       8     0.00 minio           [MINIO]
23:55:36.050 OS           OS_VFS_READ                     8    4096     0.00 minio           [MINIO]
23:55:36.483 APPLICATION  MINIO_OBJECT_GET             4096    4096     0.00 minio           [MINIO]
23:55:36.483 OS           OS_VFS_READ                  4096    4096     0.00 minio           [MINIO]
23:55:36.483 STORAGE_SVC  MINIO_XL_META                   0       0     0.00 minio           [META][MINIO][XL.META]
    └─> File: /mnt/minio2/minio/public/rw_test_1MB/test.dat/xl.meta
23:55:36.483 STORAGE_SVC  MINIO_XL_META                   0       0     0.00 minio           [META][MINIO][XL.META]
    └─> File: /mnt/minio1/minio/public/rw_test_1MB/test.dat/xl.meta
23:55:36.483 APPLICATION  MINIO_OBJECT_PUT               25      25     0.00 minio           [MINIO]
23:55:36.483 OS           OS_VFS_WRITE                   25    4096     0.00 minio           [MINIO]
23:55:36.483 APPLICATION  MINIO_OBJECT_GET          1048576 1048576     0.00 minio           [MINIO]
23:55:36.483 OS           OS_VFS_READ               1048576 1048576     0.00 minio           [MINIO]
23:55:36.483 APPLICATION  MINIO_OBJECT_GET          1048576 1048576     0.00 minio           [MINIO]
23:55:36.483 OS           OS_VFS_READ               1048576 1048576     0.00 minio           [MINIO]
23:55:36.483 APPLICATION  MINIO_OBJECT_GET          1040384 1040384     0.00 minio           [MINIO]
23:55:36.483 OS           OS_VFS_READ               1040384 1040384     0.00 minio           [MINIO]
23:55:36.484 APPLICATION  MINIO_OBJECT_GET           991232  991232     0.00 minio           [MINIO]
23:55:36.484 OS           OS_VFS_READ                991232  991232     0.00 minio           [MINIO]
23:55:36.484 APPLICATION  MINIO_OBJECT_GET           876544  876544     0.00 minio           [MINIO]
23:55:36.484 OS           OS_VFS_READ                876544  876544     0.00 minio           [MINIO]
23:55:36.484 APPLICATION  MINIO_OBJECT_GET           688128  688128     0.00 minio           [MINIO]
23:55:36.484 OS           OS_VFS_READ                688128  688128     0.00 minio           [MINIO]
23:55:36.485 APPLICATION  MINIO_OBJECT_GET           434176  434176     0.00 minio           [MINIO]
23:55:36.485 OS           OS_VFS_READ                434176  434176     0.00 minio           [MINIO]
23:55:36.485 APPLICATION  MINIO_OBJECT_GET           180224  180224     0.00 minio           [MINIO]
23:55:36.485 OS           OS_VFS_READ                180224  180224     0.00 minio           [MINIO]
23:55:36.485 APPLICATION  MINIO_OBJECT_GET                1       1     0.00 minio           [MINIO]
23:55:36.485 OS           OS_VFS_READ                     1    4096     0.00 minio           [MINIO]
23:55:36.486 APPLICATION  MINIO_OBJECT_PUT          1048576 1048576     0.00 minio           [MINIO]
23:55:36.486 OS           OS_VFS_WRITE              1048576 1048576     0.00 minio           [MINIO]
23:55:36.486 DEVICE       DEV_BIO_SUBMIT            1048576 1048576     0.00 minio           [MINIO]
23:55:36.486 APPLICATION  MINIO_OBJECT_PUT          1048576 1048576     0.00 minio           [MINIO]
23:55:36.486 OS           OS_VFS_WRITE              1048576 1048576     0.00 minio           [MINIO]
23:55:36.486 DEVICE       DEV_BIO_SUBMIT            1048576 1048576     0.00 minio           [MINIO]
23:55:36.493 DEVICE       DEV_BIO_COMPLETE           262144  262144  7342.71                 
23:55:36.493 APPLICATION  MINIO_OBJECT_PUT               32      32     0.00 minio           [MINIO]
23:55:36.493 OS           OS_VFS_WRITE                   32    4096     0.00 minio           [MINIO]
23:55:36.493 DEVICE       DEV_BIO_SUBMIT               4096    4096     0.00 minio           [MINIO]
23:55:36.493 DEVICE       DEV_BIO_COMPLETE             4096    4096    14.80                 
23:55:36.494 DEVICE       DEV_BIO_COMPLETE           262144  262144  8249.79                 
23:55:36.494 APPLICATION  MINIO_OBJECT_PUT               32      32     0.00 minio           [MINIO]
23:55:36.494 OS           OS_VFS_WRITE                   32    4096     0.00 minio           [MINIO]
23:55:36.494 DEVICE       DEV_BIO_SUBMIT               4096    4096     0.00 minio           [MINIO]
23:55:36.494 DEVICE       DEV_BIO_COMPLETE             4096    4096    25.35                 
23:55:36.495 STORAGE_SVC  MINIO_XL_META                   0       0     0.00 minio           [META][MINIO][XL.META]
    └─> File: /mnt/minio2/minio/public/rw_test_1MB/test.dat/xl.meta
23:55:36.495 STORAGE_SVC  MINIO_XL_META                   0       0     0.00 minio           [META][MINIO][XL.META]
    └─> File: /mnt/minio1/minio/public/rw_test_1MB/test.dat/xl.meta
23:55:36.495 APPLICATION  MINIO_OBJECT_PUT              394     394     0.00 minio           [MINIO]
23:55:36.495 APPLICATION  MINIO_OBJECT_PUT              394     394     0.00 minio           [MINIO]
23:55:36.495 OS           OS_VFS_WRITE                  394    4096     0.00 minio           [MINIO]
23:55:36.495 OS           OS_VFS_WRITE                  394    4096     0.00 minio           [MINIO]
23:55:36.495 FILESYSTEM   FS_SYNC                         0       0     0.00 minio           [META][MINIO]
23:55:36.495 FILESYSTEM   FS_SYNC                         0       0     0.00 minio           [META][MINIO]
23:55:36.495 DEVICE       DEV_BIO_SUBMIT               4096    4096     0.00 minio           [MINIO]
23:55:36.495 DEVICE       DEV_BIO_SUBMIT               4096    4096     0.00 minio           [MINIO]
23:55:36.495 DEVICE       DEV_BIO_COMPLETE             4096    4096    17.98                 
23:55:36.495 DEVICE       DEV_BIO_COMPLETE             4096    4096    18.59                 
23:55:36.496 APPLICATION  MINIO_OBJECT_PUT              563     563     0.00 minio           [MINIO]
23:55:36.496 OS           OS_VFS_WRITE                  563    4096     0.00 minio           [MINIO]
23:55:36.496 APPLICATION  MINIO_OBJECT_GET             4096    4096     0.00 minio           [MINIO]
23:55:36.496 OS           OS_VFS_READ                  4096    4096     0.00 minio           [MINIO]
23:55:36.496 APPLICATION  MINIO_OBJECT_GET             4096    4096     0.00 minio           [MINIO]
23:55:36.496 OS           OS_VFS_READ                  4096    4096     0.00 minio           [MINIO]
23:55:37.566 APPLICATION  MINIO_OBJECT_PUT                8       8     0.00 minio           [MINIO]
23:55:37.566 OS           OS_VFS_WRITE                    8    4096     0.00 minio           [MINIO]
23:55:37.566 APPLICATION  MINIO_OBJECT_GET                8       8     0.00 minio           [MINIO]
23:55:37.566 OS           OS_VFS_READ                     8    4096     0.00 minio           [MINIO]
23:55:37.581 APPLICATION  MINIO_OBJECT_PUT                8       8     0.00 minio           [MINIO]
23:55:37.581 OS           OS_VFS_WRITE                    8    4096     0.00 minio           [MINIO]
23:55:37.581 APPLICATION  MINIO_OBJECT_GET                8       8     0.00 minio           [MINIO]
23:55:37.581 OS           OS_VFS_READ                     8    4096     0.00 minio           [MINIO]
23:55:38.947 APPLICATION  MINIO_OBJECT_PUT                8       8     0.00 minio           [MINIO]
23:55:38.947 OS           OS_VFS_WRITE                    8    4096     0.00 minio           [MINIO]
23:55:38.947 APPLICATION  MINIO_OBJECT_GET                8       8     0.00 minio           [MINIO]
23:55:38.947 OS           OS_VFS_READ                     8    4096     0.00 minio           [MINIO]

=== Tracer interrupted, generating summary ===

========================================
    I/O AMPLIFICATION ANALYSIS
========================================

Per-Layer Statistics:
LAYER               EVENTS      BYTES    ALIGNED     META     JRNL    CACHE AMP_FACTOR
----------------------------------------------------------------------
APPLICATION             52    8427141    8427141        0        0        0       0.00x
  └─> MinIO:            52    8427141          -        0        -        -          -
STORAGE_SVC              4          0          0        4        0        0       0.00x
  └─> MinIO:             4          0          -        4        -        -          -
OS                      52    8427141    8577024        0        0        0       1.02x
  └─> MinIO:            52    8427141          -        0        -        -          -
FILESYSTEM               4          0          0        4        0        0       0.00x
  └─> MinIO:             4          0          -        0        -        -          -
DEVICE                  16    2670592    2670592        0        0        0       0.32x
  └─> MinIO:             8    2121728          -        0        -        -          -

Amplification Breakdown:
----------------------------------------------------------------------
Original application I/O:        8427141 bytes
After OS/page cache alignment:   8577024 bytes (1.02x amplification)
Final device layer I/O:          2670592 bytes (0.32x amplification)

*** TOTAL AMPLIFICATION: 0.32x ***
    2670592 bytes written for 8427141 bytes requested


Per-Request Amplification (Top 10):
REQUEST_ID            APP  STORAGE       OS       FS   DEVICE    TOTAL    AMP   MinIO
-----------------------------------------------------------------------------
0000341d6e6c0ef2        8        0     4096        0        0     4096 512.00x     Yes
000039dc6e6c6688        8        0     4096        0        0     4096 512.00x     Yes
0000341d936f85c7        8        0     4096        0        0     4096 512.00x     Yes
000039dc936fdfac        8        0     4096        0        0     4096 512.00x     Yes
0000341f943db974        8        0     4096        0        0     4096 512.00x     Yes
000039dc943e0358        8        0     4096        0        0     4096 512.00x     Yes
0000341f0ab1bc01        8        0     4096        0        0     4096 512.00x     Yes
000039dc0ab2104d        8        0     4096        0        0     4096 512.00x     Yes
0000341d0b70a9a2        8        0     4096        0        0     4096 512.00x     Yes
000039dc0b70fb31        8        0     4096        0        0     4096 512.00x     Yes

========================================
       MinIO-SPECIFIC ANALYSIS
========================================

MinIO Operation Statistics:
-------------------------------------------
Objects Written:                   24
Objects Read:                      28
XL Metadata Operations:             4
Erasure Blocks Written:             0
Multipart Uploads:                  0

MinIO Data Breakdown:
-------------------------------------------
Data Bytes:                   2102802
Metadata Bytes:                     0
Metadata Overhead:              0.00%

MinIO I/O Pattern Analysis:
-------------------------------------------
APPLICATION    :       52 events,    8427141 bytes
STORAGE_SVC    :        4 events,          0 bytes
  └─> XL.META operations: 4
OS             :       52 events,    8427141 bytes
FILESYSTEM     :        4 events,          0 bytes
DEVICE         :        8 events,    2121728 bytes

*** MinIO Total I/O Amplification: 9.02x ***

========================================
    I/O AMPLIFICATION ANALYSIS
========================================

Per-Layer Statistics:
LAYER               EVENTS      BYTES    ALIGNED     META     JRNL    CACHE AMP_FACTOR
----------------------------------------------------------------------
APPLICATION             52    8427141    8427141        0        0        0       0.00x
  └─> MinIO:            52    8427141          -        0        -        -          -
STORAGE_SVC              4          0          0        4        0        0       0.00x
  └─> MinIO:             4          0          -        4        -        -          -
OS                      52    8427141    8577024        0        0        0       1.02x
  └─> MinIO:            52    8427141          -        0        -        -          -
FILESYSTEM               4          0          0        4        0        0       0.00x
  └─> MinIO:             4          0          -        0        -        -          -
DEVICE                  16    2670592    2670592        0        0        0       0.32x
  └─> MinIO:             8    2121728          -        0        -        -          -

Amplification Breakdown:
----------------------------------------------------------------------
Original application I/O:        8427141 bytes
After OS/page cache alignment:   8577024 bytes (1.02x amplification)
Final device layer I/O:          2670592 bytes (0.32x amplification)

*** TOTAL AMPLIFICATION: 0.32x ***
    2670592 bytes written for 8427141 bytes requested


Per-Request Amplification (Top 10):
REQUEST_ID            APP  STORAGE       OS       FS   DEVICE    TOTAL    AMP   MinIO
-----------------------------------------------------------------------------
0000341d6e6c0ef2        8        0     4096        0        0     4096 512.00x     Yes
000039dc6e6c6688        8        0     4096        0        0     4096 512.00x     Yes
0000341d936f85c7        8        0     4096        0        0     4096 512.00x     Yes
000039dc936fdfac        8        0     4096        0        0     4096 512.00x     Yes
0000341f943db974        8        0     4096        0        0     4096 512.00x     Yes
000039dc943e0358        8        0     4096        0        0     4096 512.00x     Yes
0000341f0ab1bc01        8        0     4096        0        0     4096 512.00x     Yes
000039dc0ab2104d        8        0     4096        0        0     4096 512.00x     Yes
0000341d0b70a9a2        8        0     4096        0        0     4096 512.00x     Yes
000039dc0b70fb31        8        0     4096        0        0     4096 512.00x     Yes

========================================
       MinIO-SPECIFIC ANALYSIS
========================================

MinIO Operation Statistics:
-------------------------------------------
Objects Written:                   24
Objects Read:                      28
XL Metadata Operations:             4
Erasure Blocks Written:             0
Multipart Uploads:                  0

MinIO Data Breakdown:
-------------------------------------------
Data Bytes:                   2102802
Metadata Bytes:                     0
Metadata Overhead:              0.00%

MinIO I/O Pattern Analysis:
-------------------------------------------
APPLICATION    :       52 events,    8427141 bytes
STORAGE_SVC    :        4 events,          0 bytes
  └─> XL.META operations: 4
OS             :       52 events,    8427141 bytes
FILESYSTEM     :        4 events,          0 bytes
DEVICE         :        8 events,    2121728 bytes

*** MinIO Total I/O Amplification: 9.02x ***
